model-cv-0,0,1.0,0.0003,0.17,0.2851
model-cv-0,1,1.0,0.0001,0.17,0.2804
model-cv-0,2,1.0,0.0002,0.17,0.2839
model-cv-0,3,1.0,0.0001,0.17,0.2799
model-cv-0,4,1.0,0.0001,0.17,0.2805
model-cv-0,5,1.0,0.0002,0.17,0.2729
model-cv-0,6,1.0,0.0002,0.17,0.2828
model-cv-0,7,1.0,0.0001,0.17,0.2829
model-cv-0,8,1.0,0.0003,0.17,0.2705
model-cv-0,9,1.0,0.0001,0.17,0.2774
model-cv-0,10,1.0,0.0002,0.17,0.277
model-cv-0,11,1.0,0.0002,0.17,0.2834
model-cv-0,12,1.0,0.0002,0.17,0.2821
model-cv-0,13,1.0,0.0002,0.17,0.2717
model-cv-0,14,1.0,0.0002,0.17,0.2732
model-cv-0,15,1.0,0.0001,0.17,0.2807
model-cv-0,16,1.0,0.0003,0.17,0.2817
model-cv-0,17,1.0,0.0002,0.17,0.2726
model-cv-0,18,1.0,0.0002,0.17,0.2765
model-cv-0,19,1.0,0.0001,0.17,0.282
model-cv-0,20,1.0,0.0001,0.17,0.2745
model-cv-0,21,1.0,0.0002,0.17,0.2731
model-cv-0,22,1.0,0.0002,0.17,0.272
model-cv-0,23,1.0,0.0003,0.17,0.2825
model-cv-0,24,1.0,0.0001,0.17,0.2731
model-cv-0,25,1.0,0.0001,0.17,0.2798
model-cv-0,26,1.0,0.0001,0.17,0.2775
model-cv-0,27,1.0,0.0003,0.17,0.2695
model-cv-0,28,1.0,0.0002,0.17,0.2739
model-cv-0,29,1.0,0.0001,0.17,0.2741
model-cv-0,30,1.0,0.0001,0.17,0.2714
model-cv-0,31,1.0,0.0002,0.17,0.2738
model-cv-0,32,1.0,0.0002,0.17,0.2733
model-cv-0,33,1.0,0.0001,0.17,0.2748
model-cv-0,34,1.0,0.0001,0.17,0.2732
model-cv-0,35,1.0,0.0002,0.17,0.2732
model-cv-0,36,1.0,0.0002,0.17,0.2712
model-cv-0,37,1.0,0.0001,0.17,0.2717
model-cv-0,38,1.0,0.0001,0.17,0.2739
model-cv-0,39,1.0,0.0002,0.17,0.2755
model-cv-0,40,1.0,0.0001,0.17,0.273
model-cv-0,41,1.0,0.0002,0.17,0.271
model-cv-0,42,1.0,0.0002,0.17,0.2728
model-cv-0,43,1.0,0.0002,0.17,0.2702
model-cv-0,44,1.0,0.0001,0.17,0.2738
model-cv-0,45,1.0,0.0001,0.17,0.2738
model-cv-0,46,1.0,0.0001,0.17,0.2741
model-cv-0,47,1.0,0.0001,0.17,0.2744
model-cv-0,48,1.0,0.0002,0.17,0.2707
model-cv-0,49,1.0,0.0001,0.17,0.2743
model-cv-0,50,1.0,0.0001,0.17,0.2722
model-cv-0,51,1.0,0.0003,0.17,0.2728
model-cv-0,52,1.0,0.0001,0.17,0.2811
model-cv-0,53,1.0,0.0001,0.17,0.2748
model-cv-0,54,1.0,0.0004,0.17,0.2793
model-cv-0,55,1.0,0.0001,0.17,0.2782
model-cv-0,56,1.0,0.0002,0.17,0.2715
model-cv-0,57,1.0,0.0002,0.17,0.2761
model-cv-0,58,1.0,0.0001,0.17,0.2724
model-cv-0,59,1.0,0.0002,0.17,0.2827
model-cv-0,60,1.0,0.0001,0.17,0.2765
model-cv-0,61,1.0,0.0002,0.17,0.2762
model-cv-0,62,1.0,0.0,0.17,0.2767
model-cv-0,63,1.0,0.0002,0.17,0.27
model-cv-0,64,1.0,0.0003,0.17,0.2706
model-cv-0,65,1.0,0.0002,0.17,0.2727
model-cv-0,66,1.0,0.0001,0.17,0.2815
model-cv-0,67,1.0,0.0001,0.17,0.2797
model-cv-0,68,1.0,0.0001,0.17,0.279
model-cv-0,69,1.0,0.0002,0.17,0.2832
model-cv-0,70,1.0,0.0001,0.17,0.2835
model-cv-0,71,1.0,0.0002,0.17,0.2712
model-cv-0,72,1.0,0.0001,0.17,0.2771
model-cv-0,73,1.0,0.0002,0.17,0.271
model-cv-0,74,1.0,0.0001,0.17,0.2752
model-cv-0,75,1.0,0.0001,0.17,0.2773
model-cv-0,76,1.0,0.0001,0.17,0.2744
model-cv-0,77,1.0,0.0002,0.17,0.27
model-cv-0,78,1.0,0.0001,0.17,0.2783
model-cv-0,79,1.0,0.0001,0.17,0.2787
model-cv-0,80,1.0,0.0001,0.17,0.2739
model-cv-0,81,1.0,0.0001,0.17,0.2747
model-cv-0,82,1.0,0.0002,0.17,0.2717
model-cv-0,83,1.0,0.0002,0.17,0.2735
model-cv-0,84,1.0,0.0003,0.17,0.2702
model-cv-0,85,1.0,0.0001,0.17,0.2767
model-cv-0,86,1.0,0.0003,0.17,0.2833
model-cv-0,87,1.0,0.0001,0.17,0.2784
model-cv-0,88,1.0,0.0001,0.17,0.2793
model-cv-0,89,1.0,0.0002,0.17,0.2834
model-cv-0,90,1.0,0.0001,0.17,0.2752
model-cv-0,91,1.0,0.0001,0.17,0.2742
model-cv-0,92,1.0,0.0001,0.17,0.2802
model-cv-0,93,1.0,0.0004,0.17,0.2763
model-cv-0,94,1.0,0.0002,0.17,0.2844
model-cv-0,95,1.0,0.0002,0.17,0.2698
model-cv-0,96,1.0,0.0002,0.17,0.2701
model-cv-0,97,1.0,0.0002,0.17,0.2821
model-cv-0,98,1.0,0.0002,0.17,0.2815
model-cv-0,99,1.0,0.0002,0.17,0.2816
model-cv-0,100,1.0,0.0003,0.17,0.2719
model-cv-0,101,1.0,0.0002,0.17,0.2746
model-cv-0,102,1.0,0.0002,0.17,0.2711
model-cv-0,103,1.0,0.0005,0.17,0.2795
model-cv-0,104,1.0,0.0001,0.17,0.2807
model-cv-0,105,1.0,0.0001,0.17,0.2756
model-cv-0,106,1.0,0.0002,0.17,0.2811
model-cv-0,107,1.0,0.0002,0.17,0.2706
model-cv-0,108,1.0,0.0004,0.17,0.2761
model-cv-0,109,1.0,0.0001,0.17,0.2791
model-cv-0,110,1.0,0.0001,0.17,0.2757
model-cv-0,111,1.0,0.0005,0.17,0.2814
model-cv-0,112,1.0,0.0001,0.17,0.2766
model-cv-0,113,1.0,0.0002,0.17,0.2699
model-cv-0,114,1.0,0.0001,0.17,0.2757
model-cv-0,115,1.0,0.0001,0.17,0.2723
model-cv-0,116,1.0,0.0001,0.17,0.283
model-cv-0,117,1.0,0.0002,0.17,0.2779
model-cv-0,118,1.0,0.0002,0.17,0.275
model-cv-0,119,1.0,0.0,0.17,0.2752
model-cv-0,120,1.0,0.0002,0.17,0.27
model-cv-0,121,1.0,0.0002,0.17,0.2825
model-cv-0,122,1.0,0.0005,0.17,0.2766
model-cv-0,123,1.0,0.0002,0.17,0.2765
model-cv-0,124,1.0,0.0001,0.17,0.274
model-cv-0,125,1.0,0.0002,0.17,0.2749
model-cv-0,126,1.0,0.0,0.17,0.2774
model-cv-0,127,1.0,0.0001,0.17,0.2746
model-cv-0,128,1.0,0.0001,0.17,0.2759
model-cv-0,129,1.0,0.0002,0.17,0.2822
model-cv-0,130,1.0,0.0001,0.17,0.2735
model-cv-0,131,1.0,0.0002,0.17,0.2809
model-cv-0,132,1.0,0.0002,0.17,0.2846
model-cv-0,133,1.0,0.0001,0.17,0.28
model-cv-0,134,1.0,0.0001,0.17,0.2793
model-cv-0,135,1.0,0.0003,0.17,0.2817
model-cv-0,136,1.0,0.0001,0.17,0.2757
model-cv-0,137,1.0,0.0002,0.17,0.2833
model-cv-0,138,1.0,0.0002,0.17,0.275
model-cv-0,139,1.0,0.0001,0.17,0.2805
model-cv-0,140,1.0,0.0001,0.17,0.2729
model-cv-0,141,1.0,0.0002,0.17,0.2836
model-cv-0,142,1.0,0.0001,0.17,0.2801
model-cv-0,143,1.0,0.0003,0.17,0.2703
model-cv-0,144,1.0,0.0001,0.17,0.2781
model-cv-0,145,1.0,0.0003,0.17,0.2743
model-cv-0,146,1.0,0.0001,0.17,0.2733
model-cv-0,147,1.0,0.0002,0.17,0.2705
model-cv-0,148,1.0,0.0002,0.17,0.282
model-cv-0,149,1.0,0.0002,0.17,0.2841
model-cv-0,150,1.0,0.0001,0.17,0.2795
model-cv-0,151,1.0,0.0002,0.17,0.2742
model-cv-0,152,1.0,0.0002,0.17,0.2843
model-cv-0,153,1.0,0.0002,0.17,0.2732
model-cv-0,154,1.0,0.0001,0.17,0.2811
model-cv-0,155,1.0,0.0003,0.17,0.2709
model-cv-0,156,1.0,0.0003,0.17,0.2857
model-cv-0,157,1.0,0.0003,0.17,0.274
model-cv-0,158,1.0,0.0004,0.17,0.2851
model-cv-0,159,1.0,0.0001,0.17,0.2795
model-cv-0,160,1.0,0.0001,0.17,0.2764
model-cv-0,161,1.0,0.0001,0.17,0.2759
model-cv-0,162,1.0,0.0003,0.17,0.285
model-cv-0,163,1.0,0.0002,0.17,0.2722
model-cv-0,164,1.0,0.0003,0.17,0.2838
model-cv-0,165,1.0,0.0001,0.17,0.2744
model-cv-0,166,1.0,0.0001,0.17,0.2761
model-cv-0,167,1.0,0.0001,0.17,0.2787
model-cv-0,168,1.0,0.0002,0.17,0.2821
model-cv-0,169,1.0,0.0001,0.17,0.2823
model-cv-0,170,1.0,0.0001,0.17,0.2767
model-cv-0,171,1.0,0.0001,0.17,0.2804
model-cv-0,172,1.0,0.0003,0.17,0.2775
model-cv-0,173,1.0,0.0004,0.17,0.2691
model-cv-0,174,1.0,0.0001,0.17,0.274
model-cv-0,175,1.0,0.0003,0.17,0.2864
model-cv-0,176,1.0,0.0002,0.17,0.2725
model-cv-0,177,1.0,0.0001,0.17,0.2773
model-cv-0,178,1.0,0.0008,0.17,0.2672
model-cv-0,179,1.0,0.0001,0.17,0.2765
model-cv-0,180,1.0,0.0001,0.17,0.2749
model-cv-0,181,1.0,0.0001,0.17,0.282
model-cv-0,182,1.0,0.0002,0.17,0.284
model-cv-0,183,1.0,0.0006,0.17,0.2823
model-cv-0,184,1.0,0.0003,0.17,0.2811
model-cv-0,185,1.0,0.0002,0.17,0.2853
model-cv-0,186,1.0,0.0002,0.17,0.284
model-cv-0,187,1.0,0.0004,0.17,0.2692
model-cv-0,188,1.0,0.0002,0.17,0.2848
model-cv-0,189,1.0,0.0002,0.17,0.2783
model-cv-0,190,1.0,0.0002,0.17,0.2833
model-cv-0,191,1.0,0.0004,0.17,0.2863
model-cv-0,192,1.0,0.0003,0.17,0.2824
model-cv-0,193,1.0,0.0002,0.17,0.2829
model-cv-0,194,1.0,0.0003,0.17,0.2839
model-cv-0,195,1.0,0.0001,0.17,0.2804
model-cv-0,196,1.0,0.0001,0.17,0.2774
model-cv-0,197,1.0,0.0002,0.17,0.2704
model-cv-0,198,1.0,0.0002,0.17,0.2842
model-cv-0,199,1.0,0.0003,0.17,0.2752
model-cv-1,0,1.0,0.0002,0.17,0.285
model-cv-1,1,1.0,0.0004,0.17,0.2815
model-cv-1,2,1.0,0.0002,0.17,0.2833
model-cv-1,3,1.0,0.0001,0.17,0.2819
model-cv-1,4,1.0,0.0002,0.17,0.275
model-cv-1,5,1.0,0.0001,0.17,0.2784
model-cv-1,6,0.98,0.0214,0.17,0.3442
model-cv-1,7,1.0,0.0002,0.17,0.3091
model-cv-1,8,1.0,0.0003,0.17,0.2932
model-cv-1,9,1.0,0.0003,0.17,0.2796
model-cv-1,10,1.0,0.0001,0.17,0.283
model-cv-1,11,1.0,0.0003,0.17,0.2745
model-cv-1,12,1.0,0.0001,0.17,0.2732
model-cv-1,13,1.0,0.0001,0.17,0.2823
model-cv-1,14,1.0,0.0002,0.17,0.2741
model-cv-1,15,1.0,0.0,0.17,0.2778
model-cv-1,16,1.0,0.0002,0.17,0.2864
model-cv-1,17,1.0,0.0002,0.17,0.2814
model-cv-1,18,1.0,0.0001,0.17,0.2774
model-cv-1,19,1.0,0.0002,0.17,0.2826
model-cv-1,20,1.0,0.0002,0.17,0.2779
model-cv-1,21,1.0,0.0002,0.17,0.2853
model-cv-1,22,1.0,0.0003,0.17,0.2759
model-cv-1,23,1.0,0.0002,0.17,0.2765
model-cv-1,24,1.0,0.0002,0.17,0.2855
model-cv-1,25,1.0,0.0005,0.17,0.2718
model-cv-1,26,1.0,0.0002,0.17,0.284
model-cv-1,27,1.0,0.0002,0.17,0.2713
model-cv-1,28,1.0,0.0001,0.17,0.2812
model-cv-1,29,1.0,0.0002,0.17,0.2868
model-cv-1,30,1.0,0.0004,0.17,0.2908
model-cv-1,31,1.0,0.0001,0.17,0.2815
model-cv-1,32,1.0,0.0006,0.17,0.2803
model-cv-1,33,1.0,0.0002,0.17,0.2836
model-cv-1,34,1.0,0.0002,0.17,0.2863
model-cv-1,35,1.0,0.0002,0.17,0.2804
model-cv-1,36,1.0,0.0001,0.17,0.278
model-cv-1,37,1.0,0.0002,0.17,0.2731
model-cv-1,38,1.0,0.0003,0.17,0.2853
model-cv-1,39,1.0,0.0002,0.17,0.273
model-cv-1,40,1.0,0.0001,0.17,0.28
model-cv-1,41,1.0,0.0001,0.17,0.2785
model-cv-1,42,1.0,0.0001,0.17,0.2823
model-cv-1,43,1.0,0.0002,0.17,0.2858
model-cv-1,44,1.0,0.0002,0.17,0.2766
model-cv-1,45,1.0,0.0003,0.17,0.2817
model-cv-1,46,1.0,0.0002,0.17,0.2778
model-cv-1,47,1.0,0.0002,0.17,0.2762
model-cv-1,48,1.0,0.0002,0.17,0.2856
model-cv-1,49,1.0,0.0002,0.17,0.2843
model-cv-1,50,1.0,0.0002,0.17,0.2842
model-cv-1,51,1.0,0.0003,0.17,0.2859
model-cv-1,52,1.0,0.0002,0.17,0.2779
model-cv-1,53,1.0,0.0002,0.17,0.2855
model-cv-1,54,1.0,0.0002,0.17,0.2739
model-cv-1,55,1.0,0.0001,0.17,0.2755
model-cv-1,56,1.0,0.0002,0.17,0.2791
model-cv-1,57,1.0,0.0003,0.17,0.2705
model-cv-1,58,1.0,0.0002,0.17,0.2838
model-cv-1,59,1.0,0.0002,0.17,0.2854
model-cv-1,60,1.0,0.0001,0.17,0.2783
model-cv-1,61,1.0,0.0002,0.17,0.2733
model-cv-1,62,1.0,0.0002,0.17,0.2745
model-cv-1,63,1.0,0.0001,0.17,0.2827
model-cv-1,64,1.0,0.0002,0.17,0.2854
model-cv-1,65,1.0,0.0004,0.17,0.2818
model-cv-1,66,1.0,0.0003,0.17,0.2822
model-cv-1,67,1.0,0.0001,0.17,0.2766
model-cv-1,68,1.0,0.0003,0.17,0.2712
model-cv-1,69,1.0,0.0002,0.17,0.2793
model-cv-1,70,1.0,0.0003,0.17,0.2855
model-cv-1,71,1.0,0.0003,0.17,0.272
model-cv-1,72,1.0,0.0002,0.17,0.2855
model-cv-1,73,1.0,0.0001,0.17,0.2803
model-cv-1,74,1.0,0.0003,0.17,0.2857
model-cv-1,75,1.0,0.0002,0.17,0.2788
model-cv-1,76,1.0,0.0002,0.17,0.2857
model-cv-1,77,1.0,0.0001,0.17,0.28
model-cv-1,78,1.0,0.0001,0.17,0.2788
model-cv-1,79,1.0,0.0001,0.17,0.2832
model-cv-1,80,1.0,0.0006,0.17,0.2708
model-cv-1,81,1.0,0.0002,0.17,0.2756
model-cv-1,82,1.0,0.0002,0.17,0.2853
model-cv-1,83,1.0,0.0002,0.17,0.2749
model-cv-1,84,1.0,0.0001,0.17,0.2787
model-cv-1,85,1.0,0.0001,0.17,0.2832
model-cv-1,86,1.0,0.0001,0.17,0.2843
model-cv-1,87,1.0,0.0001,0.17,0.2822
model-cv-1,88,1.0,0.0002,0.17,0.2861
model-cv-1,89,1.0,0.0003,0.17,0.2857
model-cv-1,90,1.0,0.0001,0.17,0.275
model-cv-1,91,1.0,0.0003,0.17,0.2754
model-cv-1,92,1.0,0.0002,0.17,0.273
model-cv-1,93,1.0,0.0002,0.17,0.2743
model-cv-1,94,1.0,0.0001,0.17,0.2818
model-cv-1,95,1.0,0.0003,0.17,0.2715
model-cv-1,96,1.0,0.0003,0.17,0.2735
model-cv-1,97,1.0,0.0002,0.17,0.2847
model-cv-1,98,1.0,0.0005,0.17,0.27
model-cv-1,99,1.0,0.0002,0.17,0.2817
model-cv-1,100,1.0,0.0003,0.17,0.2764
model-cv-1,101,1.0,0.0001,0.17,0.2844
model-cv-1,102,1.0,0.0001,0.17,0.2826
model-cv-1,103,1.0,0.0002,0.17,0.2727
model-cv-1,104,1.0,0.0002,0.17,0.273
model-cv-1,105,1.0,0.0002,0.17,0.2859
model-cv-1,106,1.0,0.0001,0.17,0.2811
model-cv-1,107,1.0,0.0003,0.17,0.2729
model-cv-1,108,1.0,0.0001,0.17,0.2778
model-cv-1,109,1.0,0.0002,0.17,0.2841
model-cv-1,110,1.0,0.0003,0.17,0.2819
model-cv-1,111,1.0,0.0002,0.17,0.2851
model-cv-1,112,1.0,0.0003,0.17,0.2737
model-cv-1,113,1.0,0.0002,0.17,0.2798
model-cv-1,114,1.0,0.0002,0.17,0.2785
model-cv-1,115,1.0,0.0002,0.17,0.2852
model-cv-1,116,1.0,0.0001,0.17,0.2772
model-cv-1,117,1.0,0.0002,0.17,0.2835
model-cv-1,118,1.0,0.0001,0.17,0.2769
model-cv-1,119,1.0,0.0002,0.17,0.2739
model-cv-1,120,1.0,0.0002,0.17,0.2842
model-cv-1,121,1.0,0.0003,0.17,0.2715
model-cv-1,122,1.0,0.0003,0.17,0.2772
model-cv-1,123,1.0,0.0001,0.17,0.2839
model-cv-1,124,1.0,0.0,0.17,0.2782
model-cv-1,125,1.0,0.0002,0.17,0.2857
model-cv-1,126,1.0,0.0001,0.17,0.2814
model-cv-1,127,1.0,0.0003,0.17,0.272
model-cv-1,128,1.0,0.0002,0.17,0.286
model-cv-1,129,1.0,0.0001,0.17,0.2763
model-cv-1,130,1.0,0.0002,0.17,0.2793
model-cv-1,131,1.0,0.0002,0.17,0.2844
model-cv-1,132,1.0,0.0002,0.17,0.2838
model-cv-1,133,1.0,0.0001,0.17,0.2805
model-cv-1,134,1.0,0.0002,0.17,0.2844
model-cv-1,135,1.0,0.0003,0.17,0.2873
model-cv-1,136,1.0,0.0004,0.17,0.2759
model-cv-1,137,1.0,0.0001,0.17,0.2785
model-cv-1,138,1.0,0.0001,0.17,0.2766
model-cv-1,139,1.0,0.0001,0.17,0.2754
model-cv-1,140,1.0,0.0001,0.17,0.2747
model-cv-1,141,1.0,0.0002,0.17,0.2842
model-cv-1,142,1.0,0.0005,0.17,0.2776
model-cv-1,143,1.0,0.0004,0.17,0.2767
model-cv-1,144,1.0,0.0003,0.17,0.2808
model-cv-1,145,1.0,0.0002,0.17,0.274
model-cv-1,146,1.0,0.0002,0.17,0.2737
model-cv-1,147,1.0,0.0001,0.17,0.2742
model-cv-1,148,1.0,0.0002,0.17,0.2861
model-cv-1,149,1.0,0.0005,0.17,0.2731
model-cv-1,150,1.0,0.0002,0.17,0.276
model-cv-1,151,1.0,0.0002,0.17,0.2767
model-cv-1,152,1.0,0.0001,0.17,0.279
model-cv-1,153,1.0,0.0,0.17,0.2775
model-cv-1,154,1.0,0.0002,0.17,0.2779
model-cv-1,155,1.0,0.0002,0.17,0.2751
model-cv-1,156,1.0,0.0003,0.17,0.2722
model-cv-1,157,1.0,0.0002,0.17,0.2853
model-cv-1,158,1.0,0.0004,0.17,0.2787
model-cv-1,159,1.0,0.0001,0.17,0.2831
model-cv-1,160,1.0,0.0002,0.17,0.2852
model-cv-1,161,1.0,0.0004,0.17,0.2826
model-cv-1,162,1.0,0.0002,0.17,0.2849
model-cv-1,163,1.0,0.0001,0.17,0.2767
model-cv-1,164,1.0,0.0002,0.17,0.2745
model-cv-1,165,1.0,0.0001,0.17,0.2787
model-cv-1,166,1.0,0.0002,0.17,0.2734
model-cv-1,167,1.0,0.0002,0.17,0.2744
model-cv-1,168,1.0,0.0001,0.17,0.2776
model-cv-1,169,1.0,0.0002,0.17,0.2821
model-cv-1,170,1.0,0.0002,0.17,0.2799
model-cv-1,171,1.0,0.0002,0.17,0.2848
model-cv-1,172,1.0,0.0003,0.17,0.2878
model-cv-1,173,1.0,0.0001,0.17,0.2821
model-cv-1,174,1.0,0.0001,0.17,0.2735
model-cv-1,175,1.0,0.0003,0.17,0.2739
model-cv-1,176,1.0,0.0002,0.17,0.2736
model-cv-1,177,1.0,0.0002,0.17,0.2849
model-cv-1,178,1.0,0.0003,0.17,0.2794
model-cv-1,179,1.0,0.0001,0.17,0.2803
model-cv-1,180,1.0,0.0006,0.17,0.2846
model-cv-1,181,1.0,0.0002,0.17,0.2842
model-cv-1,182,1.0,0.0002,0.17,0.2844
model-cv-1,183,1.0,0.0003,0.17,0.2725
model-cv-1,184,1.0,0.0002,0.17,0.2846
model-cv-1,185,1.0,0.0002,0.17,0.2716
model-cv-1,186,1.0,0.0002,0.17,0.2852
model-cv-1,187,1.0,0.0002,0.17,0.2855
model-cv-1,188,1.0,0.0005,0.17,0.2764
model-cv-1,189,1.0,0.0002,0.17,0.2822
model-cv-1,190,1.0,0.0002,0.17,0.2841
model-cv-1,191,1.0,0.0002,0.17,0.2844
model-cv-1,192,1.0,0.0002,0.17,0.2847
model-cv-1,193,1.0,0.0003,0.17,0.2847
model-cv-1,194,1.0,0.0002,0.17,0.2734
model-cv-1,195,1.0,0.0003,0.17,0.2868
model-cv-1,196,1.0,0.0002,0.17,0.2737
model-cv-1,197,1.0,0.0003,0.17,0.2812
model-cv-1,198,1.0,0.0002,0.17,0.2763
model-cv-1,199,1.0,0.0002,0.17,0.2848
model-cv-2,0,1.0,0.0002,0.17,0.2852
model-cv-2,1,1.0,0.0003,0.17,0.2782
model-cv-2,2,1.0,0.0001,0.17,0.279
model-cv-2,3,1.0,0.0003,0.17,0.2743
model-cv-2,4,1.0,0.0002,0.17,0.2758
model-cv-2,5,1.0,0.0001,0.17,0.2749
model-cv-2,6,1.0,0.0002,0.17,0.2781
model-cv-2,7,1.0,0.0002,0.17,0.281
model-cv-2,8,1.0,0.0002,0.17,0.2853
model-cv-2,9,1.0,0.0002,0.17,0.2835
model-cv-2,10,1.0,0.0002,0.17,0.2747
model-cv-2,11,1.0,0.0002,0.17,0.2861
model-cv-2,12,1.0,0.0006,0.17,0.2693
model-cv-2,13,1.0,0.0001,0.17,0.2765
model-cv-2,14,1.0,0.0008,0.17,0.2882
model-cv-2,15,1.0,0.0002,0.17,0.285
model-cv-2,16,1.0,0.0002,0.17,0.2772
model-cv-2,17,1.0,0.0002,0.17,0.2763
model-cv-2,18,1.0,0.0003,0.17,0.285
model-cv-2,19,1.0,0.0002,0.17,0.2848
model-cv-2,20,1.0,0.0001,0.17,0.2814
model-cv-2,21,1.0,0.0005,0.17,0.2881
model-cv-2,22,1.0,0.0002,0.17,0.285
model-cv-2,23,1.0,0.0002,0.17,0.2716
model-cv-2,24,1.0,0.0001,0.17,0.2741
model-cv-2,25,1.0,0.0003,0.17,0.2722
model-cv-2,26,1.0,0.0001,0.17,0.2852
model-cv-2,27,1.0,0.0001,0.17,0.2828
model-cv-2,28,1.0,0.0001,0.17,0.2725
model-cv-2,29,1.0,0.0001,0.17,0.2767
model-cv-2,30,1.0,0.0003,0.17,0.2862
model-cv-2,31,1.0,0.0002,0.17,0.2786
model-cv-2,32,1.0,0.0001,0.17,0.2795
model-cv-2,33,1.0,0.0004,0.17,0.2858
model-cv-2,34,1.0,0.0001,0.17,0.2796
model-cv-2,35,1.0,0.0001,0.17,0.2828
model-cv-2,36,1.0,0.0002,0.17,0.2869
model-cv-2,37,1.0,0.0002,0.17,0.2793
model-cv-2,38,1.0,0.0001,0.17,0.2817
model-cv-2,39,1.0,0.0002,0.17,0.2843
model-cv-2,40,1.0,0.0001,0.17,0.2839
model-cv-2,41,1.0,0.0004,0.17,0.2783
model-cv-2,42,1.0,0.0002,0.17,0.2857
model-cv-2,43,1.0,0.0002,0.17,0.2826
model-cv-2,44,1.0,0.0002,0.17,0.2854
model-cv-2,45,1.0,0.0012,0.17,0.2856
model-cv-2,46,1.0,0.0002,0.17,0.2845
model-cv-2,47,1.0,0.0001,0.17,0.2743
model-cv-2,48,1.0,0.0004,0.17,0.2755
model-cv-2,49,1.0,0.0,0.17,0.2784
model-cv-2,50,1.0,0.0003,0.17,0.2778
model-cv-2,51,1.0,0.0002,0.17,0.2853
model-cv-2,52,1.0,0.0002,0.17,0.2805
model-cv-2,53,1.0,0.0001,0.17,0.272
model-cv-2,54,1.0,0.0001,0.17,0.2769
model-cv-2,55,1.0,0.0002,0.17,0.2846
model-cv-2,56,1.0,0.0003,0.17,0.2815
model-cv-2,57,1.0,0.0001,0.17,0.2743
model-cv-2,58,1.0,0.0003,0.17,0.2758
model-cv-2,59,1.0,0.0004,0.17,0.2795
model-cv-2,60,1.0,0.0002,0.17,0.2835
model-cv-2,61,1.0,0.0004,0.17,0.2817
model-cv-2,62,1.0,0.0004,0.17,0.2873
model-cv-2,63,1.0,0.0002,0.17,0.2837
model-cv-2,64,1.0,0.0002,0.17,0.2801
model-cv-2,65,1.0,0.0001,0.17,0.2803
model-cv-2,66,1.0,0.0002,0.17,0.2762
model-cv-2,67,1.0,0.0002,0.17,0.2861
model-cv-2,68,1.0,0.0001,0.17,0.2759
model-cv-2,69,1.0,0.0001,0.17,0.2811
model-cv-2,70,1.0,0.0004,0.17,0.2826
model-cv-2,71,1.0,0.0002,0.17,0.2841
model-cv-2,72,1.0,0.0002,0.17,0.2788
model-cv-2,73,1.0,0.0002,0.17,0.2852
model-cv-2,74,1.0,0.0001,0.17,0.2815
model-cv-2,75,1.0,0.0004,0.17,0.2733
model-cv-2,76,1.0,0.0002,0.17,0.2774
model-cv-2,77,1.0,0.0001,0.17,0.2822
model-cv-2,78,1.0,0.0002,0.17,0.2735
model-cv-2,79,1.0,0.0001,0.17,0.2839
model-cv-2,80,1.0,0.0001,0.17,0.2785
model-cv-2,81,1.0,0.0002,0.17,0.2852
model-cv-2,82,1.0,0.0001,0.17,0.2843
model-cv-2,83,1.0,0.0001,0.17,0.28
model-cv-2,84,1.0,0.0002,0.17,0.2853
model-cv-2,85,1.0,0.0002,0.17,0.2761
model-cv-2,86,1.0,0.0001,0.17,0.2819
model-cv-2,87,1.0,0.0002,0.17,0.2814
model-cv-2,88,1.0,0.0003,0.17,0.2723
model-cv-2,89,1.0,0.0001,0.17,0.2826
model-cv-2,90,1.0,0.0002,0.17,0.2813
model-cv-2,91,1.0,0.0001,0.17,0.2771
model-cv-2,92,1.0,0.0002,0.17,0.2818
model-cv-2,93,1.0,0.0002,0.17,0.2861
model-cv-2,94,1.0,0.0002,0.17,0.2832
model-cv-2,95,1.0,0.0002,0.17,0.2721
model-cv-2,96,1.0,0.0003,0.17,0.272
model-cv-2,97,1.0,0.0002,0.17,0.2822
model-cv-2,98,1.0,0.0002,0.17,0.2857
model-cv-2,99,1.0,0.0001,0.17,0.2799
model-cv-2,100,1.0,0.0002,0.17,0.285
model-cv-2,101,1.0,0.0004,0.17,0.2874
model-cv-2,102,1.0,0.0002,0.17,0.2844
model-cv-2,103,1.0,0.0005,0.17,0.2813
model-cv-2,104,1.0,0.0002,0.17,0.2843
model-cv-2,105,1.0,0.0001,0.17,0.2826
model-cv-2,106,1.0,0.0003,0.17,0.2704
model-cv-2,107,1.0,0.0002,0.17,0.2816
model-cv-2,108,1.0,0.0004,0.17,0.2745
model-cv-2,109,1.0,0.0002,0.17,0.284
model-cv-2,110,1.0,0.0002,0.17,0.2837
model-cv-2,111,1.0,0.0002,0.17,0.2728
model-cv-2,112,1.0,0.0004,0.17,0.2754
model-cv-2,113,1.0,0.0002,0.17,0.2778
model-cv-2,114,1.0,0.0003,0.17,0.2811
model-cv-2,115,1.0,0.0003,0.17,0.2818
model-cv-2,116,1.0,0.0,0.17,0.2771
model-cv-2,117,1.0,0.0001,0.17,0.2802
model-cv-2,118,1.0,0.0002,0.17,0.2846
model-cv-2,119,1.0,0.0005,0.17,0.2751
model-cv-2,120,1.0,0.0002,0.17,0.2817
model-cv-2,121,1.0,0.0002,0.17,0.2838
model-cv-2,122,1.0,0.0002,0.17,0.2856
model-cv-2,123,1.0,0.0002,0.17,0.2844
model-cv-2,124,1.0,0.0003,0.17,0.2705
model-cv-2,125,1.0,0.0003,0.17,0.27
model-cv-2,126,1.0,0.0002,0.17,0.2845
model-cv-2,127,1.0,0.0002,0.17,0.2847
model-cv-2,128,1.0,0.0002,0.17,0.2839
model-cv-2,129,1.0,0.0001,0.17,0.2712
model-cv-2,130,1.0,0.0009,0.17,0.2802
model-cv-2,131,1.0,0.0005,0.17,0.2862
model-cv-2,132,1.0,0.0004,0.17,0.2829
model-cv-2,133,1.0,0.0001,0.17,0.2814
model-cv-2,134,1.0,0.0001,0.17,0.2849
model-cv-2,135,1.0,0.0001,0.17,0.282
model-cv-2,136,1.0,0.0002,0.17,0.2856
model-cv-2,137,1.0,0.0002,0.17,0.2777
model-cv-2,138,1.0,0.0001,0.17,0.2837
model-cv-2,139,1.0,0.0002,0.17,0.2816
model-cv-2,140,1.0,0.0002,0.17,0.2836
model-cv-2,141,1.0,0.0002,0.17,0.2846
model-cv-2,142,1.0,0.0003,0.17,0.2718
model-cv-2,143,1.0,0.0002,0.17,0.2844
model-cv-2,144,1.0,0.0004,0.17,0.2796
model-cv-2,145,1.0,0.0001,0.17,0.2829
model-cv-2,146,1.0,0.0001,0.17,0.2821
model-cv-2,147,1.0,0.0001,0.17,0.2752
model-cv-2,148,1.0,0.0002,0.17,0.2831
model-cv-2,149,1.0,0.0006,0.17,0.2745
model-cv-2,150,1.0,0.0003,0.17,0.272
model-cv-2,151,1.0,0.0002,0.17,0.2855
model-cv-2,152,1.0,0.0001,0.17,0.2831
model-cv-2,153,1.0,0.0003,0.17,0.2792
model-cv-2,154,1.0,0.0001,0.17,0.2818
model-cv-2,155,1.0,0.0003,0.17,0.2725
model-cv-2,156,1.0,0.0002,0.17,0.2849
model-cv-2,157,1.0,0.0003,0.17,0.2713
model-cv-2,158,1.0,0.0001,0.17,0.2783
model-cv-2,159,1.0,0.0002,0.17,0.2704
model-cv-2,160,1.0,0.0001,0.17,0.2832
model-cv-2,161,1.0,0.0001,0.17,0.2795
model-cv-2,162,1.0,0.0002,0.17,0.2808
model-cv-2,163,1.0,0.0002,0.17,0.2828
model-cv-2,164,1.0,0.0,0.17,0.2765
model-cv-2,165,1.0,0.0002,0.17,0.2847
model-cv-2,166,1.0,0.0001,0.17,0.2708
model-cv-2,167,1.0,0.0002,0.17,0.2812
model-cv-2,168,1.0,0.0004,0.17,0.2846
model-cv-2,169,1.0,0.0002,0.17,0.276
model-cv-2,170,1.0,0.0002,0.17,0.2837
model-cv-2,171,1.0,0.0003,0.17,0.2878
model-cv-2,172,1.0,0.0003,0.17,0.27
model-cv-2,173,1.0,0.0002,0.17,0.2841
model-cv-2,174,1.0,0.0001,0.17,0.2792
model-cv-2,175,1.0,0.0001,0.17,0.2815
model-cv-2,176,1.0,0.0002,0.17,0.279
model-cv-2,177,1.0,0.0002,0.17,0.284
model-cv-2,178,1.0,0.0002,0.17,0.2825
model-cv-2,179,1.0,0.0002,0.17,0.2707
model-cv-2,180,1.0,0.0001,0.17,0.2769
model-cv-2,181,1.0,0.0003,0.17,0.2862
model-cv-2,182,1.0,0.0001,0.17,0.2815
model-cv-2,183,1.0,0.0002,0.17,0.282
model-cv-2,184,1.0,0.0001,0.17,0.2821
model-cv-2,185,1.0,0.0002,0.17,0.2746
model-cv-2,186,1.0,0.0008,0.17,0.2835
model-cv-2,187,1.0,0.0002,0.17,0.2825
model-cv-2,188,1.0,0.0001,0.17,0.2802
model-cv-2,189,1.0,0.0002,0.17,0.2868
model-cv-2,190,1.0,0.0002,0.17,0.273
model-cv-2,191,1.0,0.0004,0.17,0.2787
model-cv-2,192,1.0,0.0002,0.17,0.2849
model-cv-2,193,1.0,0.0001,0.17,0.279
model-cv-2,194,1.0,0.0004,0.17,0.2821
model-cv-2,195,1.0,0.0002,0.17,0.2846
model-cv-2,196,1.0,0.0003,0.17,0.2696
model-cv-2,197,1.0,0.0003,0.17,0.2821
model-cv-2,198,1.0,0.0002,0.17,0.2719
model-cv-2,199,1.0,0.0003,0.17,0.2866
model-cv-3,0,1.0,0.0001,0.17,0.2806
model-cv-3,1,1.0,0.0002,0.17,0.2848
model-cv-3,2,1.0,0.0002,0.17,0.2858
model-cv-3,3,1.0,0.0002,0.17,0.278
model-cv-3,4,1.0,0.0002,0.17,0.272
model-cv-3,5,1.0,0.0003,0.17,0.2851
model-cv-3,6,1.0,0.0004,0.17,0.2864
model-cv-3,7,1.0,0.0002,0.17,0.2853
model-cv-3,8,1.0,0.0001,0.17,0.2826
model-cv-3,9,1.0,0.0002,0.17,0.285
model-cv-3,10,1.0,0.0002,0.17,0.2832
model-cv-3,11,1.0,0.0001,0.17,0.2827
model-cv-3,12,1.0,0.0001,0.17,0.2724
model-cv-3,13,1.0,0.0003,0.17,0.2869
model-cv-3,14,1.0,0.0002,0.17,0.2853
model-cv-3,15,1.0,0.0003,0.17,0.2844
model-cv-3,16,1.0,0.0002,0.17,0.2832
model-cv-3,17,1.0,0.0001,0.17,0.2773
model-cv-3,18,1.0,0.0002,0.17,0.2722
model-cv-3,19,1.0,0.0001,0.17,0.2809
model-cv-3,20,1.0,0.0002,0.17,0.2774
model-cv-3,21,1.0,0.0002,0.17,0.2852
model-cv-3,22,1.0,0.0005,0.17,0.2848
model-cv-3,23,1.0,0.0002,0.17,0.274
model-cv-3,24,1.0,0.0003,0.17,0.2742
model-cv-3,25,1.0,0.0001,0.17,0.2779
model-cv-3,26,1.0,0.0003,0.17,0.2731
model-cv-3,27,1.0,0.0001,0.17,0.276
model-cv-3,28,1.0,0.0002,0.17,0.2842
model-cv-3,29,1.0,0.0002,0.17,0.2769
model-cv-3,30,1.0,0.0004,0.17,0.2773
model-cv-3,31,1.0,0.0002,0.17,0.283
model-cv-3,32,1.0,0.0001,0.17,0.2835
model-cv-3,33,1.0,0.0002,0.17,0.2815
model-cv-3,34,1.0,0.0001,0.17,0.283
model-cv-3,35,1.0,0.0001,0.17,0.2808
model-cv-3,36,1.0,0.0002,0.17,0.2775
model-cv-3,37,1.0,0.0004,0.17,0.2877
model-cv-3,38,1.0,0.0001,0.17,0.2804
model-cv-3,39,1.0,0.0001,0.17,0.2789
model-cv-3,40,1.0,0.0005,0.17,0.281
model-cv-3,41,1.0,0.0001,0.17,0.2811
model-cv-3,42,1.0,0.0004,0.17,0.2868
model-cv-3,43,1.0,0.0002,0.17,0.2845
model-cv-3,44,1.0,0.0,0.17,0.277
model-cv-3,45,1.0,0.0002,0.17,0.2843
model-cv-3,46,1.0,0.0003,0.17,0.288
model-cv-3,47,1.0,0.0002,0.17,0.2841
model-cv-3,48,1.0,0.0003,0.17,0.2866
model-cv-3,49,1.0,0.0003,0.17,0.2857
model-cv-3,50,1.0,0.0005,0.17,0.2878
model-cv-3,51,1.0,0.0002,0.17,0.2832
model-cv-3,52,1.0,0.0002,0.17,0.2837
model-cv-3,53,1.0,0.0004,0.17,0.2802
model-cv-3,54,1.0,0.0002,0.17,0.2845
model-cv-3,55,1.0,0.0001,0.17,0.2811
model-cv-3,56,1.0,0.0003,0.17,0.2792
model-cv-3,57,1.0,0.0002,0.17,0.2838
model-cv-3,58,1.0,0.0003,0.17,0.2776
model-cv-3,59,1.0,0.0003,0.17,0.2796
model-cv-3,60,1.0,0.0002,0.17,0.2851
model-cv-3,61,1.0,0.0003,0.17,0.2842
model-cv-3,62,1.0,0.0002,0.17,0.2854
model-cv-3,63,1.0,0.0004,0.17,0.2836
model-cv-3,64,1.0,0.0003,0.17,0.2752
model-cv-3,65,1.0,0.0004,0.17,0.2837
model-cv-3,66,1.0,0.0002,0.17,0.2857
model-cv-3,67,1.0,0.0002,0.17,0.2783
model-cv-3,68,1.0,0.0005,0.17,0.2846
model-cv-3,69,1.0,0.0002,0.17,0.2836
model-cv-3,70,1.0,0.0002,0.17,0.2832
model-cv-3,71,1.0,0.0001,0.17,0.2816
model-cv-3,72,1.0,0.0004,0.17,0.2793
model-cv-3,73,1.0,0.0003,0.17,0.2701
model-cv-3,74,1.0,0.0003,0.17,0.2863
model-cv-3,75,1.0,0.0001,0.17,0.2752
model-cv-3,76,1.0,0.0002,0.17,0.2778
model-cv-3,77,1.0,0.0002,0.17,0.2708
model-cv-3,78,1.0,0.0004,0.17,0.272
model-cv-3,79,1.0,0.0002,0.17,0.2841
model-cv-3,80,1.0,0.0001,0.17,0.2809
model-cv-3,81,1.0,0.0002,0.17,0.2789
model-cv-3,82,1.0,0.0002,0.17,0.2771
model-cv-3,83,1.0,0.0005,0.17,0.2761
model-cv-3,84,1.0,0.0003,0.17,0.2854
model-cv-3,85,1.0,0.0002,0.17,0.2727
model-cv-3,86,1.0,0.0001,0.17,0.2795
model-cv-3,87,1.0,0.0002,0.17,0.2779
model-cv-3,88,1.0,0.0002,0.17,0.2848
model-cv-3,89,1.0,0.0005,0.17,0.2755
model-cv-3,90,1.0,0.0002,0.17,0.2789
model-cv-3,91,1.0,0.0002,0.17,0.2842
model-cv-3,92,1.0,0.0001,0.17,0.2833
model-cv-3,93,1.0,0.0003,0.17,0.2716
model-cv-3,94,1.0,0.0002,0.17,0.2837
model-cv-3,95,1.0,0.0003,0.17,0.2711
model-cv-3,96,1.0,0.0001,0.17,0.2754
model-cv-3,97,1.0,0.0003,0.17,0.2729
model-cv-3,98,1.0,0.0006,0.17,0.276
model-cv-3,99,1.0,0.0004,0.17,0.2857
model-cv-3,100,1.0,0.0002,0.17,0.2832
model-cv-3,101,1.0,0.0001,0.17,0.282
model-cv-3,102,1.0,0.0002,0.17,0.2744
model-cv-3,103,1.0,0.0001,0.17,0.2795
model-cv-3,104,1.0,0.0001,0.17,0.2736
model-cv-3,105,1.0,0.0001,0.17,0.2803
model-cv-3,106,1.0,0.0003,0.17,0.2813
model-cv-3,107,1.0,0.0004,0.17,0.284
model-cv-3,108,1.0,0.0001,0.17,0.2743
model-cv-3,109,1.0,0.0003,0.17,0.2711
model-cv-3,110,1.0,0.0002,0.17,0.2832
model-cv-3,111,1.0,0.0004,0.17,0.2713
model-cv-3,112,1.0,0.0001,0.17,0.282
model-cv-3,113,1.0,0.0004,0.17,0.2836
model-cv-3,114,1.0,0.0003,0.17,0.2792
model-cv-3,115,1.0,0.0002,0.17,0.2849
model-cv-3,116,1.0,0.0001,0.17,0.2807
model-cv-3,117,1.0,0.0003,0.17,0.2699
model-cv-3,118,1.0,0.0006,0.17,0.2873
model-cv-3,119,1.0,0.0002,0.17,0.2827
model-cv-3,120,1.0,0.0006,0.17,0.2844
model-cv-3,121,1.0,0.0002,0.17,0.2752
model-cv-3,122,1.0,0.0003,0.17,0.2706
model-cv-3,123,1.0,0.0001,0.17,0.2824
model-cv-3,124,1.0,0.0001,0.17,0.2752
model-cv-3,125,1.0,0.0003,0.17,0.2848
model-cv-3,126,1.0,0.0001,0.17,0.2773
model-cv-3,127,1.0,0.0002,0.17,0.2833
model-cv-3,128,1.0,0.0005,0.17,0.2765
model-cv-3,129,1.0,0.0002,0.17,0.2713
model-cv-3,130,1.0,0.0004,0.17,0.2867
model-cv-3,131,1.0,0.0001,0.17,0.2818
model-cv-3,132,1.0,0.0005,0.17,0.2872
model-cv-3,133,1.0,0.0002,0.17,0.279
model-cv-3,134,1.0,0.0003,0.17,0.2737
model-cv-3,135,1.0,0.0002,0.17,0.2732
model-cv-3,136,1.0,0.0002,0.17,0.2816
model-cv-3,137,1.0,0.0002,0.17,0.2852
model-cv-3,138,1.0,0.0002,0.17,0.2708
model-cv-3,139,1.0,0.0003,0.17,0.2694
model-cv-3,140,1.0,0.0,0.17,0.2772
model-cv-3,141,1.0,0.0002,0.17,0.2756
model-cv-3,142,1.0,0.0002,0.17,0.2815
model-cv-3,143,1.0,0.0,0.17,0.273
model-cv-3,144,1.0,0.0002,0.17,0.2789
model-cv-3,145,1.0,0.0001,0.17,0.2824
model-cv-3,146,1.0,0.0001,0.17,0.2823
model-cv-3,147,1.0,0.0001,0.17,0.2806
model-cv-3,148,1.0,0.0002,0.17,0.2849
model-cv-3,149,1.0,0.0002,0.17,0.2859
model-cv-3,150,1.0,0.0004,0.17,0.288
model-cv-3,151,1.0,0.0007,0.17,0.284
model-cv-3,152,1.0,0.0002,0.17,0.2859
model-cv-3,153,1.0,0.0002,0.17,0.2845
model-cv-3,154,1.0,0.0002,0.17,0.2788
model-cv-3,155,1.0,0.0002,0.17,0.2789
model-cv-3,156,1.0,0.0001,0.17,0.2773
model-cv-3,157,1.0,0.0002,0.17,0.2852
model-cv-3,158,1.0,0.0003,0.17,0.2714
model-cv-3,159,1.0,0.0001,0.17,0.2771
model-cv-3,160,1.0,0.0003,0.17,0.2827
model-cv-3,161,1.0,0.0002,0.17,0.2849
model-cv-3,162,1.0,0.0002,0.17,0.2858
model-cv-3,163,1.0,0.0003,0.17,0.2835
model-cv-3,164,1.0,0.0001,0.17,0.2794
model-cv-3,165,1.0,0.0001,0.17,0.2834
model-cv-3,166,1.0,0.0,0.17,0.2803
model-cv-3,167,1.0,0.0002,0.17,0.2836
model-cv-3,168,1.0,0.0002,0.17,0.2795
model-cv-3,169,1.0,0.0001,0.17,0.2784
model-cv-3,170,1.0,0.0001,0.17,0.2785
model-cv-3,171,1.0,0.0003,0.17,0.288
model-cv-3,172,1.0,0.0006,0.17,0.2875
model-cv-3,173,1.0,0.0001,0.17,0.2813
model-cv-3,174,1.0,0.0002,0.17,0.2839
model-cv-3,175,1.0,0.0003,0.17,0.2789
model-cv-3,176,1.0,0.0001,0.17,0.2814
model-cv-3,177,1.0,0.0002,0.17,0.2707
model-cv-3,178,1.0,0.0001,0.17,0.2796
model-cv-3,179,1.0,0.0002,0.17,0.2848
model-cv-3,180,1.0,0.0002,0.17,0.2864
model-cv-3,181,1.0,0.0005,0.17,0.269
model-cv-3,182,1.0,0.0002,0.17,0.2798
model-cv-3,183,1.0,0.0003,0.17,0.2839
model-cv-3,184,1.0,0.0003,0.17,0.2733
model-cv-3,185,1.0,0.0002,0.17,0.284
model-cv-3,186,1.0,0.0002,0.17,0.2835
model-cv-3,187,1.0,0.0002,0.17,0.2761
model-cv-3,188,1.0,0.0003,0.17,0.2855
model-cv-3,189,1.0,0.0001,0.17,0.2816
model-cv-3,190,1.0,0.0002,0.17,0.2845
model-cv-3,191,1.0,0.0003,0.17,0.2755
model-cv-3,192,1.0,0.0002,0.17,0.2732
model-cv-3,193,1.0,0.0002,0.17,0.2777
model-cv-3,194,1.0,0.0002,0.17,0.2822
model-cv-3,195,1.0,0.0002,0.17,0.2831
model-cv-3,196,1.0,0.0002,0.17,0.286
model-cv-3,197,1.0,0.001,0.17,0.2825
model-cv-3,198,1.0,0.0002,0.17,0.2766
model-cv-3,199,1.0,0.0002,0.17,0.2728
model-cv-4,0,1.0,0.0001,0.16,0.2829
model-cv-4,1,1.0,0.0004,0.16,0.2852
model-cv-4,2,1.0,0.0002,0.16,0.2863
model-cv-4,3,1.0,0.0002,0.16,0.2861
model-cv-4,4,1.0,0.0001,0.16,0.2848
model-cv-4,5,1.0,0.0005,0.16,0.2767
model-cv-4,6,1.0,0.0002,0.16,0.2872
model-cv-4,7,1.0,0.0003,0.16,0.2738
model-cv-4,8,1.0,0.0002,0.16,0.2878
model-cv-4,9,1.0,0.0002,0.16,0.2868
model-cv-4,10,1.0,0.0001,0.16,0.2786
model-cv-4,11,1.0,0.0001,0.16,0.2802
model-cv-4,12,1.0,0.0008,0.16,0.2832
model-cv-4,13,1.0,0.0002,0.16,0.2798
model-cv-4,14,1.0,0.0001,0.16,0.2858
model-cv-4,15,1.0,0.0004,0.16,0.2786
model-cv-4,16,1.0,0.0002,0.16,0.2775
model-cv-4,17,1.0,0.0002,0.16,0.2857
model-cv-4,18,1.0,0.0002,0.16,0.2739
model-cv-4,19,1.0,0.0006,0.16,0.2873
model-cv-4,20,1.0,0.0002,0.16,0.2748
model-cv-4,21,1.0,0.0001,0.16,0.2836
model-cv-4,22,1.0,0.0004,0.16,0.273
model-cv-4,23,1.0,0.0002,0.16,0.2806
model-cv-4,24,1.0,0.0002,0.16,0.277
model-cv-4,25,1.0,0.0002,0.16,0.2887
model-cv-4,26,1.0,0.0002,0.16,0.285
model-cv-4,27,1.0,0.0003,0.16,0.2851
model-cv-4,28,1.0,0.0001,0.16,0.2857
model-cv-4,29,1.0,0.0005,0.16,0.2744
model-cv-4,30,1.0,0.0002,0.16,0.2859
model-cv-4,31,1.0,0.0002,0.16,0.2758
model-cv-4,32,1.0,0.0004,0.16,0.2785
model-cv-4,33,1.0,0.0001,0.16,0.2774
model-cv-4,34,1.0,0.0002,0.16,0.2774
model-cv-4,35,1.0,0.0002,0.16,0.2741
model-cv-4,36,1.0,0.0002,0.16,0.2862
model-cv-4,37,1.0,0.0003,0.16,0.2718
model-cv-4,38,1.0,0.0002,0.16,0.2878
model-cv-4,39,1.0,0.0003,0.16,0.2739
model-cv-4,40,1.0,0.0002,0.16,0.2857
model-cv-4,41,1.0,0.0002,0.16,0.2867
model-cv-4,42,1.0,0.0001,0.16,0.2831
model-cv-4,43,1.0,0.0001,0.16,0.2749
model-cv-4,44,1.0,0.0002,0.16,0.2837
model-cv-4,45,1.0,0.0001,0.16,0.2796
model-cv-4,46,1.0,0.0002,0.16,0.2798
model-cv-4,47,1.0,0.0002,0.16,0.2733
model-cv-4,48,1.0,0.0001,0.16,0.2863
model-cv-4,49,1.0,0.0001,0.16,0.2808
model-cv-4,50,1.0,0.0002,0.16,0.2853
model-cv-4,51,1.0,0.0001,0.16,0.2783
model-cv-4,52,1.0,0.0003,0.16,0.274
model-cv-4,53,1.0,0.0001,0.16,0.2813
model-cv-4,54,1.0,0.0002,0.16,0.2865
model-cv-4,55,1.0,0.0003,0.16,0.2809
model-cv-4,56,1.0,0.0002,0.16,0.2847
model-cv-4,57,1.0,0.0001,0.16,0.2806
model-cv-4,58,1.0,0.0001,0.16,0.2816
model-cv-4,59,1.0,0.0002,0.16,0.2841
model-cv-4,60,1.0,0.0002,0.16,0.2852
model-cv-4,61,1.0,0.0002,0.16,0.2869
model-cv-4,62,1.0,0.0002,0.16,0.2861
model-cv-4,63,1.0,0.0004,0.16,0.2732
model-cv-4,64,1.0,0.0,0.16,0.2802
model-cv-4,65,1.0,0.0001,0.16,0.2854
model-cv-4,66,1.0,0.0002,0.16,0.2763
model-cv-4,67,1.0,0.0002,0.16,0.2785
model-cv-4,68,1.0,0.0002,0.16,0.2755
model-cv-4,69,1.0,0.0004,0.16,0.2764
model-cv-4,70,1.0,0.0003,0.16,0.2843
model-cv-4,71,1.0,0.0002,0.16,0.2867
model-cv-4,72,1.0,0.0001,0.16,0.2858
model-cv-4,73,1.0,0.0003,0.16,0.2861
model-cv-4,74,1.0,0.0003,0.16,0.2726
model-cv-4,75,1.0,0.0002,0.16,0.2758
model-cv-4,76,1.0,0.0002,0.16,0.2865
model-cv-4,77,1.0,0.0002,0.16,0.2782
model-cv-4,78,1.0,0.0004,0.16,0.2778
model-cv-4,79,1.0,0.0002,0.16,0.2865
model-cv-4,80,1.0,0.0002,0.16,0.2726
model-cv-4,81,1.0,0.0002,0.16,0.286
model-cv-4,82,1.0,0.0002,0.16,0.2829
model-cv-4,83,1.0,0.0001,0.16,0.2857
model-cv-4,84,1.0,0.0002,0.16,0.2796
model-cv-4,85,1.0,0.0002,0.16,0.2873
model-cv-4,86,1.0,0.0002,0.16,0.2742
model-cv-4,87,1.0,0.0006,0.16,0.2698
model-cv-4,88,1.0,0.0002,0.16,0.2866
model-cv-4,89,1.0,0.0001,0.16,0.2848
model-cv-4,90,1.0,0.0003,0.16,0.2883
model-cv-4,91,1.0,0.0002,0.16,0.2821
model-cv-4,92,1.0,0.0001,0.16,0.2842
model-cv-4,93,1.0,0.0003,0.16,0.2771
model-cv-4,94,1.0,0.0002,0.16,0.2873
model-cv-4,95,1.0,0.0001,0.16,0.2757
model-cv-4,96,1.0,0.0002,0.16,0.2862
model-cv-4,97,1.0,0.0002,0.16,0.2817
model-cv-4,98,1.0,0.0002,0.16,0.2881
model-cv-4,99,1.0,0.0003,0.16,0.2743
model-cv-4,100,1.0,0.0002,0.16,0.287
model-cv-4,101,1.0,0.0001,0.16,0.2753
model-cv-4,102,1.0,0.0001,0.16,0.2801
model-cv-4,103,1.0,0.0001,0.16,0.2867
model-cv-4,104,1.0,0.0002,0.16,0.2875
model-cv-4,105,1.0,0.0002,0.16,0.273
model-cv-4,106,1.0,0.0002,0.16,0.2756
model-cv-4,107,1.0,0.0001,0.16,0.2776
model-cv-4,108,1.0,0.0002,0.16,0.285
model-cv-4,109,1.0,0.0004,0.16,0.2865
model-cv-4,110,1.0,0.0002,0.16,0.2841
model-cv-4,111,1.0,0.0003,0.16,0.2887
model-cv-4,112,1.0,0.0001,0.16,0.2817
model-cv-4,113,1.0,0.0001,0.16,0.2801
model-cv-4,114,1.0,0.0002,0.16,0.2855
model-cv-4,115,1.0,0.0002,0.16,0.2797
model-cv-4,116,1.0,0.0003,0.16,0.2733
model-cv-4,117,1.0,0.0001,0.16,0.2824
model-cv-4,118,1.0,0.0002,0.16,0.2847
model-cv-4,119,1.0,0.0001,0.16,0.2806
model-cv-4,120,1.0,0.0001,0.16,0.2839
model-cv-4,121,1.0,0.0001,0.16,0.2752
model-cv-4,122,1.0,0.0004,0.16,0.2836
model-cv-4,123,1.0,0.0001,0.16,0.2822
model-cv-4,124,1.0,0.0001,0.16,0.2745
model-cv-4,125,1.0,0.0003,0.16,0.2766
model-cv-4,126,1.0,0.0001,0.16,0.2815
model-cv-4,127,1.0,0.0001,0.16,0.2855
model-cv-4,128,1.0,0.0002,0.16,0.2779
model-cv-4,129,1.0,0.0001,0.16,0.2857
model-cv-4,130,1.0,0.0004,0.16,0.2891
model-cv-4,131,1.0,0.0003,0.16,0.2821
model-cv-4,132,1.0,0.0001,0.16,0.2854
model-cv-4,133,1.0,0.0002,0.16,0.2753
model-cv-4,134,1.0,0.0002,0.16,0.2715
model-cv-4,135,1.0,0.0002,0.16,0.2862
model-cv-4,136,1.0,0.0004,0.16,0.2837
model-cv-4,137,1.0,0.0002,0.16,0.2793
model-cv-4,138,1.0,0.0001,0.16,0.2831
model-cv-4,139,1.0,0.0001,0.16,0.2842
model-cv-4,140,1.0,0.0002,0.16,0.2869
model-cv-4,141,1.0,0.0004,0.16,0.2881
model-cv-4,142,1.0,0.0002,0.16,0.2723
model-cv-4,143,1.0,0.0001,0.16,0.2793
model-cv-4,144,1.0,0.0004,0.16,0.2806
model-cv-4,145,1.0,0.0003,0.16,0.29
model-cv-4,146,1.0,0.0001,0.16,0.279
model-cv-4,147,1.0,0.0002,0.16,0.2873
model-cv-4,148,1.0,0.0002,0.16,0.2804
model-cv-4,149,1.0,0.0002,0.16,0.2724
model-cv-4,150,1.0,0.0001,0.16,0.2871
model-cv-4,151,1.0,0.0002,0.16,0.2791
model-cv-4,152,1.0,0.0002,0.16,0.2877
model-cv-4,153,1.0,0.0002,0.16,0.2788
model-cv-4,154,1.0,0.0003,0.16,0.279
model-cv-4,155,1.0,0.0003,0.16,0.2745
model-cv-4,156,1.0,0.0001,0.16,0.2859
model-cv-4,157,1.0,0.0005,0.16,0.2825
model-cv-4,158,1.0,0.0002,0.16,0.2819
model-cv-4,159,1.0,0.0002,0.16,0.287
model-cv-4,160,1.0,0.0004,0.16,0.2748
model-cv-4,161,1.0,0.0001,0.16,0.2826
model-cv-4,162,1.0,0.0006,0.16,0.2805
model-cv-4,163,1.0,0.0007,0.16,0.2809
model-cv-4,164,1.0,0.0001,0.16,0.2771
model-cv-4,165,1.0,0.0002,0.16,0.277
model-cv-4,166,1.0,0.0002,0.16,0.2859
model-cv-4,167,1.0,0.0002,0.16,0.2868
model-cv-4,168,1.0,0.0003,0.16,0.2804
model-cv-4,169,1.0,0.0002,0.16,0.2851
model-cv-4,170,1.0,0.0002,0.16,0.2846
model-cv-4,171,1.0,0.0004,0.16,0.2868
model-cv-4,172,1.0,0.0005,0.16,0.2728
model-cv-4,173,1.0,0.0001,0.16,0.2822
model-cv-4,174,1.0,0.0004,0.16,0.2842
model-cv-4,175,1.0,0.0001,0.16,0.273
model-cv-4,176,1.0,0.0003,0.16,0.2854
model-cv-4,177,1.0,0.0003,0.16,0.2744
model-cv-4,178,1.0,0.0002,0.16,0.2869
model-cv-4,179,1.0,0.0003,0.16,0.2766
model-cv-4,180,1.0,0.0001,0.16,0.2857
model-cv-4,181,1.0,0.0001,0.16,0.2773
model-cv-4,182,1.0,0.0002,0.16,0.2752
model-cv-4,183,1.0,0.0001,0.16,0.2731
model-cv-4,184,1.0,0.0002,0.16,0.2796
model-cv-4,185,1.0,0.0004,0.16,0.2857
model-cv-4,186,1.0,0.0001,0.16,0.2795
model-cv-4,187,1.0,0.0003,0.16,0.2878
model-cv-4,188,1.0,0.0009,0.16,0.2752
model-cv-4,189,1.0,0.0001,0.16,0.2821
model-cv-4,190,1.0,0.0003,0.16,0.2783
model-cv-4,191,1.0,0.0005,0.16,0.2854
model-cv-4,192,1.0,0.0004,0.16,0.2867
model-cv-4,193,1.0,0.0003,0.16,0.2784
model-cv-4,194,1.0,0.0003,0.16,0.2841
model-cv-4,195,1.0,0.0001,0.16,0.282
model-cv-4,196,1.0,0.0002,0.16,0.2798
model-cv-4,197,1.0,0.0002,0.16,0.2848
model-cv-4,198,1.0,0.0001,0.16,0.2756
model-cv-4,199,1.0,0.0005,0.16,0.2779
model-cv-5,0,1.0,0.0001,0.17,0.2824
model-cv-5,1,1.0,0.0,0.17,0.2746
model-cv-5,2,1.0,0.0001,0.17,0.2757
model-cv-5,3,1.0,0.0001,0.17,0.283
model-cv-5,4,1.0,0.0003,0.17,0.2809
model-cv-5,5,1.0,0.0003,0.17,0.2746
model-cv-5,6,1.0,0.0001,0.17,0.285
model-cv-5,7,1.0,0.0002,0.17,0.2735
model-cv-5,8,1.0,0.0001,0.17,0.2807
model-cv-5,9,1.0,0.0001,0.17,0.282
model-cv-5,10,1.0,0.0001,0.17,0.2797
model-cv-5,11,1.0,0.0001,0.17,0.2785
model-cv-5,12,1.0,0.0001,0.17,0.2844
model-cv-5,13,1.0,0.0002,0.17,0.2801
model-cv-5,14,1.0,0.0001,0.17,0.2804
model-cv-5,15,1.0,0.0002,0.17,0.2794
model-cv-5,16,1.0,0.0,0.17,0.278
model-cv-5,17,1.0,0.0,0.17,0.2761
model-cv-5,18,1.0,0.0002,0.17,0.274
model-cv-5,19,1.0,0.0004,0.17,0.2832
model-cv-5,20,1.0,0.0,0.17,0.2726
model-cv-5,21,1.0,0.0003,0.17,0.2768
model-cv-5,22,1.0,0.0001,0.17,0.2716
model-cv-5,23,1.0,0.0003,0.17,0.286
model-cv-5,24,1.0,0.0001,0.17,0.2768
model-cv-5,25,1.0,0.0005,0.17,0.2772
model-cv-5,26,1.0,0.0006,0.17,0.2845
model-cv-5,27,1.0,0.0001,0.17,0.2791
model-cv-5,28,1.0,0.0001,0.17,0.283
model-cv-5,29,1.0,0.0004,0.17,0.2852
model-cv-5,30,1.0,0.0004,0.17,0.2775
model-cv-5,31,1.0,0.0001,0.17,0.2831
model-cv-5,32,1.0,0.0001,0.17,0.2814
model-cv-5,33,1.0,0.0001,0.17,0.2713
model-cv-5,34,1.0,0.0005,0.17,0.2885
model-cv-5,35,1.0,0.0002,0.17,0.2838
model-cv-5,36,1.0,0.0003,0.17,0.2761
model-cv-5,37,1.0,0.0003,0.17,0.2806
model-cv-5,38,1.0,0.0003,0.17,0.2854
model-cv-5,39,1.0,0.0001,0.17,0.2773
model-cv-5,40,1.0,0.0001,0.17,0.2712
model-cv-5,41,1.0,0.0002,0.17,0.284
model-cv-5,42,1.0,0.0003,0.17,0.2747
model-cv-5,43,1.0,0.0002,0.17,0.2833
model-cv-5,44,1.0,0.0002,0.17,0.2722
model-cv-5,45,1.0,0.0002,0.17,0.2694
model-cv-5,46,1.0,0.0001,0.17,0.2842
model-cv-5,47,1.0,0.0002,0.17,0.2847
model-cv-5,48,1.0,0.0002,0.17,0.2853
model-cv-5,49,1.0,0.0,0.17,0.2753
model-cv-5,50,1.0,0.0003,0.17,0.2698
model-cv-5,51,1.0,0.0002,0.17,0.2825
model-cv-5,52,1.0,0.0004,0.17,0.2747
model-cv-5,53,1.0,0.0001,0.17,0.2819
model-cv-5,54,1.0,0.0003,0.17,0.273
model-cv-5,55,1.0,0.0002,0.17,0.2766
model-cv-5,56,1.0,0.0001,0.17,0.2822
model-cv-5,57,1.0,0.0001,0.17,0.2784
model-cv-5,58,1.0,0.0002,0.17,0.2813
model-cv-5,59,1.0,0.0002,0.17,0.2836
model-cv-5,60,1.0,0.0002,0.17,0.2821
model-cv-5,61,1.0,0.0001,0.17,0.2837
model-cv-5,62,1.0,0.0008,0.17,0.2849
model-cv-5,63,1.0,0.0002,0.17,0.2846
model-cv-5,64,1.0,0.0003,0.17,0.278
model-cv-5,65,1.0,0.0001,0.17,0.2826
model-cv-5,66,1.0,0.0002,0.17,0.2852
model-cv-5,67,1.0,0.0001,0.17,0.2821
model-cv-5,68,1.0,0.0002,0.17,0.283
model-cv-5,69,1.0,0.0003,0.17,0.2729
model-cv-5,70,1.0,0.0003,0.17,0.2704
model-cv-5,71,1.0,0.0001,0.17,0.283
model-cv-5,72,1.0,0.0001,0.17,0.2717
model-cv-5,73,1.0,0.0001,0.17,0.2838
model-cv-5,74,1.0,0.0001,0.17,0.2788
model-cv-5,75,1.0,0.0002,0.17,0.2706
model-cv-5,76,1.0,0.0001,0.17,0.2828
model-cv-5,77,1.0,0.0001,0.17,0.2828
model-cv-5,78,1.0,0.0002,0.17,0.2808
model-cv-5,79,1.0,0.0001,0.17,0.2786
model-cv-5,80,1.0,0.0002,0.17,0.2733
model-cv-5,81,1.0,0.0005,0.17,0.2849
model-cv-5,82,1.0,0.0003,0.17,0.2848
model-cv-5,83,1.0,0.0003,0.17,0.2837
model-cv-5,84,1.0,0.0003,0.17,0.2848
model-cv-5,85,1.0,0.0002,0.17,0.2779
model-cv-5,86,1.0,0.0002,0.17,0.2831
model-cv-5,87,1.0,0.0002,0.17,0.281
model-cv-5,88,1.0,0.0002,0.17,0.2803
model-cv-5,89,1.0,0.0002,0.17,0.2848
model-cv-5,90,1.0,0.0017,0.17,0.2814
model-cv-5,91,1.0,0.0003,0.17,0.2857
model-cv-5,92,1.0,0.0001,0.17,0.2719
model-cv-5,93,1.0,0.0002,0.17,0.2783
model-cv-5,94,1.0,0.0002,0.17,0.2751
model-cv-5,95,1.0,0.0001,0.17,0.2755
model-cv-5,96,1.0,0.0002,0.17,0.2764
model-cv-5,97,1.0,0.0002,0.17,0.2815
model-cv-5,98,1.0,0.0001,0.17,0.2819
model-cv-5,99,1.0,0.0002,0.17,0.2808
model-cv-5,100,1.0,0.0003,0.17,0.2791
model-cv-5,101,1.0,0.0003,0.17,0.2734
model-cv-5,102,1.0,0.0002,0.17,0.2844
model-cv-5,103,1.0,0.0002,0.17,0.2819
model-cv-5,104,1.0,0.0002,0.17,0.2718
model-cv-5,105,1.0,0.0002,0.17,0.285
model-cv-5,106,1.0,0.0002,0.17,0.2839
model-cv-5,107,1.0,0.0001,0.17,0.2815
model-cv-5,108,1.0,0.0003,0.17,0.2691
model-cv-5,109,1.0,0.0002,0.17,0.2849
model-cv-5,110,1.0,0.0002,0.17,0.2807
model-cv-5,111,1.0,0.0006,0.17,0.2855
model-cv-5,112,1.0,0.0002,0.17,0.2798
model-cv-5,113,1.0,0.0003,0.17,0.2833
model-cv-5,114,1.0,0.0001,0.17,0.2847
model-cv-5,115,1.0,0.0001,0.17,0.2846
model-cv-5,116,1.0,0.0002,0.17,0.2821
model-cv-5,117,1.0,0.0007,0.17,0.2844
model-cv-5,118,1.0,0.0006,0.17,0.2707
model-cv-5,119,1.0,0.0005,0.17,0.2841
model-cv-5,120,1.0,0.0001,0.17,0.2841
model-cv-5,121,1.0,0.0001,0.17,0.2834
model-cv-5,122,1.0,0.0001,0.17,0.2793
model-cv-5,123,1.0,0.0001,0.17,0.2779
model-cv-5,124,1.0,0.0002,0.17,0.2821
model-cv-5,125,1.0,0.0002,0.17,0.2839
model-cv-5,126,1.0,0.0001,0.17,0.2855
model-cv-5,127,1.0,0.0001,0.17,0.275
model-cv-5,128,1.0,0.0003,0.17,0.2727
model-cv-5,129,1.0,0.0002,0.17,0.2768
model-cv-5,130,1.0,0.0003,0.17,0.2852
model-cv-5,131,1.0,0.0001,0.17,0.278
model-cv-5,132,1.0,0.0004,0.17,0.2742
model-cv-5,133,1.0,0.0001,0.17,0.2841
model-cv-5,134,1.0,0.0002,0.17,0.2836
model-cv-5,135,1.0,0.0002,0.17,0.2877
model-cv-5,136,1.0,0.0001,0.17,0.285
model-cv-5,137,1.0,0.0004,0.17,0.2844
model-cv-5,138,1.0,0.0002,0.17,0.2843
model-cv-5,139,1.0,0.0002,0.17,0.2713
model-cv-5,140,1.0,0.0001,0.17,0.281
model-cv-5,141,1.0,0.0001,0.17,0.283
model-cv-5,142,1.0,0.0002,0.17,0.2793
model-cv-5,143,1.0,0.0001,0.17,0.2764
model-cv-5,144,1.0,0.0002,0.17,0.2839
model-cv-5,145,1.0,0.0003,0.17,0.2852
model-cv-5,146,1.0,0.0001,0.17,0.2832
model-cv-5,147,1.0,0.0003,0.17,0.273
model-cv-5,148,1.0,0.0002,0.17,0.2766
model-cv-5,149,1.0,0.0003,0.17,0.2715
model-cv-5,150,1.0,0.0002,0.17,0.2838
model-cv-5,151,1.0,0.0001,0.17,0.2748
model-cv-5,152,1.0,0.0001,0.17,0.2823
model-cv-5,153,1.0,0.0001,0.17,0.2789
model-cv-5,154,1.0,0.0002,0.17,0.2718
model-cv-5,155,1.0,0.0002,0.17,0.2846
model-cv-5,156,1.0,0.0002,0.17,0.285
model-cv-5,157,1.0,0.0,0.17,0.2791
model-cv-5,158,1.0,0.0007,0.17,0.2789
model-cv-5,159,1.0,0.0001,0.17,0.2766
model-cv-5,160,1.0,0.0001,0.17,0.2852
model-cv-5,161,1.0,0.0003,0.17,0.2859
model-cv-5,162,1.0,0.0003,0.17,0.2792
model-cv-5,163,1.0,0.0002,0.17,0.2783
model-cv-5,164,1.0,0.0001,0.17,0.2711
model-cv-5,165,1.0,0.0002,0.17,0.2827
model-cv-5,166,1.0,0.0003,0.17,0.2749
model-cv-5,167,1.0,0.0002,0.17,0.285
model-cv-5,168,1.0,0.0004,0.17,0.2785
model-cv-5,169,1.0,0.0,0.17,0.2741
model-cv-5,170,1.0,0.0001,0.17,0.2822
model-cv-5,171,1.0,0.0001,0.17,0.2843
model-cv-5,172,1.0,0.0002,0.17,0.288
model-cv-5,173,1.0,0.0001,0.17,0.2721
model-cv-5,174,1.0,0.0002,0.17,0.2848
model-cv-5,175,1.0,0.0003,0.17,0.2864
model-cv-5,176,1.0,0.0003,0.17,0.2757
model-cv-5,177,1.0,0.0001,0.17,0.2825
model-cv-5,178,1.0,0.0003,0.17,0.2832
model-cv-5,179,1.0,0.0002,0.17,0.2797
model-cv-5,180,1.0,0.0003,0.17,0.2702
model-cv-5,181,1.0,0.0002,0.17,0.2733
model-cv-5,182,1.0,0.0002,0.17,0.2825
model-cv-5,183,1.0,0.0008,0.17,0.283
model-cv-5,184,1.0,0.0002,0.17,0.2783
model-cv-5,185,1.0,0.0001,0.17,0.2733
model-cv-5,186,1.0,0.0005,0.17,0.2792
model-cv-5,187,1.0,0.0002,0.17,0.2844
model-cv-5,188,1.0,0.0002,0.17,0.2734
model-cv-5,189,1.0,0.0002,0.17,0.2823
model-cv-5,190,1.0,0.0002,0.17,0.2741
model-cv-5,191,1.0,0.0004,0.17,0.2813
model-cv-5,192,1.0,0.0001,0.17,0.2825
model-cv-5,193,1.0,0.0002,0.17,0.2794
model-cv-5,194,1.0,0.0002,0.17,0.2827
model-cv-5,195,1.0,0.0003,0.17,0.2705
model-cv-5,196,1.0,0.0004,0.17,0.2857
model-cv-5,197,1.0,0.0001,0.17,0.2848
model-cv-5,198,1.0,0.0,0.17,0.2825
model-cv-5,199,1.0,0.0001,0.17,0.2829
model-cv-6,0,1.0,0.0001,0.17,0.2833
model-cv-6,1,1.0,0.0002,0.17,0.2827
model-cv-6,2,1.0,0.0003,0.17,0.2817
model-cv-6,3,1.0,0.0001,0.17,0.2802
model-cv-6,4,1.0,0.0002,0.17,0.271
model-cv-6,5,1.0,0.0001,0.17,0.2815
model-cv-6,6,1.0,0.0001,0.17,0.2825
model-cv-6,7,1.0,0.0002,0.17,0.2789
model-cv-6,8,1.0,0.0002,0.17,0.2693
model-cv-6,9,1.0,0.0001,0.17,0.2749
model-cv-6,10,1.0,0.0002,0.17,0.2839
model-cv-6,11,1.0,0.0002,0.17,0.2848
model-cv-6,12,1.0,0.0002,0.17,0.2725
model-cv-6,13,1.0,0.0001,0.17,0.2773
model-cv-6,14,1.0,0.0003,0.17,0.2859
model-cv-6,15,1.0,0.0002,0.17,0.2783
model-cv-6,16,1.0,0.0003,0.17,0.2798
model-cv-6,17,1.0,0.0003,0.17,0.2849
model-cv-6,18,1.0,0.0001,0.17,0.2847
model-cv-6,19,1.0,0.0003,0.17,0.2841
model-cv-6,20,1.0,0.0001,0.17,0.2825
model-cv-6,21,1.0,0.0004,0.17,0.2716
model-cv-6,22,1.0,0.0002,0.17,0.2858
model-cv-6,23,1.0,0.0002,0.17,0.2815
model-cv-6,24,1.0,0.0002,0.17,0.2841
model-cv-6,25,1.0,0.0002,0.17,0.2783
model-cv-6,26,1.0,0.0001,0.17,0.2828
model-cv-6,27,1.0,0.0003,0.17,0.2714
model-cv-6,28,1.0,0.0006,0.17,0.2721
model-cv-6,29,1.0,0.0003,0.17,0.2742
model-cv-6,30,1.0,0.0003,0.17,0.2731
model-cv-6,31,1.0,0.0002,0.17,0.2841
model-cv-6,32,1.0,0.0002,0.17,0.2757
model-cv-6,33,1.0,0.0002,0.17,0.2692
model-cv-6,34,1.0,0.0002,0.17,0.2858
model-cv-6,35,1.0,0.0002,0.17,0.2746
model-cv-6,36,1.0,0.0003,0.17,0.2701
model-cv-6,37,1.0,0.0001,0.17,0.2838
model-cv-6,38,1.0,0.0002,0.17,0.2821
model-cv-6,39,1.0,0.0002,0.17,0.2737
model-cv-6,40,1.0,0.0009,0.17,0.2744
model-cv-6,41,1.0,0.0001,0.17,0.2799
model-cv-6,42,1.0,0.0003,0.17,0.2729
model-cv-6,43,1.0,0.0002,0.17,0.2838
model-cv-6,44,1.0,0.0001,0.17,0.2734
model-cv-6,45,1.0,0.0001,0.17,0.2786
model-cv-6,46,1.0,0.0002,0.17,0.283
model-cv-6,47,1.0,0.0007,0.17,0.2797
model-cv-6,48,1.0,0.0002,0.17,0.2851
model-cv-6,49,1.0,0.0002,0.17,0.2722
model-cv-6,50,1.0,0.0001,0.17,0.2833
model-cv-6,51,1.0,0.0002,0.17,0.2787
model-cv-6,52,1.0,0.0002,0.17,0.278
model-cv-6,53,1.0,0.0003,0.17,0.287
model-cv-6,54,1.0,0.0002,0.17,0.2716
model-cv-6,55,1.0,0.0004,0.17,0.2752
model-cv-6,56,1.0,0.0001,0.17,0.2759
model-cv-6,57,1.0,0.0001,0.17,0.2843
model-cv-6,58,1.0,0.0002,0.17,0.2813
model-cv-6,59,1.0,0.0001,0.17,0.2813
model-cv-6,60,1.0,0.0003,0.17,0.2742
model-cv-6,61,1.0,0.0003,0.17,0.2732
model-cv-6,62,1.0,0.0005,0.17,0.2857
model-cv-6,63,1.0,0.0001,0.17,0.2822
model-cv-6,64,1.0,0.0004,0.17,0.2856
model-cv-6,65,1.0,0.0003,0.17,0.2805
model-cv-6,66,1.0,0.0002,0.17,0.2837
model-cv-6,67,1.0,0.0004,0.17,0.27
model-cv-6,68,1.0,0.0003,0.17,0.2835
model-cv-6,69,1.0,0.0001,0.17,0.2818
model-cv-6,70,1.0,0.0001,0.17,0.2823
model-cv-6,71,1.0,0.0003,0.17,0.2722
model-cv-6,72,1.0,0.0001,0.17,0.2843
model-cv-6,73,1.0,0.0002,0.17,0.2715
model-cv-6,74,1.0,0.0001,0.17,0.2791
model-cv-6,75,1.0,0.0001,0.17,0.2791
model-cv-6,76,1.0,0.0003,0.17,0.2856
model-cv-6,77,1.0,0.0003,0.17,0.2754
model-cv-6,78,1.0,0.0001,0.17,0.2773
model-cv-6,79,1.0,0.0004,0.17,0.2714
model-cv-6,80,1.0,0.0002,0.17,0.2782
model-cv-6,81,1.0,0.0002,0.17,0.2709
model-cv-6,82,1.0,0.0004,0.17,0.2735
model-cv-6,83,1.0,0.0002,0.17,0.2821
model-cv-6,84,1.0,0.0001,0.17,0.2838
model-cv-6,85,1.0,0.0003,0.17,0.2839
model-cv-6,86,1.0,0.0002,0.17,0.2799
model-cv-6,87,1.0,0.0,0.17,0.2815
model-cv-6,88,1.0,0.0003,0.17,0.2757
model-cv-6,89,1.0,0.0002,0.17,0.2847
model-cv-6,90,1.0,0.0002,0.17,0.2864
model-cv-6,91,1.0,0.0001,0.17,0.2761
model-cv-6,92,1.0,0.0002,0.17,0.2784
model-cv-6,93,1.0,0.0001,0.17,0.2746
model-cv-6,94,1.0,0.0002,0.17,0.2779
model-cv-6,95,1.0,0.0002,0.17,0.2851
model-cv-6,96,1.0,0.0003,0.17,0.2739
model-cv-6,97,1.0,0.0003,0.17,0.2711
model-cv-6,98,1.0,0.0003,0.17,0.2715
model-cv-6,99,1.0,0.0002,0.17,0.2853
model-cv-6,100,1.0,0.0002,0.17,0.2812
model-cv-6,101,1.0,0.0003,0.17,0.275
model-cv-6,102,1.0,0.0001,0.17,0.2785
model-cv-6,103,1.0,0.0006,0.17,0.2729
model-cv-6,104,1.0,0.0003,0.17,0.2785
model-cv-6,105,1.0,0.0,0.17,0.2787
model-cv-6,106,1.0,0.0001,0.17,0.2723
model-cv-6,107,1.0,0.0002,0.17,0.2842
model-cv-6,108,1.0,0.0002,0.17,0.2724
model-cv-6,109,1.0,0.0003,0.17,0.2858
model-cv-6,110,1.0,0.0002,0.17,0.2794
model-cv-6,111,1.0,0.0002,0.17,0.2832
model-cv-6,112,1.0,0.0002,0.17,0.2821
model-cv-6,113,1.0,0.0002,0.17,0.2724
model-cv-6,114,1.0,0.0001,0.17,0.2829
model-cv-6,115,1.0,0.0001,0.17,0.2778
model-cv-6,116,1.0,0.0003,0.17,0.2716
model-cv-6,117,1.0,0.0002,0.17,0.2842
model-cv-6,118,1.0,0.0004,0.17,0.2842
model-cv-6,119,1.0,0.0001,0.17,0.2842
model-cv-6,120,1.0,0.0003,0.17,0.2731
model-cv-6,121,1.0,0.0002,0.17,0.2819
model-cv-6,122,1.0,0.0003,0.17,0.2732
model-cv-6,123,1.0,0.0002,0.17,0.2756
model-cv-6,124,1.0,0.0002,0.17,0.2861
model-cv-6,125,1.0,0.0002,0.17,0.2835
model-cv-6,126,1.0,0.0005,0.17,0.2771
model-cv-6,127,1.0,0.0002,0.17,0.2843
model-cv-6,128,1.0,0.0002,0.17,0.2749
model-cv-6,129,1.0,0.0003,0.17,0.2863
model-cv-6,130,1.0,0.0002,0.17,0.2805
model-cv-6,131,1.0,0.0002,0.17,0.2862
model-cv-6,132,1.0,0.0003,0.17,0.28
model-cv-6,133,1.0,0.0003,0.17,0.2708
model-cv-6,134,1.0,0.0002,0.17,0.2735
model-cv-6,135,1.0,0.0002,0.17,0.2725
model-cv-6,136,1.0,0.0002,0.17,0.278
model-cv-6,137,1.0,0.0001,0.17,0.2809
model-cv-6,138,1.0,0.0002,0.17,0.2768
model-cv-6,139,1.0,0.0002,0.17,0.284
model-cv-6,140,1.0,0.0001,0.17,0.2765
model-cv-6,141,1.0,0.0002,0.17,0.2763
model-cv-6,142,1.0,0.0001,0.17,0.2775
model-cv-6,143,1.0,0.0003,0.17,0.2886
model-cv-6,144,1.0,0.0003,0.17,0.2775
model-cv-6,145,1.0,0.0003,0.17,0.2852
model-cv-6,146,1.0,0.0001,0.17,0.2742
model-cv-6,147,1.0,0.0004,0.17,0.2724
model-cv-6,148,1.0,0.0002,0.17,0.283
model-cv-6,149,1.0,0.0003,0.17,0.27
model-cv-6,150,1.0,0.0002,0.17,0.2689
model-cv-6,151,1.0,0.0005,0.17,0.286
model-cv-6,152,1.0,0.0002,0.17,0.2845
model-cv-6,153,1.0,0.0002,0.17,0.2803
model-cv-6,154,1.0,0.0003,0.17,0.2871
model-cv-6,155,1.0,0.0001,0.17,0.2801
model-cv-6,156,1.0,0.0003,0.17,0.2864
model-cv-6,157,1.0,0.0002,0.17,0.2869
model-cv-6,158,1.0,0.0002,0.17,0.2824
model-cv-6,159,1.0,0.0005,0.17,0.27
model-cv-6,160,1.0,0.0001,0.17,0.2823
model-cv-6,161,1.0,0.0003,0.17,0.284
model-cv-6,162,1.0,0.0001,0.17,0.2833
model-cv-6,163,1.0,0.0002,0.17,0.2823
model-cv-6,164,1.0,0.0001,0.17,0.2747
model-cv-6,165,1.0,0.0004,0.17,0.2863
model-cv-6,166,1.0,0.0,0.17,0.2754
model-cv-6,167,1.0,0.0002,0.17,0.2829
model-cv-6,168,1.0,0.0003,0.17,0.2769
model-cv-6,169,1.0,0.0003,0.17,0.2835
model-cv-6,170,1.0,0.0003,0.17,0.2766
model-cv-6,171,1.0,0.0002,0.17,0.2792
model-cv-6,172,1.0,0.0002,0.17,0.2712
model-cv-6,173,1.0,0.0001,0.17,0.2824
model-cv-6,174,1.0,0.0001,0.17,0.2788
model-cv-6,175,1.0,0.0006,0.17,0.2716
model-cv-6,176,1.0,0.0002,0.17,0.2848
model-cv-6,177,1.0,0.0001,0.17,0.2776
model-cv-6,178,1.0,0.0002,0.17,0.2848
model-cv-6,179,1.0,0.0003,0.17,0.2721
model-cv-6,180,1.0,0.0002,0.17,0.2846
model-cv-6,181,1.0,0.0003,0.17,0.2792
model-cv-6,182,1.0,0.0002,0.17,0.2802
model-cv-6,183,1.0,0.0002,0.17,0.2806
model-cv-6,184,1.0,0.0002,0.17,0.2796
model-cv-6,185,1.0,0.0002,0.17,0.2768
model-cv-6,186,1.0,0.0003,0.17,0.2847
model-cv-6,187,1.0,0.0003,0.17,0.2799
model-cv-6,188,1.0,0.0001,0.17,0.2822
model-cv-6,189,1.0,0.0002,0.17,0.287
model-cv-6,190,1.0,0.0001,0.17,0.2801
model-cv-6,191,1.0,0.0001,0.17,0.2835
model-cv-6,192,1.0,0.0002,0.17,0.2869
model-cv-6,193,1.0,0.0001,0.17,0.2835
model-cv-6,194,1.0,0.0003,0.17,0.2731
model-cv-6,195,1.0,0.0002,0.17,0.2808
model-cv-6,196,1.0,0.0002,0.17,0.2837
model-cv-6,197,1.0,0.0003,0.17,0.2832
model-cv-6,198,1.0,0.0003,0.17,0.2864
model-cv-6,199,1.0,0.0004,0.17,0.2725
model-cv-7,0,1.0,0.0001,0.16,0.2778
model-cv-7,1,1.0,0.0002,0.16,0.2727
model-cv-7,2,1.0,0.0,0.16,0.2801
model-cv-7,3,1.0,0.0003,0.16,0.2855
model-cv-7,4,1.0,0.0002,0.16,0.2853
model-cv-7,5,1.0,0.0003,0.16,0.288
model-cv-7,6,1.0,0.0002,0.16,0.2778
model-cv-7,7,1.0,0.0002,0.16,0.2772
model-cv-7,8,1.0,0.0001,0.16,0.2848
model-cv-7,9,1.0,0.0006,0.16,0.2721
model-cv-7,10,1.0,0.0002,0.16,0.284
model-cv-7,11,1.0,0.0002,0.16,0.2742
model-cv-7,12,1.0,0.0001,0.16,0.2849
model-cv-7,13,1.0,0.0005,0.16,0.2745
model-cv-7,14,1.0,0.0001,0.16,0.2805
model-cv-7,15,1.0,0.0002,0.16,0.274
model-cv-7,16,1.0,0.0005,0.16,0.2719
model-cv-7,17,1.0,0.0002,0.16,0.2846
model-cv-7,18,1.0,0.0004,0.16,0.2883
model-cv-7,19,1.0,0.0003,0.16,0.2769
model-cv-7,20,1.0,0.0002,0.16,0.2723
model-cv-7,21,1.0,0.0002,0.16,0.2835
model-cv-7,22,1.0,0.0001,0.16,0.2841
model-cv-7,23,1.0,0.0006,0.16,0.2849
model-cv-7,24,1.0,0.0002,0.16,0.2843
model-cv-7,25,1.0,0.0001,0.16,0.277
model-cv-7,26,1.0,0.0004,0.16,0.2719
model-cv-7,27,1.0,0.0001,0.16,0.2796
model-cv-7,28,1.0,0.0003,0.16,0.2737
model-cv-7,29,1.0,0.0002,0.16,0.2792
model-cv-7,30,1.0,0.0003,0.16,0.2741
model-cv-7,31,1.0,0.0004,0.16,0.2738
model-cv-7,32,1.0,0.0004,0.16,0.2833
model-cv-7,33,1.0,0.0002,0.16,0.2823
model-cv-7,34,1.0,0.0003,0.16,0.2804
model-cv-7,35,1.0,0.0002,0.16,0.2814
model-cv-7,36,1.0,0.0002,0.16,0.2845
model-cv-7,37,1.0,0.0001,0.16,0.2814
model-cv-7,38,1.0,0.0005,0.16,0.2732
model-cv-7,39,1.0,0.0003,0.16,0.2765
model-cv-7,40,1.0,0.0001,0.16,0.2834
model-cv-7,41,1.0,0.0001,0.16,0.2798
model-cv-7,42,1.0,0.0001,0.16,0.2793
model-cv-7,43,1.0,0.0002,0.16,0.2858
model-cv-7,44,1.0,0.0002,0.16,0.2759
model-cv-7,45,1.0,0.0002,0.16,0.2862
model-cv-7,46,1.0,0.0002,0.16,0.2832
model-cv-7,47,1.0,0.0002,0.16,0.285
model-cv-7,48,1.0,0.0002,0.16,0.2736
model-cv-7,49,1.0,0.0003,0.16,0.2885
model-cv-7,50,1.0,0.0001,0.16,0.2721
model-cv-7,51,1.0,0.0002,0.16,0.2836
model-cv-7,52,1.0,0.0001,0.16,0.2807
model-cv-7,53,1.0,0.0001,0.16,0.2826
model-cv-7,54,1.0,0.0002,0.16,0.2717
model-cv-7,55,1.0,0.0001,0.16,0.2824
model-cv-7,56,1.0,0.0001,0.16,0.2832
model-cv-7,57,1.0,0.0002,0.16,0.2806
model-cv-7,58,1.0,0.0002,0.16,0.2733
model-cv-7,59,1.0,0.0002,0.16,0.2859
model-cv-7,60,1.0,0.0002,0.16,0.2752
model-cv-7,61,1.0,0.0001,0.16,0.2774
model-cv-7,62,1.0,0.0001,0.16,0.2833
model-cv-7,63,1.0,0.0002,0.16,0.2818
model-cv-7,64,1.0,0.0001,0.16,0.2846
model-cv-7,65,1.0,0.0002,0.16,0.2726
model-cv-7,66,1.0,0.0001,0.16,0.2831
model-cv-7,67,1.0,0.0003,0.16,0.2774
model-cv-7,68,1.0,0.0003,0.16,0.2714
model-cv-7,69,1.0,0.0002,0.16,0.2853
model-cv-7,70,1.0,0.0002,0.16,0.2783
model-cv-7,71,1.0,0.0003,0.16,0.2776
model-cv-7,72,1.0,0.0002,0.16,0.2847
model-cv-7,73,1.0,0.0002,0.16,0.2852
model-cv-7,74,1.0,0.0003,0.16,0.2837
model-cv-7,75,1.0,0.0001,0.16,0.2734
model-cv-7,76,1.0,0.0001,0.16,0.2799
model-cv-7,77,1.0,0.0004,0.16,0.2885
model-cv-7,78,1.0,0.0001,0.16,0.2846
model-cv-7,79,1.0,0.0002,0.16,0.2852
model-cv-7,80,1.0,0.0003,0.16,0.2854
model-cv-7,81,1.0,0.0002,0.16,0.2862
model-cv-7,82,1.0,0.0004,0.16,0.2714
model-cv-7,83,1.0,0.0003,0.16,0.2866
model-cv-7,84,1.0,0.0002,0.16,0.2809
model-cv-7,85,1.0,0.0002,0.16,0.2791
model-cv-7,86,1.0,0.0002,0.16,0.2847
model-cv-7,87,1.0,0.0004,0.16,0.2839
model-cv-7,88,1.0,0.0001,0.16,0.2854
model-cv-7,89,1.0,0.0005,0.16,0.2833
model-cv-7,90,1.0,0.0002,0.16,0.2851
model-cv-7,91,1.0,0.0002,0.16,0.286
model-cv-7,92,1.0,0.0002,0.16,0.2833
model-cv-7,93,1.0,0.0002,0.16,0.277
model-cv-7,94,1.0,0.0,0.16,0.2823
model-cv-7,95,1.0,0.0001,0.16,0.2746
model-cv-7,96,1.0,0.0001,0.16,0.2748
model-cv-7,97,1.0,0.0002,0.16,0.2836
model-cv-7,98,1.0,0.0002,0.16,0.2861
model-cv-7,99,1.0,0.0002,0.16,0.284
model-cv-7,100,1.0,0.0002,0.16,0.2862
model-cv-7,101,1.0,0.0002,0.16,0.2822
model-cv-7,102,1.0,0.0003,0.16,0.2806
model-cv-7,103,1.0,0.0001,0.16,0.2841
model-cv-7,104,1.0,0.0001,0.16,0.2784
model-cv-7,105,1.0,0.0003,0.16,0.2894
model-cv-7,106,1.0,0.0002,0.16,0.272
model-cv-7,107,1.0,0.0002,0.16,0.2831
model-cv-7,108,1.0,0.0003,0.16,0.285
model-cv-7,109,1.0,0.0001,0.16,0.2761
model-cv-7,110,1.0,0.0002,0.16,0.2774
model-cv-7,111,1.0,0.0004,0.16,0.2717
model-cv-7,112,1.0,0.0002,0.16,0.2851
model-cv-7,113,1.0,0.0002,0.16,0.2708
model-cv-7,114,1.0,0.0,0.16,0.2789
model-cv-7,115,1.0,0.0002,0.16,0.2845
model-cv-7,116,1.0,0.0001,0.16,0.2789
model-cv-7,117,1.0,0.0002,0.16,0.2844
model-cv-7,118,1.0,0.0004,0.16,0.2794
model-cv-7,119,1.0,0.0002,0.16,0.2813
model-cv-7,120,1.0,0.0002,0.16,0.2871
model-cv-7,121,1.0,0.0005,0.16,0.2713
model-cv-7,122,1.0,0.0003,0.16,0.2751
model-cv-7,123,1.0,0.0002,0.16,0.2864
model-cv-7,124,1.0,0.0003,0.16,0.2796
model-cv-7,125,1.0,0.0002,0.16,0.2857
model-cv-7,126,1.0,0.0003,0.16,0.2862
model-cv-7,127,1.0,0.0001,0.16,0.2803
model-cv-7,128,1.0,0.0003,0.16,0.2843
model-cv-7,129,1.0,0.0002,0.16,0.2787
model-cv-7,130,1.0,0.0002,0.16,0.2841
model-cv-7,131,1.0,0.0002,0.16,0.2736
model-cv-7,132,1.0,0.0002,0.16,0.2858
model-cv-7,133,1.0,0.0003,0.16,0.2865
model-cv-7,134,1.0,0.0002,0.16,0.2803
model-cv-7,135,1.0,0.0002,0.16,0.2738
model-cv-7,136,1.0,0.0003,0.16,0.2728
model-cv-7,137,1.0,0.0001,0.16,0.2716
model-cv-7,138,1.0,0.0002,0.16,0.2849
model-cv-7,139,1.0,0.0003,0.16,0.2798
model-cv-7,140,1.0,0.0003,0.16,0.286
model-cv-7,141,1.0,0.0001,0.16,0.2761
model-cv-7,142,1.0,0.0002,0.16,0.2848
model-cv-7,143,1.0,0.0003,0.16,0.2729
model-cv-7,144,1.0,0.0003,0.16,0.2872
model-cv-7,145,1.0,0.0003,0.16,0.2884
model-cv-7,146,1.0,0.0004,0.16,0.2879
model-cv-7,147,1.0,0.0002,0.16,0.2849
model-cv-7,148,1.0,0.0001,0.16,0.2816
model-cv-7,149,1.0,0.0001,0.16,0.278
model-cv-7,150,1.0,0.0004,0.16,0.2727
model-cv-7,151,1.0,0.0002,0.16,0.2741
model-cv-7,152,1.0,0.0002,0.16,0.2854
model-cv-7,153,1.0,0.0002,0.16,0.2861
model-cv-7,154,1.0,0.0001,0.16,0.2759
model-cv-7,155,1.0,0.0001,0.16,0.2855
model-cv-7,156,1.0,0.0002,0.16,0.2795
model-cv-7,157,1.0,0.0002,0.16,0.2862
model-cv-7,158,1.0,0.0003,0.16,0.2842
model-cv-7,159,1.0,0.0002,0.16,0.2868
model-cv-7,160,1.0,0.0001,0.16,0.2842
model-cv-7,161,1.0,0.0002,0.16,0.2736
model-cv-7,162,1.0,0.0002,0.16,0.2767
model-cv-7,163,1.0,0.0003,0.16,0.2851
model-cv-7,164,1.0,0.0001,0.16,0.2835
model-cv-7,165,1.0,0.0002,0.16,0.28
model-cv-7,166,1.0,0.0002,0.16,0.2861
model-cv-7,167,1.0,0.0001,0.16,0.2785
model-cv-7,168,1.0,0.0004,0.16,0.2804
model-cv-7,169,1.0,0.0003,0.16,0.2866
model-cv-7,170,1.0,0.0006,0.16,0.2855
model-cv-7,171,1.0,0.0004,0.16,0.2791
model-cv-7,172,1.0,0.0003,0.16,0.2875
model-cv-7,173,1.0,0.0001,0.16,0.2842
model-cv-7,174,1.0,0.0001,0.16,0.278
model-cv-7,175,1.0,0.0001,0.16,0.2812
model-cv-7,176,1.0,0.0002,0.16,0.2866
model-cv-7,177,1.0,0.0001,0.16,0.2747
model-cv-7,178,1.0,0.0006,0.16,0.283
model-cv-7,179,1.0,0.0001,0.16,0.2829
model-cv-7,180,1.0,0.0001,0.16,0.2761
model-cv-7,181,1.0,0.0002,0.16,0.2766
model-cv-7,182,1.0,0.0001,0.16,0.2835
model-cv-7,183,1.0,0.0004,0.16,0.2826
model-cv-7,184,1.0,0.0002,0.16,0.287
model-cv-7,185,1.0,0.0001,0.16,0.285
model-cv-7,186,1.0,0.0003,0.16,0.2731
model-cv-7,187,1.0,0.0001,0.16,0.2792
model-cv-7,188,1.0,0.0001,0.16,0.2782
model-cv-7,189,1.0,0.0002,0.16,0.2852
model-cv-7,190,1.0,0.0004,0.16,0.2772
model-cv-7,191,1.0,0.0001,0.16,0.2786
model-cv-7,192,1.0,0.0003,0.16,0.2719
model-cv-7,193,1.0,0.0004,0.16,0.2791
model-cv-7,194,1.0,0.0001,0.16,0.2823
model-cv-7,195,1.0,0.0003,0.16,0.2886
model-cv-7,196,1.0,0.0001,0.16,0.274
model-cv-7,197,1.0,0.0001,0.16,0.2746
model-cv-7,198,1.0,0.0003,0.16,0.2706
model-cv-7,199,1.0,0.0001,0.16,0.2824
model-cv-8,0,1.0,0.0004,0.17,0.2725
model-cv-8,1,1.0,0.0001,0.17,0.2832
model-cv-8,2,1.0,0.0002,0.17,0.2727
model-cv-8,3,1.0,0.0001,0.17,0.2799
model-cv-8,4,1.0,0.0001,0.17,0.2736
model-cv-8,5,1.0,0.0005,0.17,0.2888
model-cv-8,6,1.0,0.0005,0.17,0.275
model-cv-8,7,1.0,0.0002,0.17,0.2825
model-cv-8,8,1.0,0.0004,0.17,0.2731
model-cv-8,9,1.0,0.0002,0.17,0.2712
model-cv-8,10,1.0,0.0002,0.17,0.2722
model-cv-8,11,1.0,0.0002,0.17,0.2701
model-cv-8,12,1.0,0.0001,0.17,0.2827
model-cv-8,13,1.0,0.0001,0.17,0.2765
model-cv-8,14,1.0,0.0003,0.17,0.2714
model-cv-8,15,1.0,0.0001,0.17,0.2794
model-cv-8,16,1.0,0.0001,0.17,0.2779
model-cv-8,17,1.0,0.0002,0.17,0.2832
model-cv-8,18,1.0,0.0006,0.17,0.2745
model-cv-8,19,1.0,0.0003,0.17,0.2736
model-cv-8,20,1.0,0.0005,0.17,0.2863
model-cv-8,21,1.0,0.0001,0.17,0.2779
model-cv-8,22,1.0,0.0002,0.17,0.275
model-cv-8,23,1.0,0.0002,0.17,0.2835
model-cv-8,24,1.0,0.0002,0.17,0.2845
model-cv-8,25,1.0,0.0006,0.17,0.2871
model-cv-8,26,1.0,0.0003,0.17,0.2848
model-cv-8,27,1.0,0.0002,0.17,0.2836
model-cv-8,28,1.0,0.0002,0.17,0.2765
model-cv-8,29,1.0,0.0003,0.17,0.286
model-cv-8,30,1.0,0.0002,0.17,0.2833
model-cv-8,31,1.0,0.0002,0.17,0.2716
model-cv-8,32,1.0,0.0003,0.17,0.2817
model-cv-8,33,1.0,0.0001,0.17,0.284
model-cv-8,34,1.0,0.0002,0.17,0.2727
model-cv-8,35,1.0,0.0002,0.17,0.285
model-cv-8,36,1.0,0.0003,0.17,0.2788
model-cv-8,37,1.0,0.0001,0.17,0.2823
model-cv-8,38,1.0,0.0001,0.17,0.2825
model-cv-8,39,1.0,0.0002,0.17,0.2852
model-cv-8,40,1.0,0.0003,0.17,0.286
model-cv-8,41,1.0,0.0002,0.17,0.2725
model-cv-8,42,1.0,0.0002,0.17,0.2689
model-cv-8,43,1.0,0.0002,0.17,0.2754
model-cv-8,44,1.0,0.0001,0.17,0.2749
model-cv-8,45,1.0,0.0001,0.17,0.2731
model-cv-8,46,1.0,0.0003,0.17,0.2738
model-cv-8,47,1.0,0.0001,0.17,0.2825
model-cv-8,48,1.0,0.0004,0.17,0.2747
model-cv-8,49,1.0,0.0002,0.17,0.283
model-cv-8,50,1.0,0.0002,0.17,0.2761
model-cv-8,51,1.0,0.0001,0.17,0.2796
model-cv-8,52,1.0,0.0001,0.17,0.2786
model-cv-8,53,1.0,0.0003,0.17,0.2767
model-cv-8,54,1.0,0.0003,0.17,0.286
model-cv-8,55,1.0,0.0002,0.17,0.2834
model-cv-8,56,1.0,0.0003,0.17,0.2716
model-cv-8,57,1.0,0.0001,0.17,0.2764
model-cv-8,58,1.0,0.0004,0.17,0.2733
model-cv-8,59,1.0,0.0002,0.17,0.2842
model-cv-8,60,1.0,0.0005,0.17,0.2712
model-cv-8,61,1.0,0.0003,0.17,0.272
model-cv-8,62,1.0,0.0003,0.17,0.2854
model-cv-8,63,1.0,0.0003,0.17,0.2725
model-cv-8,64,1.0,0.0002,0.17,0.2732
model-cv-8,65,1.0,0.0003,0.17,0.2848
model-cv-8,66,1.0,0.0003,0.17,0.285
model-cv-8,67,1.0,0.0003,0.17,0.2858
model-cv-8,68,1.0,0.0002,0.17,0.2699
model-cv-8,69,1.0,0.0002,0.17,0.2703
model-cv-8,70,1.0,0.0002,0.17,0.2827
model-cv-8,71,1.0,0.0003,0.17,0.2849
model-cv-8,72,1.0,0.0005,0.17,0.2708
model-cv-8,73,1.0,0.0002,0.17,0.2844
model-cv-8,74,1.0,0.0002,0.17,0.2858
model-cv-8,75,1.0,0.0001,0.17,0.2825
model-cv-8,76,1.0,0.0001,0.17,0.2813
model-cv-8,77,1.0,0.0004,0.17,0.2719
model-cv-8,78,1.0,0.0003,0.17,0.286
model-cv-8,79,1.0,0.0001,0.17,0.2791
model-cv-8,80,1.0,0.0001,0.17,0.2829
model-cv-8,81,1.0,0.0004,0.17,0.2867
model-cv-8,82,1.0,0.0008,0.17,0.2884
model-cv-8,83,1.0,0.0002,0.17,0.2862
model-cv-8,84,1.0,0.0003,0.17,0.2854
model-cv-8,85,1.0,0.0002,0.17,0.2845
model-cv-8,86,1.0,0.0002,0.17,0.2689
model-cv-8,87,1.0,0.0003,0.17,0.2873
model-cv-8,88,1.0,0.0002,0.17,0.2735
model-cv-8,89,1.0,0.0003,0.17,0.2868
model-cv-8,90,1.0,0.0003,0.17,0.2859
model-cv-8,91,1.0,0.0003,0.17,0.2849
model-cv-8,92,1.0,0.0003,0.17,0.2755
model-cv-8,93,1.0,0.0003,0.17,0.2792
model-cv-8,94,1.0,0.0001,0.17,0.2832
model-cv-8,95,1.0,0.0002,0.17,0.2696
model-cv-8,96,1.0,0.0002,0.17,0.2722
model-cv-8,97,1.0,0.0002,0.17,0.2808
model-cv-8,98,1.0,0.0001,0.17,0.2834
model-cv-8,99,1.0,0.0002,0.17,0.279
model-cv-8,100,1.0,0.0002,0.17,0.2861
model-cv-8,101,1.0,0.0001,0.17,0.2712
model-cv-8,102,1.0,0.0001,0.17,0.2815
model-cv-8,103,1.0,0.0002,0.17,0.282
model-cv-8,104,1.0,0.0002,0.17,0.285
model-cv-8,105,1.0,0.0002,0.17,0.2697
model-cv-8,106,1.0,0.0002,0.17,0.2746
model-cv-8,107,1.0,0.0002,0.17,0.2846
model-cv-8,108,1.0,0.0002,0.17,0.284
model-cv-8,109,1.0,0.0003,0.17,0.2866
model-cv-8,110,1.0,0.0002,0.17,0.2768
model-cv-8,111,1.0,0.0005,0.17,0.2705
model-cv-8,112,1.0,0.0002,0.17,0.2753
model-cv-8,113,1.0,0.0003,0.17,0.2839
model-cv-8,114,1.0,0.0002,0.17,0.2826
model-cv-8,115,1.0,0.0002,0.17,0.2832
model-cv-8,116,1.0,0.0001,0.17,0.2743
model-cv-8,117,1.0,0.0002,0.17,0.2833
model-cv-8,118,1.0,0.0002,0.17,0.2821
model-cv-8,119,1.0,0.0002,0.17,0.2842
model-cv-8,120,1.0,0.0003,0.17,0.273
model-cv-8,121,1.0,0.0001,0.17,0.2803
model-cv-8,122,1.0,0.0002,0.17,0.2812
model-cv-8,123,1.0,0.0001,0.17,0.276
model-cv-8,124,1.0,0.0002,0.17,0.2757
model-cv-8,125,1.0,0.0001,0.17,0.2762
model-cv-8,126,1.0,0.0001,0.17,0.2834
model-cv-8,127,1.0,0.0005,0.17,0.2783
model-cv-8,128,1.0,0.0002,0.17,0.2845
model-cv-8,129,1.0,0.0004,0.17,0.2817
model-cv-8,130,1.0,0.0005,0.17,0.2792
model-cv-8,131,1.0,0.0001,0.17,0.277
model-cv-8,132,1.0,0.0002,0.17,0.2804
model-cv-8,133,1.0,0.0002,0.17,0.2814
model-cv-8,134,1.0,0.0001,0.17,0.2814
model-cv-8,135,1.0,0.0001,0.17,0.2736
model-cv-8,136,1.0,0.0001,0.17,0.2832
model-cv-8,137,1.0,0.0002,0.17,0.285
model-cv-8,138,1.0,0.0003,0.17,0.2799
model-cv-8,139,1.0,0.0,0.17,0.2786
model-cv-8,140,1.0,0.0002,0.17,0.2804
model-cv-8,141,1.0,0.0003,0.17,0.2858
model-cv-8,142,1.0,0.0003,0.17,0.2826
model-cv-8,143,1.0,0.0003,0.17,0.2859
model-cv-8,144,1.0,0.0003,0.17,0.2877
model-cv-8,145,1.0,0.0002,0.17,0.2853
model-cv-8,146,1.0,0.0003,0.17,0.2858
model-cv-8,147,1.0,0.0002,0.17,0.2787
model-cv-8,148,1.0,0.0001,0.17,0.2801
model-cv-8,149,1.0,0.0002,0.17,0.2694
model-cv-8,150,1.0,0.0003,0.17,0.2718
model-cv-8,151,1.0,0.0001,0.17,0.2752
model-cv-8,152,1.0,0.0004,0.17,0.2846
model-cv-8,153,1.0,0.0003,0.17,0.2766
model-cv-8,154,1.0,0.0004,0.17,0.2704
model-cv-8,155,1.0,0.0003,0.17,0.2695
model-cv-8,156,1.0,0.0002,0.17,0.2842
model-cv-8,157,1.0,0.0001,0.17,0.2844
model-cv-8,158,1.0,0.0005,0.17,0.2716
model-cv-8,159,1.0,0.0001,0.17,0.2783
model-cv-8,160,1.0,0.0001,0.17,0.2734
model-cv-8,161,1.0,0.0002,0.17,0.2803
model-cv-8,162,1.0,0.0001,0.17,0.2831
model-cv-8,163,1.0,0.0004,0.17,0.2772
model-cv-8,164,1.0,0.0001,0.17,0.2819
model-cv-8,165,1.0,0.0,0.17,0.2795
model-cv-8,166,1.0,0.0001,0.17,0.2819
model-cv-8,167,1.0,0.0003,0.17,0.2726
model-cv-8,168,1.0,0.0003,0.17,0.2863
model-cv-8,169,1.0,0.0002,0.17,0.2857
model-cv-8,170,1.0,0.0001,0.17,0.2839
model-cv-8,171,1.0,0.0004,0.17,0.2757
model-cv-8,172,1.0,0.0003,0.17,0.2713
model-cv-8,173,1.0,0.0001,0.17,0.2827
model-cv-8,174,1.0,0.0002,0.17,0.2757
model-cv-8,175,1.0,0.0002,0.17,0.2846
model-cv-8,176,1.0,0.0004,0.17,0.2692
model-cv-8,177,1.0,0.0002,0.17,0.2759
model-cv-8,178,1.0,0.0003,0.17,0.2845
model-cv-8,179,1.0,0.0002,0.17,0.2836
model-cv-8,180,1.0,0.0003,0.17,0.2824
model-cv-8,181,1.0,0.0002,0.17,0.2771
model-cv-8,182,1.0,0.0002,0.17,0.2831
model-cv-8,183,1.0,0.0004,0.17,0.2702
model-cv-8,184,1.0,0.0003,0.17,0.2729
model-cv-8,185,1.0,0.0005,0.17,0.277
model-cv-8,186,1.0,0.0002,0.17,0.2849
model-cv-8,187,1.0,0.0001,0.17,0.2839
model-cv-8,188,1.0,0.0004,0.17,0.2741
model-cv-8,189,1.0,0.0002,0.17,0.2847
model-cv-8,190,1.0,0.0003,0.17,0.2874
model-cv-8,191,1.0,0.0001,0.17,0.2803
model-cv-8,192,1.0,0.0004,0.17,0.2729
model-cv-8,193,1.0,0.0,0.17,0.2808
model-cv-8,194,1.0,0.0001,0.17,0.2806
model-cv-8,195,1.0,0.0003,0.17,0.2743
model-cv-8,196,1.0,0.0003,0.17,0.2839
model-cv-8,197,1.0,0.0001,0.17,0.2829
model-cv-8,198,1.0,0.0001,0.17,0.2808
model-cv-8,199,1.0,0.0002,0.17,0.2831
model-cv-9,0,1.0,0.0001,0.17,0.2754
model-cv-9,1,1.0,0.0001,0.17,0.2769
model-cv-9,2,1.0,0.0001,0.17,0.2762
model-cv-9,3,1.0,0.0001,0.17,0.279
model-cv-9,4,1.0,0.0003,0.17,0.2718
model-cv-9,5,1.0,0.0002,0.17,0.2732
model-cv-9,6,1.0,0.0003,0.17,0.2744
model-cv-9,7,1.0,0.0003,0.17,0.2859
model-cv-9,8,1.0,0.0004,0.17,0.2767
model-cv-9,9,1.0,0.0002,0.17,0.278
model-cv-9,10,1.0,0.0001,0.17,0.2846
model-cv-9,11,1.0,0.0002,0.17,0.2779
model-cv-9,12,1.0,0.0002,0.17,0.2849
model-cv-9,13,1.0,0.0002,0.17,0.2789
model-cv-9,14,1.0,0.0001,0.17,0.2771
model-cv-9,15,1.0,0.0002,0.17,0.2859
model-cv-9,16,1.0,0.0005,0.17,0.2767
model-cv-9,17,1.0,0.0003,0.17,0.2721
model-cv-9,18,1.0,0.0002,0.17,0.2861
model-cv-9,19,1.0,0.0002,0.17,0.284
model-cv-9,20,1.0,0.0002,0.17,0.281
model-cv-9,21,1.0,0.0003,0.17,0.2723
model-cv-9,22,1.0,0.0004,0.17,0.2717
model-cv-9,23,1.0,0.0002,0.17,0.273
model-cv-9,24,1.0,0.0001,0.17,0.2804
model-cv-9,25,1.0,0.0001,0.17,0.272
model-cv-9,26,1.0,0.0001,0.17,0.2846
model-cv-9,27,1.0,0.0002,0.17,0.2854
model-cv-9,28,1.0,0.0003,0.17,0.2704
model-cv-9,29,1.0,0.0001,0.17,0.2827
model-cv-9,30,1.0,0.0002,0.17,0.2811
model-cv-9,31,1.0,0.0001,0.17,0.2765
model-cv-9,32,1.0,0.0002,0.17,0.2852
model-cv-9,33,1.0,0.0003,0.17,0.2724
model-cv-9,34,1.0,0.0002,0.17,0.284
model-cv-9,35,1.0,0.0001,0.17,0.2815
model-cv-9,36,1.0,0.0002,0.17,0.2832
model-cv-9,37,1.0,0.0001,0.17,0.2749
model-cv-9,38,1.0,0.0001,0.17,0.283
model-cv-9,39,1.0,0.0003,0.17,0.2764
model-cv-9,40,1.0,0.0001,0.17,0.2849
model-cv-9,41,1.0,0.0005,0.17,0.2747
model-cv-9,42,1.0,0.0002,0.17,0.2759
model-cv-9,43,1.0,0.0002,0.17,0.2771
model-cv-9,44,1.0,0.0001,0.17,0.2837
model-cv-9,45,1.0,0.0001,0.17,0.2828
model-cv-9,46,1.0,0.0002,0.17,0.275
model-cv-9,47,1.0,0.0002,0.17,0.2879
model-cv-9,48,1.0,0.0001,0.17,0.2803
model-cv-9,49,1.0,0.0004,0.17,0.2766
model-cv-9,50,1.0,0.0002,0.17,0.2863
model-cv-9,51,1.0,0.0001,0.17,0.2811
model-cv-9,52,1.0,0.0002,0.17,0.2781
model-cv-9,53,1.0,0.0,0.17,0.2782
model-cv-9,54,1.0,0.0002,0.17,0.2751
model-cv-9,55,1.0,0.0005,0.17,0.274
model-cv-9,56,1.0,0.0002,0.17,0.2838
model-cv-9,57,1.0,0.0003,0.17,0.2861
model-cv-9,58,1.0,0.0001,0.17,0.2801
model-cv-9,59,1.0,0.0001,0.17,0.2849
model-cv-9,60,1.0,0.0004,0.17,0.281
model-cv-9,61,1.0,0.0001,0.17,0.2768
model-cv-9,62,1.0,0.0003,0.17,0.2742
model-cv-9,63,1.0,0.0002,0.17,0.2853
model-cv-9,64,1.0,0.0003,0.17,0.2852
model-cv-9,65,1.0,0.0002,0.17,0.2826
model-cv-9,66,1.0,0.0002,0.17,0.2857
model-cv-9,67,1.0,0.0002,0.17,0.2858
model-cv-9,68,1.0,0.0005,0.17,0.2802
model-cv-9,69,1.0,0.0004,0.17,0.2734
model-cv-9,70,1.0,0.0002,0.17,0.2867
model-cv-9,71,1.0,0.0001,0.17,0.2844
model-cv-9,72,1.0,0.0007,0.17,0.2775
model-cv-9,73,1.0,0.0002,0.17,0.2849
model-cv-9,74,1.0,0.0002,0.17,0.2872
model-cv-9,75,1.0,0.0002,0.17,0.285
model-cv-9,76,1.0,0.0004,0.17,0.2872
model-cv-9,77,1.0,0.0002,0.17,0.2853
model-cv-9,78,1.0,0.0002,0.17,0.2847
model-cv-9,79,1.0,0.0004,0.17,0.2857
model-cv-9,80,1.0,0.0005,0.17,0.278
model-cv-9,81,1.0,0.0003,0.17,0.2865
model-cv-9,82,1.0,0.0003,0.17,0.2878
model-cv-9,83,1.0,0.0003,0.17,0.2775
model-cv-9,84,1.0,0.0002,0.17,0.2782
model-cv-9,85,1.0,0.0001,0.17,0.2765
model-cv-9,86,1.0,0.0001,0.17,0.283
model-cv-9,87,1.0,0.0002,0.17,0.2831
model-cv-9,88,1.0,0.0002,0.17,0.2817
model-cv-9,89,1.0,0.0002,0.17,0.2866
model-cv-9,90,1.0,0.0002,0.17,0.281
model-cv-9,91,1.0,0.0,0.17,0.2777
model-cv-9,92,1.0,0.0002,0.17,0.2761
model-cv-9,93,1.0,0.0007,0.17,0.2857
model-cv-9,94,1.0,0.0002,0.17,0.2835
model-cv-9,95,1.0,0.0003,0.17,0.2802
model-cv-9,96,1.0,0.0004,0.17,0.2722
model-cv-9,97,1.0,0.0001,0.17,0.2807
model-cv-9,98,1.0,0.0002,0.17,0.2846
model-cv-9,99,1.0,0.0003,0.17,0.2704
model-cv-9,100,1.0,0.0001,0.17,0.2826
model-cv-9,101,1.0,0.0002,0.17,0.2735
model-cv-9,102,1.0,0.0002,0.17,0.2861
model-cv-9,103,1.0,0.0008,0.17,0.2886
model-cv-9,104,1.0,0.0002,0.17,0.2852
model-cv-9,105,1.0,0.0002,0.17,0.2862
model-cv-9,106,1.0,0.0002,0.17,0.2811
model-cv-9,107,1.0,0.0001,0.17,0.2827
model-cv-9,108,1.0,0.0003,0.17,0.2733
model-cv-9,109,1.0,0.0004,0.17,0.2808
model-cv-9,110,1.0,0.0002,0.17,0.2853
model-cv-9,111,1.0,0.0004,0.17,0.2765
model-cv-9,112,1.0,0.0003,0.17,0.2848
model-cv-9,113,1.0,0.0002,0.17,0.2813
model-cv-9,114,1.0,0.0001,0.17,0.2837
model-cv-9,115,1.0,0.0002,0.17,0.2871
model-cv-9,116,1.0,0.0002,0.17,0.2771
model-cv-9,117,1.0,0.0002,0.17,0.2837
model-cv-9,118,1.0,0.0004,0.17,0.2734
model-cv-9,119,1.0,0.0002,0.17,0.2854
model-cv-9,120,1.0,0.0004,0.17,0.2815
model-cv-9,121,1.0,0.0001,0.17,0.2749
model-cv-9,122,1.0,0.0004,0.17,0.2721
model-cv-9,123,1.0,0.0,0.17,0.2797
model-cv-9,124,1.0,0.0001,0.17,0.2825
model-cv-9,125,1.0,0.0001,0.17,0.277
model-cv-9,126,1.0,0.0002,0.17,0.2855
model-cv-9,127,1.0,0.0003,0.17,0.2721
model-cv-9,128,1.0,0.0001,0.17,0.2779
model-cv-9,129,1.0,0.0003,0.17,0.2736
model-cv-9,130,1.0,0.0002,0.17,0.2868
model-cv-9,131,1.0,0.0001,0.17,0.2846
model-cv-9,132,1.0,0.0003,0.17,0.277
model-cv-9,133,1.0,0.0002,0.17,0.2734
model-cv-9,134,1.0,0.0001,0.17,0.2796
model-cv-9,135,1.0,0.0002,0.17,0.271
model-cv-9,136,1.0,0.0003,0.17,0.2821
model-cv-9,137,1.0,0.0001,0.17,0.2796
model-cv-9,138,1.0,0.0001,0.17,0.2844
model-cv-9,139,1.0,0.0001,0.17,0.2826
model-cv-9,140,1.0,0.0004,0.17,0.2784
model-cv-9,141,1.0,0.0003,0.17,0.2831
model-cv-9,142,1.0,0.0001,0.17,0.2823
model-cv-9,143,1.0,0.0004,0.17,0.284
model-cv-9,144,1.0,0.0002,0.17,0.2806
model-cv-9,145,1.0,0.0004,0.17,0.2895
model-cv-9,146,1.0,0.0002,0.17,0.2771
model-cv-9,147,1.0,0.0002,0.17,0.2829
model-cv-9,148,1.0,0.0003,0.17,0.2716
model-cv-9,149,1.0,0.0002,0.17,0.2867
model-cv-9,150,1.0,0.0001,0.17,0.2764
model-cv-9,151,1.0,0.0002,0.17,0.2844
model-cv-9,152,1.0,0.0005,0.17,0.2805
model-cv-9,153,1.0,0.0002,0.17,0.2844
model-cv-9,154,1.0,0.0001,0.17,0.2815
model-cv-9,155,1.0,0.0003,0.17,0.2714
model-cv-9,156,1.0,0.0001,0.17,0.2837
model-cv-9,157,1.0,0.0002,0.17,0.2727
model-cv-9,158,1.0,0.0003,0.17,0.27
model-cv-9,159,1.0,0.0003,0.17,0.287
model-cv-9,160,1.0,0.0005,0.17,0.2864
model-cv-9,161,1.0,0.0002,0.17,0.2827
model-cv-9,162,1.0,0.0001,0.17,0.2825
model-cv-9,163,1.0,0.0001,0.17,0.2828
model-cv-9,164,1.0,0.0006,0.17,0.2868
model-cv-9,165,1.0,0.0002,0.17,0.2866
model-cv-9,166,1.0,0.0004,0.17,0.2699
model-cv-9,167,1.0,0.0005,0.17,0.2852
model-cv-9,168,1.0,0.0005,0.17,0.2811
model-cv-9,169,1.0,0.0004,0.17,0.2889
model-cv-9,170,1.0,0.0002,0.17,0.2834
model-cv-9,171,1.0,0.0002,0.17,0.285
model-cv-9,172,1.0,0.0002,0.17,0.2813
model-cv-9,173,1.0,0.0002,0.17,0.2866
model-cv-9,174,1.0,0.0001,0.17,0.2803
model-cv-9,175,1.0,0.0002,0.17,0.2711
model-cv-9,176,1.0,0.0005,0.17,0.2855
model-cv-9,177,1.0,0.0004,0.17,0.288
model-cv-9,178,1.0,0.0001,0.17,0.2832
model-cv-9,179,1.0,0.0002,0.17,0.2752
model-cv-9,180,1.0,0.0004,0.17,0.27
model-cv-9,181,1.0,0.0,0.17,0.2811
model-cv-9,182,1.0,0.0001,0.17,0.2776
model-cv-9,183,1.0,0.0002,0.17,0.2694
model-cv-9,184,1.0,0.0002,0.17,0.2845
model-cv-9,185,1.0,0.0003,0.17,0.2736
model-cv-9,186,1.0,0.0003,0.17,0.2855
model-cv-9,187,1.0,0.0001,0.17,0.2829
model-cv-9,188,1.0,0.0001,0.17,0.2839
model-cv-9,189,1.0,0.0004,0.17,0.2782
model-cv-9,190,1.0,0.0006,0.17,0.281
model-cv-9,191,1.0,0.0004,0.17,0.2754
model-cv-9,192,1.0,0.0005,0.17,0.2839
model-cv-9,193,1.0,0.0001,0.17,0.2832
model-cv-9,194,1.0,0.0001,0.17,0.2842
model-cv-9,195,1.0,0.0005,0.17,0.2855
model-cv-9,196,1.0,0.0002,0.17,0.2829
model-cv-9,197,1.0,0.0002,0.17,0.2848
model-cv-9,198,1.0,0.0001,0.17,0.2798
model-cv-9,199,1.0,0.0002,0.17,0.2812
