model-cv-0,0,0.15,0.0838,0.18,0.0838
model-cv-0,1,0.18,0.0802,0.25,0.0802
model-cv-0,2,0.3,0.0737,0.31,0.0752
model-cv-0,3,0.29,0.0742,0.33,0.0737
model-cv-0,4,0.27,0.074,0.34,0.073
model-cv-0,5,0.37,0.0714,0.35,0.0725
model-cv-0,6,0.33,0.0712,0.35,0.0716
model-cv-0,7,0.37,0.0696,0.36,0.0712
model-cv-0,8,0.33,0.0686,0.37,0.0706
model-cv-0,9,0.35,0.0725,0.37,0.0705
model-cv-0,10,0.36,0.0681,0.37,0.0704
model-cv-0,11,0.33,0.0704,0.37,0.0705
model-cv-0,12,0.38,0.0688,0.37,0.0702
model-cv-0,13,0.36,0.0696,0.38,0.0697
model-cv-0,14,0.33,0.0691,0.38,0.0695
model-cv-0,15,0.39,0.068,0.38,0.0697
model-cv-0,16,0.4,0.0696,0.38,0.0692
model-cv-0,17,0.38,0.068,0.38,0.0694
model-cv-0,18,0.34,0.0696,0.39,0.0688
model-cv-0,19,0.33,0.0701,0.39,0.0688
model-cv-0,20,0.38,0.0706,0.39,0.0692
model-cv-0,21,0.38,0.0686,0.4,0.0679
model-cv-0,22,0.37,0.0681,0.39,0.0686
model-cv-0,23,0.4,0.0653,0.41,0.0675
model-cv-0,24,0.42,0.0673,0.41,0.0674
model-cv-0,25,0.4,0.067,0.41,0.0673
model-cv-0,26,0.37,0.0674,0.41,0.0675
model-cv-0,27,0.47,0.064,0.41,0.0674
model-cv-0,28,0.33,0.0689,0.43,0.0665
model-cv-0,29,0.39,0.0684,0.42,0.0667
model-cv-0,30,0.42,0.0679,0.42,0.0668
model-cv-0,31,0.42,0.0638,0.42,0.0669
model-cv-0,32,0.36,0.0683,0.43,0.066
model-cv-0,33,0.4,0.0671,0.44,0.0662
model-cv-0,34,0.38,0.0667,0.42,0.0668
model-cv-0,35,0.48,0.0647,0.43,0.0666
model-cv-0,36,0.47,0.0641,0.43,0.0664
model-cv-0,37,0.42,0.0672,0.43,0.0661
model-cv-0,38,0.5,0.0625,0.43,0.0662
model-cv-0,39,0.41,0.0661,0.44,0.0659
model-cv-0,40,0.45,0.0662,0.43,0.0662
model-cv-0,41,0.46,0.0643,0.44,0.0656
model-cv-0,42,0.4,0.0675,0.44,0.0659
model-cv-0,43,0.49,0.0647,0.43,0.0661
model-cv-0,44,0.39,0.0665,0.44,0.0657
model-cv-0,45,0.47,0.0637,0.44,0.0656
model-cv-0,46,0.4,0.0641,0.43,0.0655
model-cv-0,47,0.39,0.0661,0.44,0.0658
model-cv-0,48,0.45,0.0641,0.43,0.0656
model-cv-0,49,0.42,0.0664,0.44,0.0653
model-cv-0,50,0.42,0.0669,0.43,0.0654
model-cv-0,51,0.41,0.0673,0.44,0.0653
model-cv-0,52,0.42,0.0612,0.44,0.0657
model-cv-0,53,0.38,0.0646,0.44,0.0653
model-cv-0,54,0.45,0.0651,0.44,0.0649
model-cv-0,55,0.36,0.0677,0.45,0.0652
model-cv-0,56,0.4,0.0651,0.44,0.0649
model-cv-0,57,0.42,0.0645,0.45,0.0649
model-cv-0,58,0.38,0.0663,0.45,0.0646
model-cv-0,59,0.44,0.0645,0.44,0.0649
model-cv-0,60,0.42,0.0649,0.44,0.0655
model-cv-0,61,0.44,0.0659,0.45,0.065
model-cv-0,62,0.42,0.0618,0.45,0.0648
model-cv-0,63,0.44,0.0644,0.45,0.0647
model-cv-0,64,0.41,0.0668,0.45,0.0652
model-cv-0,65,0.38,0.0671,0.45,0.0648
model-cv-0,66,0.45,0.0649,0.45,0.0648
model-cv-0,67,0.47,0.0637,0.44,0.0647
model-cv-0,68,0.36,0.0643,0.45,0.0645
model-cv-0,69,0.42,0.0662,0.45,0.0647
model-cv-0,70,0.39,0.0667,0.45,0.0649
model-cv-0,71,0.41,0.0627,0.44,0.0647
model-cv-0,72,0.35,0.0667,0.45,0.0644
model-cv-0,73,0.4,0.0663,0.45,0.0645
model-cv-0,74,0.46,0.0621,0.46,0.0644
model-cv-0,75,0.47,0.063,0.45,0.0646
model-cv-0,76,0.42,0.0658,0.45,0.0647
model-cv-0,77,0.44,0.0635,0.45,0.0643
model-cv-0,78,0.4,0.0661,0.46,0.0642
model-cv-0,79,0.42,0.0653,0.45,0.0646
model-cv-0,80,0.47,0.0631,0.45,0.0647
model-cv-0,81,0.39,0.0661,0.45,0.0645
model-cv-0,82,0.38,0.0664,0.46,0.0641
model-cv-0,83,0.41,0.0687,0.46,0.0642
model-cv-0,84,0.41,0.0655,0.45,0.0647
model-cv-0,85,0.42,0.0641,0.45,0.0641
model-cv-0,86,0.47,0.063,0.45,0.064
model-cv-0,87,0.42,0.0636,0.46,0.0642
model-cv-0,88,0.38,0.0683,0.45,0.0647
model-cv-0,89,0.4,0.0636,0.46,0.0638
model-cv-0,90,0.44,0.0663,0.46,0.0644
model-cv-0,91,0.37,0.0687,0.45,0.0641
model-cv-0,92,0.42,0.0639,0.45,0.0646
model-cv-0,93,0.43,0.065,0.45,0.0639
model-cv-0,94,0.39,0.0674,0.45,0.0645
model-cv-0,95,0.44,0.0631,0.44,0.0648
model-cv-0,96,0.44,0.0645,0.46,0.0639
model-cv-0,97,0.41,0.0641,0.46,0.0638
model-cv-0,98,0.41,0.0661,0.46,0.0644
model-cv-0,99,0.42,0.0649,0.46,0.064
model-cv-0,100,0.42,0.0666,0.45,0.0646
model-cv-0,101,0.42,0.0653,0.46,0.0641
model-cv-0,102,0.41,0.0646,0.44,0.0649
model-cv-0,103,0.38,0.0641,0.45,0.0646
model-cv-0,104,0.39,0.0665,0.46,0.064
model-cv-0,105,0.46,0.0634,0.45,0.0646
model-cv-0,106,0.46,0.0637,0.46,0.0642
model-cv-0,107,0.4,0.0634,0.46,0.0643
model-cv-0,108,0.47,0.0643,0.45,0.0641
model-cv-0,109,0.42,0.066,0.45,0.0646
model-cv-0,110,0.43,0.0667,0.45,0.0643
model-cv-0,111,0.42,0.0634,0.46,0.0643
model-cv-0,112,0.35,0.0682,0.45,0.0645
model-cv-0,113,0.41,0.0653,0.46,0.0642
model-cv-0,114,0.42,0.0653,0.46,0.0642
model-cv-0,115,0.41,0.0661,0.46,0.0643
model-cv-0,116,0.4,0.0656,0.46,0.0641
model-cv-0,117,0.42,0.0653,0.45,0.0646
model-cv-0,118,0.42,0.0638,0.46,0.0638
model-cv-0,119,0.44,0.0634,0.46,0.0641
model-cv-0,120,0.44,0.0637,0.45,0.0647
model-cv-0,121,0.38,0.0676,0.45,0.0644
model-cv-0,122,0.4,0.0657,0.46,0.0639
model-cv-0,123,0.42,0.0634,0.46,0.064
model-cv-0,124,0.45,0.0642,0.46,0.064
model-cv-0,125,0.44,0.0649,0.46,0.0642
model-cv-0,126,0.44,0.0655,0.46,0.0636
model-cv-0,127,0.43,0.0632,0.46,0.0638
model-cv-0,128,0.37,0.0663,0.45,0.064
model-cv-0,129,0.38,0.0666,0.45,0.0647
model-cv-0,130,0.44,0.0602,0.45,0.0643
model-cv-0,131,0.41,0.0672,0.46,0.0635
model-cv-0,132,0.42,0.0653,0.45,0.0643
model-cv-0,133,0.38,0.0661,0.45,0.0646
model-cv-0,134,0.47,0.0612,0.46,0.0638
model-cv-0,135,0.4,0.0655,0.47,0.0635
model-cv-0,136,0.44,0.0635,0.45,0.064
model-cv-0,137,0.44,0.0622,0.46,0.0637
model-cv-0,138,0.4,0.0639,0.46,0.0636
model-cv-0,139,0.41,0.0654,0.46,0.0639
model-cv-0,140,0.38,0.0676,0.46,0.0638
model-cv-0,141,0.41,0.0646,0.45,0.0642
model-cv-0,142,0.45,0.0624,0.45,0.064
model-cv-0,143,0.44,0.0662,0.45,0.0646
model-cv-0,144,0.43,0.0639,0.46,0.0639
model-cv-0,145,0.44,0.0628,0.46,0.0638
model-cv-0,146,0.45,0.0656,0.46,0.064
model-cv-0,147,0.44,0.0636,0.46,0.0637
model-cv-0,148,0.41,0.0652,0.45,0.0641
model-cv-0,149,0.41,0.0683,0.46,0.0643
model-cv-0,150,0.42,0.0644,0.46,0.0638
model-cv-0,151,0.47,0.061,0.46,0.064
model-cv-0,152,0.36,0.0691,0.46,0.0639
model-cv-0,153,0.43,0.0642,0.46,0.0639
model-cv-0,154,0.43,0.064,0.45,0.0641
model-cv-0,155,0.45,0.0635,0.45,0.0639
model-cv-0,156,0.41,0.066,0.46,0.0639
model-cv-0,157,0.42,0.063,0.46,0.064
model-cv-0,158,0.41,0.0663,0.46,0.0637
model-cv-0,159,0.45,0.0635,0.46,0.0641
model-cv-0,160,0.46,0.0647,0.45,0.0642
model-cv-0,161,0.48,0.0621,0.44,0.0645
model-cv-0,162,0.44,0.0634,0.46,0.0635
model-cv-0,163,0.4,0.0623,0.46,0.0637
model-cv-0,164,0.43,0.0618,0.46,0.0635
model-cv-0,165,0.44,0.0643,0.45,0.0639
model-cv-0,166,0.46,0.0628,0.45,0.0639
model-cv-0,167,0.37,0.0659,0.46,0.0636
model-cv-0,168,0.4,0.0656,0.46,0.0633
model-cv-0,169,0.38,0.0659,0.45,0.0643
model-cv-0,170,0.41,0.0636,0.47,0.0635
model-cv-0,171,0.43,0.0626,0.47,0.0635
model-cv-0,172,0.42,0.0641,0.46,0.0637
model-cv-0,173,0.42,0.0645,0.46,0.0636
model-cv-0,174,0.45,0.0636,0.46,0.0637
model-cv-0,175,0.46,0.0637,0.45,0.0642
model-cv-0,176,0.43,0.064,0.47,0.0636
model-cv-0,177,0.45,0.064,0.46,0.0637
model-cv-0,178,0.44,0.0632,0.46,0.0633
model-cv-0,179,0.48,0.0618,0.46,0.0638
model-cv-0,180,0.42,0.0608,0.45,0.0648
model-cv-0,181,0.47,0.064,0.46,0.0636
model-cv-0,182,0.47,0.0635,0.46,0.0639
model-cv-0,183,0.45,0.0627,0.46,0.0637
model-cv-0,184,0.42,0.0658,0.46,0.0636
model-cv-0,185,0.47,0.0627,0.46,0.0635
model-cv-0,186,0.38,0.0642,0.46,0.0635
model-cv-0,187,0.43,0.0638,0.46,0.0633
model-cv-0,188,0.42,0.0632,0.45,0.0639
model-cv-0,189,0.43,0.0642,0.46,0.0636
model-cv-0,190,0.45,0.066,0.47,0.0638
model-cv-0,191,0.4,0.0672,0.46,0.0643
model-cv-0,192,0.44,0.0623,0.46,0.0639
model-cv-0,193,0.45,0.061,0.46,0.0633
model-cv-0,194,0.39,0.0687,0.46,0.0639
model-cv-0,195,0.43,0.0642,0.46,0.0639
model-cv-0,196,0.45,0.0627,0.46,0.0639
model-cv-0,197,0.37,0.0678,0.46,0.0638
model-cv-0,198,0.38,0.0656,0.45,0.064
model-cv-0,199,0.37,0.0648,0.45,0.0642
model-cv-1,0,0.16,0.0842,0.17,0.0835
model-cv-1,1,0.28,0.0778,0.32,0.0745
model-cv-1,2,0.25,0.0756,0.35,0.0721
model-cv-1,3,0.38,0.0748,0.38,0.0699
model-cv-1,4,0.38,0.072,0.39,0.069
model-cv-1,5,0.37,0.069,0.4,0.0686
model-cv-1,6,0.42,0.0659,0.41,0.0672
model-cv-1,7,0.43,0.0702,0.42,0.0668
model-cv-1,8,0.43,0.0656,0.42,0.0667
model-cv-1,9,0.35,0.0681,0.43,0.0663
model-cv-1,10,0.35,0.0688,0.43,0.0663
model-cv-1,11,0.37,0.0691,0.43,0.0659
model-cv-1,12,0.43,0.0648,0.43,0.066
model-cv-1,13,0.45,0.0673,0.43,0.0657
model-cv-1,14,0.43,0.0681,0.44,0.0655
model-cv-1,15,0.43,0.0671,0.43,0.0655
model-cv-1,16,0.41,0.0672,0.43,0.066
model-cv-1,17,0.35,0.0674,0.44,0.0654
model-cv-1,18,0.39,0.0675,0.44,0.0655
model-cv-1,19,0.46,0.0666,0.44,0.065
model-cv-1,20,0.44,0.0673,0.44,0.0654
model-cv-1,21,0.38,0.0668,0.44,0.0651
model-cv-1,22,0.48,0.0664,0.44,0.0651
model-cv-1,23,0.45,0.0672,0.44,0.0649
model-cv-1,24,0.38,0.0674,0.45,0.0652
model-cv-1,25,0.46,0.0662,0.44,0.0648
model-cv-1,26,0.41,0.0682,0.44,0.0647
model-cv-1,27,0.48,0.0653,0.44,0.0648
model-cv-1,28,0.38,0.066,0.44,0.0653
model-cv-1,29,0.45,0.0661,0.44,0.0648
model-cv-1,30,0.38,0.0659,0.44,0.0649
model-cv-1,31,0.41,0.0649,0.44,0.065
model-cv-1,32,0.42,0.0672,0.45,0.0646
model-cv-1,33,0.39,0.0688,0.45,0.0645
model-cv-1,34,0.4,0.0687,0.45,0.065
model-cv-1,35,0.44,0.0679,0.45,0.0645
model-cv-1,36,0.52,0.064,0.45,0.0644
model-cv-1,37,0.35,0.066,0.45,0.0644
model-cv-1,38,0.46,0.0682,0.45,0.0643
model-cv-1,39,0.41,0.0669,0.45,0.0646
model-cv-1,40,0.43,0.0661,0.44,0.0649
model-cv-1,41,0.37,0.067,0.45,0.0643
model-cv-1,42,0.42,0.0668,0.45,0.0646
model-cv-1,43,0.51,0.0635,0.45,0.0647
model-cv-1,44,0.44,0.066,0.45,0.0642
model-cv-1,45,0.48,0.0643,0.45,0.0646
model-cv-1,46,0.43,0.0646,0.45,0.0642
model-cv-1,47,0.4,0.0667,0.45,0.0644
model-cv-1,48,0.43,0.0659,0.45,0.0643
model-cv-1,49,0.45,0.0667,0.45,0.0643
model-cv-1,50,0.43,0.063,0.45,0.0644
model-cv-1,51,0.45,0.0635,0.46,0.0642
model-cv-1,52,0.48,0.0643,0.46,0.0639
model-cv-1,53,0.45,0.0666,0.45,0.0642
model-cv-1,54,0.48,0.0654,0.46,0.0638
model-cv-1,55,0.45,0.064,0.46,0.0642
model-cv-1,56,0.47,0.0648,0.45,0.064
model-cv-1,57,0.42,0.0672,0.45,0.0641
model-cv-1,58,0.38,0.0657,0.46,0.0643
model-cv-1,59,0.43,0.0634,0.45,0.0639
model-cv-1,60,0.39,0.0674,0.46,0.0639
model-cv-1,61,0.46,0.0656,0.46,0.0637
model-cv-1,62,0.4,0.0674,0.46,0.0639
model-cv-1,63,0.44,0.0656,0.46,0.0637
model-cv-1,64,0.48,0.0627,0.46,0.0635
model-cv-1,65,0.47,0.0663,0.46,0.0638
model-cv-1,66,0.42,0.0655,0.45,0.0638
model-cv-1,67,0.4,0.0654,0.46,0.0639
model-cv-1,68,0.38,0.0684,0.46,0.0637
model-cv-1,69,0.4,0.0652,0.46,0.0636
model-cv-1,70,0.44,0.0652,0.46,0.0633
model-cv-1,71,0.41,0.0648,0.46,0.0636
model-cv-1,72,0.44,0.0647,0.45,0.0636
model-cv-1,73,0.45,0.0659,0.46,0.064
model-cv-1,74,0.49,0.0645,0.46,0.0633
model-cv-1,75,0.45,0.0623,0.46,0.0633
model-cv-1,76,0.5,0.066,0.45,0.0642
model-cv-1,77,0.49,0.0626,0.46,0.064
model-cv-1,78,0.51,0.0606,0.46,0.0635
model-cv-1,79,0.42,0.0636,0.46,0.0634
model-cv-1,80,0.44,0.0636,0.46,0.0636
model-cv-1,81,0.45,0.065,0.46,0.0632
model-cv-1,82,0.43,0.0639,0.46,0.0635
model-cv-1,83,0.42,0.0643,0.46,0.0634
model-cv-1,84,0.42,0.0656,0.46,0.0637
model-cv-1,85,0.45,0.0676,0.46,0.0638
model-cv-1,86,0.51,0.0635,0.46,0.0636
model-cv-1,87,0.47,0.0649,0.46,0.0635
model-cv-1,88,0.48,0.0645,0.46,0.0632
model-cv-1,89,0.43,0.0679,0.46,0.0635
model-cv-1,90,0.42,0.067,0.46,0.0633
model-cv-1,91,0.38,0.0663,0.46,0.0633
model-cv-1,92,0.45,0.0635,0.46,0.0631
model-cv-1,93,0.52,0.0652,0.46,0.0637
model-cv-1,94,0.34,0.0672,0.46,0.0633
model-cv-1,95,0.52,0.0621,0.46,0.0633
model-cv-1,96,0.39,0.0632,0.46,0.0635
model-cv-1,97,0.39,0.0664,0.46,0.0635
model-cv-1,98,0.43,0.0669,0.46,0.0631
model-cv-1,99,0.47,0.0609,0.46,0.0633
model-cv-1,100,0.47,0.0633,0.47,0.0628
model-cv-1,101,0.42,0.0662,0.46,0.0634
model-cv-1,102,0.41,0.0676,0.47,0.0632
model-cv-1,103,0.38,0.069,0.46,0.0634
model-cv-1,104,0.52,0.0623,0.46,0.063
model-cv-1,105,0.48,0.0632,0.46,0.0637
model-cv-1,106,0.49,0.0642,0.47,0.063
model-cv-1,107,0.42,0.0646,0.47,0.063
model-cv-1,108,0.41,0.0666,0.46,0.0634
model-cv-1,109,0.49,0.0662,0.46,0.0632
model-cv-1,110,0.45,0.0646,0.46,0.0632
model-cv-1,111,0.36,0.0686,0.47,0.063
model-cv-1,112,0.45,0.0643,0.47,0.063
model-cv-1,113,0.44,0.0631,0.47,0.063
model-cv-1,114,0.38,0.0674,0.47,0.0632
model-cv-1,115,0.48,0.0626,0.46,0.0633
model-cv-1,116,0.42,0.0644,0.47,0.0636
model-cv-1,117,0.48,0.0659,0.46,0.0633
model-cv-1,118,0.49,0.0626,0.47,0.0631
model-cv-1,119,0.42,0.0667,0.47,0.0633
model-cv-1,120,0.45,0.0638,0.47,0.0627
model-cv-1,121,0.38,0.0635,0.47,0.063
model-cv-1,122,0.51,0.0627,0.46,0.0634
model-cv-1,123,0.41,0.0685,0.47,0.0632
model-cv-1,124,0.43,0.0638,0.46,0.0629
model-cv-1,125,0.42,0.0635,0.46,0.063
model-cv-1,126,0.38,0.0682,0.47,0.0634
model-cv-1,127,0.45,0.0637,0.46,0.063
model-cv-1,128,0.45,0.0661,0.47,0.0631
model-cv-1,129,0.45,0.0636,0.46,0.0632
model-cv-1,130,0.52,0.0641,0.47,0.063
model-cv-1,131,0.51,0.063,0.47,0.063
model-cv-1,132,0.44,0.0651,0.46,0.0629
model-cv-1,133,0.47,0.065,0.46,0.0633
model-cv-1,134,0.46,0.0644,0.47,0.063
model-cv-1,135,0.45,0.0658,0.47,0.0629
model-cv-1,136,0.47,0.0637,0.47,0.0634
model-cv-1,137,0.39,0.0659,0.47,0.0631
model-cv-1,138,0.47,0.0608,0.47,0.0632
model-cv-1,139,0.48,0.0614,0.47,0.0631
model-cv-1,140,0.44,0.0663,0.46,0.0631
model-cv-1,141,0.45,0.0641,0.47,0.0629
model-cv-1,142,0.48,0.0642,0.47,0.063
model-cv-1,143,0.51,0.0614,0.47,0.0627
model-cv-1,144,0.46,0.0642,0.46,0.0634
model-cv-1,145,0.46,0.0635,0.47,0.0632
model-cv-1,146,0.52,0.0637,0.47,0.0631
model-cv-1,147,0.39,0.0627,0.47,0.0632
model-cv-1,148,0.44,0.0643,0.47,0.0631
model-cv-1,149,0.43,0.0658,0.46,0.063
model-cv-1,150,0.43,0.062,0.47,0.0629
model-cv-1,151,0.53,0.0618,0.47,0.0627
model-cv-1,152,0.46,0.067,0.46,0.063
model-cv-1,153,0.46,0.0657,0.47,0.0631
model-cv-1,154,0.5,0.0639,0.46,0.0635
model-cv-1,155,0.46,0.064,0.47,0.063
model-cv-1,156,0.47,0.0665,0.47,0.0627
model-cv-1,157,0.52,0.0614,0.47,0.0628
model-cv-1,158,0.48,0.0673,0.47,0.0626
model-cv-1,159,0.45,0.0641,0.47,0.063
model-cv-1,160,0.47,0.0638,0.47,0.0629
model-cv-1,161,0.42,0.0657,0.47,0.063
model-cv-1,162,0.48,0.0633,0.47,0.0629
model-cv-1,163,0.52,0.0606,0.47,0.0631
model-cv-1,164,0.46,0.064,0.47,0.0628
model-cv-1,165,0.52,0.0597,0.47,0.0632
model-cv-1,166,0.5,0.0631,0.47,0.0629
model-cv-1,167,0.52,0.0632,0.47,0.0629
model-cv-1,168,0.44,0.0649,0.47,0.0626
model-cv-1,169,0.55,0.061,0.47,0.0625
model-cv-1,170,0.44,0.0649,0.47,0.0631
model-cv-1,171,0.47,0.0655,0.46,0.0629
model-cv-1,172,0.49,0.0618,0.47,0.0628
model-cv-1,173,0.5,0.0614,0.47,0.0625
model-cv-1,174,0.44,0.066,0.47,0.063
model-cv-1,175,0.4,0.0666,0.47,0.0629
model-cv-1,176,0.46,0.0639,0.47,0.0629
model-cv-1,177,0.49,0.064,0.47,0.0632
model-cv-1,178,0.48,0.0617,0.47,0.0631
model-cv-1,179,0.51,0.0603,0.47,0.0631
model-cv-1,180,0.48,0.0623,0.47,0.0628
model-cv-1,181,0.48,0.0652,0.47,0.0627
model-cv-1,182,0.52,0.0622,0.47,0.0625
model-cv-1,183,0.43,0.0671,0.47,0.0627
model-cv-1,184,0.53,0.0633,0.47,0.0627
model-cv-1,185,0.51,0.0635,0.47,0.0628
model-cv-1,186,0.46,0.0663,0.47,0.0628
model-cv-1,187,0.46,0.0648,0.47,0.063
model-cv-1,188,0.46,0.0644,0.47,0.0626
model-cv-1,189,0.45,0.0652,0.47,0.0628
model-cv-1,190,0.45,0.064,0.47,0.0627
model-cv-1,191,0.43,0.0657,0.47,0.063
model-cv-1,192,0.46,0.0647,0.47,0.0629
model-cv-1,193,0.46,0.0656,0.47,0.0628
model-cv-1,194,0.42,0.0641,0.47,0.0624
model-cv-1,195,0.47,0.0643,0.47,0.0627
model-cv-1,196,0.49,0.0634,0.47,0.0626
model-cv-1,197,0.42,0.0668,0.47,0.063
model-cv-1,198,0.47,0.0633,0.47,0.0627
model-cv-1,199,0.45,0.0657,0.47,0.0628
model-cv-2,0,0.24,0.0748,0.31,0.0754
model-cv-2,1,0.29,0.0717,0.32,0.0737
model-cv-2,2,0.32,0.0741,0.35,0.0714
model-cv-2,3,0.34,0.0727,0.37,0.0707
model-cv-2,4,0.41,0.0691,0.39,0.0694
model-cv-2,5,0.41,0.0684,0.4,0.0684
model-cv-2,6,0.39,0.0716,0.4,0.0687
model-cv-2,7,0.49,0.0662,0.41,0.0678
model-cv-2,8,0.32,0.0702,0.42,0.0671
model-cv-2,9,0.37,0.0646,0.42,0.0667
model-cv-2,10,0.39,0.0683,0.42,0.0671
model-cv-2,11,0.37,0.0697,0.42,0.0668
model-cv-2,12,0.37,0.0637,0.43,0.066
model-cv-2,13,0.41,0.0641,0.43,0.0662
model-cv-2,14,0.44,0.065,0.44,0.0654
model-cv-2,15,0.39,0.068,0.44,0.0656
model-cv-2,16,0.46,0.0641,0.44,0.0653
model-cv-2,17,0.44,0.0681,0.44,0.0655
model-cv-2,18,0.54,0.0621,0.43,0.0661
model-cv-2,19,0.27,0.0723,0.44,0.0659
model-cv-2,20,0.44,0.0699,0.44,0.0648
model-cv-2,21,0.32,0.0691,0.45,0.0651
model-cv-2,22,0.32,0.0712,0.44,0.0648
model-cv-2,23,0.49,0.0656,0.45,0.0648
model-cv-2,24,0.54,0.0655,0.45,0.065
model-cv-2,25,0.51,0.0645,0.45,0.0643
model-cv-2,26,0.54,0.0614,0.45,0.0643
model-cv-2,27,0.39,0.0632,0.45,0.0641
model-cv-2,28,0.39,0.0692,0.46,0.0643
model-cv-2,29,0.39,0.0645,0.46,0.0642
model-cv-2,30,0.41,0.0633,0.46,0.0642
model-cv-2,31,0.51,0.0627,0.45,0.0641
model-cv-2,32,0.41,0.0674,0.46,0.0638
model-cv-2,33,0.41,0.0684,0.46,0.0639
model-cv-2,34,0.44,0.0656,0.46,0.0637
model-cv-2,35,0.39,0.0675,0.46,0.0639
model-cv-2,36,0.39,0.0668,0.46,0.0637
model-cv-2,37,0.49,0.0625,0.46,0.0636
model-cv-2,38,0.37,0.0676,0.46,0.0637
model-cv-2,39,0.49,0.0649,0.46,0.0638
model-cv-2,40,0.29,0.0692,0.45,0.0639
model-cv-2,41,0.54,0.0557,0.46,0.0633
model-cv-2,42,0.44,0.0661,0.46,0.0639
model-cv-2,43,0.39,0.0669,0.46,0.0638
model-cv-2,44,0.39,0.064,0.46,0.0637
model-cv-2,45,0.34,0.0712,0.46,0.0637
model-cv-2,46,0.49,0.0636,0.47,0.0633
model-cv-2,47,0.54,0.0629,0.46,0.0638
model-cv-2,48,0.34,0.0671,0.46,0.0635
model-cv-2,49,0.56,0.0613,0.47,0.0635
model-cv-2,50,0.46,0.0637,0.46,0.0636
model-cv-2,51,0.41,0.0638,0.47,0.0626
model-cv-2,52,0.54,0.0602,0.47,0.0631
model-cv-2,53,0.59,0.0637,0.47,0.0632
model-cv-2,54,0.49,0.0586,0.46,0.0633
model-cv-2,55,0.46,0.0662,0.47,0.0634
model-cv-2,56,0.37,0.0649,0.47,0.0628
model-cv-2,57,0.56,0.0611,0.47,0.0633
model-cv-2,58,0.34,0.0679,0.46,0.0638
model-cv-2,59,0.54,0.0661,0.46,0.0634
model-cv-2,60,0.56,0.0616,0.46,0.0633
model-cv-2,61,0.56,0.0672,0.46,0.0636
model-cv-2,62,0.54,0.0678,0.47,0.0636
model-cv-2,63,0.44,0.0618,0.47,0.0628
model-cv-2,64,0.39,0.0681,0.47,0.0632
model-cv-2,65,0.49,0.0653,0.47,0.0631
model-cv-2,66,0.66,0.0597,0.47,0.0628
model-cv-2,67,0.51,0.061,0.47,0.0631
model-cv-2,68,0.34,0.0665,0.47,0.0628
model-cv-2,69,0.34,0.0655,0.46,0.0632
model-cv-2,70,0.51,0.0665,0.47,0.0628
model-cv-2,71,0.49,0.0622,0.46,0.0633
model-cv-2,72,0.49,0.0599,0.47,0.0631
model-cv-2,73,0.63,0.0595,0.47,0.0631
model-cv-2,74,0.29,0.0697,0.46,0.0632
model-cv-2,75,0.59,0.0594,0.47,0.0629
model-cv-2,76,0.37,0.0668,0.47,0.0631
model-cv-2,77,0.56,0.0573,0.46,0.0633
model-cv-2,78,0.46,0.0659,0.47,0.0629
model-cv-2,79,0.51,0.0577,0.47,0.063
model-cv-2,80,0.56,0.064,0.47,0.0628
model-cv-2,81,0.37,0.0697,0.47,0.0627
model-cv-2,82,0.37,0.067,0.47,0.0629
model-cv-2,83,0.59,0.0638,0.47,0.0625
model-cv-2,84,0.34,0.0698,0.46,0.063
model-cv-2,85,0.44,0.0662,0.47,0.0637
model-cv-2,86,0.44,0.0656,0.47,0.0628
model-cv-2,87,0.56,0.0585,0.47,0.063
model-cv-2,88,0.51,0.0618,0.47,0.0625
model-cv-2,89,0.49,0.0606,0.47,0.0629
model-cv-2,90,0.54,0.0631,0.47,0.0629
model-cv-2,91,0.49,0.0621,0.46,0.063
model-cv-2,92,0.41,0.0622,0.47,0.0629
model-cv-2,93,0.49,0.0652,0.47,0.0633
model-cv-2,94,0.49,0.0651,0.47,0.0628
model-cv-2,95,0.37,0.0664,0.46,0.0628
model-cv-2,96,0.54,0.0652,0.47,0.0632
model-cv-2,97,0.49,0.0628,0.47,0.0631
model-cv-2,98,0.54,0.0615,0.47,0.0627
model-cv-2,99,0.39,0.067,0.47,0.0626
model-cv-2,100,0.41,0.0683,0.47,0.0629
model-cv-2,101,0.39,0.0662,0.46,0.0634
model-cv-2,102,0.46,0.0613,0.47,0.0628
model-cv-2,103,0.56,0.0627,0.47,0.0626
model-cv-2,104,0.41,0.0651,0.47,0.0627
model-cv-2,105,0.46,0.0658,0.47,0.0624
model-cv-2,106,0.46,0.0606,0.47,0.0628
model-cv-2,107,0.46,0.0614,0.46,0.0632
model-cv-2,108,0.44,0.0658,0.47,0.0628
model-cv-2,109,0.56,0.0584,0.46,0.0633
model-cv-2,110,0.49,0.0646,0.47,0.0629
model-cv-2,111,0.59,0.0649,0.47,0.0626
model-cv-2,112,0.51,0.0615,0.47,0.0626
model-cv-2,113,0.54,0.0676,0.47,0.0626
model-cv-2,114,0.44,0.0675,0.47,0.0626
model-cv-2,115,0.51,0.063,0.47,0.063
model-cv-2,116,0.54,0.0594,0.47,0.063
model-cv-2,117,0.54,0.0608,0.47,0.0624
model-cv-2,118,0.46,0.0632,0.47,0.0628
model-cv-2,119,0.49,0.064,0.47,0.0633
model-cv-2,120,0.46,0.0621,0.47,0.0622
model-cv-2,121,0.51,0.0627,0.47,0.0625
model-cv-2,122,0.59,0.0609,0.47,0.0626
model-cv-2,123,0.49,0.0612,0.47,0.0627
model-cv-2,124,0.51,0.0594,0.48,0.0623
model-cv-2,125,0.66,0.0581,0.47,0.0624
model-cv-2,126,0.49,0.0622,0.47,0.0628
model-cv-2,127,0.29,0.0672,0.47,0.0627
model-cv-2,128,0.39,0.0672,0.47,0.063
model-cv-2,129,0.41,0.063,0.47,0.0627
model-cv-2,130,0.63,0.054,0.47,0.0625
model-cv-2,131,0.37,0.0672,0.47,0.0628
model-cv-2,132,0.61,0.0618,0.47,0.0625
model-cv-2,133,0.51,0.0592,0.47,0.0629
model-cv-2,134,0.56,0.0599,0.47,0.0627
model-cv-2,135,0.51,0.0653,0.47,0.0632
model-cv-2,136,0.37,0.0699,0.47,0.0625
model-cv-2,137,0.39,0.0731,0.47,0.0625
model-cv-2,138,0.51,0.0617,0.47,0.0626
model-cv-2,139,0.54,0.0623,0.47,0.0626
model-cv-2,140,0.54,0.0616,0.47,0.0622
model-cv-2,141,0.37,0.0665,0.48,0.0623
model-cv-2,142,0.51,0.0616,0.48,0.0621
model-cv-2,143,0.51,0.0622,0.48,0.0621
model-cv-2,144,0.37,0.0666,0.47,0.0623
model-cv-2,145,0.63,0.0596,0.47,0.0626
model-cv-2,146,0.44,0.0602,0.47,0.0624
model-cv-2,147,0.49,0.0635,0.47,0.0625
model-cv-2,148,0.41,0.0665,0.47,0.0626
model-cv-2,149,0.51,0.0644,0.47,0.0627
model-cv-2,150,0.49,0.0663,0.47,0.0627
model-cv-2,151,0.59,0.0621,0.47,0.0627
model-cv-2,152,0.54,0.0639,0.47,0.0626
model-cv-2,153,0.54,0.0597,0.48,0.0621
model-cv-2,154,0.39,0.0637,0.47,0.0624
model-cv-2,155,0.54,0.0578,0.47,0.0625
model-cv-2,156,0.51,0.0646,0.47,0.0627
model-cv-2,157,0.46,0.0651,0.47,0.0626
model-cv-2,158,0.59,0.0583,0.48,0.0624
model-cv-2,159,0.54,0.0575,0.47,0.0623
model-cv-2,160,0.44,0.0662,0.47,0.0623
model-cv-2,161,0.41,0.072,0.47,0.0625
model-cv-2,162,0.44,0.0627,0.47,0.0623
model-cv-2,163,0.41,0.0638,0.47,0.0625
model-cv-2,164,0.49,0.0602,0.47,0.0621
model-cv-2,165,0.59,0.0594,0.47,0.0626
model-cv-2,166,0.51,0.0643,0.47,0.0622
model-cv-2,167,0.44,0.0676,0.47,0.0626
model-cv-2,168,0.41,0.0685,0.47,0.0625
model-cv-2,169,0.39,0.0645,0.47,0.0627
model-cv-2,170,0.54,0.0601,0.47,0.0623
model-cv-2,171,0.34,0.0678,0.47,0.0625
model-cv-2,172,0.61,0.0627,0.47,0.0623
model-cv-2,173,0.51,0.0599,0.47,0.0625
model-cv-2,174,0.49,0.0602,0.46,0.063
model-cv-2,175,0.44,0.0725,0.47,0.0628
model-cv-2,176,0.59,0.0607,0.47,0.0625
model-cv-2,177,0.59,0.0609,0.47,0.0628
model-cv-2,178,0.46,0.0618,0.48,0.0623
model-cv-2,179,0.54,0.0628,0.47,0.0627
model-cv-2,180,0.51,0.0609,0.48,0.0623
model-cv-2,181,0.54,0.0612,0.48,0.062
model-cv-2,182,0.49,0.0637,0.47,0.0621
model-cv-2,183,0.46,0.0628,0.47,0.0627
model-cv-2,184,0.44,0.0668,0.48,0.0624
model-cv-2,185,0.49,0.0608,0.47,0.0623
model-cv-2,186,0.44,0.0683,0.47,0.063
model-cv-2,187,0.46,0.0661,0.47,0.0625
model-cv-2,188,0.49,0.0597,0.48,0.0621
model-cv-2,189,0.51,0.0591,0.47,0.0622
model-cv-2,190,0.49,0.0574,0.48,0.0626
model-cv-2,191,0.51,0.0638,0.47,0.0623
model-cv-2,192,0.41,0.0625,0.47,0.0628
model-cv-2,193,0.59,0.0587,0.47,0.0627
model-cv-2,194,0.49,0.0651,0.47,0.0624
model-cv-2,195,0.49,0.0637,0.47,0.0622
model-cv-2,196,0.44,0.0627,0.47,0.0624
model-cv-2,197,0.59,0.0614,0.48,0.0621
model-cv-2,198,0.51,0.0588,0.48,0.0624
model-cv-2,199,0.51,0.0598,0.48,0.0623
model-cv-3,0,0.31,0.0742,0.33,0.074
model-cv-3,1,0.39,0.0702,0.36,0.0718
model-cv-3,2,0.37,0.0698,0.38,0.0701
model-cv-3,3,0.43,0.0678,0.4,0.0684
model-cv-3,4,0.35,0.0693,0.41,0.0677
model-cv-3,5,0.36,0.0685,0.41,0.0674
model-cv-3,6,0.37,0.0676,0.42,0.0666
model-cv-3,7,0.45,0.0658,0.42,0.0665
model-cv-3,8,0.42,0.0659,0.43,0.066
model-cv-3,9,0.45,0.0651,0.44,0.0657
model-cv-3,10,0.43,0.0645,0.44,0.0654
model-cv-3,11,0.46,0.0671,0.44,0.0655
model-cv-3,12,0.4,0.0667,0.44,0.0652
model-cv-3,13,0.42,0.0661,0.45,0.0648
model-cv-3,14,0.41,0.0666,0.45,0.0646
model-cv-3,15,0.44,0.065,0.45,0.0644
model-cv-3,16,0.44,0.0637,0.45,0.0645
model-cv-3,17,0.36,0.0663,0.45,0.0644
model-cv-3,18,0.42,0.0651,0.46,0.0638
model-cv-3,19,0.47,0.0635,0.46,0.064
model-cv-3,20,0.46,0.0626,0.46,0.0639
model-cv-3,21,0.5,0.0632,0.46,0.0636
model-cv-3,22,0.44,0.0644,0.46,0.0633
model-cv-3,23,0.46,0.0653,0.46,0.0637
model-cv-3,24,0.47,0.0625,0.46,0.0639
model-cv-3,25,0.43,0.0656,0.46,0.0637
model-cv-3,26,0.44,0.0644,0.46,0.0635
model-cv-3,27,0.43,0.0655,0.46,0.0638
model-cv-3,28,0.4,0.0641,0.47,0.0632
model-cv-3,29,0.43,0.066,0.46,0.0634
model-cv-3,30,0.5,0.0635,0.46,0.0639
model-cv-3,31,0.44,0.0639,0.47,0.0633
model-cv-3,32,0.47,0.0631,0.46,0.0636
model-cv-3,33,0.43,0.0645,0.46,0.0632
model-cv-3,34,0.46,0.063,0.46,0.0633
model-cv-3,35,0.46,0.0626,0.47,0.0626
model-cv-3,36,0.47,0.0629,0.47,0.0631
model-cv-3,37,0.43,0.0624,0.47,0.0631
model-cv-3,38,0.47,0.063,0.46,0.0633
model-cv-3,39,0.47,0.0633,0.46,0.0636
model-cv-3,40,0.44,0.0656,0.47,0.063
model-cv-3,41,0.46,0.0646,0.47,0.0631
model-cv-3,42,0.49,0.0639,0.47,0.0631
model-cv-3,43,0.48,0.0611,0.47,0.063
model-cv-3,44,0.43,0.0666,0.46,0.0637
model-cv-3,45,0.49,0.0633,0.46,0.0631
model-cv-3,46,0.44,0.0632,0.47,0.0633
model-cv-3,47,0.45,0.0633,0.48,0.0626
model-cv-3,48,0.44,0.0642,0.47,0.063
model-cv-3,49,0.45,0.0624,0.47,0.0632
model-cv-3,50,0.48,0.0633,0.47,0.0628
model-cv-3,51,0.48,0.062,0.47,0.0631
model-cv-3,52,0.43,0.0633,0.47,0.0634
model-cv-3,53,0.45,0.0648,0.47,0.0628
model-cv-3,54,0.47,0.0629,0.47,0.0629
model-cv-3,55,0.41,0.0673,0.47,0.063
model-cv-3,56,0.46,0.0634,0.47,0.0627
model-cv-3,57,0.43,0.0643,0.46,0.0635
model-cv-3,58,0.46,0.0661,0.47,0.0633
model-cv-3,59,0.48,0.0633,0.46,0.0631
model-cv-3,60,0.42,0.0659,0.47,0.0628
model-cv-3,61,0.49,0.0621,0.47,0.0628
model-cv-3,62,0.5,0.0617,0.47,0.0627
model-cv-3,63,0.44,0.0641,0.47,0.0624
model-cv-3,64,0.46,0.0627,0.47,0.0627
model-cv-3,65,0.46,0.0632,0.47,0.0623
model-cv-3,66,0.5,0.0646,0.47,0.0631
model-cv-3,67,0.48,0.0635,0.47,0.0629
model-cv-3,68,0.46,0.0643,0.47,0.0627
model-cv-3,69,0.45,0.0644,0.48,0.0624
model-cv-3,70,0.43,0.0637,0.48,0.0627
model-cv-3,71,0.46,0.0641,0.47,0.0626
model-cv-3,72,0.46,0.0633,0.47,0.0628
model-cv-3,73,0.48,0.0611,0.47,0.0628
model-cv-3,74,0.45,0.0636,0.47,0.063
model-cv-3,75,0.5,0.0611,0.47,0.0626
model-cv-3,76,0.43,0.0635,0.48,0.0621
model-cv-3,77,0.49,0.0622,0.48,0.0628
model-cv-3,78,0.5,0.0617,0.47,0.063
model-cv-3,79,0.46,0.0655,0.48,0.0622
model-cv-3,80,0.44,0.0638,0.48,0.0627
model-cv-3,81,0.48,0.0625,0.47,0.0624
model-cv-3,82,0.49,0.0654,0.47,0.0626
model-cv-3,83,0.46,0.0637,0.47,0.0625
model-cv-3,84,0.49,0.0622,0.48,0.0623
model-cv-3,85,0.44,0.0646,0.48,0.0624
model-cv-3,86,0.46,0.0624,0.48,0.062
model-cv-3,87,0.46,0.0622,0.47,0.0627
model-cv-3,88,0.5,0.0635,0.48,0.0626
model-cv-3,89,0.47,0.0618,0.48,0.0622
model-cv-3,90,0.44,0.0662,0.48,0.0624
model-cv-3,91,0.44,0.064,0.48,0.0621
model-cv-3,92,0.46,0.0619,0.48,0.0628
model-cv-3,93,0.43,0.064,0.48,0.0623
model-cv-3,94,0.46,0.0645,0.47,0.0623
model-cv-3,95,0.45,0.0635,0.48,0.0622
model-cv-3,96,0.45,0.0655,0.47,0.0627
model-cv-3,97,0.5,0.0619,0.47,0.0624
model-cv-3,98,0.51,0.0614,0.48,0.0622
model-cv-3,99,0.46,0.0626,0.47,0.0622
model-cv-3,100,0.49,0.0608,0.47,0.0626
model-cv-3,101,0.45,0.062,0.47,0.0627
model-cv-3,102,0.46,0.0619,0.48,0.0621
model-cv-3,103,0.41,0.0658,0.48,0.0623
model-cv-3,104,0.44,0.0645,0.47,0.0627
model-cv-3,105,0.5,0.0603,0.47,0.0626
model-cv-3,106,0.42,0.0648,0.48,0.0626
model-cv-3,107,0.46,0.0624,0.47,0.0623
model-cv-3,108,0.48,0.0632,0.47,0.0622
model-cv-3,109,0.48,0.0637,0.48,0.0625
model-cv-3,110,0.51,0.0625,0.47,0.0626
model-cv-3,111,0.47,0.0639,0.48,0.0623
model-cv-3,112,0.48,0.0615,0.48,0.0625
model-cv-3,113,0.44,0.0644,0.47,0.0625
model-cv-3,114,0.44,0.0651,0.47,0.0625
model-cv-3,115,0.43,0.0631,0.48,0.0618
model-cv-3,116,0.47,0.0643,0.48,0.0619
model-cv-3,117,0.55,0.0591,0.48,0.0623
model-cv-3,118,0.49,0.0631,0.48,0.0624
model-cv-3,119,0.48,0.0641,0.48,0.0625
model-cv-3,120,0.47,0.063,0.48,0.0622
model-cv-3,121,0.46,0.0651,0.48,0.0624
model-cv-3,122,0.48,0.0638,0.47,0.0627
model-cv-3,123,0.43,0.0642,0.48,0.0622
model-cv-3,124,0.46,0.0623,0.47,0.0626
model-cv-3,125,0.47,0.0622,0.48,0.0619
model-cv-3,126,0.47,0.0648,0.48,0.0619
model-cv-3,127,0.47,0.0617,0.47,0.0628
model-cv-3,128,0.46,0.0623,0.48,0.062
model-cv-3,129,0.48,0.0627,0.48,0.0621
model-cv-3,130,0.45,0.0655,0.48,0.0625
model-cv-3,131,0.41,0.0631,0.47,0.0622
model-cv-3,132,0.5,0.0609,0.47,0.0628
model-cv-3,133,0.45,0.0629,0.47,0.0627
model-cv-3,134,0.46,0.0645,0.48,0.062
model-cv-3,135,0.46,0.0633,0.48,0.0621
model-cv-3,136,0.47,0.0634,0.48,0.0623
model-cv-3,137,0.45,0.0639,0.48,0.0621
model-cv-3,138,0.46,0.0623,0.48,0.0625
model-cv-3,139,0.43,0.0656,0.48,0.0621
model-cv-3,140,0.46,0.0654,0.48,0.0624
model-cv-3,141,0.51,0.063,0.47,0.0627
model-cv-3,142,0.51,0.0612,0.48,0.0624
model-cv-3,143,0.48,0.0642,0.47,0.0625
model-cv-3,144,0.52,0.0628,0.48,0.0623
model-cv-3,145,0.44,0.0652,0.47,0.0621
model-cv-3,146,0.46,0.0641,0.48,0.0622
model-cv-3,147,0.5,0.0638,0.48,0.0622
model-cv-3,148,0.5,0.0627,0.47,0.0626
model-cv-3,149,0.46,0.0656,0.48,0.0618
model-cv-3,150,0.48,0.0625,0.48,0.062
model-cv-3,151,0.47,0.062,0.48,0.0625
model-cv-3,152,0.44,0.0651,0.48,0.0621
model-cv-3,153,0.41,0.0654,0.48,0.0627
model-cv-3,154,0.48,0.0632,0.48,0.0623
model-cv-3,155,0.45,0.064,0.48,0.0618
model-cv-3,156,0.48,0.0621,0.48,0.062
model-cv-3,157,0.48,0.062,0.47,0.0625
model-cv-3,158,0.45,0.0627,0.47,0.0625
model-cv-3,159,0.46,0.0647,0.48,0.0623
model-cv-3,160,0.51,0.0624,0.48,0.0621
model-cv-3,161,0.48,0.0646,0.47,0.0623
model-cv-3,162,0.48,0.0626,0.48,0.0625
model-cv-3,163,0.5,0.0613,0.48,0.0621
model-cv-3,164,0.43,0.0636,0.47,0.0623
model-cv-3,165,0.47,0.0622,0.48,0.0621
model-cv-3,166,0.5,0.0628,0.48,0.062
model-cv-3,167,0.45,0.0634,0.48,0.0621
model-cv-3,168,0.44,0.0653,0.47,0.0622
model-cv-3,169,0.46,0.0654,0.48,0.0621
model-cv-3,170,0.51,0.063,0.48,0.0619
model-cv-3,171,0.45,0.0651,0.48,0.0626
model-cv-3,172,0.48,0.0619,0.47,0.0625
model-cv-3,173,0.48,0.0621,0.48,0.062
model-cv-3,174,0.45,0.0632,0.48,0.0621
model-cv-3,175,0.5,0.0609,0.47,0.0622
model-cv-3,176,0.47,0.0629,0.49,0.0617
model-cv-3,177,0.46,0.0629,0.48,0.0618
model-cv-3,178,0.45,0.0643,0.47,0.0626
model-cv-3,179,0.48,0.0623,0.48,0.0617
model-cv-3,180,0.43,0.0641,0.48,0.0617
model-cv-3,181,0.5,0.0607,0.49,0.0616
model-cv-3,182,0.52,0.0614,0.48,0.0624
model-cv-3,183,0.48,0.0628,0.48,0.0618
model-cv-3,184,0.44,0.0652,0.47,0.0628
model-cv-3,185,0.48,0.0614,0.48,0.0623
model-cv-3,186,0.48,0.0612,0.48,0.0617
model-cv-3,187,0.45,0.0645,0.48,0.062
model-cv-3,188,0.51,0.0609,0.48,0.0622
model-cv-3,189,0.47,0.0625,0.47,0.0626
model-cv-3,190,0.48,0.0608,0.48,0.0618
model-cv-3,191,0.5,0.0617,0.48,0.0624
model-cv-3,192,0.46,0.0626,0.48,0.0618
model-cv-3,193,0.47,0.0638,0.47,0.0625
model-cv-3,194,0.5,0.061,0.48,0.062
model-cv-3,195,0.43,0.0639,0.48,0.062
model-cv-3,196,0.48,0.0638,0.48,0.0623
model-cv-3,197,0.48,0.0607,0.48,0.0619
model-cv-3,198,0.45,0.0621,0.48,0.0624
model-cv-3,199,0.47,0.0627,0.47,0.0621
model-cv-4,0,0.34,0.075,0.29,0.0756
model-cv-4,1,0.36,0.0737,0.34,0.0725
model-cv-4,2,0.38,0.0706,0.37,0.0706
model-cv-4,3,0.42,0.0687,0.39,0.0697
model-cv-4,4,0.36,0.0703,0.39,0.0692
model-cv-4,5,0.4,0.0708,0.4,0.0686
model-cv-4,6,0.47,0.0664,0.41,0.0682
model-cv-4,7,0.4,0.0692,0.4,0.0682
model-cv-4,8,0.45,0.0663,0.41,0.0679
model-cv-4,9,0.4,0.0668,0.42,0.0674
model-cv-4,10,0.39,0.069,0.42,0.0675
model-cv-4,11,0.39,0.0703,0.42,0.0672
model-cv-4,12,0.46,0.0666,0.42,0.0672
model-cv-4,13,0.43,0.068,0.43,0.0671
model-cv-4,14,0.4,0.0677,0.42,0.067
model-cv-4,15,0.44,0.0669,0.42,0.067
model-cv-4,16,0.4,0.0658,0.42,0.0664
model-cv-4,17,0.46,0.0661,0.42,0.067
model-cv-4,18,0.37,0.0698,0.42,0.067
model-cv-4,19,0.44,0.0675,0.42,0.0666
model-cv-4,20,0.39,0.0663,0.42,0.0668
model-cv-4,21,0.44,0.0669,0.43,0.0664
model-cv-4,22,0.45,0.0662,0.43,0.0665
model-cv-4,23,0.41,0.0672,0.43,0.066
model-cv-4,24,0.4,0.0662,0.43,0.0661
model-cv-4,25,0.41,0.0683,0.43,0.0662
model-cv-4,26,0.48,0.0643,0.44,0.0657
model-cv-4,27,0.45,0.0653,0.43,0.0659
model-cv-4,28,0.53,0.0621,0.44,0.0654
model-cv-4,29,0.42,0.0658,0.44,0.0653
model-cv-4,30,0.42,0.0658,0.44,0.0654
model-cv-4,31,0.43,0.0647,0.44,0.0652
model-cv-4,32,0.42,0.0661,0.45,0.0647
model-cv-4,33,0.42,0.0641,0.45,0.0647
model-cv-4,34,0.42,0.0645,0.44,0.0645
model-cv-4,35,0.39,0.0686,0.45,0.0641
model-cv-4,36,0.47,0.063,0.45,0.0646
model-cv-4,37,0.5,0.0645,0.45,0.0644
model-cv-4,38,0.46,0.0624,0.45,0.0644
model-cv-4,39,0.55,0.0618,0.46,0.064
model-cv-4,40,0.45,0.0639,0.45,0.0645
model-cv-4,41,0.46,0.064,0.45,0.0646
model-cv-4,42,0.41,0.065,0.45,0.0647
model-cv-4,43,0.43,0.064,0.45,0.0645
model-cv-4,44,0.45,0.0641,0.45,0.0644
model-cv-4,45,0.47,0.0644,0.46,0.064
model-cv-4,46,0.4,0.0665,0.45,0.0642
model-cv-4,47,0.49,0.0633,0.46,0.0641
model-cv-4,48,0.44,0.0636,0.46,0.0641
model-cv-4,49,0.47,0.0647,0.45,0.064
model-cv-4,50,0.45,0.0629,0.46,0.0639
model-cv-4,51,0.46,0.0662,0.45,0.0644
model-cv-4,52,0.45,0.0648,0.46,0.0637
model-cv-4,53,0.44,0.063,0.46,0.0639
model-cv-4,54,0.46,0.0643,0.45,0.0641
model-cv-4,55,0.41,0.0674,0.45,0.0646
model-cv-4,56,0.46,0.0634,0.46,0.0639
model-cv-4,57,0.55,0.0604,0.45,0.064
model-cv-4,58,0.43,0.0637,0.46,0.0636
model-cv-4,59,0.47,0.0612,0.46,0.0637
model-cv-4,60,0.48,0.0639,0.45,0.0641
model-cv-4,61,0.5,0.0625,0.46,0.0639
model-cv-4,62,0.45,0.0636,0.45,0.0644
model-cv-4,63,0.51,0.0615,0.46,0.0637
model-cv-4,64,0.47,0.062,0.46,0.0639
model-cv-4,65,0.43,0.0647,0.46,0.0638
model-cv-4,66,0.47,0.0634,0.46,0.064
model-cv-4,67,0.48,0.0617,0.47,0.0634
model-cv-4,68,0.4,0.0639,0.46,0.0637
model-cv-4,69,0.44,0.065,0.46,0.0635
model-cv-4,70,0.43,0.0638,0.46,0.0639
model-cv-4,71,0.48,0.0639,0.46,0.064
model-cv-4,72,0.45,0.0625,0.46,0.0634
model-cv-4,73,0.46,0.064,0.46,0.0634
model-cv-4,74,0.45,0.0653,0.46,0.0636
model-cv-4,75,0.42,0.0663,0.46,0.0637
model-cv-4,76,0.44,0.0653,0.46,0.0638
model-cv-4,77,0.43,0.0643,0.46,0.0636
model-cv-4,78,0.43,0.0641,0.46,0.0635
model-cv-4,79,0.44,0.064,0.46,0.0635
model-cv-4,80,0.48,0.0623,0.46,0.0631
model-cv-4,81,0.44,0.0651,0.46,0.0633
model-cv-4,82,0.47,0.0627,0.47,0.0632
model-cv-4,83,0.48,0.0602,0.47,0.0635
model-cv-4,84,0.47,0.0623,0.47,0.063
model-cv-4,85,0.43,0.0643,0.47,0.0629
model-cv-4,86,0.47,0.0618,0.46,0.0629
model-cv-4,87,0.45,0.0636,0.46,0.0634
model-cv-4,88,0.44,0.0663,0.47,0.0631
model-cv-4,89,0.5,0.0644,0.47,0.0632
model-cv-4,90,0.47,0.0625,0.47,0.0631
model-cv-4,91,0.49,0.0623,0.47,0.0632
model-cv-4,92,0.52,0.0609,0.46,0.0635
model-cv-4,93,0.47,0.063,0.47,0.063
model-cv-4,94,0.43,0.0649,0.46,0.0635
model-cv-4,95,0.42,0.0646,0.47,0.0632
model-cv-4,96,0.46,0.064,0.47,0.0632
model-cv-4,97,0.45,0.0643,0.47,0.0631
model-cv-4,98,0.44,0.065,0.46,0.0633
model-cv-4,99,0.45,0.0665,0.47,0.0631
model-cv-4,100,0.44,0.0658,0.47,0.0632
model-cv-4,101,0.43,0.0644,0.46,0.0634
model-cv-4,102,0.42,0.0632,0.46,0.0638
model-cv-4,103,0.48,0.0635,0.47,0.0629
model-cv-4,104,0.46,0.0636,0.46,0.0634
model-cv-4,105,0.45,0.064,0.47,0.0635
model-cv-4,106,0.45,0.0643,0.47,0.0626
model-cv-4,107,0.54,0.0617,0.46,0.0631
model-cv-4,108,0.45,0.0641,0.47,0.0628
model-cv-4,109,0.49,0.0628,0.47,0.0629
model-cv-4,110,0.46,0.0641,0.47,0.063
model-cv-4,111,0.5,0.0598,0.47,0.063
model-cv-4,112,0.49,0.0635,0.47,0.0629
model-cv-4,113,0.44,0.0633,0.47,0.0628
model-cv-4,114,0.48,0.0633,0.47,0.0629
model-cv-4,115,0.45,0.0624,0.47,0.063
model-cv-4,116,0.4,0.0653,0.47,0.0628
model-cv-4,117,0.45,0.0641,0.47,0.0629
model-cv-4,118,0.52,0.0608,0.47,0.0627
model-cv-4,119,0.47,0.0609,0.46,0.0629
model-cv-4,120,0.45,0.064,0.47,0.0626
model-cv-4,121,0.48,0.0626,0.46,0.0629
model-cv-4,122,0.47,0.0613,0.47,0.0629
model-cv-4,123,0.47,0.0629,0.47,0.063
model-cv-4,124,0.44,0.064,0.47,0.0625
model-cv-4,125,0.46,0.0635,0.47,0.0628
model-cv-4,126,0.45,0.0632,0.47,0.0631
model-cv-4,127,0.5,0.0627,0.47,0.0627
model-cv-4,128,0.44,0.0645,0.46,0.0633
model-cv-4,129,0.42,0.0618,0.47,0.0629
model-cv-4,130,0.46,0.0634,0.47,0.0632
model-cv-4,131,0.4,0.0652,0.47,0.0628
model-cv-4,132,0.5,0.0618,0.47,0.0628
model-cv-4,133,0.44,0.0617,0.47,0.0627
model-cv-4,134,0.43,0.0649,0.47,0.0626
model-cv-4,135,0.45,0.0645,0.47,0.0627
model-cv-4,136,0.47,0.0616,0.47,0.0624
model-cv-4,137,0.52,0.062,0.47,0.0626
model-cv-4,138,0.44,0.0646,0.47,0.0629
model-cv-4,139,0.51,0.062,0.47,0.0629
model-cv-4,140,0.43,0.0632,0.48,0.0625
model-cv-4,141,0.45,0.0626,0.47,0.0628
model-cv-4,142,0.44,0.0642,0.47,0.0629
model-cv-4,143,0.44,0.0623,0.47,0.0624
model-cv-4,144,0.48,0.0632,0.47,0.0626
model-cv-4,145,0.48,0.0648,0.48,0.0622
model-cv-4,146,0.5,0.0602,0.47,0.0629
model-cv-4,147,0.46,0.0635,0.47,0.0626
model-cv-4,148,0.42,0.0649,0.47,0.0631
model-cv-4,149,0.5,0.0616,0.47,0.063
model-cv-4,150,0.47,0.0609,0.47,0.0628
model-cv-4,151,0.45,0.0626,0.47,0.0629
model-cv-4,152,0.55,0.0573,0.47,0.0628
model-cv-4,153,0.5,0.0604,0.47,0.0624
model-cv-4,154,0.44,0.064,0.47,0.0627
model-cv-4,155,0.47,0.0619,0.47,0.0631
model-cv-4,156,0.44,0.0648,0.47,0.0626
model-cv-4,157,0.47,0.063,0.47,0.0627
model-cv-4,158,0.44,0.0643,0.47,0.0629
model-cv-4,159,0.43,0.0652,0.47,0.0629
model-cv-4,160,0.42,0.0642,0.48,0.0624
model-cv-4,161,0.43,0.0639,0.47,0.0622
model-cv-4,162,0.48,0.0619,0.47,0.0628
model-cv-4,163,0.5,0.0617,0.47,0.0627
model-cv-4,164,0.46,0.0614,0.47,0.0627
model-cv-4,165,0.43,0.0652,0.47,0.0629
model-cv-4,166,0.51,0.0598,0.48,0.0626
model-cv-4,167,0.5,0.0626,0.47,0.0627
model-cv-4,168,0.43,0.067,0.47,0.0628
model-cv-4,169,0.47,0.0643,0.48,0.0623
model-cv-4,170,0.4,0.0626,0.47,0.0621
model-cv-4,171,0.45,0.062,0.47,0.0628
model-cv-4,172,0.46,0.0651,0.47,0.0631
model-cv-4,173,0.42,0.0646,0.47,0.0622
model-cv-4,174,0.49,0.0614,0.47,0.0625
model-cv-4,175,0.5,0.061,0.47,0.0628
model-cv-4,176,0.48,0.0618,0.47,0.0631
model-cv-4,177,0.5,0.061,0.47,0.0625
model-cv-4,178,0.4,0.0658,0.47,0.0629
model-cv-4,179,0.42,0.0663,0.47,0.0625
model-cv-4,180,0.42,0.0641,0.47,0.0627
model-cv-4,181,0.52,0.0615,0.48,0.0628
model-cv-4,182,0.5,0.0636,0.47,0.0629
model-cv-4,183,0.53,0.0588,0.48,0.0622
model-cv-4,184,0.39,0.068,0.47,0.0628
model-cv-4,185,0.5,0.0611,0.48,0.0623
model-cv-4,186,0.46,0.0605,0.47,0.0623
model-cv-4,187,0.46,0.0634,0.48,0.0625
model-cv-4,188,0.47,0.0635,0.47,0.0628
model-cv-4,189,0.43,0.0656,0.46,0.0635
model-cv-4,190,0.38,0.0655,0.46,0.0631
model-cv-4,191,0.51,0.0631,0.47,0.0627
model-cv-4,192,0.51,0.0602,0.47,0.0627
model-cv-4,193,0.51,0.0626,0.48,0.0623
model-cv-4,194,0.49,0.0607,0.47,0.0622
model-cv-4,195,0.48,0.0621,0.48,0.0623
model-cv-4,196,0.49,0.0627,0.47,0.0624
model-cv-4,197,0.49,0.0605,0.47,0.0628
model-cv-4,198,0.52,0.06,0.47,0.0625
model-cv-4,199,0.44,0.0642,0.47,0.0631
model-cv-5,0,0.41,0.0711,0.31,0.0745
model-cv-5,1,0.45,0.0714,0.35,0.0715
model-cv-5,2,0.5,0.0649,0.37,0.0703
model-cv-5,3,0.43,0.0661,0.37,0.0695
model-cv-5,4,0.47,0.0668,0.38,0.0693
model-cv-5,5,0.44,0.0663,0.4,0.0684
model-cv-5,6,0.45,0.0658,0.39,0.0684
model-cv-5,7,0.5,0.0647,0.4,0.0676
model-cv-5,8,0.59,0.0609,0.41,0.0671
model-cv-5,9,0.48,0.0626,0.42,0.0666
model-cv-5,10,0.5,0.0632,0.41,0.0671
model-cv-5,11,0.53,0.0629,0.42,0.0665
model-cv-5,12,0.5,0.064,0.42,0.0665
model-cv-5,13,0.52,0.0638,0.42,0.0666
model-cv-5,14,0.46,0.0631,0.42,0.066
model-cv-5,15,0.53,0.0631,0.42,0.0661
model-cv-5,16,0.54,0.0605,0.43,0.066
model-cv-5,17,0.56,0.0602,0.43,0.0654
model-cv-5,18,0.52,0.0618,0.43,0.0654
model-cv-5,19,0.49,0.062,0.43,0.0657
model-cv-5,20,0.49,0.0637,0.44,0.0652
model-cv-5,21,0.52,0.0621,0.44,0.0651
model-cv-5,22,0.47,0.0623,0.43,0.0653
model-cv-5,23,0.41,0.0616,0.44,0.0647
model-cv-5,24,0.5,0.062,0.44,0.0649
model-cv-5,25,0.46,0.0609,0.44,0.0648
model-cv-5,26,0.46,0.0639,0.44,0.0647
model-cv-5,27,0.5,0.0625,0.44,0.0649
model-cv-5,28,0.5,0.062,0.44,0.0647
model-cv-5,29,0.52,0.0626,0.44,0.0649
model-cv-5,30,0.52,0.062,0.45,0.0643
model-cv-5,31,0.46,0.0629,0.44,0.0648
model-cv-5,32,0.49,0.0605,0.45,0.0646
model-cv-5,33,0.53,0.0605,0.44,0.0645
model-cv-5,34,0.53,0.0613,0.44,0.0646
model-cv-5,35,0.54,0.0601,0.45,0.0644
model-cv-5,36,0.53,0.0592,0.45,0.0645
model-cv-5,37,0.52,0.0605,0.45,0.0645
model-cv-5,38,0.52,0.0594,0.45,0.0643
model-cv-5,39,0.52,0.0624,0.45,0.0644
model-cv-5,40,0.5,0.0592,0.44,0.0645
model-cv-5,41,0.52,0.0604,0.45,0.0648
model-cv-5,42,0.46,0.0631,0.45,0.0642
model-cv-5,43,0.53,0.0632,0.44,0.0645
model-cv-5,44,0.45,0.0669,0.45,0.0641
model-cv-5,45,0.52,0.0615,0.45,0.0641
model-cv-5,46,0.52,0.0606,0.45,0.0641
model-cv-5,47,0.5,0.0606,0.45,0.064
model-cv-5,48,0.54,0.0589,0.45,0.0637
model-cv-5,49,0.54,0.0586,0.45,0.0644
model-cv-5,50,0.59,0.0582,0.45,0.0643
model-cv-5,51,0.5,0.0612,0.45,0.0638
model-cv-5,52,0.54,0.06,0.45,0.064
model-cv-5,53,0.55,0.0608,0.46,0.0636
model-cv-5,54,0.54,0.0599,0.45,0.0643
model-cv-5,55,0.52,0.0621,0.46,0.064
model-cv-5,56,0.59,0.0588,0.46,0.0637
model-cv-5,57,0.52,0.0617,0.46,0.0636
model-cv-5,58,0.54,0.0605,0.46,0.0637
model-cv-5,59,0.59,0.0591,0.45,0.064
model-cv-5,60,0.51,0.0598,0.46,0.0635
model-cv-5,61,0.54,0.0623,0.45,0.0638
model-cv-5,62,0.56,0.0592,0.46,0.0637
model-cv-5,63,0.51,0.0623,0.46,0.0639
model-cv-5,64,0.48,0.0585,0.46,0.0635
model-cv-5,65,0.58,0.0586,0.46,0.0633
model-cv-5,66,0.59,0.0592,0.46,0.0634
model-cv-5,67,0.5,0.059,0.46,0.0634
model-cv-5,68,0.57,0.0587,0.46,0.0635
model-cv-5,69,0.49,0.0611,0.45,0.0637
model-cv-5,70,0.5,0.0624,0.45,0.0639
model-cv-5,71,0.57,0.0588,0.45,0.0636
model-cv-5,72,0.54,0.0605,0.45,0.0637
model-cv-5,73,0.5,0.0615,0.45,0.0638
model-cv-5,74,0.54,0.0589,0.46,0.0634
model-cv-5,75,0.56,0.059,0.46,0.0637
model-cv-5,76,0.52,0.0622,0.45,0.0638
model-cv-5,77,0.54,0.0598,0.46,0.0636
model-cv-5,78,0.59,0.0576,0.45,0.0639
model-cv-5,79,0.6,0.0595,0.46,0.0633
model-cv-5,80,0.54,0.0604,0.46,0.0635
model-cv-5,81,0.49,0.0597,0.46,0.064
model-cv-5,82,0.57,0.0592,0.46,0.0632
model-cv-5,83,0.49,0.0622,0.46,0.063
model-cv-5,84,0.56,0.0583,0.46,0.0633
model-cv-5,85,0.5,0.0628,0.46,0.0633
model-cv-5,86,0.6,0.0562,0.46,0.0635
model-cv-5,87,0.61,0.0582,0.46,0.0636
model-cv-5,88,0.5,0.0604,0.46,0.0632
model-cv-5,89,0.61,0.0575,0.46,0.0635
model-cv-5,90,0.49,0.0633,0.46,0.0635
model-cv-5,91,0.57,0.0585,0.45,0.0637
model-cv-5,92,0.55,0.062,0.46,0.0634
model-cv-5,93,0.57,0.0599,0.46,0.0633
model-cv-5,94,0.57,0.0589,0.46,0.0633
model-cv-5,95,0.54,0.0609,0.47,0.0631
model-cv-5,96,0.55,0.0609,0.46,0.0635
model-cv-5,97,0.54,0.0577,0.46,0.0633
model-cv-5,98,0.52,0.0581,0.46,0.0639
model-cv-5,99,0.51,0.0607,0.46,0.0628
model-cv-5,100,0.54,0.0603,0.46,0.0634
model-cv-5,101,0.5,0.0602,0.46,0.0632
model-cv-5,102,0.51,0.0606,0.46,0.0633
model-cv-5,103,0.58,0.0583,0.46,0.0638
model-cv-5,104,0.52,0.0604,0.46,0.0634
model-cv-5,105,0.43,0.0633,0.46,0.0633
model-cv-5,106,0.53,0.0588,0.46,0.0629
model-cv-5,107,0.59,0.0586,0.46,0.0632
model-cv-5,108,0.51,0.0615,0.46,0.0635
model-cv-5,109,0.59,0.0584,0.47,0.0631
model-cv-5,110,0.49,0.0594,0.46,0.0634
model-cv-5,111,0.54,0.0577,0.46,0.0634
model-cv-5,112,0.57,0.0586,0.45,0.0638
model-cv-5,113,0.5,0.0608,0.47,0.063
model-cv-5,114,0.5,0.0602,0.46,0.063
model-cv-5,115,0.51,0.0622,0.46,0.0631
model-cv-5,116,0.52,0.0603,0.46,0.0633
model-cv-5,117,0.54,0.0593,0.47,0.0629
model-cv-5,118,0.54,0.0566,0.46,0.0638
model-cv-5,119,0.46,0.0607,0.46,0.063
model-cv-5,120,0.5,0.0605,0.46,0.0635
model-cv-5,121,0.5,0.0607,0.46,0.0635
model-cv-5,122,0.55,0.0596,0.46,0.0633
model-cv-5,123,0.55,0.0583,0.46,0.0632
model-cv-5,124,0.55,0.0607,0.46,0.0637
model-cv-5,125,0.54,0.0602,0.45,0.0638
model-cv-5,126,0.49,0.0619,0.47,0.0625
model-cv-5,127,0.48,0.0614,0.47,0.063
model-cv-5,128,0.61,0.0567,0.47,0.0629
model-cv-5,129,0.55,0.0604,0.46,0.0634
model-cv-5,130,0.47,0.0618,0.47,0.0629
model-cv-5,131,0.5,0.0604,0.46,0.0636
model-cv-5,132,0.54,0.0594,0.47,0.0629
model-cv-5,133,0.54,0.0574,0.46,0.0634
model-cv-5,134,0.46,0.0628,0.46,0.0628
model-cv-5,135,0.48,0.0621,0.47,0.0628
model-cv-5,136,0.55,0.0599,0.46,0.0631
model-cv-5,137,0.56,0.0575,0.46,0.0631
model-cv-5,138,0.54,0.0591,0.46,0.0631
model-cv-5,139,0.52,0.0626,0.46,0.0634
model-cv-5,140,0.52,0.0582,0.46,0.0634
model-cv-5,141,0.57,0.0598,0.47,0.0631
model-cv-5,142,0.54,0.0568,0.46,0.0632
model-cv-5,143,0.58,0.0604,0.46,0.0632
model-cv-5,144,0.51,0.0602,0.46,0.0633
model-cv-5,145,0.54,0.0625,0.46,0.0632
model-cv-5,146,0.46,0.0633,0.46,0.063
model-cv-5,147,0.54,0.0609,0.47,0.0628
model-cv-5,148,0.54,0.0612,0.47,0.0626
model-cv-5,149,0.52,0.0657,0.46,0.0633
model-cv-5,150,0.54,0.0573,0.46,0.0628
model-cv-5,151,0.54,0.0595,0.46,0.0638
model-cv-5,152,0.51,0.062,0.46,0.0631
model-cv-5,153,0.54,0.063,0.46,0.0635
model-cv-5,154,0.54,0.0584,0.46,0.0628
model-cv-5,155,0.5,0.0619,0.46,0.0638
model-cv-5,156,0.46,0.0617,0.47,0.063
model-cv-5,157,0.57,0.0571,0.46,0.0637
model-cv-5,158,0.59,0.0566,0.46,0.0632
model-cv-5,159,0.5,0.0591,0.47,0.0628
model-cv-5,160,0.54,0.0603,0.46,0.063
model-cv-5,161,0.46,0.0601,0.47,0.0632
model-cv-5,162,0.54,0.0591,0.47,0.063
model-cv-5,163,0.53,0.0595,0.47,0.063
model-cv-5,164,0.54,0.0608,0.47,0.0629
model-cv-5,165,0.5,0.0608,0.46,0.0633
model-cv-5,166,0.55,0.0589,0.47,0.0632
model-cv-5,167,0.58,0.0577,0.47,0.0627
model-cv-5,168,0.53,0.0587,0.47,0.0628
model-cv-5,169,0.55,0.0598,0.47,0.0631
model-cv-5,170,0.55,0.0587,0.47,0.063
model-cv-5,171,0.53,0.0625,0.47,0.0631
model-cv-5,172,0.46,0.0616,0.46,0.0628
model-cv-5,173,0.51,0.0599,0.47,0.0629
model-cv-5,174,0.49,0.0623,0.46,0.0629
model-cv-5,175,0.54,0.0592,0.46,0.0633
model-cv-5,176,0.5,0.0617,0.46,0.0637
model-cv-5,177,0.55,0.061,0.47,0.063
model-cv-5,178,0.55,0.0597,0.46,0.0632
model-cv-5,179,0.46,0.0635,0.46,0.0636
model-cv-5,180,0.51,0.0599,0.47,0.0631
model-cv-5,181,0.5,0.0595,0.46,0.0636
model-cv-5,182,0.48,0.059,0.47,0.0628
model-cv-5,183,0.6,0.0579,0.46,0.0635
model-cv-5,184,0.56,0.0571,0.47,0.0632
model-cv-5,185,0.53,0.0589,0.47,0.0629
model-cv-5,186,0.54,0.0599,0.47,0.0627
model-cv-5,187,0.55,0.0586,0.47,0.0628
model-cv-5,188,0.51,0.0593,0.47,0.0627
model-cv-5,189,0.53,0.0587,0.46,0.0632
model-cv-5,190,0.6,0.0585,0.46,0.0633
model-cv-5,191,0.57,0.0593,0.47,0.063
model-cv-5,192,0.57,0.0581,0.46,0.0633
model-cv-5,193,0.54,0.06,0.47,0.0626
model-cv-5,194,0.57,0.0589,0.47,0.0624
model-cv-5,195,0.61,0.057,0.47,0.0628
model-cv-5,196,0.49,0.0627,0.47,0.0631
model-cv-5,197,0.5,0.0593,0.46,0.0627
model-cv-5,198,0.55,0.0573,0.46,0.0633
model-cv-5,199,0.51,0.0591,0.47,0.0624
model-cv-6,0,0.32,0.0756,0.3,0.076
model-cv-6,1,0.32,0.0729,0.32,0.0738
model-cv-6,2,0.37,0.0713,0.38,0.0701
model-cv-6,3,0.48,0.0666,0.39,0.069
model-cv-6,4,0.44,0.0655,0.41,0.0679
model-cv-6,5,0.49,0.0663,0.43,0.0669
model-cv-6,6,0.52,0.0652,0.43,0.0665
model-cv-6,7,0.5,0.0656,0.44,0.0656
model-cv-6,8,0.48,0.0628,0.44,0.0655
model-cv-6,9,0.45,0.0654,0.44,0.0655
model-cv-6,10,0.47,0.0653,0.45,0.0652
model-cv-6,11,0.46,0.0631,0.44,0.065
model-cv-6,12,0.56,0.0633,0.44,0.0653
model-cv-6,13,0.49,0.0639,0.44,0.0651
model-cv-6,14,0.48,0.0634,0.45,0.0644
model-cv-6,15,0.5,0.0635,0.45,0.0647
model-cv-6,16,0.47,0.0652,0.45,0.0645
model-cv-6,17,0.54,0.0632,0.45,0.0644
model-cv-6,18,0.47,0.0652,0.45,0.0649
model-cv-6,19,0.52,0.0642,0.46,0.0643
model-cv-6,20,0.49,0.0628,0.46,0.0641
model-cv-6,21,0.49,0.0625,0.45,0.0643
model-cv-6,22,0.51,0.0625,0.46,0.0644
model-cv-6,23,0.48,0.0666,0.46,0.0638
model-cv-6,24,0.51,0.0618,0.46,0.0647
model-cv-6,25,0.47,0.0628,0.45,0.0642
model-cv-6,26,0.53,0.0626,0.46,0.0642
model-cv-6,27,0.54,0.0628,0.46,0.0641
model-cv-6,28,0.55,0.0621,0.46,0.0644
model-cv-6,29,0.51,0.0628,0.46,0.0639
model-cv-6,30,0.49,0.0638,0.46,0.0642
model-cv-6,31,0.56,0.0613,0.46,0.0639
model-cv-6,32,0.56,0.0607,0.46,0.064
model-cv-6,33,0.44,0.0631,0.46,0.0637
model-cv-6,34,0.5,0.0615,0.46,0.0638
model-cv-6,35,0.49,0.0624,0.46,0.064
model-cv-6,36,0.55,0.0601,0.46,0.0636
model-cv-6,37,0.51,0.0623,0.46,0.0636
model-cv-6,38,0.49,0.064,0.46,0.0636
model-cv-6,39,0.53,0.0611,0.46,0.0637
model-cv-6,40,0.51,0.0626,0.46,0.0637
model-cv-6,41,0.49,0.0626,0.47,0.0635
model-cv-6,42,0.48,0.0647,0.47,0.0635
model-cv-6,43,0.55,0.0603,0.47,0.0632
model-cv-6,44,0.49,0.0636,0.47,0.0636
model-cv-6,45,0.49,0.062,0.46,0.0635
model-cv-6,46,0.53,0.0618,0.46,0.0635
model-cv-6,47,0.53,0.062,0.47,0.0635
model-cv-6,48,0.51,0.0638,0.46,0.0637
model-cv-6,49,0.53,0.0622,0.46,0.0637
model-cv-6,50,0.54,0.0598,0.47,0.063
model-cv-6,51,0.55,0.0622,0.47,0.0634
model-cv-6,52,0.51,0.061,0.47,0.0636
model-cv-6,53,0.48,0.0633,0.47,0.0627
model-cv-6,54,0.53,0.0599,0.46,0.0635
model-cv-6,55,0.47,0.0628,0.47,0.063
model-cv-6,56,0.54,0.0614,0.47,0.0636
model-cv-6,57,0.53,0.0616,0.46,0.0634
model-cv-6,58,0.53,0.0607,0.47,0.0635
model-cv-6,59,0.49,0.0641,0.47,0.063
model-cv-6,60,0.56,0.0602,0.47,0.063
model-cv-6,61,0.54,0.0611,0.46,0.0635
model-cv-6,62,0.53,0.0601,0.47,0.0631
model-cv-6,63,0.51,0.0608,0.47,0.0634
model-cv-6,64,0.47,0.0601,0.46,0.0634
model-cv-6,65,0.5,0.0624,0.47,0.063
model-cv-6,66,0.54,0.0616,0.47,0.0638
model-cv-6,67,0.51,0.0617,0.47,0.0633
model-cv-6,68,0.5,0.0621,0.46,0.0633
model-cv-6,69,0.49,0.0631,0.46,0.0635
model-cv-6,70,0.51,0.0604,0.47,0.0628
model-cv-6,71,0.51,0.0627,0.47,0.063
model-cv-6,72,0.49,0.0625,0.47,0.0629
model-cv-6,73,0.5,0.0627,0.47,0.063
model-cv-6,74,0.53,0.0618,0.47,0.063
model-cv-6,75,0.59,0.0583,0.47,0.0633
model-cv-6,76,0.47,0.0628,0.47,0.063
model-cv-6,77,0.52,0.0612,0.47,0.0627
model-cv-6,78,0.54,0.0594,0.46,0.0629
model-cv-6,79,0.53,0.0597,0.48,0.0626
model-cv-6,80,0.53,0.0624,0.47,0.0635
model-cv-6,81,0.51,0.0621,0.47,0.0628
model-cv-6,82,0.47,0.0626,0.47,0.0631
model-cv-6,83,0.5,0.0632,0.47,0.0632
model-cv-6,84,0.5,0.0608,0.47,0.0636
model-cv-6,85,0.46,0.063,0.46,0.0634
model-cv-6,86,0.54,0.0611,0.47,0.0628
model-cv-6,87,0.52,0.0606,0.47,0.0633
model-cv-6,88,0.45,0.0628,0.46,0.0637
model-cv-6,89,0.5,0.0615,0.47,0.063
model-cv-6,90,0.55,0.0606,0.47,0.063
model-cv-6,91,0.54,0.0592,0.47,0.063
model-cv-6,92,0.53,0.061,0.47,0.0632
model-cv-6,93,0.53,0.0632,0.47,0.0627
model-cv-6,94,0.54,0.06,0.47,0.063
model-cv-6,95,0.5,0.0637,0.47,0.0633
model-cv-6,96,0.54,0.0601,0.47,0.0627
model-cv-6,97,0.5,0.0618,0.47,0.0628
model-cv-6,98,0.53,0.0629,0.47,0.0627
model-cv-6,99,0.5,0.0608,0.47,0.0632
model-cv-6,100,0.52,0.0611,0.47,0.0629
model-cv-6,101,0.49,0.0641,0.47,0.0631
model-cv-6,102,0.53,0.0596,0.48,0.0629
model-cv-6,103,0.53,0.0606,0.48,0.0622
model-cv-6,104,0.54,0.06,0.46,0.0632
model-cv-6,105,0.53,0.0611,0.47,0.0631
model-cv-6,106,0.52,0.0603,0.47,0.0624
model-cv-6,107,0.55,0.0588,0.48,0.0628
model-cv-6,108,0.46,0.063,0.47,0.0629
model-cv-6,109,0.51,0.0627,0.47,0.0629
model-cv-6,110,0.53,0.0593,0.47,0.0632
model-cv-6,111,0.53,0.0615,0.47,0.0627
model-cv-6,112,0.54,0.0612,0.47,0.0632
model-cv-6,113,0.48,0.0624,0.47,0.0626
model-cv-6,114,0.52,0.0622,0.48,0.0629
model-cv-6,115,0.54,0.0593,0.47,0.063
model-cv-6,116,0.5,0.0626,0.47,0.0627
model-cv-6,117,0.54,0.0595,0.47,0.0631
model-cv-6,118,0.51,0.0615,0.48,0.063
model-cv-6,119,0.56,0.0587,0.47,0.0628
model-cv-6,120,0.53,0.0604,0.47,0.0632
model-cv-6,121,0.53,0.0608,0.47,0.0629
model-cv-6,122,0.54,0.0618,0.47,0.0626
model-cv-6,123,0.51,0.0594,0.47,0.0627
model-cv-6,124,0.51,0.0635,0.47,0.0629
model-cv-6,125,0.52,0.0609,0.47,0.063
model-cv-6,126,0.55,0.0592,0.48,0.0628
model-cv-6,127,0.55,0.0585,0.47,0.0627
model-cv-6,128,0.57,0.0597,0.47,0.0627
model-cv-6,129,0.58,0.0596,0.47,0.0632
model-cv-6,130,0.53,0.0611,0.48,0.0625
model-cv-6,131,0.48,0.0643,0.47,0.0627
model-cv-6,132,0.54,0.0604,0.47,0.0629
model-cv-6,133,0.51,0.0645,0.47,0.0626
model-cv-6,134,0.54,0.059,0.47,0.0628
model-cv-6,135,0.56,0.0594,0.48,0.0622
model-cv-6,136,0.57,0.0588,0.47,0.0631
model-cv-6,137,0.55,0.0593,0.48,0.0629
model-cv-6,138,0.47,0.062,0.47,0.0627
model-cv-6,139,0.54,0.0629,0.47,0.0629
model-cv-6,140,0.5,0.0624,0.47,0.0626
model-cv-6,141,0.56,0.0588,0.47,0.0629
model-cv-6,142,0.54,0.0588,0.47,0.0626
model-cv-6,143,0.51,0.0621,0.47,0.0628
model-cv-6,144,0.55,0.0596,0.47,0.0628
model-cv-6,145,0.51,0.0601,0.48,0.0624
model-cv-6,146,0.52,0.0607,0.47,0.063
model-cv-6,147,0.53,0.0593,0.47,0.0627
model-cv-6,148,0.52,0.0629,0.46,0.0631
model-cv-6,149,0.58,0.0593,0.47,0.0628
model-cv-6,150,0.51,0.0642,0.47,0.0627
model-cv-6,151,0.58,0.0582,0.47,0.0631
model-cv-6,152,0.51,0.0629,0.47,0.0632
model-cv-6,153,0.5,0.0611,0.47,0.0628
model-cv-6,154,0.52,0.0589,0.47,0.0627
model-cv-6,155,0.56,0.0593,0.48,0.0623
model-cv-6,156,0.5,0.0608,0.47,0.063
model-cv-6,157,0.55,0.0588,0.47,0.0629
model-cv-6,158,0.5,0.0597,0.47,0.0627
model-cv-6,159,0.58,0.0581,0.48,0.0622
model-cv-6,160,0.53,0.0606,0.47,0.0632
model-cv-6,161,0.47,0.0638,0.47,0.0624
model-cv-6,162,0.53,0.0615,0.48,0.0624
model-cv-6,163,0.51,0.0609,0.47,0.0622
model-cv-6,164,0.54,0.0589,0.47,0.0629
model-cv-6,165,0.57,0.0604,0.47,0.0629
model-cv-6,166,0.54,0.06,0.47,0.0626
model-cv-6,167,0.48,0.0623,0.47,0.0624
model-cv-6,168,0.5,0.0609,0.48,0.0628
model-cv-6,169,0.51,0.0595,0.47,0.0625
model-cv-6,170,0.53,0.0598,0.47,0.0627
model-cv-6,171,0.5,0.0603,0.47,0.0628
model-cv-6,172,0.51,0.0621,0.47,0.0628
model-cv-6,173,0.48,0.0603,0.47,0.0627
model-cv-6,174,0.5,0.0617,0.48,0.0623
model-cv-6,175,0.5,0.0608,0.47,0.0626
model-cv-6,176,0.5,0.0617,0.47,0.0625
model-cv-6,177,0.53,0.0618,0.47,0.0623
model-cv-6,178,0.52,0.0624,0.48,0.0624
model-cv-6,179,0.55,0.0594,0.47,0.0624
model-cv-6,180,0.56,0.0594,0.47,0.0629
model-cv-6,181,0.49,0.0624,0.47,0.063
model-cv-6,182,0.53,0.0592,0.47,0.0627
model-cv-6,183,0.52,0.0607,0.47,0.0626
model-cv-6,184,0.51,0.0627,0.47,0.0629
model-cv-6,185,0.51,0.0611,0.47,0.0629
model-cv-6,186,0.53,0.0618,0.48,0.0622
model-cv-6,187,0.53,0.0632,0.48,0.0628
model-cv-6,188,0.54,0.0609,0.48,0.0626
model-cv-6,189,0.51,0.0612,0.47,0.0629
model-cv-6,190,0.54,0.0604,0.48,0.0624
model-cv-6,191,0.5,0.0617,0.47,0.0628
model-cv-6,192,0.55,0.0586,0.48,0.0624
model-cv-6,193,0.58,0.0568,0.48,0.0622
model-cv-6,194,0.52,0.0617,0.47,0.0626
model-cv-6,195,0.52,0.0608,0.47,0.0628
model-cv-6,196,0.54,0.0609,0.47,0.0624
model-cv-6,197,0.51,0.0603,0.48,0.0624
model-cv-6,198,0.56,0.0594,0.48,0.0621
model-cv-6,199,0.53,0.06,0.48,0.0625
model-cv-7,0,0.21,0.0831,0.17,0.0835
model-cv-7,1,0.28,0.0777,0.27,0.0786
model-cv-7,2,0.31,0.075,0.3,0.0763
model-cv-7,3,0.34,0.0724,0.34,0.0728
model-cv-7,4,0.37,0.0705,0.36,0.071
model-cv-7,5,0.43,0.0677,0.4,0.0689
model-cv-7,6,0.45,0.0662,0.4,0.0684
model-cv-7,7,0.44,0.0669,0.41,0.0675
model-cv-7,8,0.43,0.0673,0.42,0.0667
model-cv-7,9,0.46,0.0638,0.42,0.0667
model-cv-7,10,0.5,0.0641,0.42,0.0666
model-cv-7,11,0.44,0.0653,0.43,0.0663
model-cv-7,12,0.46,0.0651,0.43,0.0662
model-cv-7,13,0.46,0.064,0.43,0.066
model-cv-7,14,0.45,0.0645,0.44,0.0656
model-cv-7,15,0.46,0.0643,0.44,0.0655
model-cv-7,16,0.47,0.0634,0.44,0.0653
model-cv-7,17,0.46,0.0637,0.43,0.0655
model-cv-7,18,0.41,0.0653,0.44,0.065
model-cv-7,19,0.44,0.0647,0.43,0.0659
model-cv-7,20,0.47,0.0642,0.44,0.0653
model-cv-7,21,0.46,0.0642,0.44,0.0652
model-cv-7,22,0.45,0.0646,0.44,0.065
model-cv-7,23,0.46,0.0643,0.44,0.0649
model-cv-7,24,0.48,0.0641,0.44,0.0648
model-cv-7,25,0.48,0.0642,0.44,0.0647
model-cv-7,26,0.47,0.0644,0.44,0.0648
model-cv-7,27,0.45,0.0631,0.44,0.0645
model-cv-7,28,0.48,0.0642,0.44,0.0649
model-cv-7,29,0.48,0.0623,0.45,0.0647
model-cv-7,30,0.47,0.0633,0.45,0.0643
model-cv-7,31,0.49,0.0629,0.45,0.0645
model-cv-7,32,0.46,0.0638,0.45,0.0645
model-cv-7,33,0.47,0.0623,0.45,0.064
model-cv-7,34,0.47,0.0632,0.45,0.0644
model-cv-7,35,0.48,0.0632,0.45,0.0646
model-cv-7,36,0.45,0.0642,0.44,0.0647
model-cv-7,37,0.45,0.0643,0.45,0.0644
model-cv-7,38,0.47,0.0633,0.45,0.0644
model-cv-7,39,0.47,0.0637,0.45,0.0643
model-cv-7,40,0.49,0.0625,0.45,0.0644
model-cv-7,41,0.47,0.0612,0.45,0.0644
model-cv-7,42,0.46,0.0645,0.45,0.064
model-cv-7,43,0.49,0.0626,0.45,0.0648
model-cv-7,44,0.47,0.0629,0.45,0.0644
model-cv-7,45,0.48,0.0637,0.45,0.0643
model-cv-7,46,0.43,0.064,0.45,0.0641
model-cv-7,47,0.48,0.0648,0.45,0.0644
model-cv-7,48,0.49,0.0624,0.44,0.0645
model-cv-7,49,0.48,0.062,0.45,0.064
model-cv-7,50,0.46,0.0621,0.45,0.0642
model-cv-7,51,0.48,0.0624,0.45,0.0643
model-cv-7,52,0.48,0.063,0.45,0.064
model-cv-7,53,0.46,0.0631,0.45,0.0639
model-cv-7,54,0.47,0.0634,0.46,0.0638
model-cv-7,55,0.49,0.061,0.45,0.0642
model-cv-7,56,0.45,0.064,0.45,0.0642
model-cv-7,57,0.45,0.065,0.45,0.064
model-cv-7,58,0.47,0.0632,0.45,0.0639
model-cv-7,59,0.49,0.0626,0.44,0.0643
model-cv-7,60,0.51,0.0623,0.45,0.064
model-cv-7,61,0.49,0.0632,0.45,0.0641
model-cv-7,62,0.47,0.0647,0.45,0.0644
model-cv-7,63,0.48,0.0618,0.45,0.0641
model-cv-7,64,0.47,0.0633,0.45,0.064
model-cv-7,65,0.49,0.0622,0.45,0.0639
model-cv-7,66,0.46,0.0642,0.45,0.0638
model-cv-7,67,0.51,0.0626,0.45,0.0642
model-cv-7,68,0.41,0.0646,0.45,0.064
model-cv-7,69,0.44,0.0635,0.45,0.0641
model-cv-7,70,0.51,0.0619,0.45,0.0641
model-cv-7,71,0.47,0.0644,0.45,0.0638
model-cv-7,72,0.48,0.0634,0.45,0.0639
model-cv-7,73,0.47,0.0632,0.45,0.0639
model-cv-7,74,0.46,0.0629,0.45,0.0639
model-cv-7,75,0.45,0.063,0.45,0.0642
model-cv-7,76,0.46,0.0633,0.46,0.0638
model-cv-7,77,0.44,0.0648,0.45,0.0644
model-cv-7,78,0.48,0.0629,0.45,0.0643
model-cv-7,79,0.49,0.0623,0.45,0.0643
model-cv-7,80,0.45,0.0639,0.45,0.0641
model-cv-7,81,0.46,0.0634,0.46,0.0638
model-cv-7,82,0.46,0.063,0.45,0.0639
model-cv-7,83,0.51,0.0626,0.45,0.0637
model-cv-7,84,0.5,0.0612,0.46,0.0638
model-cv-7,85,0.45,0.0634,0.45,0.0641
model-cv-7,86,0.48,0.0624,0.46,0.0636
model-cv-7,87,0.45,0.0648,0.46,0.0636
model-cv-7,88,0.49,0.0624,0.46,0.0637
model-cv-7,89,0.49,0.0633,0.46,0.0638
model-cv-7,90,0.48,0.063,0.45,0.0643
model-cv-7,91,0.47,0.0633,0.46,0.064
model-cv-7,92,0.47,0.0641,0.45,0.0642
model-cv-7,93,0.44,0.0649,0.46,0.0638
model-cv-7,94,0.51,0.0621,0.46,0.0641
model-cv-7,95,0.46,0.0625,0.45,0.0638
model-cv-7,96,0.5,0.0621,0.45,0.064
model-cv-7,97,0.47,0.0618,0.45,0.0644
model-cv-7,98,0.46,0.0633,0.45,0.0637
model-cv-7,99,0.44,0.0649,0.46,0.0634
model-cv-7,100,0.47,0.0637,0.46,0.0635
model-cv-7,101,0.47,0.0626,0.46,0.0634
model-cv-7,102,0.47,0.0624,0.46,0.0634
model-cv-7,103,0.47,0.0626,0.45,0.0636
model-cv-7,104,0.48,0.0622,0.46,0.0633
model-cv-7,105,0.5,0.0622,0.46,0.0634
model-cv-7,106,0.5,0.0613,0.46,0.0635
model-cv-7,107,0.43,0.0632,0.46,0.0639
model-cv-7,108,0.47,0.0623,0.46,0.0636
model-cv-7,109,0.46,0.0634,0.46,0.0634
model-cv-7,110,0.48,0.063,0.46,0.0634
model-cv-7,111,0.46,0.063,0.46,0.0636
model-cv-7,112,0.51,0.0618,0.46,0.0635
model-cv-7,113,0.51,0.0621,0.46,0.0635
model-cv-7,114,0.5,0.0632,0.46,0.0639
model-cv-7,115,0.53,0.0603,0.46,0.0634
model-cv-7,116,0.49,0.0628,0.46,0.0632
model-cv-7,117,0.51,0.0622,0.46,0.0633
model-cv-7,118,0.46,0.0634,0.46,0.0637
model-cv-7,119,0.48,0.062,0.46,0.0635
model-cv-7,120,0.51,0.0605,0.46,0.0635
model-cv-7,121,0.46,0.0639,0.46,0.0634
model-cv-7,122,0.51,0.0614,0.46,0.0632
model-cv-7,123,0.48,0.0618,0.46,0.0637
model-cv-7,124,0.45,0.0644,0.46,0.0637
model-cv-7,125,0.47,0.0621,0.46,0.0634
model-cv-7,126,0.46,0.0629,0.46,0.0639
model-cv-7,127,0.47,0.0616,0.46,0.0635
model-cv-7,128,0.46,0.0637,0.45,0.0637
model-cv-7,129,0.48,0.0611,0.46,0.0631
model-cv-7,130,0.49,0.0625,0.46,0.0635
model-cv-7,131,0.46,0.063,0.46,0.0636
model-cv-7,132,0.44,0.0639,0.45,0.0637
model-cv-7,133,0.47,0.0613,0.46,0.0634
model-cv-7,134,0.49,0.0617,0.46,0.0633
model-cv-7,135,0.45,0.0635,0.46,0.0634
model-cv-7,136,0.48,0.0623,0.46,0.0635
model-cv-7,137,0.5,0.0624,0.46,0.0634
model-cv-7,138,0.51,0.0618,0.46,0.0635
model-cv-7,139,0.48,0.0637,0.47,0.0628
model-cv-7,140,0.49,0.0612,0.46,0.0634
model-cv-7,141,0.49,0.0621,0.46,0.0631
model-cv-7,142,0.45,0.0625,0.46,0.0631
model-cv-7,143,0.5,0.0625,0.46,0.0634
model-cv-7,144,0.5,0.0627,0.47,0.0631
model-cv-7,145,0.51,0.0631,0.46,0.0631
model-cv-7,146,0.48,0.0619,0.46,0.0628
model-cv-7,147,0.46,0.0626,0.46,0.063
model-cv-7,148,0.51,0.0623,0.45,0.0635
model-cv-7,149,0.49,0.062,0.46,0.0631
model-cv-7,150,0.44,0.0628,0.46,0.0632
model-cv-7,151,0.52,0.0605,0.46,0.063
model-cv-7,152,0.51,0.0621,0.47,0.0634
model-cv-7,153,0.49,0.0637,0.46,0.0632
model-cv-7,154,0.51,0.0613,0.46,0.0629
model-cv-7,155,0.5,0.0615,0.46,0.0632
model-cv-7,156,0.5,0.0624,0.46,0.0633
model-cv-7,157,0.47,0.0615,0.46,0.0632
model-cv-7,158,0.47,0.0635,0.46,0.0633
model-cv-7,159,0.49,0.0615,0.46,0.0629
model-cv-7,160,0.49,0.0625,0.46,0.0629
model-cv-7,161,0.51,0.0618,0.47,0.0631
model-cv-7,162,0.48,0.0616,0.46,0.0631
model-cv-7,163,0.49,0.0613,0.47,0.0629
model-cv-7,164,0.51,0.0612,0.46,0.0629
model-cv-7,165,0.46,0.0623,0.46,0.0633
model-cv-7,166,0.51,0.0622,0.46,0.0633
model-cv-7,167,0.47,0.0623,0.46,0.0629
model-cv-7,168,0.49,0.062,0.46,0.0632
model-cv-7,169,0.52,0.0613,0.46,0.063
model-cv-7,170,0.5,0.0611,0.46,0.063
model-cv-7,171,0.48,0.0608,0.46,0.0632
model-cv-7,172,0.49,0.062,0.46,0.0628
model-cv-7,173,0.49,0.0633,0.46,0.0633
model-cv-7,174,0.48,0.0599,0.46,0.0633
model-cv-7,175,0.52,0.0618,0.47,0.0626
model-cv-7,176,0.5,0.061,0.46,0.0633
model-cv-7,177,0.5,0.0611,0.47,0.0634
model-cv-7,178,0.44,0.0622,0.47,0.0627
model-cv-7,179,0.49,0.0638,0.47,0.0628
model-cv-7,180,0.44,0.0635,0.46,0.0634
model-cv-7,181,0.52,0.0608,0.47,0.0627
model-cv-7,182,0.47,0.0616,0.47,0.0626
model-cv-7,183,0.47,0.0616,0.47,0.0626
model-cv-7,184,0.51,0.0597,0.46,0.0632
model-cv-7,185,0.51,0.0607,0.46,0.0631
model-cv-7,186,0.5,0.0613,0.47,0.0629
model-cv-7,187,0.44,0.0629,0.47,0.0628
model-cv-7,188,0.5,0.0616,0.47,0.0629
model-cv-7,189,0.48,0.0622,0.46,0.0628
model-cv-7,190,0.5,0.0612,0.46,0.0629
model-cv-7,191,0.48,0.0619,0.47,0.0624
model-cv-7,192,0.47,0.0622,0.47,0.0626
model-cv-7,193,0.46,0.0621,0.47,0.0629
model-cv-7,194,0.49,0.0609,0.46,0.0633
model-cv-7,195,0.48,0.0619,0.47,0.0627
model-cv-7,196,0.5,0.061,0.47,0.063
model-cv-7,197,0.46,0.0639,0.46,0.0632
model-cv-7,198,0.48,0.0618,0.46,0.063
model-cv-7,199,0.5,0.0622,0.46,0.0631
model-cv-8,0,0.28,0.0779,0.3,0.0768
model-cv-8,1,0.37,0.0722,0.34,0.0733
model-cv-8,2,0.35,0.0712,0.35,0.0719
model-cv-8,3,0.4,0.0703,0.37,0.0705
model-cv-8,4,0.32,0.0712,0.38,0.0696
model-cv-8,5,0.35,0.0702,0.39,0.0691
model-cv-8,6,0.33,0.0696,0.39,0.0687
model-cv-8,7,0.41,0.0678,0.4,0.068
model-cv-8,8,0.37,0.0658,0.41,0.0679
model-cv-8,9,0.42,0.0683,0.4,0.0681
model-cv-8,10,0.43,0.0658,0.4,0.0679
model-cv-8,11,0.44,0.0674,0.4,0.0677
model-cv-8,12,0.45,0.0675,0.41,0.0672
model-cv-8,13,0.4,0.0686,0.41,0.0674
model-cv-8,14,0.37,0.0674,0.41,0.0674
model-cv-8,15,0.46,0.0684,0.41,0.0675
model-cv-8,16,0.4,0.0658,0.42,0.0665
model-cv-8,17,0.4,0.0666,0.42,0.0667
model-cv-8,18,0.41,0.0674,0.42,0.0666
model-cv-8,19,0.35,0.0669,0.41,0.0669
model-cv-8,20,0.42,0.0681,0.41,0.0673
model-cv-8,21,0.4,0.0671,0.41,0.0668
model-cv-8,22,0.35,0.069,0.42,0.0669
model-cv-8,23,0.41,0.0658,0.42,0.0668
model-cv-8,24,0.47,0.0629,0.42,0.0668
model-cv-8,25,0.41,0.067,0.42,0.0667
model-cv-8,26,0.36,0.0681,0.42,0.0665
model-cv-8,27,0.37,0.0688,0.41,0.0669
model-cv-8,28,0.38,0.0684,0.42,0.0664
model-cv-8,29,0.44,0.0671,0.42,0.0667
model-cv-8,30,0.38,0.0674,0.42,0.0667
model-cv-8,31,0.44,0.0669,0.42,0.0664
model-cv-8,32,0.41,0.0668,0.42,0.0666
model-cv-8,33,0.44,0.0677,0.43,0.0664
model-cv-8,34,0.47,0.065,0.42,0.0663
model-cv-8,35,0.41,0.0672,0.42,0.0663
model-cv-8,36,0.37,0.0681,0.42,0.0663
model-cv-8,37,0.38,0.0683,0.42,0.0665
model-cv-8,38,0.4,0.0665,0.43,0.0665
model-cv-8,39,0.34,0.0668,0.42,0.0664
model-cv-8,40,0.35,0.0662,0.42,0.0666
model-cv-8,41,0.41,0.0658,0.43,0.0661
model-cv-8,42,0.41,0.0669,0.42,0.0664
model-cv-8,43,0.4,0.0662,0.42,0.0663
model-cv-8,44,0.47,0.0662,0.42,0.0663
model-cv-8,45,0.4,0.0672,0.43,0.0664
model-cv-8,46,0.46,0.064,0.42,0.066
model-cv-8,47,0.38,0.0662,0.43,0.0659
model-cv-8,48,0.45,0.0658,0.42,0.0664
model-cv-8,49,0.43,0.0646,0.43,0.0663
model-cv-8,50,0.39,0.0683,0.43,0.0659
model-cv-8,51,0.42,0.066,0.43,0.066
model-cv-8,52,0.41,0.0647,0.43,0.0665
model-cv-8,53,0.44,0.0653,0.43,0.0658
model-cv-8,54,0.4,0.0662,0.43,0.0659
model-cv-8,55,0.44,0.0637,0.43,0.0662
model-cv-8,56,0.46,0.0669,0.43,0.0663
model-cv-8,57,0.4,0.0672,0.43,0.0662
model-cv-8,58,0.43,0.0669,0.43,0.0662
model-cv-8,59,0.39,0.0663,0.43,0.0661
model-cv-8,60,0.42,0.0685,0.42,0.0663
model-cv-8,61,0.38,0.0661,0.43,0.0658
model-cv-8,62,0.44,0.0643,0.43,0.066
model-cv-8,63,0.42,0.0666,0.43,0.0659
model-cv-8,64,0.51,0.0666,0.43,0.066
model-cv-8,65,0.35,0.0673,0.43,0.0661
model-cv-8,66,0.39,0.0681,0.43,0.0661
model-cv-8,67,0.37,0.0696,0.43,0.0662
model-cv-8,68,0.43,0.0642,0.43,0.066
model-cv-8,69,0.4,0.0671,0.43,0.0656
model-cv-8,70,0.43,0.0665,0.43,0.0658
model-cv-8,71,0.43,0.0682,0.43,0.0661
model-cv-8,72,0.38,0.068,0.43,0.0662
model-cv-8,73,0.43,0.0658,0.43,0.0659
model-cv-8,74,0.42,0.0672,0.43,0.0662
model-cv-8,75,0.37,0.0663,0.43,0.0662
model-cv-8,76,0.43,0.0666,0.43,0.0661
model-cv-8,77,0.41,0.0679,0.43,0.0658
model-cv-8,78,0.38,0.0636,0.43,0.0658
model-cv-8,79,0.42,0.0647,0.42,0.0663
model-cv-8,80,0.4,0.0672,0.43,0.0661
model-cv-8,81,0.39,0.0657,0.43,0.0659
model-cv-8,82,0.41,0.0648,0.43,0.066
model-cv-8,83,0.4,0.0644,0.43,0.066
model-cv-8,84,0.4,0.0689,0.43,0.0661
model-cv-8,85,0.4,0.0659,0.43,0.0659
model-cv-8,86,0.41,0.0668,0.43,0.066
model-cv-8,87,0.47,0.0642,0.43,0.0658
model-cv-8,88,0.42,0.0663,0.43,0.0662
model-cv-8,89,0.4,0.0664,0.43,0.0658
model-cv-8,90,0.41,0.0661,0.43,0.0659
model-cv-8,91,0.47,0.0654,0.43,0.0661
model-cv-8,92,0.41,0.0667,0.43,0.0657
model-cv-8,93,0.46,0.0624,0.43,0.0658
model-cv-8,94,0.4,0.0653,0.43,0.0658
model-cv-8,95,0.41,0.0655,0.44,0.0656
model-cv-8,96,0.43,0.0657,0.42,0.066
model-cv-8,97,0.44,0.0654,0.43,0.0657
model-cv-8,98,0.4,0.0671,0.43,0.0657
model-cv-8,99,0.44,0.0664,0.43,0.0659
model-cv-8,100,0.36,0.0673,0.44,0.0655
model-cv-8,101,0.42,0.065,0.43,0.0657
model-cv-8,102,0.43,0.0648,0.43,0.066
model-cv-8,103,0.4,0.0656,0.43,0.0659
model-cv-8,104,0.43,0.0649,0.43,0.0659
model-cv-8,105,0.41,0.0661,0.43,0.0657
model-cv-8,106,0.41,0.0669,0.43,0.0663
model-cv-8,107,0.38,0.0657,0.43,0.0659
model-cv-8,108,0.43,0.0662,0.43,0.0656
model-cv-8,109,0.38,0.0675,0.44,0.0657
model-cv-8,110,0.4,0.0674,0.43,0.0656
model-cv-8,111,0.42,0.0677,0.43,0.0657
model-cv-8,112,0.39,0.0663,0.44,0.0656
model-cv-8,113,0.43,0.064,0.44,0.0655
model-cv-8,114,0.44,0.0666,0.44,0.0652
model-cv-8,115,0.41,0.067,0.43,0.0654
model-cv-8,116,0.43,0.0659,0.44,0.0651
model-cv-8,117,0.43,0.0652,0.43,0.0653
model-cv-8,118,0.44,0.065,0.44,0.0651
model-cv-8,119,0.41,0.0643,0.43,0.0653
model-cv-8,120,0.39,0.0666,0.44,0.065
model-cv-8,121,0.46,0.0636,0.44,0.0649
model-cv-8,122,0.41,0.0647,0.44,0.0653
model-cv-8,123,0.41,0.067,0.44,0.0648
model-cv-8,124,0.43,0.0644,0.45,0.0647
model-cv-8,125,0.49,0.0616,0.44,0.0651
model-cv-8,126,0.46,0.063,0.44,0.065
model-cv-8,127,0.39,0.0662,0.45,0.0647
model-cv-8,128,0.4,0.0666,0.44,0.0653
model-cv-8,129,0.4,0.0646,0.44,0.0653
model-cv-8,130,0.46,0.0659,0.44,0.0652
model-cv-8,131,0.35,0.0672,0.44,0.0652
model-cv-8,132,0.46,0.064,0.44,0.0647
model-cv-8,133,0.44,0.0652,0.44,0.065
model-cv-8,134,0.43,0.0663,0.44,0.0649
model-cv-8,135,0.47,0.0636,0.44,0.0649
model-cv-8,136,0.46,0.0633,0.44,0.0648
model-cv-8,137,0.43,0.0652,0.45,0.0646
model-cv-8,138,0.5,0.0626,0.45,0.0647
model-cv-8,139,0.46,0.066,0.44,0.0647
model-cv-8,140,0.37,0.0679,0.45,0.0649
model-cv-8,141,0.41,0.0625,0.44,0.0645
model-cv-8,142,0.48,0.0638,0.44,0.0647
model-cv-8,143,0.43,0.0663,0.44,0.065
model-cv-8,144,0.48,0.0635,0.44,0.0647
model-cv-8,145,0.43,0.0655,0.44,0.065
model-cv-8,146,0.36,0.0671,0.44,0.065
model-cv-8,147,0.4,0.0674,0.45,0.0646
model-cv-8,148,0.42,0.0666,0.45,0.0647
model-cv-8,149,0.4,0.0676,0.44,0.0646
model-cv-8,150,0.43,0.0634,0.44,0.0649
model-cv-8,151,0.42,0.0653,0.45,0.0647
model-cv-8,152,0.41,0.0654,0.44,0.0646
model-cv-8,153,0.44,0.066,0.44,0.0646
model-cv-8,154,0.46,0.0649,0.44,0.0649
model-cv-8,155,0.38,0.0663,0.44,0.0652
model-cv-8,156,0.42,0.0653,0.45,0.0648
model-cv-8,157,0.41,0.0662,0.45,0.0647
model-cv-8,158,0.44,0.0658,0.45,0.0647
model-cv-8,159,0.41,0.0671,0.45,0.0648
model-cv-8,160,0.39,0.0671,0.45,0.0646
model-cv-8,161,0.43,0.0643,0.45,0.0643
model-cv-8,162,0.4,0.0665,0.44,0.065
model-cv-8,163,0.4,0.0649,0.45,0.0646
model-cv-8,164,0.41,0.0656,0.45,0.0647
model-cv-8,165,0.43,0.0666,0.45,0.0648
model-cv-8,166,0.44,0.0645,0.44,0.0647
model-cv-8,167,0.44,0.0644,0.44,0.0644
model-cv-8,168,0.43,0.0649,0.44,0.0648
model-cv-8,169,0.43,0.0646,0.44,0.0651
model-cv-8,170,0.4,0.0654,0.45,0.0643
model-cv-8,171,0.46,0.0647,0.45,0.0651
model-cv-8,172,0.46,0.0625,0.45,0.065
model-cv-8,173,0.46,0.0651,0.45,0.0643
model-cv-8,174,0.43,0.065,0.45,0.0648
model-cv-8,175,0.43,0.0645,0.44,0.0649
model-cv-8,176,0.41,0.0663,0.45,0.0647
model-cv-8,177,0.43,0.0642,0.45,0.065
model-cv-8,178,0.47,0.0636,0.44,0.0646
model-cv-8,179,0.43,0.064,0.44,0.0649
model-cv-8,180,0.43,0.0651,0.44,0.0648
model-cv-8,181,0.44,0.0638,0.45,0.0648
model-cv-8,182,0.37,0.0664,0.45,0.0646
model-cv-8,183,0.38,0.0663,0.45,0.0645
model-cv-8,184,0.41,0.0658,0.44,0.0649
model-cv-8,185,0.43,0.0644,0.44,0.0647
model-cv-8,186,0.42,0.0641,0.45,0.0643
model-cv-8,187,0.46,0.0627,0.45,0.0644
model-cv-8,188,0.49,0.0642,0.44,0.065
model-cv-8,189,0.44,0.0631,0.45,0.0647
model-cv-8,190,0.42,0.0652,0.44,0.0649
model-cv-8,191,0.48,0.064,0.45,0.0643
model-cv-8,192,0.49,0.0636,0.45,0.0644
model-cv-8,193,0.44,0.0632,0.44,0.0649
model-cv-8,194,0.45,0.064,0.45,0.0645
model-cv-8,195,0.41,0.0642,0.45,0.0645
model-cv-8,196,0.42,0.0657,0.45,0.0647
model-cv-8,197,0.45,0.0656,0.45,0.0647
model-cv-8,198,0.46,0.0654,0.45,0.0647
model-cv-8,199,0.46,0.0633,0.44,0.0646
model-cv-9,0,0.26,0.077,0.3,0.076
model-cv-9,1,0.28,0.0755,0.35,0.0724
model-cv-9,2,0.33,0.0722,0.38,0.0703
model-cv-9,3,0.21,0.0716,0.4,0.0688
model-cv-9,4,0.35,0.0726,0.4,0.0678
model-cv-9,5,0.37,0.0704,0.41,0.0681
model-cv-9,6,0.49,0.0668,0.43,0.0666
model-cv-9,7,0.44,0.0728,0.43,0.0665
model-cv-9,8,0.47,0.067,0.44,0.0658
model-cv-9,9,0.4,0.0697,0.43,0.0659
model-cv-9,10,0.44,0.0674,0.44,0.0666
model-cv-9,11,0.37,0.0755,0.44,0.066
model-cv-9,12,0.37,0.0729,0.44,0.0658
model-cv-9,13,0.4,0.0694,0.44,0.0655
model-cv-9,14,0.44,0.0706,0.44,0.0656
model-cv-9,15,0.51,0.0649,0.44,0.065
model-cv-9,16,0.47,0.065,0.44,0.0647
model-cv-9,17,0.4,0.0755,0.45,0.0649
model-cv-9,18,0.44,0.0641,0.45,0.0648
model-cv-9,19,0.42,0.0696,0.45,0.0645
model-cv-9,20,0.53,0.0673,0.46,0.0645
model-cv-9,21,0.47,0.0651,0.46,0.0645
model-cv-9,22,0.51,0.0653,0.45,0.0646
model-cv-9,23,0.44,0.0678,0.45,0.0645
model-cv-9,24,0.4,0.0689,0.45,0.0645
model-cv-9,25,0.4,0.0687,0.46,0.064
model-cv-9,26,0.47,0.0665,0.44,0.0652
model-cv-9,27,0.49,0.0665,0.46,0.064
model-cv-9,28,0.4,0.0729,0.46,0.0645
model-cv-9,29,0.47,0.0701,0.45,0.0643
model-cv-9,30,0.49,0.0646,0.46,0.0644
model-cv-9,31,0.53,0.0677,0.45,0.0642
model-cv-9,32,0.53,0.0628,0.46,0.0635
model-cv-9,33,0.51,0.0676,0.45,0.0647
model-cv-9,34,0.35,0.0734,0.46,0.0642
model-cv-9,35,0.49,0.0659,0.46,0.0637
model-cv-9,36,0.4,0.0679,0.46,0.0639
model-cv-9,37,0.53,0.0621,0.46,0.0635
model-cv-9,38,0.49,0.0629,0.45,0.0642
model-cv-9,39,0.42,0.0698,0.45,0.0639
model-cv-9,40,0.56,0.0643,0.46,0.0638
model-cv-9,41,0.49,0.0709,0.46,0.0642
model-cv-9,42,0.42,0.0652,0.46,0.0641
model-cv-9,43,0.47,0.0637,0.46,0.0638
model-cv-9,44,0.53,0.0648,0.46,0.0635
model-cv-9,45,0.49,0.0675,0.46,0.0634
model-cv-9,46,0.42,0.0659,0.46,0.0635
model-cv-9,47,0.51,0.064,0.47,0.0636
model-cv-9,48,0.42,0.069,0.46,0.0637
model-cv-9,49,0.49,0.0679,0.47,0.0637
model-cv-9,50,0.47,0.0668,0.46,0.0636
model-cv-9,51,0.4,0.0721,0.46,0.0638
model-cv-9,52,0.3,0.0748,0.46,0.0636
model-cv-9,53,0.35,0.0685,0.47,0.0635
model-cv-9,54,0.44,0.0647,0.46,0.0638
model-cv-9,55,0.47,0.0673,0.47,0.0636
model-cv-9,56,0.42,0.0641,0.46,0.0635
model-cv-9,57,0.6,0.0613,0.47,0.0633
model-cv-9,58,0.47,0.0682,0.46,0.0633
model-cv-9,59,0.49,0.0643,0.47,0.0632
model-cv-9,60,0.47,0.0674,0.47,0.0631
model-cv-9,61,0.49,0.0656,0.46,0.0632
model-cv-9,62,0.44,0.0652,0.47,0.0638
model-cv-9,63,0.42,0.0662,0.46,0.0637
model-cv-9,64,0.44,0.0601,0.47,0.0635
model-cv-9,65,0.44,0.069,0.46,0.0637
model-cv-9,66,0.49,0.067,0.46,0.063
model-cv-9,67,0.51,0.0677,0.47,0.0632
model-cv-9,68,0.58,0.0636,0.47,0.0634
model-cv-9,69,0.47,0.0662,0.47,0.0637
model-cv-9,70,0.53,0.0599,0.47,0.0637
model-cv-9,71,0.56,0.0637,0.46,0.0632
model-cv-9,72,0.49,0.062,0.46,0.0633
model-cv-9,73,0.44,0.0697,0.46,0.0636
model-cv-9,74,0.37,0.0682,0.47,0.0632
model-cv-9,75,0.42,0.0703,0.47,0.0635
model-cv-9,76,0.49,0.0671,0.46,0.0637
model-cv-9,77,0.51,0.0623,0.47,0.0637
model-cv-9,78,0.6,0.0599,0.46,0.0637
model-cv-9,79,0.49,0.0649,0.47,0.0634
model-cv-9,80,0.42,0.0667,0.47,0.063
model-cv-9,81,0.49,0.0654,0.47,0.0636
model-cv-9,82,0.49,0.0683,0.46,0.064
model-cv-9,83,0.53,0.0615,0.47,0.063
model-cv-9,84,0.56,0.0644,0.46,0.0635
model-cv-9,85,0.37,0.0667,0.47,0.0636
model-cv-9,86,0.49,0.0633,0.46,0.0632
model-cv-9,87,0.33,0.0687,0.47,0.0634
model-cv-9,88,0.47,0.0664,0.46,0.0635
model-cv-9,89,0.49,0.0665,0.46,0.0636
model-cv-9,90,0.51,0.0638,0.47,0.0628
model-cv-9,91,0.44,0.0712,0.47,0.0635
model-cv-9,92,0.44,0.0695,0.47,0.0631
model-cv-9,93,0.44,0.0633,0.47,0.0631
model-cv-9,94,0.42,0.0675,0.47,0.0633
model-cv-9,95,0.49,0.0632,0.47,0.0637
model-cv-9,96,0.33,0.0718,0.47,0.0635
model-cv-9,97,0.51,0.0703,0.47,0.0635
model-cv-9,98,0.44,0.0638,0.47,0.0633
model-cv-9,99,0.6,0.0643,0.47,0.0629
model-cv-9,100,0.47,0.062,0.47,0.0626
model-cv-9,101,0.49,0.0701,0.47,0.0632
model-cv-9,102,0.49,0.0651,0.47,0.0625
model-cv-9,103,0.42,0.0672,0.47,0.0631
model-cv-9,104,0.49,0.0636,0.46,0.0633
model-cv-9,105,0.53,0.0683,0.48,0.0626
model-cv-9,106,0.47,0.0604,0.47,0.0631
model-cv-9,107,0.47,0.0678,0.47,0.0632
model-cv-9,108,0.51,0.0645,0.46,0.0634
model-cv-9,109,0.51,0.0645,0.47,0.0636
model-cv-9,110,0.44,0.066,0.47,0.0632
model-cv-9,111,0.47,0.068,0.47,0.0629
model-cv-9,112,0.49,0.0627,0.47,0.0628
model-cv-9,113,0.42,0.0716,0.47,0.0633
model-cv-9,114,0.44,0.0629,0.47,0.0631
model-cv-9,115,0.4,0.067,0.48,0.0627
model-cv-9,116,0.49,0.0593,0.47,0.0627
model-cv-9,117,0.53,0.0657,0.47,0.0632
model-cv-9,118,0.4,0.0652,0.47,0.0635
model-cv-9,119,0.51,0.0598,0.48,0.0622
model-cv-9,120,0.58,0.0635,0.47,0.0632
model-cv-9,121,0.49,0.0669,0.47,0.063
model-cv-9,122,0.42,0.066,0.47,0.0634
model-cv-9,123,0.47,0.0623,0.47,0.0635
model-cv-9,124,0.49,0.0624,0.47,0.0632
model-cv-9,125,0.51,0.0647,0.47,0.0625
model-cv-9,126,0.49,0.0697,0.46,0.0638
model-cv-9,127,0.42,0.0655,0.47,0.0629
model-cv-9,128,0.49,0.0677,0.47,0.0637
model-cv-9,129,0.6,0.059,0.47,0.0623
model-cv-9,130,0.4,0.0681,0.47,0.063
model-cv-9,131,0.47,0.0631,0.47,0.0626
model-cv-9,132,0.42,0.0659,0.47,0.0632
model-cv-9,133,0.49,0.0625,0.47,0.0632
model-cv-9,134,0.47,0.0681,0.47,0.0626
model-cv-9,135,0.49,0.0617,0.47,0.0631
model-cv-9,136,0.37,0.0655,0.47,0.0626
model-cv-9,137,0.49,0.068,0.47,0.0633
model-cv-9,138,0.51,0.0636,0.47,0.0629
model-cv-9,139,0.51,0.0641,0.47,0.0626
model-cv-9,140,0.42,0.071,0.47,0.0631
model-cv-9,141,0.3,0.07,0.48,0.0627
model-cv-9,142,0.47,0.0659,0.47,0.0627
model-cv-9,143,0.63,0.0622,0.48,0.0625
model-cv-9,144,0.6,0.0592,0.47,0.063
model-cv-9,145,0.47,0.0661,0.47,0.0635
model-cv-9,146,0.47,0.0618,0.47,0.0627
model-cv-9,147,0.47,0.0651,0.47,0.0623
model-cv-9,148,0.44,0.0686,0.47,0.0628
model-cv-9,149,0.44,0.0697,0.47,0.0628
model-cv-9,150,0.53,0.0645,0.47,0.0633
model-cv-9,151,0.49,0.0634,0.48,0.0624
model-cv-9,152,0.49,0.0624,0.47,0.063
model-cv-9,153,0.47,0.0642,0.47,0.0633
model-cv-9,154,0.47,0.0643,0.47,0.0629
model-cv-9,155,0.44,0.0613,0.47,0.0623
model-cv-9,156,0.56,0.0625,0.47,0.0625
model-cv-9,157,0.49,0.0646,0.47,0.0627
model-cv-9,158,0.49,0.0664,0.47,0.063
model-cv-9,159,0.49,0.0657,0.48,0.0625
model-cv-9,160,0.53,0.0598,0.47,0.0628
model-cv-9,161,0.53,0.063,0.47,0.0626
model-cv-9,162,0.51,0.0593,0.48,0.0623
model-cv-9,163,0.47,0.0675,0.47,0.063
model-cv-9,164,0.47,0.0665,0.47,0.0631
model-cv-9,165,0.4,0.0679,0.46,0.0644
model-cv-9,166,0.51,0.0669,0.47,0.0632
model-cv-9,167,0.47,0.0666,0.47,0.0631
model-cv-9,168,0.49,0.0628,0.47,0.0625
model-cv-9,169,0.53,0.0664,0.47,0.0635
model-cv-9,170,0.51,0.064,0.47,0.0627
model-cv-9,171,0.33,0.0692,0.47,0.0628
model-cv-9,172,0.44,0.0697,0.47,0.063
model-cv-9,173,0.44,0.0668,0.47,0.0625
model-cv-9,174,0.49,0.0609,0.47,0.0623
model-cv-9,175,0.42,0.0627,0.47,0.0631
model-cv-9,176,0.58,0.0572,0.48,0.0621
model-cv-9,177,0.53,0.0642,0.47,0.0626
model-cv-9,178,0.53,0.0599,0.47,0.0627
model-cv-9,179,0.58,0.0611,0.47,0.063
model-cv-9,180,0.44,0.0639,0.47,0.0631
model-cv-9,181,0.53,0.0629,0.47,0.0629
model-cv-9,182,0.63,0.0582,0.47,0.0626
model-cv-9,183,0.58,0.0611,0.47,0.0628
model-cv-9,184,0.56,0.0584,0.47,0.063
model-cv-9,185,0.49,0.0632,0.47,0.0634
model-cv-9,186,0.51,0.0635,0.47,0.0627
model-cv-9,187,0.56,0.0629,0.47,0.0633
model-cv-9,188,0.47,0.0623,0.47,0.0627
model-cv-9,189,0.47,0.0682,0.47,0.0627
model-cv-9,190,0.51,0.0612,0.47,0.063
model-cv-9,191,0.51,0.0623,0.47,0.0627
model-cv-9,192,0.53,0.0604,0.48,0.0626
model-cv-9,193,0.47,0.0685,0.47,0.0628
model-cv-9,194,0.56,0.0632,0.48,0.0629
model-cv-9,195,0.58,0.0628,0.47,0.0625
model-cv-9,196,0.49,0.0659,0.47,0.0631
model-cv-9,197,0.42,0.0635,0.47,0.0629
model-cv-9,198,0.56,0.0645,0.47,0.0629
model-cv-9,199,0.49,0.0663,0.48,0.0624
