model-cv-0,0,0.32,0.126,0.3,0.1273
model-cv-0,1,0.36,0.1157,0.37,0.1171
model-cv-0,2,0.4,0.1141,0.41,0.1121
model-cv-0,3,0.5,0.1061,0.44,0.1097
model-cv-0,4,0.56,0.1026,0.46,0.1068
model-cv-0,5,0.48,0.104,0.47,0.1046
model-cv-0,6,0.44,0.1061,0.48,0.103
model-cv-0,7,0.52,0.0973,0.49,0.1014
model-cv-0,8,0.44,0.1022,0.49,0.1017
model-cv-0,9,0.48,0.1059,0.49,0.1005
model-cv-0,10,0.56,0.0932,0.5,0.1007
model-cv-0,11,0.38,0.1184,0.5,0.0988
model-cv-0,12,0.54,0.0985,0.51,0.0979
model-cv-0,13,0.58,0.1009,0.51,0.0988
model-cv-0,14,0.6,0.1003,0.51,0.0971
model-cv-0,15,0.52,0.1103,0.52,0.0976
model-cv-0,16,0.52,0.1021,0.51,0.0973
model-cv-0,17,0.48,0.1079,0.52,0.096
model-cv-0,18,0.48,0.0986,0.52,0.0964
model-cv-0,19,0.58,0.0997,0.53,0.0958
model-cv-0,20,0.52,0.098,0.53,0.0951
model-cv-0,21,0.58,0.0969,0.53,0.0946
model-cv-0,22,0.46,0.1055,0.53,0.0953
model-cv-0,23,0.66,0.0879,0.53,0.0937
model-cv-0,24,0.56,0.091,0.53,0.0945
model-cv-0,25,0.54,0.1039,0.53,0.0937
model-cv-0,26,0.66,0.0891,0.53,0.0943
model-cv-0,27,0.66,0.0871,0.53,0.0936
model-cv-0,28,0.52,0.0969,0.54,0.093
model-cv-0,29,0.56,0.1009,0.53,0.0939
model-cv-0,30,0.5,0.1016,0.54,0.0925
model-cv-0,31,0.54,0.0978,0.54,0.0926
model-cv-0,32,0.46,0.1074,0.54,0.0926
model-cv-0,33,0.5,0.0964,0.54,0.0931
model-cv-0,34,0.56,0.104,0.55,0.0922
model-cv-0,35,0.5,0.1037,0.54,0.0924
model-cv-0,36,0.62,0.0878,0.54,0.092
model-cv-0,37,0.52,0.0968,0.53,0.0933
model-cv-0,38,0.56,0.0904,0.54,0.0923
model-cv-0,39,0.48,0.0957,0.55,0.0918
model-cv-0,40,0.54,0.0983,0.54,0.0916
model-cv-0,41,0.56,0.1048,0.55,0.0912
model-cv-0,42,0.4,0.1123,0.55,0.0909
model-cv-0,43,0.62,0.0848,0.55,0.0916
model-cv-0,44,0.56,0.0927,0.55,0.0908
model-cv-0,45,0.66,0.083,0.55,0.0906
model-cv-0,46,0.6,0.0916,0.56,0.0901
model-cv-0,47,0.56,0.0958,0.55,0.0903
model-cv-0,48,0.56,0.0923,0.56,0.0896
model-cv-0,49,0.5,0.0951,0.56,0.0897
model-cv-0,50,0.5,0.0992,0.56,0.0894
model-cv-0,51,0.6,0.0932,0.55,0.0899
model-cv-0,52,0.54,0.0964,0.56,0.0899
model-cv-0,53,0.58,0.0899,0.55,0.09
model-cv-0,54,0.52,0.099,0.56,0.0894
model-cv-0,55,0.54,0.099,0.55,0.0897
model-cv-0,56,0.58,0.0859,0.56,0.0894
model-cv-0,57,0.64,0.0896,0.56,0.0893
model-cv-0,58,0.58,0.0943,0.56,0.0895
model-cv-0,59,0.54,0.0999,0.56,0.0889
model-cv-0,60,0.52,0.0969,0.56,0.0887
model-cv-0,61,0.56,0.0933,0.56,0.0892
model-cv-0,62,0.58,0.0912,0.57,0.0883
model-cv-0,63,0.68,0.0798,0.55,0.0896
model-cv-0,64,0.48,0.1108,0.56,0.0893
model-cv-0,65,0.52,0.0974,0.56,0.0887
model-cv-0,66,0.48,0.104,0.56,0.0896
model-cv-0,67,0.48,0.0999,0.57,0.0887
model-cv-0,68,0.62,0.0898,0.56,0.0893
model-cv-0,69,0.48,0.0981,0.57,0.0889
model-cv-0,70,0.52,0.101,0.57,0.0885
model-cv-0,71,0.5,0.0988,0.55,0.0897
model-cv-0,72,0.42,0.0984,0.56,0.0889
model-cv-0,73,0.48,0.0948,0.56,0.0887
model-cv-0,74,0.44,0.1077,0.57,0.0881
model-cv-0,75,0.6,0.0888,0.56,0.0885
model-cv-0,76,0.62,0.0865,0.56,0.088
model-cv-0,77,0.6,0.0899,0.57,0.0879
model-cv-0,78,0.56,0.0926,0.56,0.0891
model-cv-0,79,0.48,0.0985,0.56,0.0889
model-cv-0,80,0.52,0.096,0.57,0.0886
model-cv-0,81,0.68,0.091,0.57,0.0878
model-cv-0,82,0.6,0.0867,0.56,0.089
model-cv-0,83,0.54,0.0981,0.56,0.0887
model-cv-0,84,0.6,0.0963,0.56,0.0889
model-cv-0,85,0.54,0.0984,0.56,0.0886
model-cv-0,86,0.48,0.0927,0.55,0.0896
model-cv-0,87,0.48,0.1127,0.56,0.0886
model-cv-0,88,0.6,0.0939,0.56,0.0895
model-cv-0,89,0.52,0.0994,0.56,0.0889
model-cv-0,90,0.64,0.0884,0.56,0.0887
model-cv-0,91,0.58,0.0954,0.56,0.0887
model-cv-0,92,0.54,0.0964,0.57,0.0882
model-cv-0,93,0.54,0.0868,0.56,0.0885
model-cv-0,94,0.62,0.0912,0.57,0.0885
model-cv-0,95,0.52,0.0965,0.56,0.0892
model-cv-0,96,0.64,0.0884,0.57,0.0885
model-cv-0,97,0.58,0.092,0.57,0.0881
model-cv-0,98,0.62,0.097,0.56,0.089
model-cv-0,99,0.62,0.0993,0.57,0.0881
model-cv-0,100,0.54,0.0969,0.56,0.089
model-cv-0,101,0.58,0.0935,0.56,0.0884
model-cv-0,102,0.48,0.0947,0.57,0.0878
model-cv-0,103,0.62,0.0891,0.56,0.0888
model-cv-0,104,0.66,0.0864,0.57,0.0882
model-cv-0,105,0.56,0.0855,0.56,0.089
model-cv-0,106,0.5,0.0994,0.56,0.0884
model-cv-0,107,0.6,0.0921,0.57,0.0881
model-cv-0,108,0.56,0.0851,0.56,0.0894
model-cv-0,109,0.52,0.0991,0.57,0.088
model-cv-0,110,0.44,0.0974,0.57,0.0884
model-cv-0,111,0.46,0.098,0.57,0.0885
model-cv-0,112,0.54,0.0921,0.56,0.0882
model-cv-0,113,0.56,0.092,0.57,0.0877
model-cv-0,114,0.52,0.0906,0.57,0.0884
model-cv-0,115,0.5,0.0969,0.57,0.0869
model-cv-0,116,0.56,0.0925,0.56,0.0884
model-cv-0,117,0.54,0.0979,0.57,0.0883
model-cv-0,118,0.5,0.0975,0.57,0.0877
model-cv-0,119,0.52,0.0968,0.57,0.0881
model-cv-0,120,0.56,0.0881,0.57,0.0876
model-cv-0,121,0.56,0.0943,0.57,0.0884
model-cv-0,122,0.62,0.0927,0.57,0.0879
model-cv-0,123,0.58,0.0946,0.56,0.0879
model-cv-0,124,0.62,0.0788,0.56,0.0887
model-cv-0,125,0.4,0.1016,0.56,0.0879
model-cv-0,126,0.66,0.0831,0.57,0.0877
model-cv-0,127,0.54,0.0992,0.57,0.0874
model-cv-0,128,0.5,0.0939,0.56,0.0877
model-cv-0,129,0.66,0.0854,0.57,0.0877
model-cv-0,130,0.52,0.0892,0.57,0.0877
model-cv-0,131,0.6,0.0884,0.56,0.089
model-cv-0,132,0.62,0.0891,0.57,0.0875
model-cv-0,133,0.5,0.0956,0.57,0.0874
model-cv-0,134,0.6,0.0846,0.57,0.0875
model-cv-0,135,0.48,0.0955,0.57,0.087
model-cv-0,136,0.62,0.099,0.57,0.088
model-cv-0,137,0.6,0.0847,0.56,0.0886
model-cv-0,138,0.6,0.083,0.57,0.0878
model-cv-0,139,0.48,0.0939,0.57,0.0872
model-cv-0,140,0.52,0.1102,0.56,0.0884
model-cv-0,141,0.62,0.0923,0.57,0.0873
model-cv-0,142,0.5,0.1061,0.57,0.0876
model-cv-0,143,0.6,0.0963,0.57,0.0873
model-cv-0,144,0.48,0.103,0.56,0.0886
model-cv-0,145,0.6,0.089,0.57,0.0875
model-cv-0,146,0.5,0.092,0.57,0.0878
model-cv-0,147,0.58,0.0921,0.57,0.0872
model-cv-0,148,0.6,0.093,0.57,0.088
model-cv-0,149,0.58,0.085,0.57,0.0878
model-cv-0,150,0.66,0.0793,0.57,0.0874
model-cv-0,151,0.46,0.0981,0.57,0.0874
model-cv-0,152,0.58,0.0861,0.57,0.0872
model-cv-0,153,0.5,0.092,0.57,0.0876
model-cv-0,154,0.44,0.1036,0.56,0.0879
model-cv-0,155,0.42,0.1018,0.57,0.0866
model-cv-0,156,0.42,0.1054,0.57,0.0871
model-cv-0,157,0.44,0.1,0.58,0.087
model-cv-0,158,0.62,0.0933,0.56,0.0883
model-cv-0,159,0.66,0.0868,0.56,0.0879
model-cv-0,160,0.56,0.0946,0.57,0.0874
model-cv-0,161,0.54,0.0949,0.57,0.088
model-cv-0,162,0.44,0.1083,0.58,0.0866
model-cv-0,163,0.58,0.0938,0.56,0.0879
model-cv-0,164,0.6,0.0842,0.57,0.0879
model-cv-0,165,0.5,0.102,0.57,0.0871
model-cv-0,166,0.44,0.1007,0.57,0.0879
model-cv-0,167,0.52,0.0927,0.57,0.0883
model-cv-0,168,0.56,0.0908,0.57,0.0884
model-cv-0,169,0.58,0.0915,0.57,0.0877
model-cv-0,170,0.58,0.0933,0.57,0.0877
model-cv-0,171,0.62,0.0902,0.56,0.0879
model-cv-0,172,0.6,0.0855,0.56,0.0887
model-cv-0,173,0.48,0.102,0.57,0.0876
model-cv-0,174,0.52,0.0938,0.57,0.0878
model-cv-0,175,0.62,0.0911,0.56,0.0885
model-cv-0,176,0.54,0.0892,0.57,0.0873
model-cv-0,177,0.52,0.1003,0.57,0.0872
model-cv-0,178,0.6,0.0842,0.57,0.0879
model-cv-0,179,0.54,0.0908,0.57,0.0871
model-cv-0,180,0.62,0.0816,0.57,0.0876
model-cv-0,181,0.58,0.0926,0.57,0.0875
model-cv-0,182,0.52,0.0953,0.57,0.0874
model-cv-0,183,0.6,0.09,0.57,0.0875
model-cv-0,184,0.52,0.0986,0.57,0.0876
model-cv-0,185,0.62,0.0845,0.56,0.0889
model-cv-0,186,0.62,0.0908,0.57,0.088
model-cv-0,187,0.56,0.0936,0.56,0.0881
model-cv-0,188,0.46,0.102,0.57,0.0872
model-cv-0,189,0.48,0.0999,0.56,0.0886
model-cv-0,190,0.5,0.0993,0.56,0.0879
model-cv-0,191,0.52,0.0915,0.57,0.0872
model-cv-0,192,0.62,0.0959,0.56,0.0884
model-cv-0,193,0.5,0.0998,0.57,0.0869
model-cv-0,194,0.54,0.0955,0.57,0.0873
model-cv-0,195,0.54,0.0985,0.57,0.0874
model-cv-0,196,0.64,0.0911,0.57,0.0876
model-cv-0,197,0.56,0.0955,0.56,0.088
model-cv-0,198,0.58,0.0929,0.57,0.0872
model-cv-0,199,0.64,0.0848,0.57,0.0878
model-cv-0,200,0.5,0.0942,0.57,0.0869
model-cv-0,201,0.48,0.1018,0.57,0.0873
model-cv-0,202,0.6,0.0787,0.57,0.0875
model-cv-0,203,0.58,0.0926,0.57,0.0875
model-cv-0,204,0.68,0.0859,0.57,0.0876
model-cv-0,205,0.48,0.0936,0.57,0.0872
model-cv-0,206,0.46,0.1024,0.57,0.0872
model-cv-0,207,0.54,0.0921,0.57,0.0876
model-cv-0,208,0.52,0.0983,0.57,0.0868
model-cv-0,209,0.56,0.093,0.57,0.0875
model-cv-0,210,0.64,0.0958,0.57,0.0876
model-cv-0,211,0.62,0.0877,0.57,0.087
model-cv-0,212,0.62,0.0885,0.56,0.0876
model-cv-0,213,0.54,0.0946,0.57,0.0871
model-cv-0,214,0.66,0.089,0.56,0.0883
model-cv-0,215,0.48,0.0953,0.56,0.088
model-cv-0,216,0.48,0.1103,0.56,0.0881
model-cv-0,217,0.58,0.085,0.56,0.088
model-cv-0,218,0.46,0.0959,0.57,0.0878
model-cv-0,219,0.5,0.0942,0.56,0.0879
model-cv-0,220,0.48,0.0989,0.57,0.0869
model-cv-0,221,0.62,0.0962,0.57,0.0872
model-cv-0,222,0.52,0.0958,0.57,0.0877
model-cv-0,223,0.58,0.0919,0.57,0.0875
model-cv-0,224,0.68,0.0877,0.57,0.0876
model-cv-0,225,0.52,0.0922,0.57,0.0873
model-cv-0,226,0.54,0.0942,0.56,0.0881
model-cv-0,227,0.54,0.0977,0.57,0.0878
model-cv-0,228,0.62,0.0836,0.57,0.0873
model-cv-0,229,0.54,0.0897,0.57,0.0874
model-cv-0,230,0.58,0.089,0.56,0.0876
model-cv-0,231,0.56,0.0886,0.56,0.0873
model-cv-0,232,0.58,0.0902,0.56,0.0879
model-cv-0,233,0.52,0.0921,0.57,0.0878
model-cv-0,234,0.44,0.092,0.57,0.0873
model-cv-0,235,0.56,0.0898,0.57,0.0864
model-cv-0,236,0.6,0.0911,0.57,0.0875
model-cv-0,237,0.58,0.0934,0.57,0.0873
model-cv-0,238,0.64,0.0852,0.57,0.0879
model-cv-0,239,0.4,0.1054,0.58,0.0867
model-cv-0,240,0.64,0.0911,0.56,0.0882
model-cv-0,241,0.54,0.0958,0.57,0.0882
model-cv-0,242,0.48,0.0972,0.57,0.0871
model-cv-0,243,0.52,0.0967,0.56,0.0878
model-cv-0,244,0.54,0.0919,0.57,0.087
model-cv-0,245,0.7,0.0795,0.56,0.0882
model-cv-0,246,0.5,0.0985,0.57,0.0872
model-cv-0,247,0.54,0.0948,0.57,0.0877
model-cv-0,248,0.56,0.0926,0.57,0.0871
model-cv-0,249,0.48,0.1103,0.57,0.0873
model-cv-0,250,0.58,0.0912,0.57,0.0868
model-cv-0,251,0.52,0.0991,0.56,0.0886
model-cv-0,252,0.54,0.0913,0.57,0.0875
model-cv-0,253,0.54,0.0977,0.57,0.0876
model-cv-0,254,0.62,0.0863,0.57,0.088
model-cv-0,255,0.54,0.0974,0.57,0.0874
model-cv-0,256,0.44,0.0971,0.57,0.0874
model-cv-0,257,0.62,0.0862,0.57,0.0874
model-cv-0,258,0.6,0.0974,0.57,0.0875
model-cv-0,259,0.5,0.1047,0.57,0.0874
model-cv-0,260,0.56,0.0945,0.57,0.088
model-cv-0,261,0.52,0.085,0.57,0.0871
model-cv-0,262,0.6,0.0854,0.57,0.0876
model-cv-0,263,0.52,0.0911,0.57,0.0871
model-cv-0,264,0.6,0.091,0.57,0.0876
model-cv-0,265,0.48,0.1037,0.57,0.0867
model-cv-0,266,0.54,0.0945,0.57,0.087
model-cv-0,267,0.4,0.1031,0.57,0.0876
model-cv-0,268,0.58,0.088,0.57,0.0871
model-cv-0,269,0.62,0.0882,0.56,0.0876
model-cv-0,270,0.68,0.0857,0.57,0.0869
model-cv-0,271,0.56,0.0957,0.56,0.088
model-cv-0,272,0.54,0.1022,0.57,0.0878
model-cv-0,273,0.6,0.0824,0.57,0.0876
model-cv-0,274,0.5,0.0931,0.57,0.0873
model-cv-0,275,0.48,0.0958,0.57,0.0873
model-cv-0,276,0.48,0.1046,0.57,0.0876
model-cv-0,277,0.56,0.0991,0.57,0.0875
model-cv-0,278,0.6,0.0859,0.57,0.087
model-cv-0,279,0.48,0.1017,0.57,0.0881
model-cv-0,280,0.54,0.0938,0.57,0.0873
model-cv-0,281,0.48,0.0948,0.58,0.0869
model-cv-0,282,0.58,0.0901,0.57,0.0867
model-cv-0,283,0.56,0.0954,0.56,0.0883
model-cv-0,284,0.62,0.079,0.57,0.0869
model-cv-0,285,0.62,0.0937,0.57,0.0872
model-cv-0,286,0.44,0.0965,0.57,0.0874
model-cv-0,287,0.6,0.0915,0.57,0.0881
model-cv-0,288,0.46,0.093,0.57,0.0869
model-cv-0,289,0.52,0.0975,0.57,0.0878
model-cv-0,290,0.52,0.0948,0.57,0.0868
model-cv-0,291,0.68,0.0772,0.57,0.0877
model-cv-0,292,0.44,0.102,0.57,0.0877
model-cv-0,293,0.64,0.0909,0.57,0.0876
model-cv-0,294,0.5,0.0935,0.57,0.0874
model-cv-0,295,0.56,0.097,0.57,0.0872
model-cv-0,296,0.52,0.0905,0.57,0.0882
model-cv-0,297,0.56,0.0899,0.58,0.0869
model-cv-0,298,0.66,0.0843,0.57,0.0874
model-cv-0,299,0.6,0.0811,0.57,0.0874
model-cv-0,300,0.62,0.091,0.57,0.0879
model-cv-0,301,0.48,0.1032,0.56,0.0876
model-cv-0,302,0.54,0.0901,0.57,0.0872
model-cv-0,303,0.5,0.0976,0.57,0.0877
model-cv-0,304,0.6,0.087,0.57,0.0879
model-cv-0,305,0.64,0.0809,0.57,0.0882
model-cv-0,306,0.6,0.0864,0.57,0.0864
model-cv-0,307,0.6,0.0903,0.56,0.0887
model-cv-0,308,0.54,0.0926,0.57,0.087
model-cv-0,309,0.62,0.0902,0.57,0.087
model-cv-0,310,0.66,0.0848,0.57,0.0872
model-cv-0,311,0.6,0.0943,0.57,0.0871
model-cv-0,312,0.58,0.0924,0.57,0.0876
model-cv-0,313,0.52,0.0893,0.58,0.0868
model-cv-0,314,0.64,0.0874,0.57,0.0869
model-cv-0,315,0.58,0.0872,0.57,0.087
model-cv-0,316,0.5,0.1086,0.57,0.0876
model-cv-0,317,0.6,0.0923,0.57,0.0872
model-cv-0,318,0.54,0.0898,0.57,0.0876
model-cv-0,319,0.52,0.0888,0.57,0.0868
model-cv-0,320,0.52,0.0954,0.57,0.0872
model-cv-0,321,0.44,0.1007,0.56,0.0886
model-cv-0,322,0.58,0.0976,0.57,0.0876
model-cv-0,323,0.48,0.0987,0.57,0.0867
model-cv-0,324,0.54,0.1007,0.57,0.0875
model-cv-0,325,0.48,0.1051,0.57,0.0866
model-cv-0,326,0.52,0.0942,0.57,0.0875
model-cv-0,327,0.66,0.0795,0.57,0.0872
model-cv-0,328,0.56,0.0953,0.57,0.0872
model-cv-0,329,0.52,0.0898,0.57,0.087
model-cv-0,330,0.56,0.0908,0.58,0.0869
model-cv-0,331,0.56,0.0944,0.56,0.0875
model-cv-0,332,0.54,0.0937,0.57,0.0877
model-cv-0,333,0.62,0.0881,0.57,0.0879
model-cv-0,334,0.54,0.095,0.57,0.0876
model-cv-0,335,0.64,0.0836,0.57,0.0873
model-cv-0,336,0.5,0.0968,0.57,0.0872
model-cv-0,337,0.5,0.0939,0.57,0.0871
model-cv-0,338,0.54,0.0935,0.57,0.0869
model-cv-0,339,0.54,0.0863,0.58,0.0862
model-cv-0,340,0.52,0.086,0.57,0.0869
model-cv-0,341,0.5,0.092,0.57,0.0872
model-cv-0,342,0.54,0.1003,0.57,0.0876
model-cv-0,343,0.48,0.0937,0.57,0.0873
model-cv-0,344,0.46,0.092,0.57,0.0873
model-cv-0,345,0.52,0.0966,0.56,0.088
model-cv-0,346,0.56,0.0964,0.56,0.0879
model-cv-0,347,0.5,0.0977,0.57,0.0877
model-cv-0,348,0.5,0.1002,0.57,0.088
model-cv-0,349,0.52,0.1023,0.57,0.0869
model-cv-0,350,0.52,0.0979,0.57,0.0874
model-cv-0,351,0.7,0.0848,0.57,0.0875
model-cv-0,352,0.5,0.0996,0.57,0.0874
model-cv-0,353,0.6,0.0916,0.57,0.0875
model-cv-0,354,0.5,0.0971,0.57,0.0874
model-cv-0,355,0.54,0.0907,0.57,0.0876
model-cv-0,356,0.48,0.1005,0.57,0.0875
model-cv-0,357,0.6,0.0846,0.58,0.086
model-cv-0,358,0.54,0.0905,0.57,0.0869
model-cv-0,359,0.56,0.0835,0.57,0.0874
model-cv-0,360,0.52,0.1014,0.57,0.0871
model-cv-0,361,0.52,0.0917,0.57,0.0868
model-cv-0,362,0.68,0.0813,0.57,0.0868
model-cv-0,363,0.58,0.1008,0.57,0.0868
model-cv-0,364,0.66,0.0866,0.57,0.0872
model-cv-0,365,0.5,0.0981,0.58,0.0865
model-cv-0,366,0.56,0.0936,0.57,0.0878
model-cv-0,367,0.58,0.0823,0.57,0.0875
model-cv-0,368,0.56,0.0876,0.57,0.0874
model-cv-0,369,0.52,0.0879,0.57,0.0873
model-cv-0,370,0.58,0.0914,0.57,0.0867
model-cv-0,371,0.62,0.0896,0.57,0.0873
model-cv-0,372,0.62,0.0774,0.57,0.0878
model-cv-0,373,0.6,0.088,0.57,0.0873
model-cv-0,374,0.56,0.0898,0.58,0.0862
model-cv-0,375,0.62,0.0917,0.57,0.0871
model-cv-0,376,0.56,0.09,0.57,0.0868
model-cv-0,377,0.7,0.0878,0.57,0.0866
model-cv-0,378,0.46,0.1064,0.57,0.0876
model-cv-0,379,0.56,0.0915,0.56,0.0872
model-cv-0,380,0.5,0.1002,0.56,0.0882
model-cv-0,381,0.6,0.0933,0.57,0.0873
model-cv-0,382,0.66,0.0811,0.57,0.0879
model-cv-0,383,0.54,0.0977,0.57,0.0873
model-cv-0,384,0.58,0.0807,0.57,0.0876
model-cv-0,385,0.54,0.0923,0.57,0.0869
model-cv-0,386,0.48,0.105,0.57,0.0872
model-cv-0,387,0.54,0.0998,0.57,0.0879
model-cv-0,388,0.56,0.091,0.57,0.0875
model-cv-0,389,0.6,0.0868,0.58,0.087
model-cv-0,390,0.56,0.0881,0.57,0.0871
model-cv-0,391,0.66,0.0823,0.57,0.0871
model-cv-0,392,0.54,0.0939,0.57,0.0873
model-cv-0,393,0.54,0.0909,0.57,0.0871
model-cv-0,394,0.68,0.0816,0.57,0.0872
model-cv-0,395,0.6,0.0853,0.57,0.0873
model-cv-0,396,0.56,0.0932,0.57,0.0872
model-cv-0,397,0.64,0.0873,0.57,0.0874
model-cv-0,398,0.58,0.0908,0.58,0.0865
model-cv-0,399,0.54,0.0959,0.57,0.0873
model-cv-1,0,0.2,0.1294,0.3,0.1274
model-cv-1,1,0.3,0.1203,0.32,0.1241
model-cv-1,2,0.34,0.1124,0.38,0.1166
model-cv-1,3,0.38,0.1079,0.39,0.1142
model-cv-1,4,0.34,0.1163,0.41,0.1123
model-cv-1,5,0.42,0.112,0.43,0.1098
model-cv-1,6,0.32,0.106,0.44,0.1081
model-cv-1,7,0.42,0.1031,0.46,0.1059
model-cv-1,8,0.46,0.1059,0.46,0.1053
model-cv-1,9,0.4,0.1031,0.46,0.1052
model-cv-1,10,0.42,0.1024,0.47,0.1037
model-cv-1,11,0.46,0.102,0.47,0.1031
model-cv-1,12,0.46,0.1009,0.48,0.1023
model-cv-1,13,0.42,0.1102,0.48,0.1024
model-cv-1,14,0.48,0.0931,0.48,0.1009
model-cv-1,15,0.54,0.0998,0.49,0.1008
model-cv-1,16,0.42,0.1036,0.49,0.1002
model-cv-1,17,0.42,0.1081,0.51,0.0978
model-cv-1,18,0.48,0.0956,0.51,0.0982
model-cv-1,19,0.52,0.104,0.5,0.1
model-cv-1,20,0.44,0.1021,0.51,0.0988
model-cv-1,21,0.5,0.1069,0.51,0.099
model-cv-1,22,0.5,0.0957,0.5,0.0991
model-cv-1,23,0.56,0.0996,0.52,0.0973
model-cv-1,24,0.52,0.1041,0.52,0.0979
model-cv-1,25,0.48,0.0961,0.52,0.0966
model-cv-1,26,0.52,0.0994,0.51,0.0975
model-cv-1,27,0.6,0.0938,0.53,0.0956
model-cv-1,28,0.5,0.0998,0.53,0.0946
model-cv-1,29,0.52,0.0947,0.53,0.0945
model-cv-1,30,0.46,0.1008,0.52,0.0958
model-cv-1,31,0.52,0.0968,0.53,0.095
model-cv-1,32,0.48,0.0941,0.53,0.094
model-cv-1,33,0.52,0.0938,0.52,0.0953
model-cv-1,34,0.48,0.101,0.52,0.0947
model-cv-1,35,0.48,0.0943,0.54,0.0943
model-cv-1,36,0.56,0.0939,0.54,0.0928
model-cv-1,37,0.42,0.1057,0.53,0.0943
model-cv-1,38,0.54,0.0875,0.54,0.0929
model-cv-1,39,0.44,0.1042,0.53,0.0942
model-cv-1,40,0.6,0.0921,0.54,0.0925
model-cv-1,41,0.42,0.1064,0.54,0.0924
model-cv-1,42,0.54,0.0987,0.53,0.0942
model-cv-1,43,0.46,0.1019,0.55,0.0919
model-cv-1,44,0.48,0.0992,0.54,0.0919
model-cv-1,45,0.62,0.0805,0.55,0.0919
model-cv-1,46,0.52,0.0929,0.54,0.0926
model-cv-1,47,0.62,0.0931,0.55,0.0916
model-cv-1,48,0.48,0.1062,0.55,0.0924
model-cv-1,49,0.6,0.0928,0.54,0.0933
model-cv-1,50,0.58,0.0934,0.55,0.0914
model-cv-1,51,0.46,0.0937,0.54,0.0924
model-cv-1,52,0.62,0.0903,0.54,0.0922
model-cv-1,53,0.52,0.0913,0.56,0.0907
model-cv-1,54,0.54,0.1016,0.55,0.0914
model-cv-1,55,0.52,0.0979,0.54,0.0919
model-cv-1,56,0.56,0.0901,0.55,0.0922
model-cv-1,57,0.52,0.0946,0.55,0.0905
model-cv-1,58,0.58,0.0921,0.54,0.0924
model-cv-1,59,0.38,0.1099,0.54,0.0925
model-cv-1,60,0.48,0.1061,0.55,0.0912
model-cv-1,61,0.46,0.0946,0.55,0.0906
model-cv-1,62,0.46,0.1033,0.55,0.0909
model-cv-1,63,0.5,0.0894,0.55,0.0902
model-cv-1,64,0.5,0.0984,0.55,0.0916
model-cv-1,65,0.48,0.1006,0.55,0.0914
model-cv-1,66,0.68,0.081,0.54,0.0922
model-cv-1,67,0.52,0.1043,0.56,0.0904
model-cv-1,68,0.64,0.0924,0.55,0.0917
model-cv-1,69,0.62,0.0901,0.54,0.0922
model-cv-1,70,0.58,0.085,0.56,0.09
model-cv-1,71,0.54,0.0972,0.55,0.0918
model-cv-1,72,0.48,0.0962,0.55,0.0898
model-cv-1,73,0.46,0.1022,0.54,0.0926
model-cv-1,74,0.5,0.091,0.55,0.0911
model-cv-1,75,0.48,0.0973,0.55,0.0908
model-cv-1,76,0.44,0.1035,0.55,0.0898
model-cv-1,77,0.38,0.104,0.55,0.0911
model-cv-1,78,0.5,0.0983,0.55,0.0911
model-cv-1,79,0.48,0.0936,0.55,0.0902
model-cv-1,80,0.56,0.1031,0.55,0.091
model-cv-1,81,0.46,0.1033,0.55,0.091
model-cv-1,82,0.42,0.1061,0.55,0.0903
model-cv-1,83,0.48,0.0983,0.55,0.0904
model-cv-1,84,0.52,0.0964,0.55,0.0903
model-cv-1,85,0.54,0.0952,0.55,0.0912
model-cv-1,86,0.48,0.0985,0.55,0.0911
model-cv-1,87,0.48,0.1006,0.55,0.0911
model-cv-1,88,0.56,0.0911,0.56,0.0903
model-cv-1,89,0.52,0.0949,0.55,0.0899
model-cv-1,90,0.6,0.0865,0.55,0.0917
model-cv-1,91,0.64,0.0801,0.56,0.09
model-cv-1,92,0.52,0.1048,0.56,0.0901
model-cv-1,93,0.44,0.0975,0.56,0.09
model-cv-1,94,0.42,0.1086,0.55,0.0911
model-cv-1,95,0.44,0.1018,0.56,0.0905
model-cv-1,96,0.48,0.1007,0.56,0.0896
model-cv-1,97,0.46,0.0943,0.56,0.0899
model-cv-1,98,0.6,0.0897,0.56,0.0901
model-cv-1,99,0.62,0.0915,0.55,0.0907
model-cv-1,100,0.52,0.0958,0.56,0.09
model-cv-1,101,0.6,0.094,0.56,0.0902
model-cv-1,102,0.58,0.0905,0.56,0.0898
model-cv-1,103,0.54,0.0956,0.55,0.0906
model-cv-1,104,0.54,0.1022,0.55,0.0905
model-cv-1,105,0.46,0.1051,0.56,0.0895
model-cv-1,106,0.58,0.0921,0.56,0.0899
model-cv-1,107,0.56,0.0923,0.55,0.0907
model-cv-1,108,0.52,0.0973,0.56,0.0898
model-cv-1,109,0.4,0.0968,0.55,0.0902
model-cv-1,110,0.46,0.0944,0.56,0.0895
model-cv-1,111,0.44,0.0985,0.55,0.0901
model-cv-1,112,0.52,0.0896,0.56,0.0898
model-cv-1,113,0.52,0.0951,0.56,0.0902
model-cv-1,114,0.54,0.0993,0.54,0.0913
model-cv-1,115,0.52,0.0909,0.55,0.0906
model-cv-1,116,0.64,0.0905,0.55,0.0903
model-cv-1,117,0.48,0.0931,0.55,0.0907
model-cv-1,118,0.48,0.0937,0.55,0.0904
model-cv-1,119,0.58,0.0919,0.56,0.0899
model-cv-1,120,0.52,0.0939,0.55,0.0922
model-cv-1,121,0.6,0.0919,0.56,0.0903
model-cv-1,122,0.54,0.0907,0.55,0.0903
model-cv-1,123,0.62,0.0931,0.55,0.0909
model-cv-1,124,0.56,0.0857,0.55,0.0898
model-cv-1,125,0.5,0.097,0.55,0.0906
model-cv-1,126,0.6,0.0885,0.55,0.0905
model-cv-1,127,0.54,0.0911,0.55,0.0908
model-cv-1,128,0.5,0.1008,0.56,0.0899
model-cv-1,129,0.48,0.0978,0.55,0.0907
model-cv-1,130,0.52,0.0952,0.56,0.0899
model-cv-1,131,0.56,0.0946,0.56,0.0897
model-cv-1,132,0.54,0.0935,0.55,0.0902
model-cv-1,133,0.46,0.0958,0.56,0.0898
model-cv-1,134,0.5,0.0932,0.55,0.0902
model-cv-1,135,0.64,0.0886,0.56,0.0898
model-cv-1,136,0.5,0.0985,0.55,0.0902
model-cv-1,137,0.5,0.0941,0.56,0.09
model-cv-1,138,0.54,0.0924,0.56,0.09
model-cv-1,139,0.42,0.1057,0.55,0.0905
model-cv-1,140,0.52,0.0982,0.55,0.0902
model-cv-1,141,0.5,0.1055,0.55,0.0917
model-cv-1,142,0.5,0.0952,0.56,0.0892
model-cv-1,143,0.66,0.0812,0.55,0.0907
model-cv-1,144,0.48,0.09,0.55,0.0907
model-cv-1,145,0.62,0.088,0.56,0.0899
model-cv-1,146,0.54,0.0915,0.55,0.0905
model-cv-1,147,0.54,0.0984,0.56,0.0901
model-cv-1,148,0.46,0.1081,0.55,0.0919
model-cv-1,149,0.58,0.0954,0.55,0.0915
model-cv-1,150,0.52,0.091,0.55,0.0909
model-cv-1,151,0.54,0.0896,0.55,0.0904
model-cv-1,152,0.6,0.0931,0.55,0.0914
model-cv-1,153,0.5,0.1031,0.55,0.0899
model-cv-1,154,0.56,0.0929,0.55,0.091
model-cv-1,155,0.62,0.0864,0.55,0.09
model-cv-1,156,0.6,0.0925,0.55,0.0901
model-cv-1,157,0.58,0.0999,0.55,0.0907
model-cv-1,158,0.48,0.0976,0.55,0.0902
model-cv-1,159,0.7,0.0829,0.56,0.0897
model-cv-1,160,0.56,0.095,0.55,0.0903
model-cv-1,161,0.56,0.0981,0.55,0.0902
model-cv-1,162,0.58,0.0945,0.55,0.0902
model-cv-1,163,0.54,0.1004,0.56,0.09
model-cv-1,164,0.56,0.0875,0.55,0.0904
model-cv-1,165,0.56,0.0875,0.56,0.0895
model-cv-1,166,0.52,0.0916,0.56,0.0888
model-cv-1,167,0.58,0.0974,0.55,0.0904
model-cv-1,168,0.48,0.1001,0.56,0.09
model-cv-1,169,0.48,0.0992,0.56,0.0894
model-cv-1,170,0.56,0.0893,0.56,0.0894
model-cv-1,171,0.64,0.0885,0.55,0.092
model-cv-1,172,0.56,0.0957,0.56,0.089
model-cv-1,173,0.56,0.0938,0.55,0.0902
model-cv-1,174,0.6,0.0972,0.55,0.0903
model-cv-1,175,0.5,0.0956,0.55,0.0899
model-cv-1,176,0.44,0.0969,0.56,0.0895
model-cv-1,177,0.54,0.0941,0.55,0.0897
model-cv-1,178,0.54,0.0925,0.55,0.0905
model-cv-1,179,0.5,0.0999,0.55,0.0903
model-cv-1,180,0.64,0.0863,0.56,0.089
model-cv-1,181,0.66,0.0855,0.55,0.0902
model-cv-1,182,0.54,0.0956,0.56,0.0892
model-cv-1,183,0.58,0.0869,0.56,0.0896
model-cv-1,184,0.38,0.1002,0.56,0.09
model-cv-1,185,0.48,0.1001,0.55,0.0905
model-cv-1,186,0.4,0.1085,0.56,0.0895
model-cv-1,187,0.5,0.1037,0.56,0.0897
model-cv-1,188,0.44,0.1051,0.56,0.0901
model-cv-1,189,0.48,0.1041,0.56,0.0893
model-cv-1,190,0.46,0.1,0.55,0.0904
model-cv-1,191,0.56,0.0997,0.56,0.0898
model-cv-1,192,0.52,0.0973,0.56,0.09
model-cv-1,193,0.5,0.0965,0.56,0.0897
model-cv-1,194,0.54,0.0931,0.56,0.089
model-cv-1,195,0.58,0.091,0.56,0.0898
model-cv-1,196,0.48,0.0986,0.57,0.089
model-cv-1,197,0.6,0.0877,0.55,0.091
model-cv-1,198,0.6,0.0917,0.56,0.0893
model-cv-1,199,0.58,0.0886,0.56,0.0892
model-cv-1,200,0.5,0.1003,0.56,0.0893
model-cv-1,201,0.54,0.0958,0.55,0.0912
model-cv-1,202,0.56,0.0894,0.55,0.0902
model-cv-1,203,0.58,0.0851,0.55,0.0903
model-cv-1,204,0.48,0.0956,0.56,0.0903
model-cv-1,205,0.58,0.0962,0.56,0.0889
model-cv-1,206,0.44,0.0891,0.56,0.0896
model-cv-1,207,0.56,0.0954,0.57,0.0885
model-cv-1,208,0.54,0.0972,0.56,0.0892
model-cv-1,209,0.56,0.0932,0.56,0.0892
model-cv-1,210,0.56,0.0848,0.56,0.0895
model-cv-1,211,0.58,0.1025,0.56,0.089
model-cv-1,212,0.6,0.0985,0.56,0.0888
model-cv-1,213,0.56,0.0953,0.56,0.0885
model-cv-1,214,0.5,0.1058,0.55,0.0895
model-cv-1,215,0.56,0.0941,0.55,0.0896
model-cv-1,216,0.5,0.1026,0.56,0.0894
model-cv-1,217,0.56,0.0956,0.56,0.0894
model-cv-1,218,0.5,0.1,0.56,0.0895
model-cv-1,219,0.54,0.0947,0.56,0.0896
model-cv-1,220,0.6,0.0932,0.56,0.089
model-cv-1,221,0.58,0.0917,0.55,0.0903
model-cv-1,222,0.5,0.0974,0.56,0.0899
model-cv-1,223,0.48,0.0977,0.56,0.0895
model-cv-1,224,0.5,0.0946,0.56,0.0888
model-cv-1,225,0.5,0.101,0.55,0.0902
model-cv-1,226,0.56,0.0975,0.56,0.0891
model-cv-1,227,0.46,0.095,0.56,0.0889
model-cv-1,228,0.62,0.0868,0.57,0.0882
model-cv-1,229,0.54,0.0939,0.56,0.0892
model-cv-1,230,0.56,0.1017,0.56,0.0891
model-cv-1,231,0.5,0.0982,0.56,0.0894
model-cv-1,232,0.46,0.0896,0.56,0.0893
model-cv-1,233,0.54,0.0975,0.56,0.0888
model-cv-1,234,0.54,0.0962,0.56,0.0892
model-cv-1,235,0.6,0.0869,0.56,0.0895
model-cv-1,236,0.52,0.0907,0.56,0.0892
model-cv-1,237,0.56,0.0872,0.56,0.0891
model-cv-1,238,0.48,0.1027,0.56,0.0888
model-cv-1,239,0.58,0.0886,0.56,0.089
model-cv-1,240,0.6,0.0886,0.56,0.089
model-cv-1,241,0.62,0.0887,0.56,0.0894
model-cv-1,242,0.6,0.0914,0.56,0.0892
model-cv-1,243,0.52,0.1016,0.56,0.0895
model-cv-1,244,0.5,0.1021,0.56,0.0888
model-cv-1,245,0.54,0.092,0.57,0.0885
model-cv-1,246,0.58,0.0951,0.56,0.0892
model-cv-1,247,0.66,0.0953,0.57,0.0892
model-cv-1,248,0.54,0.1005,0.57,0.0886
model-cv-1,249,0.54,0.0968,0.56,0.0884
model-cv-1,250,0.52,0.0899,0.56,0.0891
model-cv-1,251,0.56,0.1015,0.56,0.0892
model-cv-1,252,0.58,0.0951,0.56,0.0903
model-cv-1,253,0.5,0.0999,0.56,0.089
model-cv-1,254,0.64,0.0891,0.56,0.0899
model-cv-1,255,0.56,0.0862,0.55,0.0904
model-cv-1,256,0.54,0.0968,0.56,0.0898
model-cv-1,257,0.58,0.0928,0.56,0.0899
model-cv-1,258,0.48,0.1058,0.56,0.0897
model-cv-1,259,0.58,0.0929,0.56,0.0889
model-cv-1,260,0.42,0.1008,0.56,0.0891
model-cv-1,261,0.5,0.0963,0.56,0.089
model-cv-1,262,0.52,0.0919,0.56,0.089
model-cv-1,263,0.58,0.0921,0.56,0.0896
model-cv-1,264,0.5,0.0993,0.56,0.0882
model-cv-1,265,0.42,0.0974,0.56,0.0888
model-cv-1,266,0.58,0.0986,0.56,0.0894
model-cv-1,267,0.48,0.096,0.56,0.0889
model-cv-1,268,0.46,0.1087,0.56,0.0892
model-cv-1,269,0.6,0.0874,0.57,0.0883
model-cv-1,270,0.56,0.0929,0.56,0.0887
model-cv-1,271,0.56,0.092,0.56,0.0889
model-cv-1,272,0.56,0.096,0.56,0.0892
model-cv-1,273,0.6,0.0868,0.56,0.0888
model-cv-1,274,0.58,0.1023,0.57,0.0884
model-cv-1,275,0.6,0.0884,0.56,0.0889
model-cv-1,276,0.58,0.0891,0.56,0.0882
model-cv-1,277,0.58,0.0931,0.56,0.0887
model-cv-1,278,0.56,0.0891,0.55,0.0905
model-cv-1,279,0.52,0.0891,0.56,0.0886
model-cv-1,280,0.56,0.0909,0.56,0.0888
model-cv-1,281,0.56,0.0902,0.56,0.0897
model-cv-1,282,0.52,0.0922,0.56,0.0891
model-cv-1,283,0.56,0.0918,0.56,0.0888
model-cv-1,284,0.54,0.0891,0.56,0.089
model-cv-1,285,0.56,0.0909,0.56,0.0888
model-cv-1,286,0.62,0.0878,0.57,0.0879
model-cv-1,287,0.48,0.1042,0.56,0.0887
model-cv-1,288,0.56,0.0936,0.56,0.0887
model-cv-1,289,0.52,0.0963,0.57,0.0881
model-cv-1,290,0.6,0.0965,0.56,0.0899
model-cv-1,291,0.44,0.1046,0.56,0.0889
model-cv-1,292,0.56,0.0925,0.56,0.0889
model-cv-1,293,0.52,0.1056,0.55,0.0899
model-cv-1,294,0.58,0.0928,0.56,0.0887
model-cv-1,295,0.54,0.096,0.55,0.0906
model-cv-1,296,0.54,0.1002,0.56,0.0892
model-cv-1,297,0.5,0.0991,0.57,0.0882
model-cv-1,298,0.62,0.0868,0.55,0.0896
model-cv-1,299,0.66,0.0879,0.55,0.0909
model-cv-1,300,0.62,0.087,0.56,0.0895
model-cv-1,301,0.6,0.0891,0.56,0.0897
model-cv-1,302,0.52,0.0967,0.56,0.0886
model-cv-1,303,0.48,0.0961,0.56,0.0897
model-cv-1,304,0.54,0.0943,0.56,0.0884
model-cv-1,305,0.54,0.0967,0.56,0.0883
model-cv-1,306,0.62,0.0859,0.55,0.0899
model-cv-1,307,0.56,0.1006,0.56,0.0887
model-cv-1,308,0.5,0.1086,0.55,0.0908
model-cv-1,309,0.62,0.0969,0.57,0.0881
model-cv-1,310,0.68,0.0906,0.57,0.0885
model-cv-1,311,0.58,0.0918,0.57,0.0885
model-cv-1,312,0.6,0.0964,0.56,0.0888
model-cv-1,313,0.58,0.0959,0.55,0.0908
model-cv-1,314,0.54,0.0931,0.56,0.0897
model-cv-1,315,0.48,0.0947,0.55,0.0912
model-cv-1,316,0.5,0.0982,0.56,0.0897
model-cv-1,317,0.54,0.0902,0.56,0.0891
model-cv-1,318,0.7,0.0781,0.56,0.0896
model-cv-1,319,0.58,0.0983,0.56,0.0886
model-cv-1,320,0.62,0.0949,0.56,0.0898
model-cv-1,321,0.52,0.0957,0.56,0.0891
model-cv-1,322,0.54,0.0949,0.56,0.0886
model-cv-1,323,0.58,0.0897,0.55,0.0904
model-cv-1,324,0.6,0.0932,0.56,0.0881
model-cv-1,325,0.56,0.0961,0.56,0.089
model-cv-1,326,0.52,0.0933,0.56,0.0891
model-cv-1,327,0.54,0.0935,0.56,0.089
model-cv-1,328,0.62,0.0828,0.56,0.0893
model-cv-1,329,0.6,0.0904,0.56,0.0889
model-cv-1,330,0.48,0.0933,0.56,0.0895
model-cv-1,331,0.44,0.097,0.56,0.0883
model-cv-1,332,0.56,0.0915,0.56,0.0897
model-cv-1,333,0.54,0.1057,0.57,0.0883
model-cv-1,334,0.6,0.088,0.57,0.0887
model-cv-1,335,0.42,0.0951,0.57,0.0883
model-cv-1,336,0.58,0.0956,0.57,0.0882
model-cv-1,337,0.62,0.0912,0.56,0.0893
model-cv-1,338,0.54,0.0952,0.56,0.0891
model-cv-1,339,0.52,0.0975,0.56,0.0889
model-cv-1,340,0.58,0.0894,0.56,0.0888
model-cv-1,341,0.46,0.0969,0.56,0.0897
model-cv-1,342,0.58,0.0988,0.56,0.0895
model-cv-1,343,0.58,0.0908,0.56,0.0892
model-cv-1,344,0.52,0.0955,0.56,0.0889
model-cv-1,345,0.6,0.0955,0.56,0.0893
model-cv-1,346,0.54,0.0945,0.57,0.0883
model-cv-1,347,0.5,0.0971,0.56,0.0892
model-cv-1,348,0.52,0.0959,0.56,0.0895
model-cv-1,349,0.6,0.0858,0.57,0.0885
model-cv-1,350,0.56,0.0942,0.55,0.0902
model-cv-1,351,0.52,0.0915,0.56,0.0883
model-cv-1,352,0.5,0.0929,0.55,0.0893
model-cv-1,353,0.54,0.0976,0.56,0.0885
model-cv-1,354,0.58,0.0949,0.56,0.089
model-cv-1,355,0.54,0.0978,0.56,0.0894
model-cv-1,356,0.58,0.0931,0.57,0.0885
model-cv-1,357,0.58,0.0895,0.56,0.0887
model-cv-1,358,0.48,0.104,0.56,0.0892
model-cv-1,359,0.46,0.1025,0.55,0.0897
model-cv-1,360,0.58,0.099,0.56,0.0888
model-cv-1,361,0.54,0.0977,0.56,0.0895
model-cv-1,362,0.54,0.089,0.56,0.089
model-cv-1,363,0.42,0.1054,0.56,0.0886
model-cv-1,364,0.58,0.0966,0.56,0.0883
model-cv-1,365,0.6,0.0845,0.56,0.0899
model-cv-1,366,0.6,0.0897,0.57,0.0887
model-cv-1,367,0.56,0.0882,0.57,0.0874
model-cv-1,368,0.52,0.0838,0.57,0.0881
model-cv-1,369,0.6,0.0936,0.56,0.0887
model-cv-1,370,0.52,0.0936,0.56,0.089
model-cv-1,371,0.56,0.0853,0.56,0.0889
model-cv-1,372,0.52,0.0942,0.55,0.0899
model-cv-1,373,0.42,0.1012,0.56,0.0896
model-cv-1,374,0.56,0.0875,0.56,0.089
model-cv-1,375,0.68,0.0866,0.56,0.0891
model-cv-1,376,0.66,0.0969,0.56,0.0891
model-cv-1,377,0.56,0.0965,0.56,0.0883
model-cv-1,378,0.62,0.0926,0.56,0.0898
model-cv-1,379,0.54,0.0935,0.56,0.0894
model-cv-1,380,0.56,0.0901,0.56,0.0886
model-cv-1,381,0.72,0.0855,0.56,0.0892
model-cv-1,382,0.58,0.0899,0.56,0.0892
model-cv-1,383,0.54,0.0904,0.55,0.0899
model-cv-1,384,0.6,0.0925,0.57,0.088
model-cv-1,385,0.5,0.0984,0.57,0.0878
model-cv-1,386,0.62,0.0928,0.56,0.0893
model-cv-1,387,0.6,0.0933,0.57,0.0879
model-cv-1,388,0.58,0.0872,0.56,0.0887
model-cv-1,389,0.46,0.1007,0.57,0.0882
model-cv-1,390,0.6,0.0943,0.57,0.0875
model-cv-1,391,0.62,0.0982,0.56,0.0888
model-cv-1,392,0.6,0.0866,0.56,0.0885
model-cv-1,393,0.66,0.0837,0.56,0.0886
model-cv-1,394,0.54,0.0976,0.56,0.0892
model-cv-1,395,0.52,0.1007,0.56,0.0886
model-cv-1,396,0.58,0.0967,0.57,0.0886
model-cv-1,397,0.56,0.0834,0.56,0.09
model-cv-1,398,0.64,0.0884,0.56,0.0889
model-cv-1,399,0.48,0.1027,0.55,0.0898
model-cv-2,0,0.34,0.1199,0.34,0.1219
model-cv-2,1,0.34,0.1147,0.4,0.113
model-cv-2,2,0.36,0.1112,0.44,0.1082
model-cv-2,3,0.48,0.1094,0.45,0.106
model-cv-2,4,0.32,0.1136,0.46,0.1054
model-cv-2,5,0.54,0.0948,0.48,0.1028
model-cv-2,6,0.36,0.1051,0.47,0.1022
model-cv-2,7,0.38,0.1117,0.49,0.1013
model-cv-2,8,0.48,0.1038,0.48,0.1013
model-cv-2,9,0.38,0.1115,0.49,0.0997
model-cv-2,10,0.48,0.0994,0.49,0.0998
model-cv-2,11,0.38,0.1087,0.49,0.1013
model-cv-2,12,0.38,0.0965,0.5,0.099
model-cv-2,13,0.6,0.0935,0.51,0.097
model-cv-2,14,0.52,0.0983,0.51,0.0968
model-cv-2,15,0.56,0.0982,0.51,0.097
model-cv-2,16,0.56,0.0992,0.52,0.0961
model-cv-2,17,0.58,0.1004,0.52,0.0954
model-cv-2,18,0.36,0.1019,0.51,0.0972
model-cv-2,19,0.48,0.1001,0.53,0.095
model-cv-2,20,0.52,0.0962,0.52,0.0951
model-cv-2,21,0.52,0.0949,0.52,0.0954
model-cv-2,22,0.48,0.0904,0.53,0.0948
model-cv-2,23,0.54,0.0989,0.53,0.094
model-cv-2,24,0.5,0.0947,0.53,0.094
model-cv-2,25,0.46,0.0967,0.54,0.0933
model-cv-2,26,0.68,0.0909,0.53,0.0942
model-cv-2,27,0.52,0.1006,0.53,0.0944
model-cv-2,28,0.44,0.0916,0.54,0.0925
model-cv-2,29,0.5,0.1003,0.54,0.093
model-cv-2,30,0.6,0.0926,0.53,0.0933
model-cv-2,31,0.58,0.0911,0.54,0.0926
model-cv-2,32,0.54,0.0962,0.53,0.093
model-cv-2,33,0.38,0.1053,0.54,0.0937
model-cv-2,34,0.52,0.0966,0.54,0.093
model-cv-2,35,0.46,0.0967,0.54,0.0923
model-cv-2,36,0.56,0.088,0.54,0.0927
model-cv-2,37,0.58,0.0874,0.54,0.0925
model-cv-2,38,0.42,0.104,0.54,0.0924
model-cv-2,39,0.52,0.0992,0.54,0.0928
model-cv-2,40,0.66,0.0899,0.54,0.0931
model-cv-2,41,0.54,0.088,0.54,0.0932
model-cv-2,42,0.56,0.0897,0.54,0.0917
model-cv-2,43,0.62,0.0891,0.54,0.0918
model-cv-2,44,0.56,0.097,0.54,0.0918
model-cv-2,45,0.6,0.0903,0.55,0.0912
model-cv-2,46,0.52,0.0926,0.54,0.0917
model-cv-2,47,0.46,0.1032,0.53,0.0925
model-cv-2,48,0.58,0.0894,0.55,0.0916
model-cv-2,49,0.58,0.1046,0.55,0.0911
model-cv-2,50,0.4,0.1014,0.54,0.0924
model-cv-2,51,0.6,0.0927,0.54,0.0919
model-cv-2,52,0.6,0.0948,0.54,0.0921
model-cv-2,53,0.54,0.0997,0.54,0.092
model-cv-2,54,0.58,0.0995,0.55,0.0918
model-cv-2,55,0.56,0.0971,0.54,0.0924
model-cv-2,56,0.58,0.0939,0.54,0.0929
model-cv-2,57,0.48,0.096,0.55,0.0915
model-cv-2,58,0.46,0.0978,0.55,0.0901
model-cv-2,59,0.5,0.0935,0.55,0.0903
model-cv-2,60,0.52,0.0886,0.55,0.0912
model-cv-2,61,0.6,0.0919,0.55,0.0912
model-cv-2,62,0.5,0.0875,0.55,0.0901
model-cv-2,63,0.54,0.092,0.55,0.091
model-cv-2,64,0.54,0.0881,0.55,0.0909
model-cv-2,65,0.54,0.0977,0.55,0.0908
model-cv-2,66,0.52,0.0922,0.55,0.0902
model-cv-2,67,0.62,0.09,0.56,0.0899
model-cv-2,68,0.38,0.1092,0.56,0.0893
model-cv-2,69,0.62,0.101,0.54,0.0929
model-cv-2,70,0.5,0.0962,0.56,0.0901
model-cv-2,71,0.46,0.0976,0.55,0.0902
model-cv-2,72,0.52,0.095,0.55,0.0906
model-cv-2,73,0.56,0.0847,0.55,0.09
model-cv-2,74,0.56,0.0999,0.54,0.0914
model-cv-2,75,0.5,0.1015,0.55,0.0902
model-cv-2,76,0.56,0.0862,0.55,0.0905
model-cv-2,77,0.48,0.0963,0.55,0.0905
model-cv-2,78,0.44,0.0905,0.55,0.0905
model-cv-2,79,0.52,0.0911,0.55,0.0906
model-cv-2,80,0.52,0.0913,0.54,0.0914
model-cv-2,81,0.52,0.0945,0.55,0.0901
model-cv-2,82,0.58,0.0831,0.55,0.0894
model-cv-2,83,0.44,0.0985,0.55,0.0903
model-cv-2,84,0.54,0.0884,0.55,0.09
model-cv-2,85,0.44,0.0965,0.55,0.0908
model-cv-2,86,0.52,0.0957,0.54,0.0918
model-cv-2,87,0.54,0.0874,0.56,0.0896
model-cv-2,88,0.48,0.0894,0.55,0.09
model-cv-2,89,0.48,0.0964,0.56,0.0897
model-cv-2,90,0.5,0.0965,0.55,0.09
model-cv-2,91,0.56,0.084,0.55,0.09
model-cv-2,92,0.56,0.0908,0.55,0.0905
model-cv-2,93,0.5,0.0898,0.56,0.0893
model-cv-2,94,0.5,0.1025,0.55,0.0904
model-cv-2,95,0.56,0.0888,0.55,0.0902
model-cv-2,96,0.48,0.0899,0.55,0.09
model-cv-2,97,0.48,0.0859,0.55,0.0904
model-cv-2,98,0.52,0.0938,0.56,0.0895
model-cv-2,99,0.48,0.092,0.55,0.0899
model-cv-2,100,0.6,0.0946,0.55,0.0898
model-cv-2,101,0.5,0.1072,0.54,0.0909
model-cv-2,102,0.5,0.0862,0.56,0.0889
model-cv-2,103,0.56,0.092,0.56,0.0891
model-cv-2,104,0.48,0.0962,0.56,0.0896
model-cv-2,105,0.6,0.0863,0.55,0.0906
model-cv-2,106,0.48,0.0942,0.55,0.0914
model-cv-2,107,0.5,0.096,0.55,0.0907
model-cv-2,108,0.42,0.0999,0.55,0.0897
model-cv-2,109,0.52,0.0879,0.55,0.0895
model-cv-2,110,0.48,0.0915,0.56,0.0893
model-cv-2,111,0.56,0.0834,0.56,0.0895
model-cv-2,112,0.52,0.0957,0.55,0.0903
model-cv-2,113,0.56,0.093,0.56,0.0897
model-cv-2,114,0.52,0.0921,0.56,0.0891
model-cv-2,115,0.56,0.09,0.55,0.0901
model-cv-2,116,0.6,0.0933,0.55,0.091
model-cv-2,117,0.54,0.0914,0.55,0.0911
model-cv-2,118,0.52,0.0895,0.55,0.0893
model-cv-2,119,0.5,0.091,0.54,0.0908
model-cv-2,120,0.48,0.0901,0.55,0.0904
model-cv-2,121,0.66,0.0823,0.56,0.0889
model-cv-2,122,0.64,0.077,0.56,0.0894
model-cv-2,123,0.46,0.0954,0.55,0.0905
model-cv-2,124,0.48,0.0936,0.55,0.0904
model-cv-2,125,0.48,0.104,0.56,0.0891
model-cv-2,126,0.54,0.094,0.56,0.0891
model-cv-2,127,0.5,0.0933,0.55,0.0892
model-cv-2,128,0.48,0.0998,0.56,0.0892
model-cv-2,129,0.54,0.0965,0.55,0.0897
model-cv-2,130,0.58,0.0824,0.56,0.0894
model-cv-2,131,0.52,0.0896,0.55,0.0903
model-cv-2,132,0.54,0.0876,0.55,0.0902
model-cv-2,133,0.6,0.0887,0.55,0.09
model-cv-2,134,0.48,0.1017,0.55,0.0914
model-cv-2,135,0.48,0.0949,0.56,0.0894
model-cv-2,136,0.6,0.0835,0.56,0.0891
model-cv-2,137,0.52,0.0945,0.56,0.0891
model-cv-2,138,0.58,0.0895,0.55,0.0899
model-cv-2,139,0.62,0.0847,0.55,0.09
model-cv-2,140,0.66,0.0843,0.56,0.0889
model-cv-2,141,0.5,0.0922,0.54,0.0901
model-cv-2,142,0.56,0.0851,0.56,0.088
model-cv-2,143,0.54,0.0954,0.56,0.0895
model-cv-2,144,0.62,0.084,0.56,0.0893
model-cv-2,145,0.48,0.0951,0.56,0.0896
model-cv-2,146,0.54,0.0998,0.55,0.0911
model-cv-2,147,0.62,0.0901,0.57,0.0885
model-cv-2,148,0.54,0.0921,0.56,0.0887
model-cv-2,149,0.58,0.0901,0.56,0.0889
model-cv-2,150,0.6,0.0894,0.56,0.0887
model-cv-2,151,0.58,0.0923,0.56,0.0887
model-cv-2,152,0.48,0.0923,0.56,0.089
model-cv-2,153,0.48,0.0922,0.55,0.09
model-cv-2,154,0.62,0.0879,0.55,0.0898
model-cv-2,155,0.56,0.0902,0.55,0.0894
model-cv-2,156,0.52,0.1007,0.55,0.0896
model-cv-2,157,0.44,0.0969,0.56,0.0883
model-cv-2,158,0.5,0.0969,0.55,0.0897
model-cv-2,159,0.52,0.0963,0.56,0.0888
model-cv-2,160,0.46,0.0936,0.55,0.0894
model-cv-2,161,0.6,0.0878,0.56,0.0895
model-cv-2,162,0.54,0.0929,0.56,0.0886
model-cv-2,163,0.5,0.0958,0.55,0.0897
model-cv-2,164,0.56,0.0968,0.55,0.0903
model-cv-2,165,0.52,0.0916,0.56,0.0893
model-cv-2,166,0.6,0.0858,0.56,0.0887
model-cv-2,167,0.48,0.0957,0.56,0.0886
model-cv-2,168,0.52,0.0992,0.54,0.0907
model-cv-2,169,0.5,0.1002,0.56,0.0892
model-cv-2,170,0.54,0.0932,0.56,0.0888
model-cv-2,171,0.56,0.0908,0.56,0.0892
model-cv-2,172,0.6,0.0874,0.56,0.0895
model-cv-2,173,0.54,0.097,0.56,0.0891
model-cv-2,174,0.6,0.0921,0.56,0.0891
model-cv-2,175,0.52,0.0972,0.55,0.0899
model-cv-2,176,0.6,0.0964,0.56,0.0885
model-cv-2,177,0.6,0.0801,0.56,0.089
model-cv-2,178,0.56,0.0898,0.56,0.0884
model-cv-2,179,0.46,0.0937,0.55,0.0896
model-cv-2,180,0.52,0.1006,0.56,0.0893
model-cv-2,181,0.62,0.0905,0.56,0.0886
model-cv-2,182,0.56,0.0914,0.56,0.0898
model-cv-2,183,0.66,0.0878,0.54,0.0914
model-cv-2,184,0.5,0.0929,0.56,0.0899
model-cv-2,185,0.64,0.0929,0.56,0.0896
model-cv-2,186,0.6,0.089,0.56,0.0895
model-cv-2,187,0.68,0.0962,0.56,0.0898
model-cv-2,188,0.6,0.0858,0.54,0.0908
model-cv-2,189,0.56,0.0886,0.56,0.0898
model-cv-2,190,0.5,0.0915,0.56,0.0887
model-cv-2,191,0.62,0.0887,0.56,0.0892
model-cv-2,192,0.5,0.0926,0.56,0.089
model-cv-2,193,0.52,0.1013,0.56,0.0886
model-cv-2,194,0.56,0.096,0.56,0.0889
model-cv-2,195,0.56,0.0861,0.55,0.09
model-cv-2,196,0.52,0.0961,0.56,0.0897
model-cv-2,197,0.54,0.0947,0.55,0.09
model-cv-2,198,0.5,0.0896,0.57,0.088
model-cv-2,199,0.58,0.0867,0.55,0.0895
model-cv-2,200,0.56,0.0884,0.56,0.0891
model-cv-2,201,0.46,0.0975,0.56,0.0885
model-cv-2,202,0.54,0.085,0.56,0.0894
model-cv-2,203,0.56,0.0944,0.56,0.0891
model-cv-2,204,0.66,0.0856,0.56,0.0895
model-cv-2,205,0.56,0.0926,0.56,0.0892
model-cv-2,206,0.64,0.0901,0.55,0.0899
model-cv-2,207,0.62,0.0871,0.56,0.0892
model-cv-2,208,0.54,0.0936,0.56,0.0891
model-cv-2,209,0.52,0.0904,0.56,0.0892
model-cv-2,210,0.54,0.0949,0.56,0.0887
model-cv-2,211,0.56,0.091,0.56,0.0892
model-cv-2,212,0.6,0.09,0.56,0.09
model-cv-2,213,0.58,0.1003,0.56,0.0885
model-cv-2,214,0.6,0.0895,0.55,0.0897
model-cv-2,215,0.5,0.0987,0.56,0.0878
model-cv-2,216,0.58,0.0954,0.56,0.0893
model-cv-2,217,0.62,0.0874,0.57,0.0877
model-cv-2,218,0.58,0.096,0.56,0.0887
model-cv-2,219,0.54,0.0869,0.55,0.0904
model-cv-2,220,0.48,0.0991,0.56,0.0887
model-cv-2,221,0.54,0.097,0.56,0.0884
model-cv-2,222,0.62,0.094,0.56,0.0895
model-cv-2,223,0.58,0.085,0.56,0.0892
model-cv-2,224,0.64,0.0911,0.56,0.089
model-cv-2,225,0.58,0.0918,0.56,0.089
model-cv-2,226,0.56,0.088,0.56,0.0893
model-cv-2,227,0.5,0.0965,0.56,0.088
model-cv-2,228,0.54,0.0959,0.57,0.0881
model-cv-2,229,0.64,0.089,0.56,0.0892
model-cv-2,230,0.6,0.0844,0.56,0.0891
model-cv-2,231,0.66,0.0782,0.55,0.0899
model-cv-2,232,0.62,0.0972,0.57,0.0879
model-cv-2,233,0.6,0.0923,0.55,0.0896
model-cv-2,234,0.56,0.0988,0.56,0.0887
model-cv-2,235,0.52,0.0932,0.55,0.0895
model-cv-2,236,0.46,0.1037,0.55,0.0901
model-cv-2,237,0.54,0.091,0.56,0.0899
model-cv-2,238,0.6,0.0881,0.56,0.0885
model-cv-2,239,0.62,0.0834,0.56,0.0884
model-cv-2,240,0.6,0.0897,0.56,0.0883
model-cv-2,241,0.62,0.0856,0.56,0.0885
model-cv-2,242,0.56,0.0963,0.56,0.089
model-cv-2,243,0.64,0.0869,0.55,0.0912
model-cv-2,244,0.58,0.0933,0.57,0.0882
model-cv-2,245,0.56,0.0905,0.57,0.088
model-cv-2,246,0.56,0.0904,0.55,0.0894
model-cv-2,247,0.5,0.0865,0.56,0.0887
model-cv-2,248,0.54,0.0906,0.56,0.0893
model-cv-2,249,0.44,0.0997,0.56,0.0889
model-cv-2,250,0.58,0.0908,0.56,0.0895
model-cv-2,251,0.58,0.1004,0.57,0.0877
model-cv-2,252,0.64,0.0896,0.55,0.0889
model-cv-2,253,0.54,0.0962,0.56,0.0897
model-cv-2,254,0.58,0.0952,0.56,0.0888
model-cv-2,255,0.56,0.0846,0.56,0.0886
model-cv-2,256,0.52,0.0889,0.55,0.0901
model-cv-2,257,0.5,0.0864,0.56,0.0887
model-cv-2,258,0.56,0.0939,0.56,0.0884
model-cv-2,259,0.52,0.0913,0.56,0.0894
model-cv-2,260,0.5,0.0982,0.56,0.0888
model-cv-2,261,0.48,0.0905,0.57,0.0886
model-cv-2,262,0.48,0.101,0.57,0.088
model-cv-2,263,0.54,0.0925,0.55,0.0903
model-cv-2,264,0.58,0.0846,0.56,0.089
model-cv-2,265,0.66,0.096,0.55,0.0917
model-cv-2,266,0.58,0.0801,0.57,0.0881
model-cv-2,267,0.54,0.0952,0.56,0.0886
model-cv-2,268,0.58,0.0962,0.56,0.0893
model-cv-2,269,0.5,0.0875,0.56,0.0887
model-cv-2,270,0.58,0.0925,0.56,0.0895
model-cv-2,271,0.58,0.085,0.56,0.0889
model-cv-2,272,0.6,0.089,0.56,0.0885
model-cv-2,273,0.64,0.0919,0.56,0.0891
model-cv-2,274,0.44,0.0996,0.57,0.0885
model-cv-2,275,0.62,0.0931,0.56,0.0894
model-cv-2,276,0.56,0.0951,0.56,0.0891
model-cv-2,277,0.5,0.0863,0.57,0.0875
model-cv-2,278,0.54,0.088,0.56,0.0888
model-cv-2,279,0.6,0.0853,0.56,0.0888
model-cv-2,280,0.56,0.0893,0.55,0.0897
model-cv-2,281,0.56,0.0937,0.56,0.0878
model-cv-2,282,0.62,0.0847,0.56,0.0895
model-cv-2,283,0.6,0.088,0.56,0.0891
model-cv-2,284,0.52,0.0972,0.56,0.0896
model-cv-2,285,0.46,0.0892,0.57,0.0879
model-cv-2,286,0.58,0.0831,0.56,0.0881
model-cv-2,287,0.56,0.0861,0.56,0.089
model-cv-2,288,0.58,0.0894,0.57,0.0879
model-cv-2,289,0.62,0.0861,0.56,0.0894
model-cv-2,290,0.48,0.0954,0.56,0.0886
model-cv-2,291,0.58,0.0888,0.56,0.0885
model-cv-2,292,0.6,0.0942,0.55,0.09
model-cv-2,293,0.62,0.0926,0.57,0.0885
model-cv-2,294,0.62,0.0918,0.56,0.0888
model-cv-2,295,0.64,0.0835,0.56,0.0888
model-cv-2,296,0.56,0.1052,0.56,0.0895
model-cv-2,297,0.52,0.0996,0.55,0.0901
model-cv-2,298,0.58,0.0908,0.55,0.0892
model-cv-2,299,0.52,0.0994,0.56,0.0889
model-cv-2,300,0.62,0.0906,0.55,0.0893
model-cv-2,301,0.56,0.0873,0.56,0.0881
model-cv-2,302,0.46,0.1022,0.56,0.0884
model-cv-2,303,0.56,0.0943,0.55,0.0899
model-cv-2,304,0.62,0.0717,0.57,0.0877
model-cv-2,305,0.62,0.0825,0.56,0.0894
model-cv-2,306,0.52,0.0905,0.55,0.0893
model-cv-2,307,0.64,0.0946,0.56,0.0888
model-cv-2,308,0.56,0.0933,0.56,0.0883
model-cv-2,309,0.62,0.0894,0.56,0.0888
model-cv-2,310,0.64,0.088,0.56,0.0888
model-cv-2,311,0.5,0.0959,0.56,0.0887
model-cv-2,312,0.6,0.0837,0.56,0.0885
model-cv-2,313,0.54,0.0925,0.56,0.0892
model-cv-2,314,0.58,0.0893,0.56,0.0883
model-cv-2,315,0.5,0.0934,0.57,0.0876
model-cv-2,316,0.54,0.0906,0.55,0.0893
model-cv-2,317,0.54,0.0885,0.56,0.0888
model-cv-2,318,0.46,0.101,0.56,0.089
model-cv-2,319,0.54,0.0903,0.56,0.0885
model-cv-2,320,0.58,0.0924,0.56,0.0894
model-cv-2,321,0.7,0.082,0.56,0.0884
model-cv-2,322,0.62,0.0902,0.56,0.089
model-cv-2,323,0.62,0.0903,0.56,0.0891
model-cv-2,324,0.6,0.0974,0.56,0.0888
model-cv-2,325,0.72,0.0802,0.56,0.0892
model-cv-2,326,0.56,0.0947,0.56,0.089
model-cv-2,327,0.46,0.0933,0.56,0.0884
model-cv-2,328,0.6,0.0948,0.56,0.0897
model-cv-2,329,0.56,0.0843,0.56,0.088
model-cv-2,330,0.54,0.0828,0.56,0.0882
model-cv-2,331,0.54,0.0925,0.56,0.0893
model-cv-2,332,0.58,0.0912,0.57,0.0882
model-cv-2,333,0.52,0.0938,0.55,0.0899
model-cv-2,334,0.58,0.0904,0.57,0.0881
model-cv-2,335,0.58,0.0919,0.55,0.09
model-cv-2,336,0.6,0.0944,0.56,0.0896
model-cv-2,337,0.62,0.0965,0.56,0.089
model-cv-2,338,0.54,0.0984,0.55,0.0898
model-cv-2,339,0.56,0.0906,0.57,0.0886
model-cv-2,340,0.56,0.0941,0.56,0.0885
model-cv-2,341,0.62,0.0869,0.56,0.089
model-cv-2,342,0.54,0.0916,0.56,0.0885
model-cv-2,343,0.52,0.093,0.55,0.0885
model-cv-2,344,0.54,0.0977,0.56,0.089
model-cv-2,345,0.5,0.0915,0.56,0.0886
model-cv-2,346,0.5,0.0889,0.55,0.0901
model-cv-2,347,0.54,0.0875,0.55,0.0895
model-cv-2,348,0.54,0.0992,0.56,0.0882
model-cv-2,349,0.54,0.0878,0.56,0.0886
model-cv-2,350,0.44,0.112,0.56,0.0883
model-cv-2,351,0.62,0.084,0.56,0.0887
model-cv-2,352,0.5,0.0956,0.57,0.0882
model-cv-2,353,0.52,0.0949,0.56,0.0884
model-cv-2,354,0.54,0.0882,0.56,0.089
model-cv-2,355,0.54,0.0965,0.56,0.0891
model-cv-2,356,0.6,0.0863,0.56,0.0888
model-cv-2,357,0.6,0.0875,0.56,0.0885
model-cv-2,358,0.62,0.0905,0.55,0.0902
model-cv-2,359,0.56,0.091,0.56,0.0886
model-cv-2,360,0.6,0.0884,0.56,0.0885
model-cv-2,361,0.66,0.0856,0.56,0.0887
model-cv-2,362,0.56,0.0916,0.56,0.0893
model-cv-2,363,0.58,0.0899,0.55,0.0896
model-cv-2,364,0.48,0.0976,0.56,0.088
model-cv-2,365,0.56,0.0836,0.55,0.0898
model-cv-2,366,0.54,0.086,0.57,0.0882
model-cv-2,367,0.54,0.0909,0.56,0.0896
model-cv-2,368,0.54,0.089,0.56,0.0881
model-cv-2,369,0.6,0.0902,0.56,0.0882
model-cv-2,370,0.62,0.0947,0.56,0.0882
model-cv-2,371,0.56,0.0938,0.56,0.0888
model-cv-2,372,0.64,0.0893,0.56,0.089
model-cv-2,373,0.52,0.09,0.56,0.0887
model-cv-2,374,0.52,0.0918,0.56,0.0887
model-cv-2,375,0.5,0.0953,0.57,0.0879
model-cv-2,376,0.54,0.0904,0.56,0.0892
model-cv-2,377,0.6,0.0891,0.57,0.0877
model-cv-2,378,0.56,0.0882,0.56,0.0897
model-cv-2,379,0.54,0.0957,0.56,0.0882
model-cv-2,380,0.7,0.0827,0.55,0.0895
model-cv-2,381,0.62,0.0942,0.56,0.0887
model-cv-2,382,0.56,0.0867,0.56,0.0885
model-cv-2,383,0.56,0.0878,0.56,0.0884
model-cv-2,384,0.58,0.0935,0.56,0.089
model-cv-2,385,0.6,0.0933,0.56,0.0895
model-cv-2,386,0.5,0.0916,0.55,0.09
model-cv-2,387,0.5,0.0996,0.57,0.0879
model-cv-2,388,0.54,0.0851,0.56,0.0892
model-cv-2,389,0.58,0.0821,0.56,0.0884
model-cv-2,390,0.5,0.0918,0.56,0.0885
model-cv-2,391,0.52,0.0952,0.56,0.0887
model-cv-2,392,0.5,0.0977,0.55,0.0893
model-cv-2,393,0.54,0.0913,0.55,0.0896
model-cv-2,394,0.48,0.0977,0.56,0.0886
model-cv-2,395,0.56,0.0835,0.56,0.0883
model-cv-2,396,0.64,0.0931,0.56,0.0885
model-cv-2,397,0.52,0.0892,0.57,0.0882
model-cv-2,398,0.5,0.0984,0.56,0.0885
model-cv-2,399,0.6,0.0986,0.56,0.0889
model-cv-3,0,0.42,0.121,0.31,0.1255
model-cv-3,1,0.42,0.1176,0.35,0.1206
model-cv-3,2,0.5,0.1094,0.38,0.1163
model-cv-3,3,0.44,0.1109,0.4,0.1132
model-cv-3,4,0.46,0.108,0.42,0.1107
model-cv-3,5,0.44,0.1053,0.44,0.1083
model-cv-3,6,0.5,0.0998,0.46,0.105
model-cv-3,7,0.42,0.1016,0.47,0.1032
model-cv-3,8,0.4,0.1073,0.48,0.1027
model-cv-3,9,0.42,0.105,0.49,0.1012
model-cv-3,10,0.46,0.0993,0.5,0.1
model-cv-3,11,0.44,0.1054,0.49,0.1
model-cv-3,12,0.54,0.0993,0.5,0.0998
model-cv-3,13,0.52,0.1022,0.49,0.1004
model-cv-3,14,0.52,0.1029,0.5,0.0983
model-cv-3,15,0.54,0.1027,0.5,0.0982
model-cv-3,16,0.5,0.1013,0.51,0.0974
model-cv-3,17,0.42,0.1017,0.51,0.0981
model-cv-3,18,0.54,0.0991,0.52,0.0969
model-cv-3,19,0.52,0.0981,0.51,0.0968
model-cv-3,20,0.54,0.0946,0.52,0.0968
model-cv-3,21,0.6,0.0951,0.52,0.0963
model-cv-3,22,0.56,0.096,0.52,0.0963
model-cv-3,23,0.52,0.0944,0.51,0.0961
model-cv-3,24,0.54,0.099,0.53,0.0945
model-cv-3,25,0.52,0.0982,0.52,0.0955
model-cv-3,26,0.52,0.1025,0.53,0.0946
model-cv-3,27,0.48,0.0941,0.53,0.0942
model-cv-3,28,0.54,0.0987,0.52,0.0945
model-cv-3,29,0.48,0.1012,0.52,0.0943
model-cv-3,30,0.58,0.0929,0.53,0.0945
model-cv-3,31,0.58,0.0933,0.52,0.0943
model-cv-3,32,0.56,0.093,0.53,0.0943
model-cv-3,33,0.58,0.0937,0.53,0.0935
model-cv-3,34,0.56,0.0907,0.53,0.0933
model-cv-3,35,0.46,0.1035,0.53,0.0943
model-cv-3,36,0.58,0.0898,0.53,0.0942
model-cv-3,37,0.6,0.0892,0.54,0.0934
model-cv-3,38,0.54,0.0967,0.53,0.0944
model-cv-3,39,0.6,0.0868,0.53,0.0939
model-cv-3,40,0.62,0.1,0.54,0.0931
model-cv-3,41,0.54,0.0933,0.53,0.093
model-cv-3,42,0.62,0.0881,0.53,0.0932
model-cv-3,43,0.52,0.0967,0.53,0.0935
model-cv-3,44,0.7,0.0877,0.53,0.0943
model-cv-3,45,0.64,0.0832,0.54,0.0926
model-cv-3,46,0.7,0.0836,0.53,0.0935
model-cv-3,47,0.5,0.0904,0.53,0.0933
model-cv-3,48,0.5,0.0983,0.53,0.0933
model-cv-3,49,0.54,0.0965,0.54,0.0922
model-cv-3,50,0.58,0.0929,0.53,0.0928
model-cv-3,51,0.58,0.0938,0.53,0.0941
model-cv-3,52,0.52,0.1006,0.54,0.0924
model-cv-3,53,0.56,0.0951,0.54,0.0923
model-cv-3,54,0.6,0.0928,0.54,0.0926
model-cv-3,55,0.52,0.0927,0.54,0.0922
model-cv-3,56,0.54,0.0985,0.55,0.0911
model-cv-3,57,0.48,0.0949,0.54,0.0922
model-cv-3,58,0.58,0.0974,0.53,0.0928
model-cv-3,59,0.62,0.0882,0.53,0.093
model-cv-3,60,0.68,0.0864,0.54,0.0921
model-cv-3,61,0.56,0.0945,0.55,0.0913
model-cv-3,62,0.58,0.0948,0.54,0.0922
model-cv-3,63,0.56,0.0911,0.54,0.0927
model-cv-3,64,0.68,0.0863,0.54,0.0921
model-cv-3,65,0.54,0.0904,0.54,0.0927
model-cv-3,66,0.58,0.0998,0.54,0.0914
model-cv-3,67,0.6,0.0921,0.54,0.0921
model-cv-3,68,0.6,0.0966,0.55,0.0907
model-cv-3,69,0.6,0.0904,0.54,0.091
model-cv-3,70,0.56,0.1027,0.54,0.0927
model-cv-3,71,0.54,0.0995,0.54,0.0916
model-cv-3,72,0.56,0.0963,0.55,0.0913
model-cv-3,73,0.58,0.0905,0.54,0.0925
model-cv-3,74,0.6,0.0951,0.55,0.0901
model-cv-3,75,0.66,0.0828,0.54,0.0922
model-cv-3,76,0.66,0.0864,0.53,0.0929
model-cv-3,77,0.48,0.0995,0.54,0.0926
model-cv-3,78,0.66,0.0943,0.55,0.0911
model-cv-3,79,0.56,0.0911,0.54,0.0921
model-cv-3,80,0.54,0.0893,0.55,0.0908
model-cv-3,81,0.66,0.0894,0.55,0.0913
model-cv-3,82,0.54,0.0959,0.55,0.09
model-cv-3,83,0.58,0.0985,0.53,0.0927
model-cv-3,84,0.54,0.0975,0.54,0.0917
model-cv-3,85,0.46,0.1007,0.54,0.0916
model-cv-3,86,0.5,0.1002,0.55,0.0912
model-cv-3,87,0.5,0.0904,0.54,0.0917
model-cv-3,88,0.62,0.0935,0.54,0.0919
model-cv-3,89,0.48,0.0987,0.54,0.0917
model-cv-3,90,0.44,0.1014,0.55,0.0908
model-cv-3,91,0.62,0.0918,0.55,0.0914
model-cv-3,92,0.54,0.0928,0.53,0.0924
model-cv-3,93,0.48,0.0972,0.55,0.0912
model-cv-3,94,0.58,0.0881,0.54,0.0917
model-cv-3,95,0.62,0.0898,0.54,0.0912
model-cv-3,96,0.58,0.0947,0.54,0.0924
model-cv-3,97,0.52,0.0978,0.54,0.0913
model-cv-3,98,0.66,0.0887,0.54,0.0914
model-cv-3,99,0.58,0.0919,0.55,0.0901
model-cv-3,100,0.56,0.0862,0.55,0.0913
model-cv-3,101,0.42,0.1087,0.55,0.0904
model-cv-3,102,0.52,0.1014,0.55,0.0909
model-cv-3,103,0.6,0.0968,0.54,0.0915
model-cv-3,104,0.6,0.0984,0.55,0.0904
model-cv-3,105,0.44,0.0994,0.55,0.091
model-cv-3,106,0.5,0.0973,0.55,0.0916
model-cv-3,107,0.58,0.0919,0.54,0.0918
model-cv-3,108,0.46,0.0995,0.55,0.0915
model-cv-3,109,0.6,0.0945,0.55,0.0907
model-cv-3,110,0.54,0.0941,0.54,0.0918
model-cv-3,111,0.46,0.1007,0.55,0.0906
model-cv-3,112,0.7,0.0891,0.55,0.0911
model-cv-3,113,0.66,0.0819,0.55,0.0908
model-cv-3,114,0.48,0.0991,0.55,0.0898
model-cv-3,115,0.62,0.0842,0.55,0.0903
model-cv-3,116,0.68,0.0839,0.55,0.0907
model-cv-3,117,0.48,0.0985,0.55,0.0911
model-cv-3,118,0.64,0.0864,0.54,0.0909
model-cv-3,119,0.44,0.1059,0.54,0.0925
model-cv-3,120,0.54,0.0948,0.55,0.0904
model-cv-3,121,0.52,0.095,0.54,0.0913
model-cv-3,122,0.54,0.0949,0.54,0.0917
model-cv-3,123,0.62,0.0962,0.55,0.0905
model-cv-3,124,0.58,0.0988,0.54,0.0911
model-cv-3,125,0.6,0.0923,0.55,0.0906
model-cv-3,126,0.54,0.1007,0.55,0.09
model-cv-3,127,0.44,0.1007,0.55,0.0906
model-cv-3,128,0.62,0.0942,0.54,0.0914
model-cv-3,129,0.58,0.096,0.54,0.092
model-cv-3,130,0.52,0.0929,0.56,0.0896
model-cv-3,131,0.56,0.096,0.54,0.0916
model-cv-3,132,0.5,0.0937,0.55,0.0909
model-cv-3,133,0.56,0.0881,0.55,0.0902
model-cv-3,134,0.48,0.0987,0.55,0.0903
model-cv-3,135,0.56,0.0949,0.54,0.092
model-cv-3,136,0.46,0.1082,0.54,0.0913
model-cv-3,137,0.62,0.092,0.55,0.0903
model-cv-3,138,0.48,0.0975,0.56,0.0895
model-cv-3,139,0.48,0.0938,0.54,0.0909
model-cv-3,140,0.5,0.108,0.55,0.09
model-cv-3,141,0.58,0.0864,0.55,0.0907
model-cv-3,142,0.52,0.0972,0.54,0.0918
model-cv-3,143,0.5,0.0967,0.55,0.0904
model-cv-3,144,0.52,0.0985,0.56,0.0899
model-cv-3,145,0.62,0.0939,0.54,0.0925
model-cv-3,146,0.52,0.0946,0.55,0.0903
model-cv-3,147,0.58,0.0895,0.55,0.0908
model-cv-3,148,0.64,0.0874,0.55,0.09
model-cv-3,149,0.52,0.0938,0.54,0.0917
model-cv-3,150,0.54,0.0917,0.55,0.091
model-cv-3,151,0.58,0.0894,0.54,0.0906
model-cv-3,152,0.62,0.0919,0.55,0.0901
model-cv-3,153,0.58,0.0937,0.54,0.0911
model-cv-3,154,0.56,0.0937,0.54,0.0915
model-cv-3,155,0.62,0.0877,0.55,0.0899
model-cv-3,156,0.58,0.0917,0.55,0.0896
model-cv-3,157,0.58,0.0929,0.55,0.0914
model-cv-3,158,0.6,0.094,0.55,0.0901
model-cv-3,159,0.62,0.0936,0.55,0.0905
model-cv-3,160,0.46,0.1012,0.55,0.0904
model-cv-3,161,0.48,0.1051,0.55,0.091
model-cv-3,162,0.52,0.0976,0.55,0.0908
model-cv-3,163,0.52,0.1011,0.55,0.09
model-cv-3,164,0.48,0.1017,0.55,0.0903
model-cv-3,165,0.44,0.0996,0.55,0.0906
model-cv-3,166,0.58,0.0822,0.55,0.0902
model-cv-3,167,0.58,0.0897,0.56,0.0896
model-cv-3,168,0.6,0.0901,0.55,0.0902
model-cv-3,169,0.54,0.0956,0.54,0.0917
model-cv-3,170,0.46,0.1022,0.55,0.0908
model-cv-3,171,0.48,0.0987,0.55,0.0899
model-cv-3,172,0.6,0.0892,0.56,0.0896
model-cv-3,173,0.6,0.0903,0.54,0.092
model-cv-3,174,0.64,0.0869,0.55,0.0912
model-cv-3,175,0.58,0.0993,0.55,0.0905
model-cv-3,176,0.56,0.0864,0.55,0.0904
model-cv-3,177,0.52,0.0954,0.55,0.0902
model-cv-3,178,0.58,0.0932,0.55,0.0903
model-cv-3,179,0.56,0.0973,0.55,0.0899
model-cv-3,180,0.56,0.0985,0.55,0.0905
model-cv-3,181,0.6,0.1,0.55,0.0909
model-cv-3,182,0.54,0.0861,0.55,0.0906
model-cv-3,183,0.54,0.0932,0.55,0.0906
model-cv-3,184,0.44,0.0995,0.55,0.0909
model-cv-3,185,0.48,0.0957,0.55,0.0907
model-cv-3,186,0.58,0.0967,0.54,0.0909
model-cv-3,187,0.52,0.094,0.55,0.0903
model-cv-3,188,0.62,0.097,0.54,0.0916
model-cv-3,189,0.62,0.0858,0.55,0.0906
model-cv-3,190,0.62,0.0931,0.56,0.0907
model-cv-3,191,0.56,0.0926,0.54,0.0912
model-cv-3,192,0.54,0.0927,0.55,0.0903
model-cv-3,193,0.64,0.0905,0.55,0.0909
model-cv-3,194,0.64,0.0854,0.55,0.0904
model-cv-3,195,0.54,0.094,0.55,0.091
model-cv-3,196,0.46,0.1048,0.55,0.0915
model-cv-3,197,0.54,0.0972,0.56,0.0894
model-cv-3,198,0.56,0.0871,0.55,0.0903
model-cv-3,199,0.62,0.0822,0.55,0.0911
model-cv-3,200,0.54,0.0942,0.55,0.0898
model-cv-3,201,0.58,0.092,0.55,0.0907
model-cv-3,202,0.6,0.0863,0.56,0.0898
model-cv-3,203,0.5,0.0941,0.55,0.09
model-cv-3,204,0.56,0.0957,0.55,0.0906
model-cv-3,205,0.7,0.0746,0.55,0.0904
model-cv-3,206,0.48,0.0957,0.55,0.0903
model-cv-3,207,0.54,0.0951,0.55,0.0898
model-cv-3,208,0.54,0.0916,0.55,0.0906
model-cv-3,209,0.52,0.0921,0.56,0.0893
model-cv-3,210,0.6,0.0999,0.55,0.0902
model-cv-3,211,0.56,0.0945,0.55,0.0909
model-cv-3,212,0.58,0.0909,0.55,0.0903
model-cv-3,213,0.54,0.0923,0.55,0.0906
model-cv-3,214,0.58,0.101,0.55,0.0903
model-cv-3,215,0.58,0.0906,0.55,0.0904
model-cv-3,216,0.62,0.0928,0.56,0.0895
model-cv-3,217,0.64,0.0918,0.55,0.0899
model-cv-3,218,0.56,0.0875,0.55,0.0902
model-cv-3,219,0.52,0.0978,0.56,0.089
model-cv-3,220,0.6,0.0903,0.55,0.0906
model-cv-3,221,0.54,0.0997,0.56,0.0901
model-cv-3,222,0.48,0.0978,0.55,0.0905
model-cv-3,223,0.54,0.097,0.56,0.0893
model-cv-3,224,0.62,0.093,0.55,0.0905
model-cv-3,225,0.46,0.1024,0.55,0.0907
model-cv-3,226,0.6,0.0893,0.55,0.0904
model-cv-3,227,0.64,0.0914,0.55,0.0896
model-cv-3,228,0.52,0.1002,0.56,0.0898
model-cv-3,229,0.62,0.0917,0.55,0.0906
model-cv-3,230,0.4,0.1013,0.55,0.0902
model-cv-3,231,0.48,0.1017,0.55,0.0901
model-cv-3,232,0.52,0.0997,0.55,0.0913
model-cv-3,233,0.58,0.0905,0.55,0.0906
model-cv-3,234,0.54,0.0922,0.55,0.091
model-cv-3,235,0.52,0.0975,0.54,0.0913
model-cv-3,236,0.54,0.0977,0.56,0.0895
model-cv-3,237,0.62,0.0886,0.55,0.0911
model-cv-3,238,0.6,0.0874,0.55,0.0904
model-cv-3,239,0.66,0.0888,0.54,0.0911
model-cv-3,240,0.54,0.0978,0.55,0.0901
model-cv-3,241,0.48,0.0987,0.55,0.0901
model-cv-3,242,0.62,0.0888,0.55,0.0902
model-cv-3,243,0.52,0.0943,0.56,0.0896
model-cv-3,244,0.56,0.0963,0.54,0.091
model-cv-3,245,0.54,0.0887,0.55,0.0899
model-cv-3,246,0.6,0.0917,0.55,0.0906
model-cv-3,247,0.56,0.093,0.56,0.0898
model-cv-3,248,0.56,0.0938,0.56,0.0896
model-cv-3,249,0.56,0.0987,0.56,0.0896
model-cv-3,250,0.58,0.0887,0.56,0.0893
model-cv-3,251,0.46,0.1094,0.56,0.0897
model-cv-3,252,0.52,0.0959,0.55,0.0906
model-cv-3,253,0.48,0.0947,0.55,0.0897
model-cv-3,254,0.5,0.0977,0.56,0.0896
model-cv-3,255,0.62,0.0891,0.55,0.0902
model-cv-3,256,0.5,0.1018,0.55,0.091
model-cv-3,257,0.56,0.092,0.56,0.0902
model-cv-3,258,0.5,0.0933,0.56,0.0891
model-cv-3,259,0.48,0.1006,0.56,0.0899
model-cv-3,260,0.58,0.0884,0.55,0.0902
model-cv-3,261,0.52,0.0927,0.55,0.0903
model-cv-3,262,0.52,0.1007,0.55,0.09
model-cv-3,263,0.64,0.0941,0.56,0.0897
model-cv-3,264,0.56,0.0902,0.55,0.09
model-cv-3,265,0.42,0.1058,0.55,0.0907
model-cv-3,266,0.56,0.0896,0.55,0.09
model-cv-3,267,0.56,0.098,0.55,0.0908
model-cv-3,268,0.62,0.0881,0.56,0.0899
model-cv-3,269,0.56,0.1005,0.55,0.0898
model-cv-3,270,0.56,0.0946,0.56,0.0895
model-cv-3,271,0.54,0.1,0.55,0.0901
model-cv-3,272,0.58,0.0854,0.56,0.0894
model-cv-3,273,0.54,0.0873,0.55,0.0904
model-cv-3,274,0.5,0.0923,0.55,0.0909
model-cv-3,275,0.58,0.0954,0.55,0.0898
model-cv-3,276,0.6,0.0799,0.55,0.09
model-cv-3,277,0.56,0.0944,0.55,0.0908
model-cv-3,278,0.48,0.1008,0.56,0.0895
model-cv-3,279,0.56,0.085,0.55,0.0902
model-cv-3,280,0.66,0.0937,0.56,0.0893
model-cv-3,281,0.52,0.0936,0.55,0.0907
model-cv-3,282,0.58,0.0969,0.55,0.0905
model-cv-3,283,0.48,0.1024,0.56,0.0898
model-cv-3,284,0.58,0.0957,0.55,0.0899
model-cv-3,285,0.56,0.091,0.55,0.0905
model-cv-3,286,0.58,0.0911,0.55,0.0905
model-cv-3,287,0.48,0.0947,0.56,0.0897
model-cv-3,288,0.48,0.0972,0.55,0.0903
model-cv-3,289,0.54,0.09,0.55,0.0902
model-cv-3,290,0.52,0.0903,0.56,0.0899
model-cv-3,291,0.54,0.0945,0.55,0.0906
model-cv-3,292,0.38,0.104,0.55,0.091
model-cv-3,293,0.54,0.0962,0.56,0.0894
model-cv-3,294,0.46,0.0992,0.55,0.0899
model-cv-3,295,0.56,0.0945,0.55,0.0904
model-cv-3,296,0.52,0.0913,0.55,0.0906
model-cv-3,297,0.52,0.1012,0.54,0.0914
model-cv-3,298,0.54,0.0981,0.55,0.0903
model-cv-3,299,0.6,0.0955,0.55,0.0899
model-cv-3,300,0.58,0.0884,0.55,0.0906
model-cv-3,301,0.54,0.0978,0.55,0.0902
model-cv-3,302,0.58,0.091,0.55,0.0904
model-cv-3,303,0.48,0.0976,0.56,0.0897
model-cv-3,304,0.6,0.0939,0.55,0.09
model-cv-3,305,0.5,0.0954,0.56,0.0901
model-cv-3,306,0.52,0.0982,0.54,0.091
model-cv-3,307,0.32,0.1069,0.56,0.0902
model-cv-3,308,0.54,0.0968,0.55,0.0904
model-cv-3,309,0.56,0.0924,0.56,0.0899
model-cv-3,310,0.48,0.0976,0.55,0.0903
model-cv-3,311,0.54,0.1007,0.56,0.0893
model-cv-3,312,0.48,0.0919,0.55,0.091
model-cv-3,313,0.58,0.0877,0.55,0.0902
model-cv-3,314,0.5,0.1016,0.55,0.0906
model-cv-3,315,0.54,0.0967,0.55,0.0899
model-cv-3,316,0.6,0.0946,0.56,0.0897
model-cv-3,317,0.6,0.0834,0.56,0.0893
model-cv-3,318,0.62,0.0887,0.55,0.0904
model-cv-3,319,0.62,0.0953,0.55,0.0903
model-cv-3,320,0.58,0.0925,0.55,0.0901
model-cv-3,321,0.58,0.0898,0.55,0.0902
model-cv-3,322,0.56,0.0888,0.55,0.091
model-cv-3,323,0.56,0.0917,0.55,0.0902
model-cv-3,324,0.52,0.0943,0.55,0.0909
model-cv-3,325,0.54,0.0906,0.55,0.09
model-cv-3,326,0.46,0.0995,0.56,0.0896
model-cv-3,327,0.58,0.0941,0.55,0.0904
model-cv-3,328,0.48,0.0972,0.55,0.0906
model-cv-3,329,0.48,0.0946,0.55,0.0908
model-cv-3,330,0.54,0.0973,0.55,0.0899
model-cv-3,331,0.54,0.088,0.55,0.0902
model-cv-3,332,0.58,0.0948,0.55,0.0906
model-cv-3,333,0.72,0.0861,0.56,0.0891
model-cv-3,334,0.6,0.0954,0.56,0.0897
model-cv-3,335,0.54,0.0933,0.55,0.0898
model-cv-3,336,0.54,0.0986,0.54,0.0919
model-cv-3,337,0.54,0.0966,0.55,0.0896
model-cv-3,338,0.48,0.0948,0.55,0.091
model-cv-3,339,0.58,0.0965,0.55,0.0904
model-cv-3,340,0.54,0.096,0.56,0.0899
model-cv-3,341,0.6,0.0921,0.55,0.0904
model-cv-3,342,0.56,0.0951,0.56,0.0903
model-cv-3,343,0.66,0.0877,0.55,0.0905
model-cv-3,344,0.58,0.0948,0.56,0.0893
model-cv-3,345,0.48,0.0988,0.56,0.0895
model-cv-3,346,0.54,0.0931,0.56,0.089
model-cv-3,347,0.5,0.0939,0.56,0.0891
model-cv-3,348,0.62,0.0875,0.55,0.0904
model-cv-3,349,0.56,0.09,0.55,0.0904
model-cv-3,350,0.58,0.0967,0.56,0.0892
model-cv-3,351,0.56,0.0907,0.56,0.0895
model-cv-3,352,0.44,0.1022,0.55,0.0903
model-cv-3,353,0.68,0.0862,0.55,0.0895
model-cv-3,354,0.6,0.0872,0.55,0.091
model-cv-3,355,0.58,0.0883,0.55,0.0915
model-cv-3,356,0.6,0.0897,0.54,0.0913
model-cv-3,357,0.54,0.0927,0.56,0.0894
model-cv-3,358,0.68,0.0892,0.56,0.0894
model-cv-3,359,0.6,0.0903,0.55,0.0907
model-cv-3,360,0.56,0.0867,0.56,0.0897
model-cv-3,361,0.54,0.0952,0.55,0.0901
model-cv-3,362,0.58,0.0914,0.56,0.0896
model-cv-3,363,0.64,0.0928,0.56,0.0895
model-cv-3,364,0.5,0.0951,0.54,0.0912
model-cv-3,365,0.54,0.0936,0.56,0.0896
model-cv-3,366,0.5,0.0964,0.56,0.0903
model-cv-3,367,0.64,0.0867,0.56,0.0895
model-cv-3,368,0.62,0.0827,0.56,0.0897
model-cv-3,369,0.54,0.094,0.55,0.0899
model-cv-3,370,0.56,0.096,0.56,0.0893
model-cv-3,371,0.56,0.0905,0.55,0.0907
model-cv-3,372,0.52,0.0858,0.56,0.0895
model-cv-3,373,0.54,0.0892,0.56,0.0893
model-cv-3,374,0.64,0.0892,0.55,0.0904
model-cv-3,375,0.54,0.0957,0.55,0.0909
model-cv-3,376,0.5,0.0971,0.55,0.0905
model-cv-3,377,0.56,0.0888,0.56,0.0904
model-cv-3,378,0.6,0.0859,0.55,0.0897
model-cv-3,379,0.58,0.092,0.56,0.0898
model-cv-3,380,0.54,0.0934,0.56,0.0896
model-cv-3,381,0.54,0.0891,0.54,0.0911
model-cv-3,382,0.66,0.0882,0.56,0.089
model-cv-3,383,0.46,0.0932,0.55,0.0902
model-cv-3,384,0.62,0.0858,0.55,0.0902
model-cv-3,385,0.6,0.091,0.56,0.0894
model-cv-3,386,0.62,0.0858,0.56,0.0883
model-cv-3,387,0.62,0.0884,0.56,0.0897
model-cv-3,388,0.52,0.0912,0.54,0.0911
model-cv-3,389,0.6,0.0897,0.56,0.0902
model-cv-3,390,0.62,0.0872,0.56,0.0892
model-cv-3,391,0.58,0.0878,0.56,0.0898
model-cv-3,392,0.6,0.0941,0.55,0.0898
model-cv-3,393,0.56,0.1004,0.57,0.089
model-cv-3,394,0.62,0.0908,0.55,0.091
model-cv-3,395,0.54,0.106,0.55,0.0904
model-cv-3,396,0.54,0.0903,0.56,0.0898
model-cv-3,397,0.52,0.0965,0.55,0.0895
model-cv-3,398,0.54,0.0885,0.55,0.0901
model-cv-3,399,0.6,0.0923,0.56,0.0895
model-cv-4,0,0.26,0.1298,0.28,0.1282
model-cv-4,1,0.36,0.1184,0.37,0.1167
model-cv-4,2,0.34,0.1157,0.42,0.1108
model-cv-4,3,0.36,0.1172,0.44,0.1083
model-cv-4,4,0.32,0.1162,0.44,0.1067
model-cv-4,5,0.5,0.1053,0.46,0.1046
model-cv-4,6,0.42,0.1101,0.47,0.1033
model-cv-4,7,0.4,0.1067,0.48,0.102
model-cv-4,8,0.38,0.1079,0.48,0.1016
model-cv-4,9,0.38,0.1151,0.48,0.1008
model-cv-4,10,0.38,0.1077,0.49,0.1003
model-cv-4,11,0.46,0.111,0.5,0.0995
model-cv-4,12,0.36,0.1145,0.5,0.0988
model-cv-4,13,0.42,0.1081,0.5,0.0987
model-cv-4,14,0.48,0.0981,0.51,0.0976
model-cv-4,15,0.44,0.1033,0.51,0.0968
model-cv-4,16,0.42,0.1151,0.52,0.0968
model-cv-4,17,0.52,0.0996,0.52,0.0958
model-cv-4,18,0.5,0.0969,0.52,0.0958
model-cv-4,19,0.44,0.1012,0.53,0.0948
model-cv-4,20,0.5,0.1025,0.52,0.0957
model-cv-4,21,0.5,0.0954,0.52,0.0947
model-cv-4,22,0.46,0.1051,0.52,0.0948
model-cv-4,23,0.58,0.0962,0.53,0.0941
model-cv-4,24,0.62,0.0861,0.53,0.0944
model-cv-4,25,0.52,0.1009,0.54,0.0938
model-cv-4,26,0.52,0.107,0.54,0.0936
model-cv-4,27,0.64,0.0925,0.54,0.0932
model-cv-4,28,0.5,0.1029,0.54,0.0932
model-cv-4,29,0.54,0.0974,0.53,0.0929
model-cv-4,30,0.44,0.1069,0.53,0.0932
model-cv-4,31,0.52,0.0986,0.54,0.093
model-cv-4,32,0.54,0.1013,0.53,0.0929
model-cv-4,33,0.6,0.0918,0.54,0.0921
model-cv-4,34,0.46,0.1038,0.55,0.0917
model-cv-4,35,0.58,0.0936,0.54,0.0921
model-cv-4,36,0.56,0.0927,0.54,0.0919
model-cv-4,37,0.54,0.0987,0.55,0.0914
model-cv-4,38,0.6,0.0929,0.54,0.0928
model-cv-4,39,0.52,0.0918,0.54,0.0921
model-cv-4,40,0.58,0.092,0.54,0.0913
model-cv-4,41,0.44,0.1066,0.54,0.0918
model-cv-4,42,0.44,0.1,0.54,0.0917
model-cv-4,43,0.5,0.0993,0.55,0.0914
model-cv-4,44,0.56,0.0969,0.55,0.0918
model-cv-4,45,0.48,0.1019,0.54,0.0917
model-cv-4,46,0.44,0.1016,0.55,0.0915
model-cv-4,47,0.52,0.1036,0.55,0.0912
model-cv-4,48,0.54,0.097,0.54,0.0913
model-cv-4,49,0.58,0.0937,0.54,0.0914
model-cv-4,50,0.62,0.0876,0.55,0.0911
model-cv-4,51,0.56,0.0932,0.55,0.0907
model-cv-4,52,0.48,0.0935,0.54,0.0914
model-cv-4,53,0.52,0.1023,0.54,0.0911
model-cv-4,54,0.56,0.0847,0.55,0.0913
model-cv-4,55,0.54,0.095,0.54,0.0912
model-cv-4,56,0.48,0.1059,0.55,0.0909
model-cv-4,57,0.58,0.1,0.56,0.0904
model-cv-4,58,0.52,0.0979,0.55,0.0906
model-cv-4,59,0.54,0.0912,0.54,0.092
model-cv-4,60,0.5,0.0939,0.55,0.0906
model-cv-4,61,0.54,0.0958,0.55,0.0903
model-cv-4,62,0.44,0.0975,0.55,0.0901
model-cv-4,63,0.48,0.1024,0.56,0.0899
model-cv-4,64,0.6,0.0809,0.55,0.0906
model-cv-4,65,0.62,0.0847,0.54,0.0915
model-cv-4,66,0.58,0.0852,0.55,0.0906
model-cv-4,67,0.56,0.0967,0.55,0.0906
model-cv-4,68,0.58,0.096,0.54,0.0914
model-cv-4,69,0.44,0.1108,0.55,0.0904
model-cv-4,70,0.54,0.0938,0.55,0.0904
model-cv-4,71,0.56,0.0956,0.55,0.0904
model-cv-4,72,0.5,0.0995,0.55,0.0901
model-cv-4,73,0.48,0.1118,0.54,0.091
model-cv-4,74,0.48,0.1088,0.55,0.0904
model-cv-4,75,0.58,0.089,0.55,0.0902
model-cv-4,76,0.58,0.0871,0.55,0.0899
model-cv-4,77,0.64,0.0815,0.55,0.0905
model-cv-4,78,0.58,0.0863,0.55,0.0904
model-cv-4,79,0.5,0.0882,0.55,0.0902
model-cv-4,80,0.4,0.1032,0.55,0.09
model-cv-4,81,0.62,0.0897,0.56,0.0891
model-cv-4,82,0.48,0.1003,0.56,0.0894
model-cv-4,83,0.62,0.0867,0.55,0.0901
model-cv-4,84,0.58,0.0881,0.55,0.091
model-cv-4,85,0.54,0.0954,0.56,0.0897
model-cv-4,86,0.62,0.0915,0.55,0.0901
model-cv-4,87,0.64,0.088,0.55,0.0906
model-cv-4,88,0.44,0.0934,0.56,0.0897
model-cv-4,89,0.54,0.0939,0.55,0.0898
model-cv-4,90,0.58,0.0877,0.55,0.0901
model-cv-4,91,0.52,0.0896,0.55,0.0898
model-cv-4,92,0.54,0.0947,0.55,0.0896
model-cv-4,93,0.6,0.0974,0.55,0.0903
model-cv-4,94,0.64,0.0804,0.55,0.09
model-cv-4,95,0.56,0.0943,0.55,0.09
model-cv-4,96,0.54,0.0944,0.55,0.0897
model-cv-4,97,0.5,0.0988,0.55,0.0901
model-cv-4,98,0.46,0.0947,0.56,0.0892
model-cv-4,99,0.62,0.089,0.55,0.0898
model-cv-4,100,0.46,0.0972,0.55,0.0898
model-cv-4,101,0.5,0.0993,0.55,0.0901
model-cv-4,102,0.54,0.0995,0.55,0.0897
model-cv-4,103,0.58,0.0888,0.55,0.0906
model-cv-4,104,0.52,0.0926,0.56,0.0893
model-cv-4,105,0.46,0.1101,0.55,0.0896
model-cv-4,106,0.6,0.0981,0.56,0.0893
model-cv-4,107,0.52,0.096,0.55,0.0895
model-cv-4,108,0.64,0.0909,0.55,0.0902
model-cv-4,109,0.46,0.0982,0.55,0.0898
model-cv-4,110,0.58,0.0861,0.55,0.0898
model-cv-4,111,0.68,0.0889,0.56,0.0894
model-cv-4,112,0.72,0.0759,0.55,0.0897
model-cv-4,113,0.5,0.1056,0.55,0.0907
model-cv-4,114,0.52,0.0892,0.56,0.0893
model-cv-4,115,0.52,0.0961,0.55,0.0897
model-cv-4,116,0.5,0.0939,0.56,0.0895
model-cv-4,117,0.52,0.0918,0.56,0.0892
model-cv-4,118,0.52,0.0868,0.56,0.0891
model-cv-4,119,0.6,0.0879,0.56,0.0899
model-cv-4,120,0.58,0.0942,0.55,0.0896
model-cv-4,121,0.56,0.0943,0.55,0.0901
model-cv-4,122,0.66,0.0791,0.55,0.0898
model-cv-4,123,0.5,0.09,0.56,0.0894
model-cv-4,124,0.52,0.097,0.56,0.0894
model-cv-4,125,0.48,0.0915,0.56,0.0895
model-cv-4,126,0.54,0.0891,0.55,0.0903
model-cv-4,127,0.6,0.0866,0.55,0.09
model-cv-4,128,0.52,0.104,0.56,0.0891
model-cv-4,129,0.58,0.0936,0.56,0.0893
model-cv-4,130,0.56,0.0864,0.56,0.0898
model-cv-4,131,0.62,0.085,0.55,0.0902
model-cv-4,132,0.68,0.0843,0.55,0.0891
model-cv-4,133,0.52,0.0977,0.56,0.089
model-cv-4,134,0.5,0.0912,0.55,0.0896
model-cv-4,135,0.58,0.0957,0.56,0.0895
model-cv-4,136,0.52,0.0904,0.55,0.0896
model-cv-4,137,0.5,0.0981,0.56,0.0893
model-cv-4,138,0.42,0.1028,0.55,0.0898
model-cv-4,139,0.42,0.1022,0.56,0.0889
model-cv-4,140,0.52,0.0956,0.55,0.0898
model-cv-4,141,0.64,0.0877,0.55,0.0897
model-cv-4,142,0.54,0.0975,0.56,0.0888
model-cv-4,143,0.46,0.1001,0.56,0.0895
model-cv-4,144,0.5,0.0929,0.55,0.09
model-cv-4,145,0.46,0.099,0.56,0.0898
model-cv-4,146,0.58,0.0862,0.56,0.0889
model-cv-4,147,0.62,0.0851,0.56,0.0896
model-cv-4,148,0.6,0.0853,0.56,0.089
model-cv-4,149,0.66,0.0854,0.55,0.0896
model-cv-4,150,0.52,0.0973,0.56,0.0895
model-cv-4,151,0.54,0.0911,0.55,0.0901
model-cv-4,152,0.54,0.0932,0.56,0.0896
model-cv-4,153,0.64,0.0803,0.56,0.0895
model-cv-4,154,0.62,0.0826,0.55,0.0904
model-cv-4,155,0.56,0.0972,0.55,0.09
model-cv-4,156,0.52,0.0997,0.56,0.0896
model-cv-4,157,0.66,0.0835,0.55,0.0897
model-cv-4,158,0.6,0.0856,0.55,0.0901
model-cv-4,159,0.72,0.0823,0.56,0.0892
model-cv-4,160,0.6,0.0911,0.56,0.0895
model-cv-4,161,0.54,0.098,0.56,0.0887
model-cv-4,162,0.46,0.0946,0.56,0.0896
model-cv-4,163,0.62,0.0873,0.56,0.0891
model-cv-4,164,0.62,0.0848,0.55,0.0898
model-cv-4,165,0.42,0.1127,0.56,0.0897
model-cv-4,166,0.58,0.0866,0.56,0.0897
model-cv-4,167,0.46,0.0981,0.55,0.0903
model-cv-4,168,0.56,0.0883,0.56,0.09
model-cv-4,169,0.5,0.1003,0.55,0.09
model-cv-4,170,0.52,0.0876,0.56,0.0897
model-cv-4,171,0.52,0.0919,0.55,0.0903
model-cv-4,172,0.56,0.0906,0.56,0.0888
model-cv-4,173,0.5,0.1003,0.56,0.0891
model-cv-4,174,0.66,0.0796,0.56,0.0894
model-cv-4,175,0.5,0.0952,0.56,0.0892
model-cv-4,176,0.56,0.0899,0.56,0.0892
model-cv-4,177,0.52,0.0837,0.56,0.0892
model-cv-4,178,0.58,0.0973,0.55,0.0894
model-cv-4,179,0.54,0.0961,0.56,0.0892
model-cv-4,180,0.56,0.0927,0.55,0.0901
model-cv-4,181,0.64,0.0906,0.56,0.0897
model-cv-4,182,0.56,0.0898,0.56,0.0894
model-cv-4,183,0.56,0.0913,0.56,0.0888
model-cv-4,184,0.54,0.1,0.56,0.0895
model-cv-4,185,0.6,0.0943,0.56,0.0886
model-cv-4,186,0.54,0.0934,0.56,0.0891
model-cv-4,187,0.56,0.0889,0.55,0.0895
model-cv-4,188,0.48,0.0972,0.55,0.0898
model-cv-4,189,0.62,0.0871,0.56,0.0892
model-cv-4,190,0.56,0.0807,0.56,0.089
model-cv-4,191,0.5,0.0996,0.55,0.0903
model-cv-4,192,0.62,0.0823,0.56,0.089
model-cv-4,193,0.56,0.0959,0.56,0.0895
model-cv-4,194,0.56,0.0909,0.56,0.0894
model-cv-4,195,0.4,0.1072,0.56,0.089
model-cv-4,196,0.62,0.0837,0.56,0.0894
model-cv-4,197,0.54,0.1031,0.55,0.0901
model-cv-4,198,0.54,0.0938,0.56,0.0887
model-cv-4,199,0.58,0.0937,0.56,0.0898
model-cv-4,200,0.48,0.0986,0.55,0.0892
model-cv-4,201,0.54,0.0973,0.55,0.0898
model-cv-4,202,0.6,0.0876,0.55,0.0898
model-cv-4,203,0.54,0.0864,0.55,0.0903
model-cv-4,204,0.66,0.0886,0.55,0.0897
model-cv-4,205,0.68,0.0806,0.56,0.0894
model-cv-4,206,0.52,0.0934,0.56,0.0892
model-cv-4,207,0.56,0.0952,0.56,0.0889
model-cv-4,208,0.48,0.094,0.55,0.0895
model-cv-4,209,0.6,0.0878,0.55,0.0896
model-cv-4,210,0.42,0.1077,0.56,0.0892
model-cv-4,211,0.6,0.0888,0.56,0.0891
model-cv-4,212,0.46,0.1046,0.56,0.0894
model-cv-4,213,0.56,0.1019,0.56,0.0894
model-cv-4,214,0.6,0.0933,0.56,0.0893
model-cv-4,215,0.7,0.0803,0.56,0.0892
model-cv-4,216,0.5,0.0928,0.55,0.0892
model-cv-4,217,0.58,0.0957,0.55,0.0894
model-cv-4,218,0.66,0.0801,0.55,0.0896
model-cv-4,219,0.64,0.0889,0.56,0.0891
model-cv-4,220,0.54,0.0936,0.56,0.0891
model-cv-4,221,0.6,0.0871,0.56,0.0895
model-cv-4,222,0.56,0.0848,0.56,0.0887
model-cv-4,223,0.54,0.0923,0.55,0.0899
model-cv-4,224,0.64,0.0877,0.56,0.0887
model-cv-4,225,0.62,0.0803,0.56,0.0891
model-cv-4,226,0.56,0.0997,0.56,0.0891
model-cv-4,227,0.54,0.0971,0.56,0.0896
model-cv-4,228,0.68,0.078,0.56,0.0889
model-cv-4,229,0.68,0.0819,0.56,0.0886
model-cv-4,230,0.52,0.0952,0.56,0.0894
model-cv-4,231,0.58,0.0922,0.56,0.0888
model-cv-4,232,0.52,0.0932,0.55,0.0896
model-cv-4,233,0.54,0.0881,0.56,0.0886
model-cv-4,234,0.5,0.0926,0.56,0.0895
model-cv-4,235,0.58,0.0891,0.56,0.0891
model-cv-4,236,0.46,0.1116,0.56,0.0886
model-cv-4,237,0.56,0.0851,0.55,0.0891
model-cv-4,238,0.48,0.1037,0.56,0.0896
model-cv-4,239,0.46,0.0957,0.56,0.0891
model-cv-4,240,0.64,0.0835,0.55,0.0894
model-cv-4,241,0.44,0.1005,0.56,0.0893
model-cv-4,242,0.48,0.1057,0.56,0.0883
model-cv-4,243,0.52,0.0975,0.55,0.0901
model-cv-4,244,0.54,0.0929,0.56,0.0889
model-cv-4,245,0.54,0.0914,0.56,0.0899
model-cv-4,246,0.46,0.0934,0.56,0.0888
model-cv-4,247,0.46,0.0994,0.56,0.0891
model-cv-4,248,0.62,0.078,0.56,0.0893
model-cv-4,249,0.48,0.0939,0.56,0.0895
model-cv-4,250,0.62,0.0884,0.56,0.0887
model-cv-4,251,0.5,0.1066,0.56,0.0888
model-cv-4,252,0.58,0.0928,0.56,0.0892
model-cv-4,253,0.58,0.0902,0.56,0.0895
model-cv-4,254,0.52,0.0918,0.56,0.0888
model-cv-4,255,0.44,0.0972,0.56,0.0888
model-cv-4,256,0.58,0.0918,0.56,0.0892
model-cv-4,257,0.58,0.0855,0.56,0.0886
model-cv-4,258,0.58,0.0909,0.56,0.0887
model-cv-4,259,0.48,0.1019,0.56,0.0887
model-cv-4,260,0.56,0.0948,0.56,0.0894
model-cv-4,261,0.64,0.0808,0.56,0.0887
model-cv-4,262,0.48,0.0983,0.56,0.0893
model-cv-4,263,0.5,0.0921,0.56,0.0889
model-cv-4,264,0.54,0.0897,0.56,0.0889
model-cv-4,265,0.62,0.0897,0.56,0.0887
model-cv-4,266,0.5,0.1022,0.56,0.0889
model-cv-4,267,0.48,0.0916,0.56,0.0885
model-cv-4,268,0.68,0.0754,0.56,0.0888
model-cv-4,269,0.46,0.1046,0.56,0.0889
model-cv-4,270,0.62,0.0887,0.56,0.0889
model-cv-4,271,0.44,0.0979,0.56,0.0893
model-cv-4,272,0.48,0.1047,0.56,0.0889
model-cv-4,273,0.52,0.0979,0.56,0.0884
model-cv-4,274,0.58,0.0854,0.56,0.0889
model-cv-4,275,0.5,0.0952,0.56,0.0887
model-cv-4,276,0.56,0.0888,0.56,0.0894
model-cv-4,277,0.54,0.0934,0.56,0.089
model-cv-4,278,0.64,0.0868,0.55,0.0895
model-cv-4,279,0.52,0.1057,0.56,0.0889
model-cv-4,280,0.52,0.1035,0.56,0.0892
model-cv-4,281,0.56,0.0939,0.56,0.0883
model-cv-4,282,0.5,0.0951,0.56,0.0889
model-cv-4,283,0.56,0.0851,0.56,0.0889
model-cv-4,284,0.52,0.0945,0.56,0.0886
model-cv-4,285,0.5,0.1003,0.55,0.0893
model-cv-4,286,0.66,0.0922,0.56,0.0885
model-cv-4,287,0.64,0.0878,0.56,0.0892
model-cv-4,288,0.56,0.088,0.56,0.0882
model-cv-4,289,0.58,0.0887,0.56,0.0894
model-cv-4,290,0.58,0.0892,0.56,0.0884
model-cv-4,291,0.48,0.0935,0.56,0.0887
model-cv-4,292,0.54,0.0884,0.56,0.0886
model-cv-4,293,0.48,0.0956,0.56,0.089
model-cv-4,294,0.64,0.0832,0.55,0.0898
model-cv-4,295,0.5,0.0942,0.56,0.0891
model-cv-4,296,0.5,0.0948,0.56,0.0886
model-cv-4,297,0.62,0.0839,0.56,0.0889
model-cv-4,298,0.48,0.0942,0.56,0.0895
model-cv-4,299,0.48,0.0937,0.57,0.0882
model-cv-4,300,0.54,0.0944,0.56,0.0885
model-cv-4,301,0.52,0.0927,0.56,0.0883
model-cv-4,302,0.62,0.0862,0.56,0.0896
model-cv-4,303,0.58,0.0885,0.56,0.0897
model-cv-4,304,0.46,0.0917,0.55,0.0898
model-cv-4,305,0.66,0.0856,0.56,0.0888
model-cv-4,306,0.46,0.0958,0.55,0.09
model-cv-4,307,0.58,0.0899,0.57,0.0883
model-cv-4,308,0.54,0.098,0.56,0.0889
model-cv-4,309,0.42,0.1006,0.57,0.0886
model-cv-4,310,0.5,0.0993,0.56,0.0892
model-cv-4,311,0.56,0.0949,0.56,0.0888
model-cv-4,312,0.6,0.0831,0.56,0.0884
model-cv-4,313,0.56,0.0922,0.56,0.0889
model-cv-4,314,0.58,0.0874,0.57,0.0882
model-cv-4,315,0.42,0.1087,0.56,0.0896
model-cv-4,316,0.54,0.0858,0.57,0.0884
model-cv-4,317,0.54,0.106,0.56,0.0892
model-cv-4,318,0.42,0.1066,0.56,0.0895
model-cv-4,319,0.7,0.0855,0.56,0.0888
model-cv-4,320,0.54,0.0864,0.56,0.089
model-cv-4,321,0.48,0.0985,0.56,0.0892
model-cv-4,322,0.5,0.0959,0.56,0.0891
model-cv-4,323,0.56,0.082,0.56,0.0883
model-cv-4,324,0.48,0.1024,0.56,0.0891
model-cv-4,325,0.56,0.0952,0.56,0.0891
model-cv-4,326,0.52,0.0872,0.56,0.0891
model-cv-4,327,0.62,0.0865,0.56,0.0893
model-cv-4,328,0.54,0.097,0.56,0.0889
model-cv-4,329,0.6,0.097,0.56,0.0893
model-cv-4,330,0.64,0.0863,0.56,0.0894
model-cv-4,331,0.52,0.0903,0.56,0.0883
model-cv-4,332,0.52,0.0908,0.56,0.0889
model-cv-4,333,0.64,0.0876,0.56,0.0882
model-cv-4,334,0.56,0.0937,0.56,0.0894
model-cv-4,335,0.46,0.0983,0.56,0.089
model-cv-4,336,0.52,0.1,0.56,0.089
model-cv-4,337,0.58,0.0834,0.56,0.0884
model-cv-4,338,0.6,0.0904,0.56,0.0882
model-cv-4,339,0.6,0.0901,0.56,0.0886
model-cv-4,340,0.62,0.0856,0.56,0.0891
model-cv-4,341,0.4,0.1075,0.56,0.0889
model-cv-4,342,0.62,0.0901,0.56,0.0889
model-cv-4,343,0.62,0.0966,0.56,0.0885
model-cv-4,344,0.54,0.0972,0.56,0.0888
model-cv-4,345,0.42,0.1096,0.56,0.0881
model-cv-4,346,0.56,0.089,0.57,0.0887
model-cv-4,347,0.58,0.0841,0.56,0.0891
model-cv-4,348,0.5,0.0897,0.56,0.0891
model-cv-4,349,0.7,0.0814,0.56,0.0884
model-cv-4,350,0.58,0.0926,0.56,0.0893
model-cv-4,351,0.54,0.0962,0.56,0.0889
model-cv-4,352,0.52,0.0988,0.56,0.0888
model-cv-4,353,0.5,0.0959,0.57,0.0877
model-cv-4,354,0.36,0.1144,0.55,0.0895
model-cv-4,355,0.5,0.1027,0.56,0.0886
model-cv-4,356,0.66,0.0898,0.56,0.0887
model-cv-4,357,0.62,0.0913,0.56,0.0888
model-cv-4,358,0.48,0.0945,0.56,0.0887
model-cv-4,359,0.46,0.1042,0.55,0.0894
model-cv-4,360,0.6,0.0921,0.56,0.0892
model-cv-4,361,0.68,0.0837,0.57,0.0879
model-cv-4,362,0.5,0.0985,0.56,0.0888
model-cv-4,363,0.44,0.1073,0.57,0.0881
model-cv-4,364,0.5,0.1098,0.56,0.0897
model-cv-4,365,0.54,0.0979,0.56,0.0885
model-cv-4,366,0.6,0.0916,0.56,0.0895
model-cv-4,367,0.52,0.0919,0.57,0.0883
model-cv-4,368,0.56,0.0885,0.55,0.0895
model-cv-4,369,0.5,0.0997,0.56,0.089
model-cv-4,370,0.62,0.0982,0.56,0.0884
model-cv-4,371,0.56,0.0891,0.57,0.0881
model-cv-4,372,0.6,0.0853,0.56,0.0889
model-cv-4,373,0.58,0.0874,0.56,0.089
model-cv-4,374,0.44,0.099,0.56,0.0889
model-cv-4,375,0.56,0.092,0.56,0.0888
model-cv-4,376,0.56,0.09,0.56,0.0885
model-cv-4,377,0.62,0.0826,0.56,0.0886
model-cv-4,378,0.68,0.0862,0.56,0.0889
model-cv-4,379,0.4,0.1014,0.56,0.0887
model-cv-4,380,0.66,0.0811,0.57,0.089
model-cv-4,381,0.64,0.0884,0.56,0.0886
model-cv-4,382,0.5,0.0986,0.56,0.0894
model-cv-4,383,0.54,0.0965,0.56,0.0888
model-cv-4,384,0.58,0.0921,0.57,0.0887
model-cv-4,385,0.56,0.0948,0.56,0.0892
model-cv-4,386,0.48,0.0983,0.56,0.0888
model-cv-4,387,0.54,0.0886,0.56,0.0886
model-cv-4,388,0.58,0.0944,0.56,0.0889
model-cv-4,389,0.52,0.0928,0.56,0.0889
model-cv-4,390,0.52,0.0899,0.57,0.0884
model-cv-4,391,0.48,0.1033,0.56,0.0882
model-cv-4,392,0.44,0.0986,0.56,0.0889
model-cv-4,393,0.5,0.0966,0.56,0.0891
model-cv-4,394,0.5,0.0949,0.56,0.0887
model-cv-4,395,0.56,0.0995,0.56,0.0892
model-cv-4,396,0.58,0.0944,0.56,0.089
model-cv-4,397,0.54,0.0918,0.56,0.0888
model-cv-4,398,0.62,0.0866,0.56,0.0883
model-cv-4,399,0.58,0.0901,0.57,0.0885
