model-cv-0,0,0.22,0.1384,0.17,0.1398
model-cv-0,1,0.21,0.1393,0.17,0.1397
model-cv-0,2,0.18,0.1397,0.18,0.1392
model-cv-0,3,0.2,0.1392,0.21,0.1374
model-cv-0,4,0.21,0.1352,0.26,0.1323
model-cv-0,5,0.21,0.1322,0.26,0.1313
model-cv-0,6,0.26,0.1327,0.27,0.1306
model-cv-0,7,0.27,0.1336,0.27,0.1302
model-cv-0,8,0.29,0.1332,0.27,0.1296
model-cv-0,9,0.24,0.1327,0.29,0.1289
model-cv-0,10,0.27,0.1322,0.29,0.1283
model-cv-0,11,0.28,0.1319,0.3,0.1276
model-cv-0,12,0.33,0.1339,0.3,0.1268
model-cv-0,13,0.32,0.1262,0.3,0.1268
model-cv-0,14,0.32,0.1302,0.31,0.1266
model-cv-0,15,0.32,0.1299,0.31,0.1262
model-cv-0,16,0.31,0.1318,0.31,0.1258
model-cv-0,17,0.35,0.1258,0.32,0.1255
model-cv-0,18,0.28,0.1294,0.32,0.1247
model-cv-0,19,0.37,0.1271,0.31,0.1252
model-cv-0,20,0.34,0.1246,0.32,0.1245
model-cv-0,21,0.38,0.1217,0.32,0.1243
model-cv-0,22,0.36,0.125,0.32,0.1238
model-cv-0,23,0.27,0.1294,0.33,0.1237
model-cv-0,24,0.36,0.1246,0.33,0.1238
model-cv-0,25,0.32,0.1277,0.33,0.1233
model-cv-0,26,0.29,0.1248,0.33,0.1233
model-cv-0,27,0.38,0.1237,0.33,0.1228
model-cv-0,28,0.39,0.1238,0.34,0.1221
model-cv-0,29,0.33,0.1256,0.34,0.1226
model-cv-0,30,0.39,0.1231,0.34,0.1222
model-cv-0,31,0.25,0.1236,0.34,0.1221
model-cv-0,32,0.39,0.1238,0.34,0.1221
model-cv-0,33,0.36,0.1216,0.34,0.1219
model-cv-0,34,0.31,0.1293,0.34,0.1221
model-cv-0,35,0.36,0.1205,0.34,0.122
model-cv-0,36,0.27,0.1337,0.35,0.1214
model-cv-0,37,0.29,0.1257,0.35,0.1214
model-cv-0,38,0.39,0.125,0.34,0.1215
model-cv-0,39,0.44,0.1242,0.34,0.1216
model-cv-0,40,0.31,0.1262,0.35,0.1212
model-cv-0,41,0.37,0.1257,0.35,0.1213
model-cv-0,42,0.41,0.1193,0.35,0.1212
model-cv-0,43,0.34,0.1246,0.35,0.1208
model-cv-0,44,0.37,0.1207,0.35,0.121
model-cv-0,45,0.33,0.1261,0.35,0.1213
model-cv-0,46,0.46,0.117,0.35,0.121
model-cv-0,47,0.31,0.1261,0.35,0.1208
model-cv-0,48,0.32,0.1262,0.35,0.1209
model-cv-0,49,0.38,0.1172,0.35,0.1206
model-cv-0,50,0.33,0.1257,0.35,0.1208
model-cv-0,51,0.35,0.1245,0.35,0.1208
model-cv-0,52,0.43,0.1185,0.36,0.1206
model-cv-0,53,0.33,0.122,0.35,0.1206
model-cv-0,54,0.36,0.1212,0.35,0.1206
model-cv-0,55,0.32,0.1224,0.36,0.1201
model-cv-0,56,0.37,0.1223,0.35,0.1205
model-cv-0,57,0.35,0.1186,0.35,0.1202
model-cv-0,58,0.32,0.1256,0.35,0.1203
model-cv-0,59,0.37,0.12,0.36,0.1204
model-cv-0,60,0.31,0.1254,0.36,0.1201
model-cv-0,61,0.38,0.1223,0.35,0.1206
model-cv-0,62,0.36,0.1232,0.36,0.1201
model-cv-0,63,0.37,0.1203,0.35,0.1201
model-cv-0,64,0.38,0.1234,0.36,0.1199
model-cv-0,65,0.41,0.1178,0.36,0.1204
model-cv-0,66,0.33,0.1212,0.36,0.1202
model-cv-0,67,0.32,0.12,0.36,0.1198
model-cv-0,68,0.35,0.1196,0.36,0.1204
model-cv-0,69,0.35,0.1216,0.36,0.1199
model-cv-0,70,0.4,0.1174,0.36,0.1199
model-cv-0,71,0.32,0.1213,0.36,0.1198
model-cv-0,72,0.36,0.1219,0.36,0.1196
model-cv-0,73,0.44,0.1172,0.35,0.1203
model-cv-0,74,0.39,0.1212,0.35,0.12
model-cv-0,75,0.3,0.1239,0.36,0.12
model-cv-0,76,0.36,0.124,0.36,0.12
model-cv-0,77,0.36,0.1219,0.36,0.1197
model-cv-0,78,0.33,0.1229,0.36,0.1196
model-cv-0,79,0.39,0.1274,0.36,0.1196
model-cv-0,80,0.37,0.1187,0.36,0.1198
model-cv-0,81,0.37,0.1194,0.35,0.1198
model-cv-0,82,0.37,0.1225,0.36,0.1197
model-cv-0,83,0.39,0.1213,0.36,0.12
model-cv-0,84,0.35,0.1199,0.36,0.1199
model-cv-0,85,0.36,0.121,0.35,0.1197
model-cv-0,86,0.32,0.1221,0.35,0.1198
model-cv-0,87,0.4,0.1211,0.35,0.1197
model-cv-0,88,0.31,0.1232,0.36,0.1194
model-cv-0,89,0.35,0.1229,0.36,0.1192
model-cv-0,90,0.43,0.1208,0.36,0.1196
model-cv-0,91,0.37,0.1206,0.36,0.1195
model-cv-0,92,0.41,0.1175,0.36,0.1196
model-cv-0,93,0.31,0.1251,0.36,0.1197
model-cv-0,94,0.34,0.1203,0.35,0.1196
model-cv-0,95,0.34,0.1208,0.36,0.1194
model-cv-0,96,0.35,0.1193,0.36,0.1198
model-cv-0,97,0.35,0.1245,0.35,0.1195
model-cv-0,98,0.34,0.1231,0.36,0.1191
model-cv-0,99,0.38,0.1186,0.36,0.1193
model-cv-1,0,0.18,0.1415,0.18,0.1402
model-cv-1,1,0.16,0.1382,0.21,0.1372
model-cv-1,2,0.25,0.134,0.24,0.1336
model-cv-1,3,0.28,0.1335,0.26,0.1319
model-cv-1,4,0.29,0.1337,0.27,0.131
model-cv-1,5,0.35,0.1286,0.28,0.129
model-cv-1,6,0.28,0.13,0.28,0.1282
model-cv-1,7,0.29,0.1328,0.29,0.1278
model-cv-1,8,0.31,0.1306,0.29,0.1271
model-cv-1,9,0.26,0.13,0.3,0.1265
model-cv-1,10,0.27,0.1306,0.31,0.1264
model-cv-1,11,0.33,0.1275,0.31,0.1254
model-cv-1,12,0.29,0.1261,0.31,0.1256
model-cv-1,13,0.33,0.1284,0.31,0.1255
model-cv-1,14,0.28,0.1335,0.32,0.125
model-cv-1,15,0.27,0.1251,0.32,0.1245
model-cv-1,16,0.38,0.1232,0.32,0.1245
model-cv-1,17,0.27,0.1318,0.33,0.1239
model-cv-1,18,0.39,0.1229,0.33,0.1237
model-cv-1,19,0.27,0.1271,0.33,0.1232
model-cv-1,20,0.32,0.1239,0.34,0.1225
model-cv-1,21,0.44,0.1232,0.33,0.1226
model-cv-1,22,0.34,0.1223,0.35,0.1218
model-cv-1,23,0.38,0.1244,0.34,0.1217
model-cv-1,24,0.33,0.1212,0.34,0.1212
model-cv-1,25,0.38,0.1217,0.35,0.121
model-cv-1,26,0.34,0.1223,0.35,0.1212
model-cv-1,27,0.42,0.1166,0.35,0.121
model-cv-1,28,0.36,0.1218,0.35,0.1205
model-cv-1,29,0.38,0.126,0.35,0.1204
model-cv-1,30,0.37,0.121,0.36,0.12
model-cv-1,31,0.38,0.1254,0.35,0.1205
model-cv-1,32,0.37,0.1248,0.36,0.1203
model-cv-1,33,0.37,0.121,0.36,0.1201
model-cv-1,34,0.37,0.1184,0.36,0.1199
model-cv-1,35,0.38,0.1193,0.36,0.1196
model-cv-1,36,0.33,0.1193,0.36,0.1198
model-cv-1,37,0.37,0.1192,0.36,0.1197
model-cv-1,38,0.34,0.1261,0.36,0.1193
model-cv-1,39,0.34,0.1187,0.36,0.1196
model-cv-1,40,0.32,0.1209,0.36,0.1191
model-cv-1,41,0.31,0.1232,0.36,0.1192
model-cv-1,42,0.4,0.1182,0.36,0.1195
model-cv-1,43,0.32,0.1211,0.37,0.119
model-cv-1,44,0.34,0.1245,0.36,0.1191
model-cv-1,45,0.48,0.1214,0.37,0.1189
model-cv-1,46,0.38,0.1199,0.37,0.1188
model-cv-1,47,0.26,0.1286,0.36,0.1188
model-cv-1,48,0.3,0.1257,0.37,0.1189
model-cv-1,49,0.3,0.1219,0.36,0.1192
model-cv-1,50,0.34,0.123,0.37,0.1186
model-cv-1,51,0.36,0.1194,0.36,0.1192
model-cv-1,52,0.35,0.1191,0.36,0.1189
model-cv-1,53,0.34,0.119,0.36,0.1189
model-cv-1,54,0.4,0.1184,0.36,0.119
model-cv-1,55,0.39,0.1206,0.37,0.1185
model-cv-1,56,0.27,0.128,0.36,0.1188
model-cv-1,57,0.39,0.1232,0.37,0.1187
model-cv-1,58,0.35,0.1227,0.37,0.1187
model-cv-1,59,0.3,0.1253,0.37,0.1186
model-cv-1,60,0.28,0.1274,0.37,0.1185
model-cv-1,61,0.39,0.1207,0.37,0.1184
model-cv-1,62,0.33,0.1186,0.36,0.1184
model-cv-1,63,0.41,0.114,0.36,0.1186
model-cv-1,64,0.36,0.1197,0.37,0.1183
model-cv-1,65,0.37,0.1186,0.37,0.1183
model-cv-1,66,0.35,0.1189,0.37,0.118
model-cv-1,67,0.32,0.1181,0.37,0.1182
model-cv-1,68,0.29,0.1235,0.37,0.118
model-cv-1,69,0.37,0.1229,0.38,0.1182
model-cv-1,70,0.36,0.1196,0.37,0.1179
model-cv-1,71,0.36,0.1169,0.36,0.1184
model-cv-1,72,0.36,0.1178,0.37,0.1178
model-cv-1,73,0.41,0.1162,0.37,0.118
model-cv-1,74,0.44,0.1153,0.38,0.1179
model-cv-1,75,0.48,0.1164,0.37,0.1178
model-cv-1,76,0.32,0.1201,0.37,0.1176
model-cv-1,77,0.35,0.119,0.37,0.1181
model-cv-1,78,0.44,0.1183,0.37,0.1182
model-cv-1,79,0.38,0.1212,0.37,0.118
model-cv-1,80,0.33,0.1213,0.38,0.1176
model-cv-1,81,0.41,0.1162,0.38,0.1177
model-cv-1,82,0.36,0.124,0.37,0.1175
model-cv-1,83,0.37,0.1209,0.38,0.1176
model-cv-1,84,0.3,0.1215,0.38,0.1177
model-cv-1,85,0.45,0.1149,0.37,0.1178
model-cv-1,86,0.39,0.1154,0.38,0.1176
model-cv-1,87,0.41,0.1151,0.38,0.1171
model-cv-1,88,0.35,0.118,0.37,0.1181
model-cv-1,89,0.36,0.1188,0.37,0.118
model-cv-1,90,0.36,0.1189,0.38,0.1176
model-cv-1,91,0.37,0.1149,0.38,0.1175
model-cv-1,92,0.39,0.1207,0.38,0.1176
model-cv-1,93,0.34,0.1196,0.38,0.1174
model-cv-1,94,0.42,0.1182,0.37,0.1176
model-cv-1,95,0.44,0.1164,0.37,0.1175
model-cv-1,96,0.37,0.122,0.36,0.1174
model-cv-1,97,0.45,0.1155,0.37,0.1177
model-cv-1,98,0.44,0.118,0.37,0.1178
model-cv-1,99,0.36,0.1201,0.37,0.1173
model-cv-2,0,0.22,0.1325,0.24,0.1343
model-cv-2,1,0.23,0.133,0.25,0.1321
model-cv-2,2,0.31,0.1342,0.26,0.1304
model-cv-2,3,0.3,0.1321,0.27,0.1298
model-cv-2,4,0.23,0.1292,0.28,0.1288
model-cv-2,5,0.25,0.1342,0.29,0.1279
model-cv-2,6,0.23,0.1287,0.3,0.1275
model-cv-2,7,0.25,0.1282,0.3,0.1268
model-cv-2,8,0.31,0.1283,0.3,0.1264
model-cv-2,9,0.29,0.13,0.31,0.126
model-cv-2,10,0.32,0.1259,0.3,0.1258
model-cv-2,11,0.29,0.1284,0.31,0.1256
model-cv-2,12,0.38,0.1233,0.32,0.1245
model-cv-2,13,0.35,0.1257,0.32,0.1248
model-cv-2,14,0.36,0.1273,0.33,0.1237
model-cv-2,15,0.27,0.13,0.33,0.1234
model-cv-2,16,0.3,0.1335,0.33,0.1231
model-cv-2,17,0.34,0.1254,0.33,0.1229
model-cv-2,18,0.3,0.1263,0.33,0.1228
model-cv-2,19,0.36,0.1252,0.34,0.1229
model-cv-2,20,0.35,0.1226,0.34,0.1223
model-cv-2,21,0.32,0.1254,0.34,0.1225
model-cv-2,22,0.32,0.1221,0.34,0.1219
model-cv-2,23,0.3,0.1229,0.34,0.1221
model-cv-2,24,0.41,0.1182,0.34,0.1216
model-cv-2,25,0.33,0.1226,0.35,0.1216
model-cv-2,26,0.4,0.1194,0.35,0.1211
model-cv-2,27,0.26,0.1257,0.35,0.1209
model-cv-2,28,0.37,0.121,0.35,0.121
model-cv-2,29,0.29,0.1286,0.35,0.121
model-cv-2,30,0.34,0.1273,0.35,0.1207
model-cv-2,31,0.41,0.1226,0.35,0.1206
model-cv-2,32,0.38,0.1223,0.35,0.1205
model-cv-2,33,0.33,0.1201,0.35,0.1208
model-cv-2,34,0.35,0.1203,0.35,0.1206
model-cv-2,35,0.39,0.1213,0.35,0.1208
model-cv-2,36,0.24,0.1248,0.35,0.1204
model-cv-2,37,0.3,0.1236,0.36,0.1199
model-cv-2,38,0.35,0.1192,0.36,0.12
model-cv-2,39,0.29,0.122,0.37,0.1198
model-cv-2,40,0.33,0.1236,0.35,0.1201
model-cv-2,41,0.33,0.1239,0.35,0.12
model-cv-2,42,0.32,0.1226,0.36,0.1201
model-cv-2,43,0.3,0.1206,0.36,0.1196
model-cv-2,44,0.35,0.1233,0.35,0.1199
model-cv-2,45,0.29,0.1258,0.36,0.1199
model-cv-2,46,0.3,0.1212,0.35,0.12
model-cv-2,47,0.35,0.1213,0.36,0.1196
model-cv-2,48,0.36,0.1198,0.36,0.1194
model-cv-2,49,0.35,0.1272,0.36,0.1195
model-cv-2,50,0.32,0.121,0.36,0.1195
model-cv-2,51,0.32,0.1191,0.36,0.1199
model-cv-2,52,0.33,0.1175,0.36,0.1196
model-cv-2,53,0.4,0.1189,0.36,0.1192
model-cv-2,54,0.27,0.1275,0.36,0.1198
model-cv-2,55,0.37,0.1217,0.36,0.1194
model-cv-2,56,0.39,0.1226,0.36,0.1191
model-cv-2,57,0.37,0.119,0.36,0.1192
model-cv-2,58,0.32,0.1217,0.36,0.1192
model-cv-2,59,0.43,0.1184,0.36,0.1191
model-cv-2,60,0.32,0.1233,0.36,0.1189
model-cv-2,61,0.34,0.1232,0.36,0.1194
model-cv-2,62,0.33,0.1196,0.36,0.1189
model-cv-2,63,0.31,0.1227,0.36,0.1186
model-cv-2,64,0.35,0.1216,0.36,0.1188
model-cv-2,65,0.3,0.1189,0.36,0.1191
model-cv-2,66,0.34,0.1239,0.37,0.1191
model-cv-2,67,0.32,0.1226,0.36,0.1188
model-cv-2,68,0.4,0.1231,0.37,0.1187
model-cv-2,69,0.36,0.1183,0.37,0.1185
model-cv-2,70,0.36,0.1214,0.37,0.1186
model-cv-2,71,0.29,0.1217,0.36,0.1189
model-cv-2,72,0.37,0.1174,0.36,0.1188
model-cv-2,73,0.32,0.1198,0.36,0.1186
model-cv-2,74,0.35,0.1164,0.37,0.1184
model-cv-2,75,0.4,0.1185,0.37,0.1186
model-cv-2,76,0.38,0.119,0.37,0.1183
model-cv-2,77,0.35,0.1207,0.37,0.1188
model-cv-2,78,0.39,0.1145,0.37,0.1184
model-cv-2,79,0.39,0.1186,0.37,0.1183
model-cv-2,80,0.38,0.116,0.37,0.1186
model-cv-2,81,0.43,0.117,0.36,0.1185
model-cv-2,82,0.33,0.1214,0.36,0.119
model-cv-2,83,0.3,0.1167,0.37,0.1183
model-cv-2,84,0.33,0.1221,0.37,0.1185
model-cv-2,85,0.41,0.1202,0.36,0.1186
model-cv-2,86,0.36,0.122,0.36,0.1184
model-cv-2,87,0.29,0.1226,0.37,0.1181
model-cv-2,88,0.34,0.1246,0.37,0.1183
model-cv-2,89,0.42,0.1165,0.37,0.1185
model-cv-2,90,0.32,0.1207,0.36,0.1185
model-cv-2,91,0.25,0.129,0.37,0.1183
model-cv-2,92,0.41,0.1167,0.36,0.1188
model-cv-2,93,0.39,0.1185,0.36,0.1184
model-cv-2,94,0.32,0.1202,0.36,0.1186
model-cv-2,95,0.32,0.1186,0.37,0.1181
model-cv-2,96,0.24,0.1271,0.37,0.1183
model-cv-2,97,0.38,0.1203,0.37,0.1183
model-cv-2,98,0.38,0.1179,0.37,0.1186
model-cv-2,99,0.31,0.1213,0.37,0.1181
model-cv-3,0,0.15,0.1386,0.22,0.1365
model-cv-3,1,0.16,0.137,0.25,0.1324
model-cv-3,2,0.25,0.1347,0.27,0.1311
model-cv-3,3,0.3,0.1292,0.27,0.1304
model-cv-3,4,0.29,0.1311,0.28,0.1296
model-cv-3,5,0.13,0.1338,0.29,0.1286
model-cv-3,6,0.31,0.1297,0.29,0.1281
model-cv-3,7,0.33,0.131,0.29,0.1276
model-cv-3,8,0.26,0.1307,0.3,0.127
model-cv-3,9,0.33,0.1266,0.31,0.1263
model-cv-3,10,0.28,0.1289,0.3,0.1262
model-cv-3,11,0.3,0.1243,0.31,0.1258
model-cv-3,12,0.35,0.1262,0.31,0.1257
model-cv-3,13,0.29,0.1285,0.32,0.125
model-cv-3,14,0.33,0.1291,0.31,0.1247
model-cv-3,15,0.32,0.1282,0.31,0.1245
model-cv-3,16,0.31,0.1279,0.32,0.1242
model-cv-3,17,0.32,0.127,0.33,0.1238
model-cv-3,18,0.3,0.1241,0.33,0.1231
model-cv-3,19,0.33,0.1275,0.34,0.123
model-cv-3,20,0.36,0.1229,0.33,0.1227
model-cv-3,21,0.32,0.1255,0.33,0.1225
model-cv-3,22,0.33,0.1249,0.33,0.1223
model-cv-3,23,0.34,0.1251,0.34,0.1224
model-cv-3,24,0.31,0.1262,0.34,0.1221
model-cv-3,25,0.34,0.1229,0.34,0.122
model-cv-3,26,0.32,0.1242,0.35,0.1217
model-cv-3,27,0.45,0.1211,0.34,0.1217
model-cv-3,28,0.34,0.1216,0.34,0.1213
model-cv-3,29,0.41,0.1237,0.34,0.1215
model-cv-3,30,0.35,0.1211,0.35,0.1213
model-cv-3,31,0.34,0.1234,0.35,0.1212
model-cv-3,32,0.36,0.1199,0.35,0.1208
model-cv-3,33,0.42,0.1189,0.35,0.1208
model-cv-3,34,0.4,0.1213,0.35,0.1212
model-cv-3,35,0.31,0.1247,0.35,0.1209
model-cv-3,36,0.4,0.1246,0.35,0.121
model-cv-3,37,0.33,0.1245,0.35,0.121
model-cv-3,38,0.35,0.127,0.35,0.1209
model-cv-3,39,0.34,0.1216,0.35,0.1209
model-cv-3,40,0.29,0.1267,0.35,0.1206
model-cv-3,41,0.37,0.1179,0.35,0.1206
model-cv-3,42,0.37,0.1253,0.36,0.1204
model-cv-3,43,0.34,0.1164,0.35,0.12
model-cv-3,44,0.39,0.1218,0.35,0.1208
model-cv-3,45,0.35,0.1231,0.36,0.12
model-cv-3,46,0.36,0.1202,0.35,0.1204
model-cv-3,47,0.36,0.1217,0.35,0.1205
model-cv-3,48,0.26,0.1275,0.35,0.1203
model-cv-3,49,0.43,0.1164,0.35,0.1205
model-cv-3,50,0.31,0.1275,0.36,0.12
model-cv-3,51,0.36,0.1189,0.35,0.1203
model-cv-3,52,0.4,0.1217,0.36,0.1198
model-cv-3,53,0.29,0.1183,0.36,0.1197
model-cv-3,54,0.34,0.1225,0.35,0.1198
model-cv-3,55,0.42,0.1237,0.36,0.1196
model-cv-3,56,0.39,0.126,0.36,0.1197
model-cv-3,57,0.35,0.1185,0.36,0.1197
model-cv-3,58,0.37,0.1219,0.36,0.1197
model-cv-3,59,0.41,0.1204,0.36,0.1198
model-cv-3,60,0.34,0.1237,0.35,0.12
model-cv-3,61,0.32,0.128,0.36,0.1192
model-cv-3,62,0.35,0.1198,0.37,0.1192
model-cv-3,63,0.32,0.128,0.36,0.1193
model-cv-3,64,0.34,0.1216,0.35,0.1196
model-cv-3,65,0.38,0.1237,0.37,0.1192
model-cv-3,66,0.33,0.121,0.35,0.1198
model-cv-3,67,0.36,0.123,0.37,0.119
model-cv-3,68,0.35,0.1198,0.36,0.1193
model-cv-3,69,0.44,0.1169,0.36,0.1192
model-cv-3,70,0.34,0.127,0.36,0.1192
model-cv-3,71,0.31,0.1221,0.36,0.119
model-cv-3,72,0.3,0.1251,0.36,0.1191
model-cv-3,73,0.41,0.1165,0.36,0.1191
model-cv-3,74,0.32,0.1232,0.37,0.1184
model-cv-3,75,0.36,0.1248,0.37,0.1189
model-cv-3,76,0.39,0.1188,0.36,0.1188
model-cv-3,77,0.31,0.1235,0.36,0.1188
model-cv-3,78,0.37,0.1267,0.36,0.1187
model-cv-3,79,0.34,0.1219,0.36,0.119
model-cv-3,80,0.35,0.1241,0.35,0.1188
model-cv-3,81,0.43,0.1145,0.37,0.1181
model-cv-3,82,0.33,0.1212,0.36,0.1187
model-cv-3,83,0.39,0.1198,0.37,0.1184
model-cv-3,84,0.39,0.1147,0.37,0.1183
model-cv-3,85,0.42,0.1193,0.36,0.1185
model-cv-3,86,0.28,0.1229,0.36,0.1189
model-cv-3,87,0.31,0.1256,0.37,0.1185
model-cv-3,88,0.4,0.1225,0.37,0.1181
model-cv-3,89,0.34,0.1213,0.37,0.1183
model-cv-3,90,0.4,0.1191,0.37,0.1185
model-cv-3,91,0.35,0.1215,0.37,0.1185
model-cv-3,92,0.41,0.1199,0.37,0.118
model-cv-3,93,0.39,0.1159,0.37,0.118
model-cv-3,94,0.33,0.1218,0.37,0.1184
model-cv-3,95,0.37,0.1216,0.37,0.1179
model-cv-3,96,0.37,0.1249,0.36,0.1185
model-cv-3,97,0.3,0.1226,0.37,0.1182
model-cv-3,98,0.32,0.123,0.37,0.1183
model-cv-3,99,0.32,0.1216,0.36,0.1185
model-cv-4,0,0.17,0.1392,0.18,0.139
model-cv-4,1,0.21,0.1342,0.24,0.1347
model-cv-4,2,0.19,0.133,0.25,0.1325
model-cv-4,3,0.23,0.1323,0.27,0.1312
model-cv-4,4,0.23,0.1346,0.27,0.1308
model-cv-4,5,0.29,0.1293,0.28,0.13
model-cv-4,6,0.27,0.1326,0.28,0.1297
model-cv-4,7,0.21,0.1353,0.28,0.1294
model-cv-4,8,0.25,0.1283,0.29,0.1288
model-cv-4,9,0.32,0.1289,0.29,0.1285
model-cv-4,10,0.26,0.1303,0.3,0.128
model-cv-4,11,0.27,0.1291,0.29,0.1279
model-cv-4,12,0.27,0.1317,0.29,0.1278
model-cv-4,13,0.27,0.1294,0.3,0.1271
model-cv-4,14,0.28,0.1289,0.3,0.1268
model-cv-4,15,0.27,0.1281,0.31,0.1264
model-cv-4,16,0.33,0.1245,0.31,0.126
model-cv-4,17,0.33,0.127,0.31,0.1254
model-cv-4,18,0.31,0.1243,0.32,0.1251
model-cv-4,19,0.37,0.1225,0.32,0.1246
model-cv-4,20,0.32,0.1245,0.32,0.1244
model-cv-4,21,0.35,0.1237,0.32,0.1242
model-cv-4,22,0.31,0.1289,0.33,0.1236
model-cv-4,23,0.3,0.1256,0.33,0.1237
model-cv-4,24,0.31,0.1251,0.33,0.1233
model-cv-4,25,0.26,0.1242,0.34,0.1232
model-cv-4,26,0.27,0.1263,0.33,0.1234
model-cv-4,27,0.35,0.1228,0.34,0.1231
model-cv-4,28,0.3,0.1267,0.33,0.1229
model-cv-4,29,0.34,0.1224,0.34,0.1221
model-cv-4,30,0.28,0.1217,0.34,0.1225
model-cv-4,31,0.29,0.1255,0.34,0.1224
model-cv-4,32,0.36,0.1242,0.34,0.1216
model-cv-4,33,0.29,0.1254,0.34,0.1216
model-cv-4,34,0.38,0.1208,0.35,0.1212
model-cv-4,35,0.34,0.1207,0.35,0.1212
model-cv-4,36,0.29,0.1239,0.35,0.1207
model-cv-4,37,0.38,0.1211,0.36,0.1205
model-cv-4,38,0.38,0.121,0.35,0.1207
model-cv-4,39,0.33,0.1232,0.35,0.1207
model-cv-4,40,0.28,0.1258,0.36,0.1198
model-cv-4,41,0.33,0.1235,0.35,0.12
model-cv-4,42,0.32,0.1194,0.35,0.12
model-cv-4,43,0.32,0.1291,0.37,0.1196
model-cv-4,44,0.34,0.1222,0.36,0.1194
model-cv-4,45,0.4,0.1192,0.36,0.1195
model-cv-4,46,0.4,0.1162,0.35,0.1195
model-cv-4,47,0.42,0.1195,0.37,0.1193
model-cv-4,48,0.35,0.1233,0.37,0.1189
model-cv-4,49,0.36,0.121,0.37,0.1191
model-cv-4,50,0.39,0.1199,0.36,0.119
model-cv-4,51,0.43,0.1188,0.36,0.1187
model-cv-4,52,0.31,0.1219,0.37,0.1189
model-cv-4,53,0.39,0.1241,0.36,0.1187
model-cv-4,54,0.36,0.1157,0.37,0.119
model-cv-4,55,0.35,0.1212,0.37,0.1188
model-cv-4,56,0.41,0.1156,0.37,0.1183
model-cv-4,57,0.36,0.1224,0.37,0.1185
model-cv-4,58,0.36,0.1184,0.36,0.1185
model-cv-4,59,0.42,0.1215,0.37,0.1182
model-cv-4,60,0.41,0.1166,0.37,0.1185
model-cv-4,61,0.39,0.1187,0.36,0.1185
model-cv-4,62,0.36,0.1197,0.37,0.1182
model-cv-4,63,0.41,0.1181,0.37,0.1184
model-cv-4,64,0.31,0.1241,0.37,0.1184
model-cv-4,65,0.34,0.1223,0.38,0.1176
model-cv-4,66,0.35,0.1172,0.37,0.1184
model-cv-4,67,0.32,0.1182,0.37,0.1179
model-cv-4,68,0.38,0.1181,0.37,0.1182
model-cv-4,69,0.34,0.1215,0.37,0.1179
model-cv-4,70,0.42,0.1154,0.37,0.118
model-cv-4,71,0.37,0.1195,0.37,0.1182
model-cv-4,72,0.33,0.1165,0.38,0.1176
model-cv-4,73,0.3,0.1227,0.37,0.118
model-cv-4,74,0.38,0.1153,0.37,0.1181
model-cv-4,75,0.26,0.1242,0.37,0.1179
model-cv-4,76,0.44,0.1172,0.37,0.1177
model-cv-4,77,0.44,0.1132,0.37,0.1179
model-cv-4,78,0.41,0.1202,0.37,0.1181
model-cv-4,79,0.35,0.122,0.37,0.1182
model-cv-4,80,0.43,0.118,0.37,0.118
model-cv-4,81,0.35,0.1184,0.37,0.1177
model-cv-4,82,0.38,0.1179,0.37,0.1179
model-cv-4,83,0.39,0.1192,0.37,0.1177
model-cv-4,84,0.38,0.1149,0.37,0.1178
model-cv-4,85,0.34,0.125,0.38,0.1178
model-cv-4,86,0.43,0.1191,0.37,0.1181
model-cv-4,87,0.33,0.1236,0.37,0.1174
model-cv-4,88,0.39,0.12,0.37,0.1179
model-cv-4,89,0.38,0.1183,0.37,0.1175
model-cv-4,90,0.39,0.1179,0.38,0.1178
model-cv-4,91,0.37,0.1165,0.37,0.1177
model-cv-4,92,0.45,0.1163,0.37,0.1178
model-cv-4,93,0.34,0.1211,0.38,0.1176
model-cv-4,94,0.38,0.1211,0.37,0.1175
model-cv-4,95,0.4,0.1146,0.38,0.1174
model-cv-4,96,0.37,0.1207,0.38,0.117
model-cv-4,97,0.46,0.1117,0.38,0.1174
model-cv-4,98,0.38,0.1166,0.38,0.1172
model-cv-4,99,0.34,0.1206,0.37,0.1178
model-cv-5,0,0.21,0.1385,0.22,0.1368
model-cv-5,1,0.28,0.136,0.25,0.1325
model-cv-5,2,0.33,0.1333,0.26,0.1315
model-cv-5,3,0.26,0.1312,0.28,0.1302
model-cv-5,4,0.29,0.1356,0.28,0.1297
model-cv-5,5,0.31,0.1284,0.29,0.1292
model-cv-5,6,0.33,0.1309,0.28,0.1289
model-cv-5,7,0.24,0.1298,0.29,0.1282
model-cv-5,8,0.27,0.1312,0.29,0.1281
model-cv-5,9,0.34,0.1273,0.31,0.127
model-cv-5,10,0.29,0.1303,0.3,0.1268
model-cv-5,11,0.22,0.1285,0.31,0.1265
model-cv-5,12,0.39,0.1237,0.31,0.1259
model-cv-5,13,0.26,0.1296,0.32,0.1253
model-cv-5,14,0.31,0.1243,0.32,0.1255
model-cv-5,15,0.33,0.1215,0.31,0.125
model-cv-5,16,0.38,0.1258,0.32,0.1248
model-cv-5,17,0.3,0.1288,0.33,0.1242
model-cv-5,18,0.42,0.1256,0.33,0.1241
model-cv-5,19,0.3,0.123,0.32,0.1239
model-cv-5,20,0.35,0.1242,0.33,0.1236
model-cv-5,21,0.33,0.1256,0.33,0.1234
model-cv-5,22,0.31,0.1248,0.34,0.1232
model-cv-5,23,0.24,0.1269,0.33,0.1229
model-cv-5,24,0.34,0.1203,0.34,0.1224
model-cv-5,25,0.35,0.1238,0.34,0.1224
model-cv-5,26,0.35,0.1278,0.34,0.1223
model-cv-5,27,0.34,0.1283,0.34,0.1222
model-cv-5,28,0.37,0.1231,0.35,0.122
model-cv-5,29,0.35,0.1205,0.34,0.1218
model-cv-5,30,0.41,0.1202,0.35,0.1215
model-cv-5,31,0.4,0.12,0.34,0.1216
model-cv-5,32,0.32,0.1225,0.35,0.1212
model-cv-5,33,0.37,0.1236,0.35,0.1216
model-cv-5,34,0.39,0.1237,0.35,0.1208
model-cv-5,35,0.4,0.1186,0.35,0.121
model-cv-5,36,0.31,0.1212,0.35,0.121
model-cv-5,37,0.32,0.1267,0.35,0.121
model-cv-5,38,0.35,0.1196,0.35,0.1208
model-cv-5,39,0.25,0.124,0.35,0.1208
model-cv-5,40,0.39,0.1199,0.35,0.1204
model-cv-5,41,0.34,0.1197,0.35,0.1205
model-cv-5,42,0.31,0.1243,0.35,0.1203
model-cv-5,43,0.41,0.1199,0.35,0.12
model-cv-5,44,0.4,0.1183,0.35,0.1202
model-cv-5,45,0.32,0.1211,0.36,0.1201
model-cv-5,46,0.39,0.1201,0.36,0.1198
model-cv-5,47,0.33,0.1242,0.35,0.1201
model-cv-5,48,0.41,0.1191,0.36,0.12
model-cv-5,49,0.37,0.1204,0.36,0.1197
model-cv-5,50,0.41,0.1177,0.36,0.1197
model-cv-5,51,0.35,0.1291,0.36,0.1196
model-cv-5,52,0.38,0.1172,0.36,0.1197
model-cv-5,53,0.38,0.1196,0.35,0.1199
model-cv-5,54,0.46,0.1186,0.36,0.1193
model-cv-5,55,0.38,0.1214,0.36,0.1194
model-cv-5,56,0.32,0.123,0.36,0.1197
model-cv-5,57,0.28,0.1218,0.36,0.1195
model-cv-5,58,0.31,0.1214,0.36,0.1194
model-cv-5,59,0.39,0.1156,0.36,0.1195
model-cv-5,60,0.36,0.1191,0.36,0.1195
model-cv-5,61,0.4,0.1174,0.36,0.1192
model-cv-5,62,0.39,0.1201,0.36,0.1191
model-cv-5,63,0.3,0.1189,0.36,0.1194
model-cv-5,64,0.38,0.1206,0.36,0.1195
model-cv-5,65,0.36,0.1172,0.36,0.1193
model-cv-5,66,0.4,0.1192,0.36,0.1193
model-cv-5,67,0.38,0.1198,0.37,0.1191
model-cv-5,68,0.4,0.1181,0.36,0.1194
model-cv-5,69,0.36,0.125,0.36,0.119
model-cv-5,70,0.32,0.1235,0.36,0.1189
model-cv-5,71,0.4,0.1153,0.36,0.1192
model-cv-5,72,0.37,0.1235,0.35,0.1195
model-cv-5,73,0.41,0.1196,0.36,0.1194
model-cv-5,74,0.39,0.1199,0.36,0.1194
model-cv-5,75,0.34,0.1199,0.36,0.1191
model-cv-5,76,0.37,0.1178,0.37,0.119
model-cv-5,77,0.41,0.1199,0.36,0.1189
model-cv-5,78,0.35,0.1206,0.36,0.119
model-cv-5,79,0.32,0.1179,0.36,0.119
model-cv-5,80,0.38,0.1215,0.37,0.1185
model-cv-5,81,0.38,0.1179,0.36,0.1186
model-cv-5,82,0.34,0.1184,0.36,0.1187
model-cv-5,83,0.35,0.1213,0.36,0.1188
model-cv-5,84,0.39,0.1207,0.36,0.1191
model-cv-5,85,0.31,0.1141,0.37,0.1189
model-cv-5,86,0.41,0.1183,0.36,0.1188
model-cv-5,87,0.42,0.1159,0.37,0.1185
model-cv-5,88,0.28,0.1207,0.36,0.1188
model-cv-5,89,0.38,0.1202,0.36,0.1183
model-cv-5,90,0.33,0.1233,0.36,0.119
model-cv-5,91,0.41,0.119,0.36,0.1187
model-cv-5,92,0.42,0.12,0.36,0.1188
model-cv-5,93,0.37,0.1217,0.36,0.1187
model-cv-5,94,0.33,0.1217,0.36,0.1187
model-cv-5,95,0.32,0.1231,0.37,0.1186
model-cv-5,96,0.41,0.1176,0.37,0.1185
model-cv-5,97,0.36,0.1209,0.37,0.1184
model-cv-5,98,0.32,0.123,0.37,0.1184
model-cv-5,99,0.34,0.1203,0.36,0.1188
model-cv-6,0,0.26,0.1373,0.2,0.1382
model-cv-6,1,0.32,0.1318,0.25,0.1331
model-cv-6,2,0.3,0.1299,0.27,0.1304
model-cv-6,3,0.28,0.1313,0.28,0.1298
model-cv-6,4,0.28,0.1286,0.28,0.1291
model-cv-6,5,0.28,0.1334,0.29,0.1287
model-cv-6,6,0.24,0.1287,0.29,0.1282
model-cv-6,7,0.27,0.1297,0.3,0.1274
model-cv-6,8,0.31,0.1284,0.3,0.127
model-cv-6,9,0.39,0.1237,0.31,0.1266
model-cv-6,10,0.24,0.1277,0.31,0.1264
model-cv-6,11,0.35,0.1232,0.31,0.1259
model-cv-6,12,0.31,0.1264,0.31,0.1257
model-cv-6,13,0.3,0.1282,0.31,0.1255
model-cv-6,14,0.29,0.1257,0.31,0.1256
model-cv-6,15,0.31,0.1259,0.31,0.125
model-cv-6,16,0.38,0.1208,0.32,0.1246
model-cv-6,17,0.31,0.1259,0.32,0.1248
model-cv-6,18,0.31,0.1246,0.32,0.1247
model-cv-6,19,0.34,0.1259,0.32,0.1246
model-cv-6,20,0.41,0.1248,0.32,0.1242
model-cv-6,21,0.33,0.1234,0.32,0.1242
model-cv-6,22,0.41,0.1226,0.32,0.1241
model-cv-6,23,0.37,0.1186,0.32,0.1238
model-cv-6,24,0.4,0.1254,0.33,0.124
model-cv-6,25,0.37,0.1205,0.33,0.1234
model-cv-6,26,0.34,0.1265,0.33,0.1234
model-cv-6,27,0.31,0.1237,0.33,0.1226
model-cv-6,28,0.32,0.1222,0.34,0.1226
model-cv-6,29,0.36,0.1229,0.34,0.1225
model-cv-6,30,0.36,0.1196,0.34,0.1224
model-cv-6,31,0.38,0.1204,0.35,0.1219
model-cv-6,32,0.37,0.1218,0.34,0.1218
model-cv-6,33,0.36,0.1258,0.34,0.1215
model-cv-6,34,0.38,0.1214,0.34,0.1213
model-cv-6,35,0.46,0.1175,0.35,0.1212
model-cv-6,36,0.32,0.1227,0.35,0.1208
model-cv-6,37,0.35,0.1232,0.34,0.1213
model-cv-6,38,0.31,0.123,0.35,0.1209
model-cv-6,39,0.38,0.1167,0.36,0.1205
model-cv-6,40,0.35,0.1275,0.35,0.1204
model-cv-6,41,0.34,0.121,0.35,0.1202
model-cv-6,42,0.31,0.123,0.35,0.1203
model-cv-6,43,0.31,0.1242,0.36,0.1201
model-cv-6,44,0.37,0.1199,0.36,0.1202
model-cv-6,45,0.43,0.1184,0.36,0.1202
model-cv-6,46,0.43,0.1165,0.35,0.1198
model-cv-6,47,0.22,0.1254,0.36,0.1197
model-cv-6,48,0.34,0.1207,0.36,0.1195
model-cv-6,49,0.36,0.1204,0.36,0.1199
model-cv-6,50,0.39,0.1194,0.36,0.1197
model-cv-6,51,0.39,0.1214,0.35,0.1203
model-cv-6,52,0.29,0.1204,0.36,0.1196
model-cv-6,53,0.3,0.1218,0.36,0.1195
model-cv-6,54,0.41,0.1182,0.36,0.1198
model-cv-6,55,0.32,0.1234,0.36,0.1197
model-cv-6,56,0.33,0.1204,0.36,0.1196
model-cv-6,57,0.33,0.1178,0.36,0.1193
model-cv-6,58,0.32,0.1182,0.35,0.1196
model-cv-6,59,0.36,0.1181,0.36,0.1192
model-cv-6,60,0.4,0.1165,0.36,0.1192
model-cv-6,61,0.35,0.1214,0.36,0.1194
model-cv-6,62,0.33,0.1203,0.37,0.119
model-cv-6,63,0.38,0.1174,0.36,0.1195
model-cv-6,64,0.39,0.1163,0.36,0.1187
model-cv-6,65,0.23,0.1192,0.36,0.1189
model-cv-6,66,0.38,0.114,0.36,0.1188
model-cv-6,67,0.4,0.1172,0.37,0.1183
model-cv-6,68,0.37,0.1217,0.37,0.1186
model-cv-6,69,0.38,0.1166,0.37,0.1186
model-cv-6,70,0.32,0.1204,0.38,0.1177
model-cv-6,71,0.31,0.1194,0.37,0.1178
model-cv-6,72,0.37,0.1238,0.37,0.1177
model-cv-6,73,0.3,0.1148,0.37,0.1179
model-cv-6,74,0.37,0.1177,0.37,0.118
model-cv-6,75,0.41,0.118,0.37,0.1179
model-cv-6,76,0.39,0.113,0.37,0.118
model-cv-6,77,0.42,0.115,0.37,0.1175
model-cv-6,78,0.36,0.1232,0.37,0.1178
model-cv-6,79,0.37,0.1169,0.37,0.1179
model-cv-6,80,0.37,0.1166,0.37,0.1176
model-cv-6,81,0.4,0.1193,0.37,0.1177
model-cv-6,82,0.37,0.1158,0.37,0.1177
model-cv-6,83,0.38,0.1187,0.37,0.1177
model-cv-6,84,0.34,0.1215,0.37,0.1175
model-cv-6,85,0.43,0.1178,0.38,0.1173
model-cv-6,86,0.33,0.1211,0.37,0.1177
model-cv-6,87,0.35,0.1181,0.37,0.1178
model-cv-6,88,0.47,0.1119,0.37,0.1177
model-cv-6,89,0.43,0.1151,0.37,0.1172
model-cv-6,90,0.27,0.1202,0.38,0.1173
model-cv-6,91,0.34,0.1169,0.37,0.1176
model-cv-6,92,0.42,0.1138,0.38,0.1175
model-cv-6,93,0.4,0.1182,0.37,0.1176
model-cv-6,94,0.25,0.1217,0.38,0.1174
model-cv-6,95,0.48,0.1136,0.37,0.1176
model-cv-6,96,0.38,0.1194,0.37,0.1175
model-cv-6,97,0.34,0.1174,0.37,0.1173
model-cv-6,98,0.35,0.1167,0.38,0.1173
model-cv-6,99,0.42,0.113,0.37,0.1173
model-cv-7,0,0.16,0.1392,0.18,0.1387
model-cv-7,1,0.22,0.1358,0.21,0.1371
model-cv-7,2,0.13,0.1375,0.24,0.134
model-cv-7,3,0.23,0.1358,0.27,0.1313
model-cv-7,4,0.23,0.1336,0.28,0.1297
model-cv-7,5,0.3,0.1316,0.28,0.1292
model-cv-7,6,0.22,0.1338,0.29,0.1284
model-cv-7,7,0.36,0.1317,0.3,0.1278
model-cv-7,8,0.34,0.1329,0.3,0.1269
model-cv-7,9,0.31,0.1281,0.3,0.127
model-cv-7,10,0.33,0.1307,0.3,0.1265
model-cv-7,11,0.33,0.1304,0.31,0.1261
model-cv-7,12,0.22,0.1301,0.32,0.1256
model-cv-7,13,0.37,0.124,0.31,0.1254
model-cv-7,14,0.37,0.1268,0.32,0.125
model-cv-7,15,0.33,0.1267,0.32,0.125
model-cv-7,16,0.35,0.123,0.32,0.1246
model-cv-7,17,0.42,0.1241,0.33,0.1242
model-cv-7,18,0.27,0.1293,0.32,0.1239
model-cv-7,19,0.29,0.128,0.33,0.1238
model-cv-7,20,0.31,0.1257,0.33,0.1232
model-cv-7,21,0.37,0.124,0.33,0.1228
model-cv-7,22,0.37,0.1265,0.34,0.1226
model-cv-7,23,0.43,0.1266,0.35,0.1221
model-cv-7,24,0.32,0.1292,0.35,0.1218
model-cv-7,25,0.36,0.1228,0.34,0.122
model-cv-7,26,0.29,0.1267,0.34,0.1219
model-cv-7,27,0.32,0.1275,0.35,0.1211
model-cv-7,28,0.31,0.125,0.35,0.1211
model-cv-7,29,0.35,0.1235,0.35,0.1211
model-cv-7,30,0.35,0.1227,0.35,0.1212
model-cv-7,31,0.33,0.1223,0.35,0.121
model-cv-7,32,0.35,0.1212,0.35,0.1209
model-cv-7,33,0.31,0.1242,0.35,0.1207
model-cv-7,34,0.35,0.1225,0.36,0.1207
model-cv-7,35,0.33,0.1209,0.35,0.1204
model-cv-7,36,0.37,0.1239,0.35,0.1206
model-cv-7,37,0.36,0.1233,0.36,0.1205
model-cv-7,38,0.43,0.1182,0.35,0.1202
model-cv-7,39,0.33,0.1215,0.36,0.1202
model-cv-7,40,0.28,0.1251,0.36,0.12
model-cv-7,41,0.35,0.123,0.36,0.1202
model-cv-7,42,0.42,0.1179,0.35,0.1201
model-cv-7,43,0.31,0.1241,0.36,0.1197
model-cv-7,44,0.42,0.121,0.36,0.1196
model-cv-7,45,0.36,0.1266,0.36,0.1198
model-cv-7,46,0.29,0.122,0.36,0.1196
model-cv-7,47,0.4,0.1153,0.35,0.1198
model-cv-7,48,0.45,0.1191,0.36,0.1196
model-cv-7,49,0.31,0.1269,0.36,0.1196
model-cv-7,50,0.35,0.1224,0.37,0.1197
model-cv-7,51,0.35,0.117,0.36,0.1196
model-cv-7,52,0.39,0.12,0.36,0.1197
model-cv-7,53,0.43,0.1163,0.36,0.1193
model-cv-7,54,0.36,0.1182,0.36,0.1193
model-cv-7,55,0.34,0.1217,0.36,0.1194
model-cv-7,56,0.36,0.1198,0.36,0.1194
model-cv-7,57,0.37,0.1186,0.36,0.1197
model-cv-7,58,0.38,0.1192,0.36,0.1192
model-cv-7,59,0.36,0.1194,0.36,0.1194
model-cv-7,60,0.35,0.121,0.36,0.1193
model-cv-7,61,0.33,0.1207,0.37,0.119
model-cv-7,62,0.36,0.123,0.36,0.1194
model-cv-7,63,0.33,0.1259,0.36,0.119
model-cv-7,64,0.42,0.1168,0.36,0.1195
model-cv-7,65,0.44,0.1199,0.37,0.1192
model-cv-7,66,0.44,0.1192,0.37,0.1192
model-cv-7,67,0.47,0.1147,0.36,0.1193
model-cv-7,68,0.39,0.1199,0.36,0.1189
model-cv-7,69,0.41,0.1228,0.36,0.1192
model-cv-7,70,0.39,0.1193,0.36,0.1189
model-cv-7,71,0.37,0.1201,0.37,0.1189
model-cv-7,72,0.35,0.1204,0.36,0.1192
model-cv-7,73,0.34,0.1206,0.37,0.1192
model-cv-7,74,0.34,0.1222,0.37,0.119
model-cv-7,75,0.4,0.1213,0.37,0.1189
model-cv-7,76,0.42,0.1224,0.37,0.1187
model-cv-7,77,0.38,0.1217,0.37,0.1187
model-cv-7,78,0.32,0.1231,0.36,0.1191
model-cv-7,79,0.38,0.1239,0.36,0.119
model-cv-7,80,0.37,0.1176,0.37,0.1189
model-cv-7,81,0.45,0.117,0.37,0.119
model-cv-7,82,0.27,0.132,0.37,0.1187
model-cv-7,83,0.36,0.1196,0.37,0.1187
model-cv-7,84,0.44,0.1149,0.36,0.1191
model-cv-7,85,0.37,0.1204,0.36,0.1191
model-cv-7,86,0.44,0.1191,0.36,0.119
model-cv-7,87,0.3,0.1208,0.36,0.1187
model-cv-7,88,0.42,0.1182,0.37,0.1186
model-cv-7,89,0.37,0.1229,0.36,0.1187
model-cv-7,90,0.37,0.1197,0.37,0.1188
model-cv-7,91,0.35,0.1163,0.37,0.1185
model-cv-7,92,0.44,0.1123,0.37,0.1188
model-cv-7,93,0.35,0.1211,0.37,0.1184
model-cv-7,94,0.42,0.116,0.37,0.1189
model-cv-7,95,0.41,0.1194,0.37,0.1185
model-cv-7,96,0.37,0.1164,0.37,0.1183
model-cv-7,97,0.22,0.1278,0.37,0.1188
model-cv-7,98,0.37,0.123,0.37,0.1186
model-cv-7,99,0.44,0.1191,0.37,0.1187
model-cv-8,0,0.16,0.1388,0.19,0.1385
model-cv-8,1,0.21,0.1375,0.22,0.1365
model-cv-8,2,0.24,0.1334,0.25,0.1331
model-cv-8,3,0.23,0.1353,0.27,0.1307
model-cv-8,4,0.26,0.1362,0.27,0.1296
model-cv-8,5,0.26,0.1329,0.28,0.1291
model-cv-8,6,0.27,0.1308,0.29,0.1283
model-cv-8,7,0.3,0.1306,0.29,0.1275
model-cv-8,8,0.4,0.1242,0.3,0.1269
model-cv-8,9,0.26,0.1291,0.31,0.1265
model-cv-8,10,0.33,0.1309,0.3,0.1262
model-cv-8,11,0.34,0.1264,0.31,0.1258
model-cv-8,12,0.31,0.1261,0.31,0.1256
model-cv-8,13,0.3,0.1281,0.32,0.1255
model-cv-8,14,0.27,0.129,0.32,0.1251
model-cv-8,15,0.3,0.1306,0.32,0.1247
model-cv-8,16,0.28,0.1268,0.32,0.1246
model-cv-8,17,0.3,0.1242,0.32,0.1247
model-cv-8,18,0.3,0.1279,0.33,0.1243
model-cv-8,19,0.34,0.1253,0.32,0.1243
model-cv-8,20,0.27,0.1279,0.33,0.1237
model-cv-8,21,0.28,0.1273,0.33,0.1234
model-cv-8,22,0.33,0.1233,0.33,0.1239
model-cv-8,23,0.31,0.1271,0.33,0.1234
model-cv-8,24,0.33,0.1238,0.33,0.1234
model-cv-8,25,0.33,0.1228,0.33,0.1234
model-cv-8,26,0.36,0.1232,0.33,0.1231
model-cv-8,27,0.33,0.1239,0.34,0.1225
model-cv-8,28,0.32,0.1226,0.34,0.1227
model-cv-8,29,0.28,0.1236,0.34,0.1227
model-cv-8,30,0.29,0.1277,0.34,0.1227
model-cv-8,31,0.29,0.127,0.34,0.1221
model-cv-8,32,0.28,0.1279,0.35,0.1219
model-cv-8,33,0.27,0.1256,0.34,0.122
model-cv-8,34,0.35,0.1233,0.34,0.122
model-cv-8,35,0.29,0.1224,0.35,0.1219
model-cv-8,36,0.36,0.1223,0.35,0.1218
model-cv-8,37,0.38,0.1268,0.35,0.1215
model-cv-8,38,0.3,0.1261,0.35,0.1213
model-cv-8,39,0.42,0.1209,0.35,0.1214
model-cv-8,40,0.34,0.1287,0.35,0.1212
model-cv-8,41,0.29,0.1261,0.35,0.1212
model-cv-8,42,0.37,0.1239,0.35,0.121
model-cv-8,43,0.31,0.1238,0.35,0.1209
model-cv-8,44,0.47,0.1195,0.35,0.1205
model-cv-8,45,0.3,0.121,0.35,0.1211
model-cv-8,46,0.35,0.1218,0.36,0.1207
model-cv-8,47,0.29,0.1226,0.36,0.1202
model-cv-8,48,0.29,0.1229,0.35,0.1204
model-cv-8,49,0.31,0.1257,0.36,0.1202
model-cv-8,50,0.33,0.1237,0.36,0.1202
model-cv-8,51,0.29,0.1254,0.36,0.1206
model-cv-8,52,0.26,0.1256,0.36,0.1199
model-cv-8,53,0.37,0.1215,0.36,0.1198
model-cv-8,54,0.34,0.1254,0.36,0.1198
model-cv-8,55,0.35,0.1213,0.36,0.12
model-cv-8,56,0.37,0.1223,0.36,0.1195
model-cv-8,57,0.3,0.1232,0.36,0.1198
model-cv-8,58,0.3,0.1268,0.36,0.1196
model-cv-8,59,0.32,0.1191,0.36,0.1193
model-cv-8,60,0.37,0.1175,0.37,0.119
model-cv-8,61,0.38,0.12,0.36,0.1195
model-cv-8,62,0.38,0.1206,0.37,0.1189
model-cv-8,63,0.27,0.122,0.36,0.119
model-cv-8,64,0.42,0.1146,0.37,0.1188
model-cv-8,65,0.27,0.1282,0.37,0.1186
model-cv-8,66,0.41,0.1212,0.37,0.1187
model-cv-8,67,0.33,0.1185,0.37,0.1187
model-cv-8,68,0.35,0.1234,0.36,0.1186
model-cv-8,69,0.3,0.1204,0.37,0.1184
model-cv-8,70,0.32,0.1174,0.37,0.1188
model-cv-8,71,0.41,0.116,0.37,0.1183
model-cv-8,72,0.4,0.1217,0.37,0.1182
model-cv-8,73,0.39,0.118,0.37,0.1186
model-cv-8,74,0.3,0.1224,0.37,0.1186
model-cv-8,75,0.29,0.1178,0.37,0.1184
model-cv-8,76,0.34,0.1187,0.37,0.1184
model-cv-8,77,0.41,0.1211,0.37,0.1182
model-cv-8,78,0.39,0.12,0.37,0.1182
model-cv-8,79,0.35,0.12,0.37,0.1182
model-cv-8,80,0.31,0.1228,0.37,0.1182
model-cv-8,81,0.38,0.118,0.36,0.1189
model-cv-8,82,0.34,0.1207,0.38,0.1178
model-cv-8,83,0.47,0.1168,0.37,0.1184
model-cv-8,84,0.29,0.1256,0.37,0.1184
model-cv-8,85,0.31,0.1225,0.38,0.118
model-cv-8,86,0.42,0.1184,0.37,0.1181
model-cv-8,87,0.37,0.1241,0.37,0.1181
model-cv-8,88,0.28,0.1232,0.37,0.1178
model-cv-8,89,0.36,0.121,0.37,0.118
model-cv-8,90,0.36,0.12,0.38,0.1177
model-cv-8,91,0.25,0.1246,0.38,0.1181
model-cv-8,92,0.3,0.1248,0.37,0.1177
model-cv-8,93,0.31,0.1199,0.37,0.1178
model-cv-8,94,0.42,0.1196,0.37,0.1178
model-cv-8,95,0.39,0.1214,0.38,0.1176
model-cv-8,96,0.3,0.1207,0.37,0.118
model-cv-8,97,0.38,0.1254,0.37,0.1178
model-cv-8,98,0.31,0.123,0.38,0.1176
model-cv-8,99,0.43,0.1177,0.37,0.1176
model-cv-9,0,0.22,0.1387,0.22,0.1363
model-cv-9,1,0.29,0.135,0.25,0.1334
model-cv-9,2,0.2,0.1343,0.27,0.1309
model-cv-9,3,0.22,0.1307,0.28,0.1294
model-cv-9,4,0.26,0.1307,0.28,0.1289
model-cv-9,5,0.25,0.1386,0.29,0.1284
model-cv-9,6,0.28,0.1285,0.3,0.1274
model-cv-9,7,0.18,0.1325,0.3,0.1268
model-cv-9,8,0.32,0.1293,0.31,0.1259
model-cv-9,9,0.23,0.1313,0.31,0.1256
model-cv-9,10,0.36,0.1269,0.32,0.1254
model-cv-9,11,0.29,0.1306,0.32,0.1251
model-cv-9,12,0.32,0.1258,0.31,0.1251
model-cv-9,13,0.36,0.1265,0.32,0.1243
model-cv-9,14,0.27,0.1295,0.33,0.1241
model-cv-9,15,0.32,0.1244,0.33,0.1235
model-cv-9,16,0.34,0.1276,0.33,0.1233
model-cv-9,17,0.31,0.1284,0.34,0.123
model-cv-9,18,0.33,0.1282,0.34,0.1227
model-cv-9,19,0.34,0.1279,0.34,0.1225
model-cv-9,20,0.31,0.1237,0.34,0.1221
model-cv-9,21,0.36,0.1249,0.35,0.1221
model-cv-9,22,0.33,0.1261,0.35,0.1216
model-cv-9,23,0.31,0.1277,0.34,0.1216
model-cv-9,24,0.4,0.1259,0.35,0.1215
model-cv-9,25,0.41,0.1243,0.35,0.1216
model-cv-9,26,0.33,0.1235,0.35,0.1215
model-cv-9,27,0.29,0.1276,0.35,0.1212
model-cv-9,28,0.31,0.1248,0.35,0.1211
model-cv-9,29,0.31,0.1263,0.35,0.1212
model-cv-9,30,0.29,0.1244,0.35,0.1208
model-cv-9,31,0.35,0.1228,0.35,0.1211
model-cv-9,32,0.31,0.1236,0.36,0.1204
model-cv-9,33,0.34,0.1239,0.35,0.1204
model-cv-9,34,0.3,0.1271,0.36,0.1205
model-cv-9,35,0.28,0.1228,0.36,0.1199
model-cv-9,36,0.31,0.1268,0.36,0.1199
model-cv-9,37,0.27,0.125,0.35,0.1201
model-cv-9,38,0.32,0.1226,0.36,0.1197
model-cv-9,39,0.37,0.1248,0.36,0.1198
model-cv-9,40,0.33,0.1217,0.36,0.1196
model-cv-9,41,0.28,0.1225,0.36,0.1195
model-cv-9,42,0.33,0.1234,0.36,0.1188
model-cv-9,43,0.32,0.1228,0.36,0.1194
model-cv-9,44,0.31,0.1207,0.37,0.1192
model-cv-9,45,0.41,0.1202,0.36,0.119
model-cv-9,46,0.49,0.1186,0.36,0.1193
model-cv-9,47,0.33,0.1251,0.36,0.119
model-cv-9,48,0.27,0.1197,0.36,0.1193
model-cv-9,49,0.29,0.1267,0.37,0.1188
model-cv-9,50,0.33,0.1214,0.36,0.1191
model-cv-9,51,0.4,0.1223,0.36,0.119
model-cv-9,52,0.36,0.1204,0.36,0.1186
model-cv-9,53,0.27,0.123,0.37,0.1187
model-cv-9,54,0.33,0.1232,0.37,0.1185
model-cv-9,55,0.37,0.1223,0.36,0.1191
model-cv-9,56,0.3,0.1256,0.36,0.1189
model-cv-9,57,0.36,0.1218,0.37,0.1188
model-cv-9,58,0.38,0.1171,0.36,0.1188
model-cv-9,59,0.33,0.12,0.37,0.1186
model-cv-9,60,0.33,0.119,0.37,0.1187
model-cv-9,61,0.39,0.1243,0.37,0.1185
model-cv-9,62,0.4,0.1166,0.37,0.1186
model-cv-9,63,0.38,0.1199,0.38,0.1182
model-cv-9,64,0.39,0.1181,0.36,0.1187
model-cv-9,65,0.36,0.1177,0.37,0.1185
model-cv-9,66,0.27,0.1298,0.36,0.1184
model-cv-9,67,0.39,0.1196,0.37,0.1187
model-cv-9,68,0.35,0.119,0.37,0.1182
model-cv-9,69,0.32,0.1227,0.37,0.1183
model-cv-9,70,0.29,0.1241,0.37,0.1183
model-cv-9,71,0.36,0.1171,0.37,0.1182
model-cv-9,72,0.36,0.1202,0.37,0.1182
model-cv-9,73,0.32,0.1239,0.37,0.1182
model-cv-9,74,0.4,0.1192,0.38,0.1176
model-cv-9,75,0.38,0.1205,0.38,0.1178
model-cv-9,76,0.31,0.1248,0.37,0.1184
model-cv-9,77,0.34,0.1204,0.37,0.118
model-cv-9,78,0.34,0.1252,0.38,0.1175
model-cv-9,79,0.42,0.1209,0.37,0.1179
model-cv-9,80,0.33,0.123,0.37,0.1179
model-cv-9,81,0.31,0.119,0.37,0.1178
model-cv-9,82,0.31,0.1226,0.38,0.1177
model-cv-9,83,0.28,0.1201,0.37,0.1179
model-cv-9,84,0.37,0.1206,0.38,0.1176
model-cv-9,85,0.39,0.1176,0.37,0.118
model-cv-9,86,0.27,0.1274,0.38,0.1174
model-cv-9,87,0.36,0.123,0.38,0.1175
model-cv-9,88,0.37,0.122,0.37,0.1177
model-cv-9,89,0.35,0.1215,0.37,0.1178
model-cv-9,90,0.38,0.124,0.37,0.1174
model-cv-9,91,0.36,0.1206,0.38,0.1177
model-cv-9,92,0.36,0.1253,0.37,0.1177
model-cv-9,93,0.35,0.1251,0.37,0.1182
model-cv-9,94,0.4,0.1168,0.37,0.1177
model-cv-9,95,0.42,0.1196,0.38,0.1171
model-cv-9,96,0.37,0.1229,0.38,0.1172
model-cv-9,97,0.4,0.1212,0.38,0.1176
model-cv-9,98,0.4,0.122,0.38,0.1171
model-cv-9,99,0.39,0.1189,0.38,0.1177
